                     date locationtest  value abbreviation location  population
location_name                                                                  
Puerto Rico    2020-01-24           72      0           PR       72   3754939.0
Puerto Rico    2020-01-25           72      0           PR       72   3754939.0
Puerto Rico    2020-01-26           72      0           PR       72   3754939.0
Puerto Rico    2020-01-27           72      0           PR       72   3754939.0
Puerto Rico    2020-01-28           72      0           PR       72   3754939.0
...                   ...          ...    ...          ...      ...         ...
Puerto Rico    2021-01-07           72    286           PR       72   3754939.0
Puerto Rico    2021-01-08           72   2169           PR       72   3754939.0
Puerto Rico    2021-01-09           72    563           PR       72   3754939.0
Puerto Rico    2021-01-10           72    489           PR       72   3754939.0
Puerto Rico    2021-01-11           72    349           PR       72   3754939.0

[354 rows x 6 columns]

                    mean       std    median      5.0%     95.0%     n_eff     r_hat
 a_raw_init[0]      0.00      0.00      0.00      0.00      0.00   1930.61      1.00
 a_raw_init[1]      0.00      0.00      0.00      0.00      0.00   2024.73      1.00
 a_raw_init[2]      0.01      0.00      0.01      0.01      0.02    767.62      1.00
 a_raw_init[3]      0.14      0.00      0.14      0.13      0.14   1411.24      1.00
 a_raw_init[4]      0.00      0.00      0.00      0.00      0.00   2043.52      1.00
 a_raw_init[5]      0.03      0.00      0.03      0.02      0.03   1742.38      1.00
 a_raw_init[6]      0.02      0.00      0.02      0.02      0.03   1268.19      1.00
 a_raw_init[7]      0.00      0.00      0.00      0.00      0.00    466.84      1.00
 a_raw_init[8]      0.37      0.00      0.37      0.36      0.37   1218.91      1.00
 a_raw_init[9]      0.43      0.00      0.43      0.42      0.44   1460.87      1.00
a_raw_init[10]      0.44      0.01      0.44      0.43      0.45   1414.10      1.00
     beta_1[0]      0.00      0.00      0.00     -0.00      0.00   1451.72      1.00
     beta_1[1]      0.00      0.00      0.00     -0.00      0.00   1128.95      1.00
     beta_1[2]      0.00      0.00      0.00     -0.00      0.00    689.98      1.00
     beta_1[3]      0.00      0.00      0.00     -0.00      0.01    632.71      1.00
     beta_1[4]      0.00      0.00      0.00     -0.00      0.01    482.63      1.00
     beta_1[5]      0.00      0.00      0.00     -0.00      0.01    430.80      1.00
     beta_1[6]      0.00      0.00      0.00      0.00      0.01    390.53      1.00
     beta_1[7]      0.00      0.00      0.00      0.00      0.01    345.90      1.00
     beta_1[8]      0.01      0.00      0.01      0.00      0.01    319.43      1.00
     beta_1[9]      0.01      0.00      0.01      0.00      0.01    287.90      1.00
    beta_1[10]      0.01      0.00      0.01      0.00      0.01    268.08      1.00
    beta_1[11]      0.01      0.00      0.01      0.00      0.01    266.17      1.00
    beta_1[12]      0.01      0.00      0.01      0.00      0.01    251.59      1.00
    beta_1[13]      0.01      0.00      0.01      0.00      0.01    242.50      1.00
    beta_1[14]      0.01      0.00      0.01      0.00      0.01    223.00      1.01
    beta_1[15]      0.01      0.00      0.01      0.00      0.02    210.92      1.01
    beta_1[16]      0.01      0.00      0.01      0.00      0.02    200.14      1.01
    beta_1[17]      0.01      0.00      0.01      0.00      0.02    188.81      1.01
    beta_1[18]      0.01      0.00      0.01      0.01      0.02    177.89      1.01
    beta_1[19]      0.01      0.00      0.01      0.01      0.02    168.73      1.01
    beta_1[20]      0.01      0.00      0.01      0.01      0.02    161.40      1.01
    beta_1[21]      0.01      0.00      0.01      0.01      0.02    156.11      1.01
    beta_1[22]      0.01      0.00      0.01      0.01      0.02    151.12      1.01
    beta_1[23]      0.01      0.00      0.01      0.01      0.02    147.51      1.01
    beta_1[24]      0.02      0.00      0.02      0.01      0.02    144.83      1.01
    beta_1[25]      0.02      0.00      0.02      0.01      0.02    146.26      1.01
    beta_1[26]      0.02      0.00      0.02      0.01      0.02    139.73      1.01
    beta_1[27]      0.02      0.00      0.02      0.01      0.02    138.69      1.01
    beta_1[28]      0.02      0.00      0.02      0.01      0.03    134.81      1.01
    beta_1[29]      0.02      0.00      0.02      0.01      0.03    139.65      1.01
    beta_1[30]      0.02      0.00      0.02      0.01      0.03    143.06      1.01
    beta_1[31]      0.02      0.00      0.02      0.01      0.03    143.93      1.01
    beta_1[32]      0.02      0.00      0.02      0.01      0.03    140.75      1.01
    beta_1[33]      0.02      0.00      0.02      0.01      0.03    140.50      1.01
    beta_1[34]      0.02      0.00      0.02      0.01      0.03    142.38      1.01
    beta_1[35]      0.02      0.00      0.02      0.01      0.03    146.49      1.01
    beta_1[36]      0.02      0.00      0.02      0.02      0.03    150.62      1.01
    beta_1[37]      0.02      0.01      0.02      0.02      0.03    149.99      1.01
    beta_1[38]      0.02      0.01      0.02      0.02      0.03    146.85      1.01
    beta_1[39]      0.02      0.01      0.02      0.02      0.03    148.60      1.01
    beta_1[40]      0.03      0.01      0.03      0.02      0.03    151.04      1.01
    beta_1[41]      0.03      0.01      0.03      0.02      0.03    154.91      1.01
    beta_1[42]      0.03      0.01      0.03      0.02      0.03    153.65      1.01
    beta_1[43]      0.03      0.01      0.03      0.02      0.04    157.61      1.01
    beta_1[44]      0.03      0.01      0.03      0.02      0.04    157.01      1.01
    beta_1[45]      0.03      0.01      0.03      0.02      0.04    154.03      1.01
    beta_1[46]      0.03      0.01      0.03      0.02      0.04    156.22      1.01
    beta_1[47]      0.03      0.01      0.03      0.02      0.04    162.79      1.01
    beta_1[48]      0.03      0.01      0.03      0.02      0.04    165.69      1.01
    beta_1[49]      0.03      0.01      0.03      0.02      0.04    162.65      1.01
    beta_1[50]      0.03      0.01      0.03      0.02      0.04    165.91      1.01
    beta_1[51]      0.03      0.01      0.03      0.02      0.04    166.84      1.01
    beta_1[52]      0.03      0.01      0.03      0.02      0.04    168.31      1.01
    beta_1[53]      0.03      0.01      0.03      0.03      0.04    172.71      1.01
    beta_1[54]      0.03      0.01      0.03      0.03      0.04    180.04      1.01
    beta_1[55]      0.04      0.01      0.04      0.03      0.04    186.45      1.01
    beta_1[56]      0.04      0.01      0.04      0.03      0.04    194.19      1.01
    beta_1[57]      0.04      0.01      0.04      0.03      0.04    193.42      1.01
    beta_1[58]      0.04      0.01      0.04      0.03      0.04    195.19      1.00
    beta_1[59]      0.04      0.00      0.04      0.03      0.05    193.28      1.00
    beta_1[60]      0.04      0.00      0.04      0.03      0.05    193.22      1.00
    beta_1[61]      0.04      0.00      0.04      0.03      0.05    196.13      1.00
    beta_1[62]      0.04      0.00      0.04      0.03      0.05    201.00      1.00
    beta_1[63]      0.04      0.00      0.04      0.03      0.05    199.26      1.00
    beta_1[64]      0.04      0.00      0.04      0.03      0.05    198.26      1.00
    beta_1[65]      0.04      0.00      0.04      0.03      0.05    192.90      1.00
    beta_1[66]      0.04      0.00      0.04      0.03      0.05    199.73      1.00
    beta_1[67]      0.04      0.00      0.04      0.04      0.05    198.78      1.00
    beta_1[68]      0.04      0.00      0.04      0.04      0.05    193.24      1.00
    beta_1[69]      0.04      0.00      0.04      0.04      0.05    191.05      1.00
    beta_1[70]      0.04      0.00      0.04      0.04      0.05    193.28      1.00
    beta_1[71]      0.05      0.00      0.05      0.04      0.05    196.26      1.00
    beta_1[72]      0.05      0.00      0.05      0.04      0.05    199.38      1.00
    beta_1[73]      0.05      0.00      0.05      0.04      0.05    199.32      1.00
    beta_1[74]      0.05      0.00      0.05      0.04      0.05    199.41      1.00
    beta_1[75]      0.05      0.00      0.05      0.04      0.06    193.52      1.00
    beta_1[76]      0.05      0.00      0.05      0.04      0.06    186.02      1.00
    beta_1[77]      0.05      0.00      0.05      0.04      0.06    184.31      1.00
    beta_1[78]      0.05      0.00      0.05      0.04      0.06    182.52      1.00
    beta_1[79]      0.05      0.00      0.05      0.04      0.06    187.44      1.00
    beta_1[80]      0.05      0.00      0.05      0.04      0.06    187.08      1.00
    beta_1[81]      0.05      0.00      0.05      0.04      0.06    190.91      1.00
    beta_1[82]      0.05      0.00      0.05      0.04      0.06    187.60      1.00
    beta_1[83]      0.05      0.00      0.05      0.04      0.06    186.36      1.00
    beta_1[84]      0.05      0.00      0.05      0.04      0.06    185.99      1.00
    beta_1[85]      0.05      0.00      0.05      0.04      0.06    182.95      1.00
    beta_1[86]      0.05      0.00      0.05      0.04      0.06    190.79      1.00
    beta_1[87]      0.05      0.00      0.05      0.04      0.06    192.52      1.00
    beta_1[88]      0.05      0.00      0.05      0.04      0.06    187.41      1.00
    beta_1[89]      0.05      0.00      0.05      0.04      0.06    175.94      1.00
    beta_1[90]      0.05      0.00      0.05      0.04      0.06    180.26      1.00
    beta_1[91]      0.05      0.00      0.05      0.04      0.06    188.01      1.00
    beta_1[92]      0.05      0.00      0.05      0.04      0.06    194.25      1.00
    beta_1[93]      0.05      0.00      0.05      0.04      0.06    188.67      1.00
    beta_1[94]      0.05      0.00      0.05      0.04      0.06    179.84      1.00
    beta_1[95]      0.05      0.00      0.05      0.04      0.06    176.19      1.00
    beta_1[96]      0.05      0.00      0.05      0.04      0.06    189.18      1.00
    beta_1[97]      0.05      0.00      0.05      0.04      0.05    191.01      1.00
    beta_1[98]      0.05      0.00      0.05      0.04      0.05    186.09      1.00
    beta_1[99]      0.05      0.00      0.05      0.04      0.05    204.57      1.00
   beta_1[100]      0.05      0.00      0.05      0.04      0.05    210.40      1.00
   beta_1[101]      0.05      0.00      0.05      0.04      0.05    225.89      1.00
   beta_1[102]      0.05      0.00      0.05      0.04      0.05    244.87      1.00
   beta_1[103]      0.05      0.00      0.05      0.04      0.05    236.45      1.00
   beta_1[104]      0.05      0.00      0.05      0.04      0.05    240.09      1.00
   beta_1[105]      0.05      0.00      0.05      0.04      0.05    250.68      1.00
   beta_1[106]      0.04      0.00      0.04      0.04      0.05    252.86      1.00
   beta_1[107]      0.04      0.00      0.04      0.04      0.05    251.95      1.00
   beta_1[108]      0.04      0.00      0.04      0.04      0.05    269.57      1.00
   beta_1[109]      0.04      0.00      0.04      0.04      0.05    248.17      1.00
   beta_1[110]      0.04      0.00      0.04      0.04      0.05    261.69      1.00
   beta_1[111]      0.04      0.00      0.04      0.04      0.05    271.75      1.00
   beta_1[112]      0.04      0.00      0.04      0.03      0.05    287.55      1.00
   beta_1[113]      0.04      0.00      0.04      0.03      0.05    294.13      1.00
   beta_1[114]      0.04      0.00      0.04      0.03      0.05    299.62      1.00
   beta_1[115]      0.04      0.00      0.04      0.03      0.05    292.01      1.00
   beta_1[116]      0.04      0.00      0.04      0.03      0.04    297.83      1.00
   beta_1[117]      0.04      0.00      0.04      0.03      0.04    292.90      1.00
   beta_1[118]      0.04      0.00      0.04      0.03      0.04    291.49      1.00
   beta_1[119]      0.04      0.00      0.04      0.03      0.04    301.48      1.00
   beta_1[120]      0.04      0.00      0.04      0.03      0.04    296.35      1.00
   beta_1[121]      0.04      0.00      0.04      0.03      0.04    291.33      1.00
   beta_1[122]      0.04      0.00      0.04      0.03      0.04    291.70      1.00
   beta_1[123]      0.04      0.00      0.04      0.03      0.04    281.34      1.00
   beta_1[124]      0.03      0.00      0.03      0.03      0.04    287.12      1.00
   beta_1[125]      0.03      0.00      0.03      0.03      0.04    279.63      1.00
   beta_1[126]      0.03      0.00      0.03      0.03      0.04    278.73      1.00
   beta_1[127]      0.03      0.00      0.03      0.03      0.04    277.58      1.00
   beta_1[128]      0.03      0.00      0.03      0.03      0.04    270.32      1.00
   beta_1[129]      0.03      0.00      0.03      0.03      0.04    272.72      1.00
   beta_1[130]      0.03      0.00      0.03      0.03      0.04    271.59      1.00
   beta_1[131]      0.03      0.00      0.03      0.03      0.04    276.20      1.00
   beta_1[132]      0.03      0.00      0.03      0.02      0.04    276.43      1.00
   beta_1[133]      0.03      0.00      0.03      0.02      0.04    274.59      1.00
   beta_1[134]      0.03      0.00      0.03      0.02      0.04    265.76      1.00
   beta_1[135]      0.03      0.00      0.03      0.02      0.04    262.28      1.00
   beta_1[136]      0.03      0.00      0.03      0.02      0.03    261.38      1.00
   beta_1[137]      0.03      0.00      0.03      0.02      0.03    257.83      1.00
   beta_1[138]      0.03      0.00      0.03      0.02      0.03    260.94      1.00
   beta_1[139]      0.03      0.00      0.03      0.02      0.03    261.07      1.00
   beta_1[140]      0.03      0.00      0.03      0.02      0.03    272.60      1.00
   beta_1[141]      0.03      0.00      0.03      0.02      0.03    279.72      1.00
   beta_1[142]      0.03      0.00      0.03      0.02      0.03    265.95      1.00
   beta_1[143]      0.03      0.00      0.03      0.02      0.03    283.16      1.00
   beta_1[144]      0.03      0.00      0.03      0.02      0.03    299.55      1.00
   beta_1[145]      0.03      0.00      0.03      0.02      0.03    310.47      1.00
   beta_1[146]      0.03      0.00      0.03      0.02      0.03    318.81      1.00
   beta_1[147]      0.03      0.00      0.03      0.02      0.03    332.02      1.00
   beta_1[148]      0.03      0.00      0.03      0.02      0.03    340.24      1.00
   beta_1[149]      0.03      0.00      0.03      0.02      0.03    346.59      1.00
   beta_1[150]      0.03      0.00      0.03      0.02      0.03    355.61      1.00
   beta_1[151]      0.03      0.00      0.03      0.02      0.03    336.90      1.00
   beta_1[152]      0.03      0.00      0.03      0.02      0.03    361.36      1.00
   beta_1[153]      0.03      0.00      0.03      0.02      0.03    370.31      1.00
   beta_1[154]      0.03      0.00      0.03      0.02      0.03    370.45      1.00
   beta_1[155]      0.03      0.00      0.03      0.02      0.03    382.91      1.00
   beta_1[156]      0.03      0.00      0.03      0.02      0.03    382.56      1.00
   beta_1[157]      0.03      0.00      0.03      0.02      0.03    343.64      1.00
   beta_1[158]      0.03      0.00      0.03      0.02      0.03    375.29      1.00
   beta_1[159]      0.03      0.00      0.03      0.02      0.03    377.80      1.00
   beta_1[160]      0.03      0.00      0.03      0.02      0.03    381.83      1.00
   beta_1[161]      0.03      0.00      0.03      0.02      0.03    342.64      1.00
   beta_1[162]      0.03      0.00      0.03      0.02      0.03    339.12      1.00
   beta_1[163]      0.03      0.00      0.03      0.02      0.03    375.59      1.00
   beta_1[164]      0.03      0.00      0.03      0.02      0.03    404.53      1.00
   beta_1[165]      0.03      0.00      0.03      0.02      0.03    417.42      1.00
   beta_1[166]      0.03      0.00      0.03      0.02      0.03    458.87      1.00
   beta_1[167]      0.03      0.00      0.03      0.02      0.03    472.29      1.00
   beta_1[168]      0.03      0.00      0.03      0.02      0.03    475.62      1.00
   beta_1[169]      0.03      0.00      0.03      0.02      0.03    480.75      1.00
   beta_1[170]      0.03      0.00      0.03      0.02      0.03    470.57      1.00
   beta_1[171]      0.03      0.00      0.03      0.02      0.03    493.05      1.00
   beta_1[172]      0.03      0.00      0.03      0.02      0.03    500.46      1.00
   beta_1[173]      0.03      0.00      0.03      0.02      0.03    530.89      1.00
   beta_1[174]      0.03      0.00      0.03      0.02      0.03    544.71      1.00
   beta_1[175]      0.03      0.00      0.03      0.02      0.03    554.41      1.00
   beta_1[176]      0.03      0.00      0.03      0.03      0.03    550.20      1.00
   beta_1[177]      0.03      0.00      0.03      0.03      0.03    539.92      1.00
   beta_1[178]      0.03      0.00      0.03      0.03      0.03    591.39      1.00
   beta_1[179]      0.03      0.00      0.03      0.03      0.03    642.72      1.00
   beta_1[180]      0.03      0.00      0.03      0.03      0.03    657.68      1.00
   beta_1[181]      0.03      0.00      0.03      0.03      0.04    722.92      1.00
   beta_1[182]      0.03      0.00      0.03      0.03      0.04    740.41      1.00
   beta_1[183]      0.03      0.00      0.03      0.03      0.04    765.86      1.00
   beta_1[184]      0.03      0.00      0.03      0.03      0.04    818.19      1.00
   beta_1[185]      0.03      0.00      0.03      0.03      0.04    844.44      1.00
   beta_1[186]      0.03      0.00      0.03      0.03      0.04    862.34      1.00
   beta_1[187]      0.03      0.00      0.03      0.03      0.04    912.57      1.00
   beta_1[188]      0.03      0.00      0.03      0.03      0.04    988.96      1.00
   beta_1[189]      0.03      0.00      0.03      0.03      0.04   1011.42      1.00
   beta_1[190]      0.03      0.00      0.03      0.03      0.04   1010.86      1.00
  transform[0]      0.02      1.01      0.02     -1.56      1.72   1968.92      1.00

Number of divergences: 36
