                     date locationtest  value abbreviation location  population
location_name                                                                  
Hawaii         2020-01-24           15      0           HI       15   1415872.0
Hawaii         2020-01-25           15      0           HI       15   1415872.0
Hawaii         2020-01-26           15      0           HI       15   1415872.0
Hawaii         2020-01-27           15      0           HI       15   1415872.0
Hawaii         2020-01-28           15      0           HI       15   1415872.0
...                   ...          ...    ...          ...      ...         ...
Hawaii         2021-01-07           15    287           HI       15   1415872.0
Hawaii         2021-01-08           15    283           HI       15   1415872.0
Hawaii         2021-01-09           15    228           HI       15   1415872.0
Hawaii         2021-01-10           15    178           HI       15   1415872.0
Hawaii         2021-01-11           15    162           HI       15   1415872.0

[354 rows x 6 columns]

                   mean       std    median      5.0%     95.0%     n_eff     r_hat
a_raw_init[0]      0.00      0.00      0.00      0.00      0.00   2031.06      1.00
a_raw_init[1]      0.00      0.00      0.00      0.00      0.00   1815.38      1.00
a_raw_init[2]      0.25      0.00      0.25      0.24      0.25   1077.99      1.00
a_raw_init[3]      0.33      0.00      0.33      0.33      0.34   1242.85      1.00
a_raw_init[4]      0.00      0.00      0.00      0.00      0.00   2029.30      1.00
a_raw_init[5]      0.00      0.00      0.00      0.00      0.00   1543.30      1.00
a_raw_init[6]      0.07      0.00      0.07      0.06      0.08   1015.84      1.00
a_raw_init[7]      0.33      0.01      0.33      0.32      0.34   1006.42      1.00
a_raw_init[8]      0.39      0.00      0.39      0.38      0.40   1328.00      1.00
a_raw_init[9]      0.42      0.01      0.42      0.41      0.43   1294.38      1.00
    beta_1[0]      0.00      0.00      0.00     -0.00      0.00   1078.48      1.00
    beta_1[1]      0.00      0.00      0.00     -0.00      0.00    680.68      1.00
    beta_1[2]      0.00      0.00      0.00     -0.00      0.00    519.42      1.01
    beta_1[3]      0.00      0.00      0.00     -0.00      0.00    432.09      1.01
    beta_1[4]      0.00      0.00      0.00     -0.00      0.00    346.69      1.01
    beta_1[5]      0.00      0.00      0.00     -0.00      0.01    297.52      1.01
    beta_1[6]      0.00      0.00      0.00     -0.00      0.01    254.09      1.01
    beta_1[7]      0.00      0.00      0.00     -0.00      0.01    240.88      1.01
    beta_1[8]      0.00      0.00      0.00     -0.00      0.01    212.47      1.01
    beta_1[9]      0.00      0.00      0.00     -0.00      0.01    205.18      1.01
   beta_1[10]      0.00      0.00      0.00     -0.00      0.01    194.20      1.01
   beta_1[11]      0.00      0.00      0.00     -0.00      0.01    177.10      1.02
   beta_1[12]      0.00      0.00      0.00     -0.00      0.01    167.32      1.02
   beta_1[13]      0.00      0.00      0.00     -0.00      0.01    158.21      1.02
   beta_1[14]      0.00      0.00      0.00     -0.00      0.01    153.36      1.02
   beta_1[15]      0.00      0.00      0.00     -0.00      0.01    145.13      1.02
   beta_1[16]      0.00      0.00      0.00     -0.00      0.01    138.33      1.02
   beta_1[17]      0.00      0.00      0.00     -0.00      0.01    140.48      1.02
   beta_1[18]      0.00      0.00      0.00     -0.00      0.01    136.45      1.02
   beta_1[19]      0.00      0.00      0.00     -0.00      0.01    132.18      1.02
   beta_1[20]      0.01      0.00      0.01     -0.00      0.01    128.17      1.02
   beta_1[21]      0.01      0.00      0.01     -0.00      0.01    121.55      1.02
   beta_1[22]      0.01      0.00      0.01     -0.00      0.01    118.67      1.02
   beta_1[23]      0.01      0.00      0.01     -0.00      0.01    117.73      1.02
   beta_1[24]      0.01      0.00      0.01     -0.00      0.01    117.07      1.02
   beta_1[25]      0.01      0.00      0.01     -0.00      0.01    116.01      1.02
   beta_1[26]      0.01      0.00      0.01     -0.00      0.01    115.86      1.02
   beta_1[27]      0.01      0.00      0.01      0.00      0.01    113.25      1.02
   beta_1[28]      0.01      0.00      0.01     -0.00      0.01    105.80      1.02
   beta_1[29]      0.01      0.00      0.01      0.00      0.01    113.19      1.02
   beta_1[30]      0.01      0.00      0.01      0.00      0.02    113.32      1.02
   beta_1[31]      0.01      0.00      0.01      0.00      0.02    107.98      1.02
   beta_1[32]      0.01      0.00      0.01      0.00      0.01    106.40      1.02
   beta_1[33]      0.01      0.00      0.01      0.00      0.02    106.68      1.02
   beta_1[34]      0.01      0.00      0.01      0.00      0.02    107.98      1.02
   beta_1[35]      0.01      0.00      0.01      0.00      0.02    110.59      1.02
   beta_1[36]      0.01      0.00      0.01      0.00      0.02    110.85      1.02
   beta_1[37]      0.01      0.00      0.01      0.00      0.02    110.65      1.02
   beta_1[38]      0.01      0.00      0.01      0.00      0.02    109.38      1.02
   beta_1[39]      0.01      0.00      0.01      0.00      0.02    110.46      1.02
   beta_1[40]      0.01      0.00      0.01      0.00      0.02    113.02      1.02
   beta_1[41]      0.01      0.00      0.01      0.00      0.02    112.88      1.02
   beta_1[42]      0.01      0.00      0.01      0.00      0.02    111.53      1.02
   beta_1[43]      0.01      0.00      0.01      0.00      0.02    113.24      1.03
   beta_1[44]      0.01      0.00      0.01      0.00      0.02    111.65      1.02
   beta_1[45]      0.01      0.00      0.01      0.00      0.02    114.70      1.03
   beta_1[46]      0.01      0.00      0.01      0.00      0.02    116.25      1.03
   beta_1[47]      0.01      0.00      0.01      0.00      0.02    116.18      1.02
   beta_1[48]      0.01      0.00      0.01      0.00      0.02    118.74      1.02
   beta_1[49]      0.01      0.00      0.01      0.00      0.02    119.60      1.02
   beta_1[50]      0.01      0.00      0.01      0.00      0.02    120.00      1.02
   beta_1[51]      0.01      0.00      0.01      0.01      0.02    123.28      1.02
   beta_1[52]      0.01      0.00      0.01      0.01      0.02    128.15      1.02
   beta_1[53]      0.01      0.00      0.01      0.01      0.02    131.49      1.02
   beta_1[54]      0.01      0.00      0.01      0.01      0.02    133.10      1.02
   beta_1[55]      0.01      0.00      0.01      0.01      0.02    135.00      1.02
   beta_1[56]      0.01      0.00      0.01      0.01      0.02    137.81      1.02
   beta_1[57]      0.01      0.00      0.01      0.01      0.02    138.74      1.02
   beta_1[58]      0.01      0.00      0.01      0.01      0.02    144.22      1.02
   beta_1[59]      0.01      0.00      0.01      0.01      0.02    147.92      1.02
   beta_1[60]      0.02      0.00      0.02      0.01      0.02    154.62      1.02
   beta_1[61]      0.02      0.00      0.02      0.01      0.02    157.89      1.02
   beta_1[62]      0.02      0.00      0.02      0.01      0.02    162.42      1.02
   beta_1[63]      0.02      0.00      0.02      0.01      0.02    165.68      1.01
   beta_1[64]      0.02      0.00      0.02      0.01      0.02    167.84      1.02
   beta_1[65]      0.02      0.00      0.02      0.01      0.02    174.70      1.02
   beta_1[66]      0.02      0.00      0.02      0.01      0.02    189.84      1.01
   beta_1[67]      0.02      0.00      0.02      0.01      0.02    187.82      1.01
   beta_1[68]      0.02      0.00      0.02      0.01      0.02    191.21      1.01
   beta_1[69]      0.02      0.00      0.02      0.01      0.02    200.31      1.01
   beta_1[70]      0.02      0.00      0.02      0.01      0.02    208.20      1.01
   beta_1[71]      0.02      0.00      0.02      0.01      0.02    213.15      1.01
   beta_1[72]      0.02      0.00      0.02      0.01      0.02    214.25      1.01
   beta_1[73]      0.02      0.00      0.02      0.01      0.02    226.49      1.01
   beta_1[74]      0.02      0.00      0.02      0.01      0.02    232.30      1.01
   beta_1[75]      0.02      0.00      0.02      0.01      0.02    249.23      1.01
   beta_1[76]      0.02      0.00      0.02      0.01      0.02    255.82      1.01
   beta_1[77]      0.02      0.00      0.02      0.01      0.02    272.77      1.00
   beta_1[78]      0.02      0.00      0.02      0.01      0.02    283.60      1.00
   beta_1[79]      0.02      0.00      0.02      0.01      0.02    302.06      1.00
   beta_1[80]      0.02      0.00      0.02      0.01      0.02    318.08      1.00
   beta_1[81]      0.02      0.00      0.02      0.01      0.02    328.99      1.00
   beta_1[82]      0.01      0.00      0.01      0.01      0.02    326.37      1.00
   beta_1[83]      0.01      0.00      0.01      0.01      0.02    355.68      1.00
   beta_1[84]      0.01      0.00      0.01      0.01      0.02    376.89      1.00
   beta_1[85]      0.01      0.00      0.01      0.01      0.02    407.14      1.00
   beta_1[86]      0.01      0.00      0.01      0.01      0.02    401.91      1.00
   beta_1[87]      0.01      0.00      0.01      0.01      0.02    421.59      1.00
   beta_1[88]      0.01      0.00      0.01      0.01      0.02    410.12      1.00
   beta_1[89]      0.01      0.00      0.01      0.01      0.02    425.54      1.00
   beta_1[90]      0.01      0.00      0.01      0.01      0.02    428.22      1.00
   beta_1[91]      0.01      0.00      0.01      0.01      0.02    427.83      1.00
   beta_1[92]      0.01      0.00      0.01      0.01      0.02    418.20      1.00
   beta_1[93]      0.01      0.00      0.01      0.01      0.02    398.89      1.00
   beta_1[94]      0.01      0.00      0.01      0.01      0.02    431.36      1.00
   beta_1[95]      0.01      0.00      0.01      0.01      0.01    483.93      1.00
   beta_1[96]      0.01      0.00      0.01      0.01      0.01    455.58      1.00
   beta_1[97]      0.01      0.00      0.01      0.01      0.01    456.93      1.00
   beta_1[98]      0.01      0.00      0.01      0.01      0.01    472.47      1.00
   beta_1[99]      0.01      0.00      0.01      0.00      0.01    448.74      1.00
  beta_1[100]      0.01      0.00      0.01      0.00      0.01    479.93      1.00
  beta_1[101]      0.01      0.00      0.01      0.00      0.01    517.43      1.00
  beta_1[102]      0.01      0.00      0.01      0.00      0.01    555.11      1.00
  beta_1[103]      0.01      0.00      0.01      0.00      0.01    565.66      1.00
  beta_1[104]      0.00      0.00      0.00      0.00      0.01    634.95      1.00
  beta_1[105]      0.00      0.00      0.00      0.00      0.01    612.94      1.00
  beta_1[106]      0.00      0.00      0.00      0.00      0.01    593.58      1.00
  beta_1[107]      0.00      0.00      0.00     -0.00      0.01    589.97      1.00
  beta_1[108]      0.00      0.00      0.00     -0.00      0.01    605.22      1.01
  beta_1[109]      0.00      0.00      0.00     -0.00      0.01    660.01      1.00
  beta_1[110]      0.00      0.00      0.00     -0.00      0.01    634.18      1.00
  beta_1[111]      0.00      0.00      0.00     -0.00      0.01    626.16      1.00
  beta_1[112]      0.00      0.00      0.00     -0.00      0.01    651.45      1.01
  beta_1[113]      0.00      0.00      0.00     -0.00      0.00    626.48      1.01
  beta_1[114]      0.00      0.00      0.00     -0.00      0.00    647.47      1.01
  beta_1[115]      0.00      0.00      0.00     -0.00      0.01    641.26      1.01
  beta_1[116]      0.00      0.00      0.00     -0.00      0.00    645.21      1.01
  beta_1[117]      0.00      0.00      0.00     -0.00      0.00    698.94      1.01
  beta_1[118]      0.00      0.00      0.00     -0.00      0.00    671.55      1.01
  beta_1[119]      0.00      0.00      0.00     -0.00      0.00    672.16      1.01
  beta_1[120]      0.00      0.00      0.00     -0.00      0.00    662.77      1.00
  beta_1[121]      0.00      0.00      0.00     -0.00      0.00    686.96      1.00
  beta_1[122]      0.00      0.00      0.00     -0.00      0.00    638.49      1.01
  beta_1[123]      0.00      0.00      0.00     -0.00      0.00    640.74      1.01
  beta_1[124]      0.00      0.00      0.00     -0.00      0.00    687.69      1.00
  beta_1[125]      0.00      0.00      0.00     -0.00      0.00    659.70      1.00
  beta_1[126]      0.00      0.00      0.00     -0.00      0.00    604.18      1.00
  beta_1[127]      0.00      0.00      0.00     -0.00      0.00    576.83      1.00
  beta_1[128]      0.00      0.00      0.00     -0.00      0.00    557.42      1.00
  beta_1[129]      0.00      0.00      0.00     -0.00      0.00    560.89      1.00
  beta_1[130]      0.00      0.00      0.00     -0.00      0.00    568.83      1.00
  beta_1[131]      0.00      0.00      0.00     -0.00      0.00    550.51      1.00
  beta_1[132]      0.00      0.00      0.00     -0.00      0.00    582.09      1.00
  beta_1[133]      0.00      0.00      0.00     -0.00      0.00    572.83      1.00
  beta_1[134]      0.00      0.00      0.00     -0.00      0.00    553.20      1.00
  beta_1[135]      0.00      0.00      0.00     -0.00      0.00    568.39      1.00
  beta_1[136]      0.00      0.00      0.00     -0.00      0.00    605.25      1.00
  beta_1[137]      0.00      0.00      0.00     -0.00      0.00    603.63      1.00
  beta_1[138]      0.00      0.00      0.00     -0.00      0.00    648.26      1.00
  beta_1[139]      0.00      0.00      0.00     -0.00      0.00    691.78      1.00
  beta_1[140]      0.00      0.00      0.00     -0.00      0.00    703.17      1.00
  beta_1[141]      0.00      0.00      0.00     -0.00      0.00    755.93      1.00
  beta_1[142]      0.00      0.00      0.00     -0.00      0.00    795.94      1.00
  beta_1[143]      0.00      0.00      0.00     -0.00      0.00    756.14      1.00
  beta_1[144]      0.00      0.00      0.00     -0.00      0.00    776.22      1.00
  beta_1[145]      0.00      0.00      0.00     -0.00      0.00    821.59      1.00
  beta_1[146]      0.00      0.00      0.00     -0.00      0.00    820.81      1.00
  beta_1[147]      0.00      0.00      0.00     -0.00      0.00    866.57      1.00
  beta_1[148]      0.00      0.00      0.00     -0.00      0.00    893.09      1.00
  beta_1[149]      0.00      0.00      0.00     -0.00      0.00    854.62      1.00
  beta_1[150]      0.00      0.00      0.00     -0.00      0.00    935.46      1.00
  beta_1[151]      0.00      0.00      0.00     -0.00      0.00    937.17      1.00
  beta_1[152]      0.00      0.00      0.00     -0.00      0.00   1021.86      1.00
  beta_1[153]      0.00      0.00      0.00     -0.00      0.01   1011.16      1.00
  beta_1[154]      0.00      0.00      0.00     -0.00      0.01   1016.13      1.00
  beta_1[155]      0.00      0.00      0.00     -0.00      0.01    917.28      1.00
  beta_1[156]      0.00      0.00      0.00     -0.00      0.01    858.07      1.00
  beta_1[157]      0.00      0.00      0.00     -0.00      0.01    891.30      1.00
  beta_1[158]      0.00      0.00      0.00     -0.00      0.01    913.65      1.00
  beta_1[159]      0.00      0.00      0.00     -0.00      0.01    967.85      1.00
  beta_1[160]      0.00      0.00      0.00      0.00      0.01    906.07      1.00
  beta_1[161]      0.00      0.00      0.00      0.00      0.01    930.93      1.00
  beta_1[162]      0.00      0.00      0.00      0.00      0.01    865.87      1.00
  beta_1[163]      0.00      0.00      0.00      0.00      0.01   1000.98      1.00
  beta_1[164]      0.00      0.00      0.00      0.00      0.01    887.91      1.00
  beta_1[165]      0.00      0.00      0.00      0.00      0.01    923.25      1.00
  beta_1[166]      0.00      0.00      0.00      0.00      0.01   1094.01      1.00
  beta_1[167]      0.00      0.00      0.00      0.00      0.01   1153.71      1.00
  beta_1[168]      0.00      0.00      0.00      0.00      0.01   1280.58      1.00
  beta_1[169]      0.01      0.00      0.01      0.00      0.01   1150.87      1.00
  beta_1[170]      0.01      0.00      0.01      0.00      0.01    995.33      1.00
  beta_1[171]      0.01      0.00      0.01      0.01      0.01   1430.69      1.00
  beta_1[172]      0.01      0.00      0.01      0.01      0.01   1310.33      1.00
  beta_1[173]      0.01      0.00      0.01      0.00      0.01   1301.07      1.00
  beta_1[174]      0.01      0.00      0.01      0.00      0.01   1449.83      1.00
  beta_1[175]      0.01      0.00      0.01      0.01      0.01   1522.72      1.00
  beta_1[176]      0.01      0.00      0.01      0.01      0.01   1638.90      1.00
 transform[0]     -0.00      0.95     -0.02     -1.54      1.58   1512.47      1.00

Number of divergences: 284
