                     date locationtest  value abbreviation location  population
location_name                                                                  
Delaware       2020-01-24           10      0           DE       10    973764.0
Delaware       2020-01-25           10      0           DE       10    973764.0
Delaware       2020-01-26           10      0           DE       10    973764.0
Delaware       2020-01-27           10      0           DE       10    973764.0
Delaware       2020-01-28           10      0           DE       10    973764.0
...                   ...          ...    ...          ...      ...         ...
Delaware       2021-01-07           10   1220           DE       10    973764.0
Delaware       2021-01-08           10    554           DE       10    973764.0
Delaware       2021-01-09           10    972           DE       10    973764.0
Delaware       2021-01-10           10    798           DE       10    973764.0
Delaware       2021-01-11           10    554           DE       10    973764.0

[354 rows x 6 columns]

                   mean       std    median      5.0%     95.0%     n_eff     r_hat
a_raw_init[0]      0.00      0.00      0.00      0.00      0.00   1049.31      1.00
a_raw_init[1]      0.00      0.00      0.00      0.00      0.00   2029.95      1.00
a_raw_init[2]      0.00      0.00      0.00      0.00      0.00   1943.43      1.00
a_raw_init[3]      0.36      0.00      0.36      0.36      0.37   1689.77      1.00
a_raw_init[4]      0.41      0.00      0.41      0.40      0.42   1260.66      1.00
a_raw_init[5]      0.40      0.00      0.40      0.39      0.41   1641.79      1.00
a_raw_init[6]      0.40      0.01      0.40      0.39      0.40   1640.80      1.00
    beta_1[0]      0.00      0.00      0.00     -0.00      0.00   1745.77      1.00
    beta_1[1]      0.00      0.00      0.00     -0.00      0.00   1088.55      1.00
    beta_1[2]      0.00      0.00      0.00     -0.00      0.00    898.37      1.00
    beta_1[3]      0.00      0.00      0.00     -0.00      0.01    663.59      1.00
    beta_1[4]      0.00      0.00      0.00     -0.00      0.01    566.87      1.00
    beta_1[5]      0.00      0.00      0.00     -0.00      0.01    456.79      1.00
    beta_1[6]      0.00      0.00      0.00     -0.00      0.01    462.90      1.00
    beta_1[7]      0.00      0.00      0.00     -0.00      0.01    398.93      1.00
    beta_1[8]      0.01      0.00      0.01      0.00      0.01    425.45      1.01
    beta_1[9]      0.01      0.00      0.01      0.00      0.01    433.88      1.01
   beta_1[10]      0.01      0.00      0.01      0.00      0.01    380.30      1.01
   beta_1[11]      0.01      0.00      0.01      0.00      0.01    335.92      1.01
   beta_1[12]      0.01      0.00      0.01      0.00      0.01    290.09      1.01
   beta_1[13]      0.01      0.00      0.01      0.00      0.01    291.62      1.01
   beta_1[14]      0.01      0.00      0.01      0.00      0.01    269.38      1.01
   beta_1[15]      0.01      0.00      0.01      0.00      0.02    255.79      1.01
   beta_1[16]      0.01      0.00      0.01      0.00      0.02    266.71      1.01
   beta_1[17]      0.01      0.00      0.01      0.00      0.02    263.11      1.01
   beta_1[18]      0.01      0.00      0.01      0.00      0.02    249.18      1.01
   beta_1[19]      0.01      0.00      0.01      0.01      0.02    249.11      1.01
   beta_1[20]      0.01      0.00      0.01      0.01      0.02    231.03      1.01
   beta_1[21]      0.01      0.00      0.01      0.01      0.02    227.28      1.01
   beta_1[22]      0.01      0.00      0.01      0.01      0.02    225.72      1.01
   beta_1[23]      0.01      0.00      0.01      0.01      0.02    214.49      1.02
   beta_1[24]      0.01      0.00      0.01      0.01      0.02    205.27      1.01
   beta_1[25]      0.01      0.00      0.01      0.01      0.02    207.80      1.02
   beta_1[26]      0.02      0.00      0.02      0.01      0.02    206.18      1.02
   beta_1[27]      0.02      0.00      0.02      0.01      0.02    197.81      1.02
   beta_1[28]      0.02      0.00      0.02      0.01      0.02    196.55      1.02
   beta_1[29]      0.02      0.00      0.02      0.01      0.02    185.30      1.02
   beta_1[30]      0.02      0.00      0.02      0.01      0.03    191.33      1.02
   beta_1[31]      0.02      0.00      0.02      0.01      0.03    186.78      1.02
   beta_1[32]      0.02      0.00      0.02      0.01      0.03    187.62      1.02
   beta_1[33]      0.02      0.00      0.02      0.01      0.03    188.73      1.02
   beta_1[34]      0.02      0.00      0.02      0.01      0.03    191.31      1.02
   beta_1[35]      0.02      0.00      0.02      0.01      0.03    184.62      1.02
   beta_1[36]      0.02      0.00      0.02      0.01      0.03    177.10      1.02
   beta_1[37]      0.02      0.00      0.02      0.01      0.03    177.56      1.03
   beta_1[38]      0.02      0.00      0.02      0.01      0.03    177.07      1.03
   beta_1[39]      0.02      0.00      0.02      0.02      0.03    180.19      1.03
   beta_1[40]      0.02      0.01      0.02      0.02      0.03    178.64      1.03
   beta_1[41]      0.02      0.01      0.02      0.02      0.03    174.77      1.03
   beta_1[42]      0.02      0.01      0.02      0.02      0.03    179.87      1.03
   beta_1[43]      0.03      0.01      0.03      0.02      0.03    161.80      1.03
   beta_1[44]      0.03      0.01      0.03      0.02      0.03    177.71      1.03
   beta_1[45]      0.03      0.01      0.03      0.02      0.04    170.42      1.03
   beta_1[46]      0.03      0.01      0.03      0.02      0.04    169.41      1.03
   beta_1[47]      0.03      0.01      0.03      0.02      0.04    179.28      1.03
   beta_1[48]      0.03      0.01      0.03      0.02      0.04    179.49      1.03
   beta_1[49]      0.03      0.01      0.03      0.02      0.04    174.33      1.03
   beta_1[50]      0.03      0.01      0.03      0.02      0.04    174.98      1.03
   beta_1[51]      0.03      0.01      0.03      0.02      0.04    178.64      1.02
   beta_1[52]      0.03      0.01      0.03      0.02      0.04    180.72      1.02
   beta_1[53]      0.03      0.01      0.03      0.02      0.04    179.15      1.03
   beta_1[54]      0.03      0.01      0.03      0.02      0.04    177.60      1.03
   beta_1[55]      0.03      0.01      0.03      0.02      0.04    172.45      1.03
   beta_1[56]      0.03      0.00      0.03      0.03      0.04    174.99      1.02
   beta_1[57]      0.03      0.00      0.03      0.03      0.04    185.70      1.02
   beta_1[58]      0.03      0.00      0.03      0.03      0.04    195.02      1.02
   beta_1[59]      0.04      0.00      0.04      0.03      0.04    197.11      1.02
   beta_1[60]      0.04      0.00      0.04      0.03      0.04    198.70      1.01
   beta_1[61]      0.04      0.00      0.04      0.03      0.04    198.30      1.01
   beta_1[62]      0.04      0.00      0.04      0.03      0.04    200.43      1.01
   beta_1[63]      0.04      0.00      0.04      0.03      0.05    201.85      1.01
   beta_1[64]      0.04      0.00      0.04      0.03      0.05    205.37      1.01
   beta_1[65]      0.04      0.00      0.04      0.03      0.05    204.68      1.01
   beta_1[66]      0.04      0.00      0.04      0.03      0.05    203.89      1.01
   beta_1[67]      0.04      0.00      0.04      0.03      0.05    211.76      1.01
   beta_1[68]      0.04      0.00      0.04      0.03      0.05    216.41      1.01
   beta_1[69]      0.04      0.00      0.04      0.03      0.05    221.57      1.01
   beta_1[70]      0.04      0.00      0.04      0.03      0.05    229.16      1.00
   beta_1[71]      0.04      0.00      0.04      0.04      0.05    214.34      1.00
   beta_1[72]      0.04      0.00      0.04      0.04      0.05    216.33      1.00
   beta_1[73]      0.04      0.00      0.04      0.04      0.05    225.29      1.00
   beta_1[74]      0.04      0.00      0.04      0.04      0.05    215.89      1.00
   beta_1[75]      0.04      0.00      0.04      0.04      0.05    215.64      1.00
   beta_1[76]      0.05      0.00      0.05      0.04      0.05    208.78      1.00
   beta_1[77]      0.05      0.00      0.05      0.04      0.05    220.75      1.00
   beta_1[78]      0.05      0.00      0.05      0.04      0.05    224.08      1.00
   beta_1[79]      0.05      0.00      0.05      0.04      0.05    233.85      1.00
   beta_1[80]      0.05      0.00      0.05      0.04      0.05    239.64      1.00
   beta_1[81]      0.05      0.00      0.05      0.04      0.05    234.71      1.00
   beta_1[82]      0.05      0.00      0.05      0.04      0.05    234.65      1.00
   beta_1[83]      0.05      0.00      0.05      0.04      0.05    241.62      1.00
   beta_1[84]      0.05      0.00      0.05      0.04      0.05    239.52      1.00
   beta_1[85]      0.05      0.00      0.05      0.04      0.05    247.69      1.00
   beta_1[86]      0.05      0.00      0.05      0.04      0.05    262.71      1.00
   beta_1[87]      0.05      0.00      0.05      0.04      0.05    277.19      1.00
   beta_1[88]      0.05      0.00      0.05      0.04      0.05    311.68      1.00
   beta_1[89]      0.05      0.00      0.05      0.04      0.05    320.39      1.00
   beta_1[90]      0.05      0.00      0.05      0.04      0.05    317.02      1.00
   beta_1[91]      0.05      0.00      0.05      0.04      0.05    354.69      1.00
   beta_1[92]      0.05      0.00      0.05      0.04      0.05    403.16      1.00
   beta_1[93]      0.05      0.00      0.05      0.04      0.05    438.63      1.00
   beta_1[94]      0.05      0.00      0.05      0.04      0.05    476.75      1.00
   beta_1[95]      0.05      0.00      0.05      0.04      0.05    493.81      1.00
   beta_1[96]      0.05      0.00      0.05      0.04      0.05    498.59      1.00
   beta_1[97]      0.05      0.00      0.05      0.04      0.05    513.75      1.00
   beta_1[98]      0.05      0.00      0.05      0.04      0.05    529.47      1.00
   beta_1[99]      0.05      0.00      0.04      0.04      0.05    575.01      1.00
  beta_1[100]      0.04      0.00      0.04      0.04      0.05    571.28      1.00
  beta_1[101]      0.04      0.00      0.04      0.04      0.05    683.08      1.00
  beta_1[102]      0.04      0.00      0.04      0.04      0.05    744.28      1.00
  beta_1[103]      0.04      0.00      0.04      0.04      0.05    692.17      1.00
  beta_1[104]      0.04      0.00      0.04      0.04      0.05    732.54      1.00
  beta_1[105]      0.04      0.00      0.04      0.04      0.05    780.51      1.00
  beta_1[106]      0.04      0.00      0.04      0.04      0.04    765.58      1.00
  beta_1[107]      0.04      0.00      0.04      0.04      0.04    767.40      1.00
  beta_1[108]      0.04      0.00      0.04      0.04      0.04    727.85      1.00
  beta_1[109]      0.04      0.00      0.04      0.04      0.05    731.52      1.00
  beta_1[110]      0.04      0.00      0.04      0.04      0.05    776.53      1.00
  beta_1[111]      0.04      0.00      0.04      0.04      0.05    849.19      1.00
  beta_1[112]      0.04      0.00      0.04      0.04      0.05    932.15      1.00
  beta_1[113]      0.04      0.00      0.04      0.04      0.05   1001.55      1.00
 transform[0]      0.04      0.99      0.05     -1.66      1.60   1467.63      1.00

Number of divergences: 100
