                      date locationtest  ...  location  population
location_name                            ...                      
North Carolina  2020-01-24           37  ...        37  10488084.0
North Carolina  2020-01-25           37  ...        37  10488084.0
North Carolina  2020-01-26           37  ...        37  10488084.0
North Carolina  2020-01-27           37  ...        37  10488084.0
North Carolina  2020-01-28           37  ...        37  10488084.0
...                    ...          ...  ...       ...         ...
North Carolina  2021-01-07           37  ...        37  10488084.0
North Carolina  2021-01-08           37  ...        37  10488084.0
North Carolina  2021-01-09           37  ...        37  10488084.0
North Carolina  2021-01-10           37  ...        37  10488084.0
North Carolina  2021-01-11           37  ...        37  10488084.0

[354 rows x 6 columns]

                   mean       std    median      5.0%     95.0%     n_eff     r_hat
a_raw_init[0]      0.00      0.00      0.00      0.00      0.00   1576.38      1.00
a_raw_init[1]      0.00      0.00      0.00      0.00      0.00   1303.40      1.00
a_raw_init[2]      0.07      0.00      0.07      0.06      0.07   1254.08      1.00
a_raw_init[3]      0.47      0.00      0.47      0.46      0.47   1197.09      1.00
a_raw_init[4]      0.42      0.01      0.42      0.41      0.43   1430.17      1.00
a_raw_init[5]      0.67      0.00      0.67      0.66      0.68   1936.21      1.00
a_raw_init[6]      0.77      0.01      0.77      0.76      0.78   1976.24      1.00
    beta_1[0]      0.00      0.00      0.00     -0.00      0.00   1286.10      1.00
    beta_1[1]      0.00      0.00      0.00     -0.00      0.00   1092.26      1.00
    beta_1[2]      0.00      0.00      0.00     -0.00      0.00    942.93      1.00
    beta_1[3]      0.00      0.00      0.00     -0.00      0.01    694.84      1.01
    beta_1[4]      0.00      0.00      0.00     -0.00      0.01    593.60      1.01
    beta_1[5]      0.00      0.00      0.00     -0.00      0.01    525.61      1.01
    beta_1[6]      0.00      0.00      0.00      0.00      0.01    446.21      1.01
    beta_1[7]      0.00      0.00      0.01      0.00      0.01    362.20      1.01
    beta_1[8]      0.01      0.00      0.01      0.00      0.01    361.14      1.02
    beta_1[9]      0.01      0.00      0.01      0.00      0.01    313.01      1.02
   beta_1[10]      0.01      0.00      0.01      0.00      0.01    285.29      1.02
   beta_1[11]      0.01      0.00      0.01      0.00      0.01    263.10      1.02
   beta_1[12]      0.01      0.00      0.01      0.00      0.01    242.00      1.02
   beta_1[13]      0.01      0.00      0.01      0.00      0.01    233.75      1.03
   beta_1[14]      0.01      0.00      0.01      0.00      0.02    208.81      1.03
   beta_1[15]      0.01      0.00      0.01      0.00      0.02    188.54      1.04
   beta_1[16]      0.01      0.00      0.01      0.00      0.02    177.18      1.04
   beta_1[17]      0.01      0.00      0.01      0.00      0.02    170.71      1.04
   beta_1[18]      0.01      0.00      0.01      0.00      0.02    164.87      1.04
   beta_1[19]      0.01      0.00      0.01      0.01      0.02    160.45      1.04
   beta_1[20]      0.01      0.00      0.01      0.01      0.02    160.05      1.04
   beta_1[21]      0.01      0.00      0.01      0.01      0.02    150.97      1.04
   beta_1[22]      0.01      0.00      0.01      0.01      0.02    149.67      1.04
   beta_1[23]      0.01      0.00      0.01      0.01      0.02    146.77      1.04
   beta_1[24]      0.01      0.00      0.02      0.01      0.02    150.75      1.04
   beta_1[25]      0.02      0.00      0.02      0.01      0.02    143.96      1.04
   beta_1[26]      0.02      0.00      0.02      0.01      0.02    143.68      1.04
   beta_1[27]      0.02      0.00      0.02      0.01      0.02    140.69      1.04
   beta_1[28]      0.02      0.00      0.02      0.01      0.02    139.85      1.04
   beta_1[29]      0.02      0.00      0.02      0.01      0.02    140.18      1.03
   beta_1[30]      0.02      0.00      0.02      0.01      0.03    138.91      1.03
   beta_1[31]      0.02      0.00      0.02      0.01      0.03    141.81      1.03
   beta_1[32]      0.02      0.00      0.02      0.01      0.03    145.51      1.03
   beta_1[33]      0.02      0.00      0.02      0.01      0.03    144.30      1.03
   beta_1[34]      0.02      0.00      0.02      0.01      0.03    144.72      1.03
   beta_1[35]      0.02      0.00      0.02      0.01      0.03    144.22      1.03
   beta_1[36]      0.02      0.00      0.02      0.01      0.03    140.72      1.02
   beta_1[37]      0.02      0.00      0.02      0.02      0.03    145.53      1.02
   beta_1[38]      0.02      0.00      0.02      0.02      0.03    143.13      1.02
   beta_1[39]      0.02      0.00      0.02      0.02      0.03    142.10      1.02
   beta_1[40]      0.02      0.00      0.02      0.02      0.03    142.92      1.02
   beta_1[41]      0.02      0.00      0.02      0.02      0.03    146.43      1.02
   beta_1[42]      0.03      0.00      0.03      0.02      0.03    145.41      1.02
   beta_1[43]      0.03      0.00      0.03      0.02      0.03    146.22      1.02
   beta_1[44]      0.03      0.00      0.03      0.02      0.03    149.89      1.02
   beta_1[45]      0.03      0.00      0.03      0.02      0.03    147.18      1.02
   beta_1[46]      0.03      0.00      0.03      0.02      0.04    146.90      1.02
   beta_1[47]      0.03      0.00      0.03      0.02      0.04    148.41      1.02
   beta_1[48]      0.03      0.00      0.03      0.02      0.04    150.76      1.01
   beta_1[49]      0.03      0.00      0.03      0.02      0.04    151.07      1.01
   beta_1[50]      0.03      0.00      0.03      0.02      0.04    152.77      1.01
   beta_1[51]      0.03      0.00      0.03      0.02      0.04    151.87      1.01
   beta_1[52]      0.03      0.00      0.03      0.02      0.04    153.15      1.01
   beta_1[53]      0.03      0.00      0.03      0.02      0.04    153.49      1.01
   beta_1[54]      0.03      0.00      0.03      0.02      0.04    153.50      1.01
   beta_1[55]      0.03      0.00      0.03      0.03      0.04    157.76      1.01
   beta_1[56]      0.03      0.00      0.03      0.03      0.04    159.76      1.01
   beta_1[57]      0.03      0.00      0.03      0.03      0.04    164.28      1.01
   beta_1[58]      0.04      0.00      0.04      0.03      0.04    168.59      1.01
   beta_1[59]      0.04      0.00      0.04      0.03      0.04    174.33      1.01
   beta_1[60]      0.04      0.00      0.04      0.03      0.04    176.72      1.01
   beta_1[61]      0.04      0.00      0.04      0.03      0.04    183.63      1.01
   beta_1[62]      0.04      0.00      0.04      0.03      0.04    186.86      1.01
   beta_1[63]      0.04      0.00      0.04      0.03      0.05    187.52      1.01
   beta_1[64]      0.04      0.00      0.04      0.03      0.05    191.62      1.01
   beta_1[65]      0.04      0.00      0.04      0.03      0.05    195.60      1.01
   beta_1[66]      0.04      0.00      0.04      0.03      0.05    191.38      1.01
   beta_1[67]      0.04      0.00      0.04      0.03      0.05    198.06      1.01
   beta_1[68]      0.04      0.00      0.04      0.03      0.05    210.69      1.01
   beta_1[69]      0.04      0.00      0.04      0.04      0.05    214.19      1.01
   beta_1[70]      0.04      0.00      0.04      0.04      0.05    213.85      1.01
   beta_1[71]      0.04      0.00      0.04      0.04      0.05    215.40      1.00
   beta_1[72]      0.04      0.00      0.04      0.04      0.05    216.95      1.00
   beta_1[73]      0.04      0.00      0.04      0.04      0.05    216.61      1.00
   beta_1[74]      0.05      0.00      0.04      0.04      0.05    217.21      1.00
   beta_1[75]      0.05      0.00      0.05      0.04      0.05    229.55      1.00
   beta_1[76]      0.05      0.00      0.05      0.04      0.05    246.52      1.00
   beta_1[77]      0.05      0.00      0.05      0.04      0.05    260.49      1.00
   beta_1[78]      0.05      0.00      0.05      0.04      0.05    257.32      1.00
   beta_1[79]      0.05      0.00      0.05      0.04      0.05    312.68      1.00
   beta_1[80]      0.05      0.00      0.05      0.04      0.05    319.21      1.00
   beta_1[81]      0.05      0.00      0.05      0.04      0.05    368.36      1.00
   beta_1[82]      0.05      0.00      0.05      0.05      0.05    393.32      1.00
   beta_1[83]      0.05      0.00      0.05      0.05      0.05    408.12      1.00
   beta_1[84]      0.05      0.00      0.05      0.05      0.05    412.09      1.00
   beta_1[85]      0.05      0.00      0.05      0.05      0.05    452.14      1.00
   beta_1[86]      0.05      0.00      0.05      0.04      0.05    462.40      1.00
   beta_1[87]      0.05      0.00      0.05      0.05      0.05    534.59      1.00
   beta_1[88]      0.05      0.00      0.05      0.04      0.05    583.11      1.00
   beta_1[89]      0.05      0.00      0.05      0.04      0.05    569.00      1.00
   beta_1[90]      0.05      0.00      0.05      0.04      0.05    651.73      1.00
   beta_1[91]      0.05      0.00      0.05      0.04      0.05    668.99      1.00
   beta_1[92]      0.04      0.00      0.04      0.04      0.05    740.72      1.00
   beta_1[93]      0.04      0.00      0.04      0.04      0.05    947.70      1.00
   beta_1[94]      0.04      0.00      0.04      0.04      0.05   1076.20      1.00
   beta_1[95]      0.04      0.00      0.04      0.04      0.05   1091.42      1.00
   beta_1[96]      0.04      0.00      0.04      0.04      0.04   1092.89      1.00
   beta_1[97]      0.04      0.00      0.04      0.04      0.04   1132.97      1.00
   beta_1[98]      0.04      0.00      0.04      0.04      0.04   1150.07      1.00
   beta_1[99]      0.04      0.00      0.04      0.03      0.04   1237.82      1.00
  beta_1[100]      0.04      0.00      0.04      0.03      0.04   1204.14      1.00
  beta_1[101]      0.04      0.00      0.04      0.03      0.04   1154.42      1.00
  beta_1[102]      0.04      0.00      0.04      0.03      0.04   1317.21      1.00
  beta_1[103]      0.04      0.00      0.04      0.03      0.04   1279.70      1.00
  beta_1[104]      0.03      0.00      0.03      0.03      0.04   1219.81      1.00
  beta_1[105]      0.03      0.00      0.03      0.03      0.04   1355.76      1.00
  beta_1[106]      0.03      0.00      0.03      0.03      0.04   1278.91      1.00
  beta_1[107]      0.03      0.00      0.03      0.03      0.03   1269.77      1.00
  beta_1[108]      0.03      0.00      0.03      0.03      0.03   1420.44      1.00
  beta_1[109]      0.03      0.00      0.03      0.03      0.03   1487.18      1.00
  beta_1[110]      0.03      0.00      0.03      0.03      0.03   1672.45      1.00
  beta_1[111]      0.03      0.00      0.03      0.03      0.03   1729.18      1.00
  beta_1[112]      0.03      0.00      0.03      0.03      0.03   1867.31      1.00
  beta_1[113]      0.03      0.00      0.03      0.03      0.03   1951.22      1.00
 transform[0]      0.01      0.93     -0.01     -1.58      1.47   1862.63      1.00

Number of divergences: 66
