                     date locationtest  value abbreviation location  population
location_name                                                                  
Hawaii         2020-01-24           15      0           HI       15   1415872.0
Hawaii         2020-01-25           15      0           HI       15   1415872.0
Hawaii         2020-01-26           15      0           HI       15   1415872.0
Hawaii         2020-01-27           15      0           HI       15   1415872.0
Hawaii         2020-01-28           15      0           HI       15   1415872.0
...                   ...          ...    ...          ...      ...         ...
Hawaii         2021-01-07           15    287           HI       15   1415872.0
Hawaii         2021-01-08           15    283           HI       15   1415872.0
Hawaii         2021-01-09           15    228           HI       15   1415872.0
Hawaii         2021-01-10           15    178           HI       15   1415872.0
Hawaii         2021-01-11           15    162           HI       15   1415872.0

[354 rows x 6 columns]

                    mean       std    median      5.0%     95.0%     n_eff     r_hat
 a_raw_init[0]      0.00      0.00      0.00      0.00      0.00   1713.59      1.00
 a_raw_init[1]      0.00      0.00      0.00      0.00      0.00   2010.89      1.00
 a_raw_init[2]      0.04      0.00      0.04      0.04      0.05    286.30      1.01
 a_raw_init[3]      0.06      0.00      0.06      0.05      0.07    597.38      1.00
 a_raw_init[4]      0.00      0.00      0.00      0.00      0.00    759.16      1.00
 a_raw_init[5]      0.00      0.00      0.00      0.00      0.00    504.18      1.00
 a_raw_init[6]      0.00      0.00      0.00      0.00      0.00     74.17      1.01
 a_raw_init[7]      0.08      0.00      0.08      0.08      0.09    163.66      1.01
 a_raw_init[8]      0.00      0.00      0.00      0.00      0.00   2058.14      1.00
 a_raw_init[9]      0.66      0.00      0.66      0.65      0.67    554.00      1.00
a_raw_init[10]      0.73      0.00      0.73      0.73      0.74    616.06      1.00
a_raw_init[11]      0.18      0.01      0.18      0.17      0.18    287.96      1.00
a_raw_init[12]      0.30      0.01      0.30      0.30      0.31    165.51      1.00
a_raw_init[13]      0.21      0.01      0.21      0.20      0.22    419.57      1.00
a_raw_init[14]      0.28      0.01      0.29      0.27      0.30    511.42      1.00
a_raw_init[15]      0.29      0.01      0.29      0.28      0.30    451.58      1.00
a_raw_init[16]      0.29      0.01      0.29      0.28      0.30    609.20      1.00
     beta_1[0]      0.00      0.00      0.00     -0.00      0.00    685.31      1.00
     beta_1[1]      0.00      0.00      0.00     -0.00      0.00    553.18      1.00
     beta_1[2]      0.00      0.00      0.00     -0.00      0.00    346.28      1.00
     beta_1[3]      0.00      0.00      0.00     -0.00      0.00    331.50      1.00
     beta_1[4]      0.00      0.00      0.00     -0.00      0.00    240.94      1.00
     beta_1[5]      0.00      0.00      0.00     -0.00      0.00    193.82      1.00
     beta_1[6]      0.00      0.00      0.00     -0.00      0.01    165.61      1.00
     beta_1[7]      0.00      0.00      0.00     -0.00      0.01    146.29      1.00
     beta_1[8]      0.00      0.00      0.00     -0.00      0.01    132.98      1.00
     beta_1[9]      0.00      0.00      0.00     -0.00      0.01    121.25      1.00
    beta_1[10]      0.00      0.00      0.00     -0.00      0.01    112.47      1.00
    beta_1[11]      0.00      0.00      0.00     -0.00      0.01    106.39      1.00
    beta_1[12]      0.00      0.00      0.00     -0.01      0.01     99.38      1.00
    beta_1[13]      0.00      0.00      0.00     -0.00      0.01     98.14      1.00
    beta_1[14]      0.00      0.00      0.00     -0.01      0.01     95.32      1.00
    beta_1[15]      0.00      0.00      0.00     -0.01      0.01     92.83      1.00
    beta_1[16]      0.00      0.00      0.00     -0.01      0.01     91.20      1.00
    beta_1[17]      0.00      0.00      0.00     -0.01      0.01     89.75      1.01
    beta_1[18]      0.00      0.00      0.00     -0.01      0.01     89.49      1.01
    beta_1[19]      0.00      0.00      0.00     -0.01      0.01     87.29      1.01
    beta_1[20]      0.00      0.00      0.00     -0.01      0.01     84.44      1.01
    beta_1[21]      0.00      0.00      0.00     -0.01      0.01     82.58      1.00
    beta_1[22]      0.00      0.00      0.00     -0.01      0.01     82.08      1.00
    beta_1[23]      0.00      0.00      0.00     -0.01      0.01     78.61      1.00
    beta_1[24]      0.00      0.00      0.00     -0.01      0.01     79.50      1.00
    beta_1[25]      0.00      0.00      0.00     -0.01      0.01     77.31      1.00
    beta_1[26]      0.00      0.00      0.00     -0.01      0.01     76.01      1.00
    beta_1[27]      0.00      0.00      0.00     -0.01      0.01     75.31      1.00
    beta_1[28]      0.00      0.00      0.00     -0.01      0.01     73.27      1.00
    beta_1[29]      0.00      0.00      0.00     -0.01      0.01     74.95      1.00
    beta_1[30]      0.00      0.00      0.00     -0.01      0.01     74.04      1.00
    beta_1[31]      0.00      0.00      0.00     -0.01      0.01     74.02      1.00
    beta_1[32]      0.00      0.00      0.00     -0.01      0.01     73.55      1.00
    beta_1[33]      0.00      0.00      0.00     -0.01      0.01     73.82      1.01
    beta_1[34]      0.00      0.00      0.00     -0.01      0.01     72.36      1.01
    beta_1[35]      0.00      0.00      0.00     -0.01      0.01     70.46      1.01
    beta_1[36]      0.00      0.01      0.00     -0.01      0.01     69.33      1.01
    beta_1[37]      0.00      0.01      0.00     -0.01      0.01     66.20      1.01
    beta_1[38]      0.00      0.01      0.00     -0.01      0.01     67.36      1.01
    beta_1[39]      0.00      0.01      0.00     -0.00      0.01     66.80      1.01
    beta_1[40]      0.00      0.01      0.00     -0.01      0.01     67.16      1.01
    beta_1[41]      0.00      0.01      0.00     -0.01      0.01     67.77      1.01
    beta_1[42]      0.00      0.01      0.00     -0.01      0.01     66.17      1.01
    beta_1[43]      0.00      0.01      0.00     -0.01      0.01     65.27      1.01
    beta_1[44]      0.00      0.00      0.00     -0.01      0.01     63.64      1.01
    beta_1[45]      0.00      0.00      0.00     -0.01      0.01     64.00      1.01
    beta_1[46]      0.00      0.01      0.00     -0.01      0.01     63.61      1.01
    beta_1[47]      0.00      0.01      0.00     -0.01      0.01     62.11      1.01
    beta_1[48]      0.00      0.01      0.00     -0.00      0.01     59.88      1.01
    beta_1[49]      0.00      0.01      0.00     -0.00      0.01     60.50      1.01
    beta_1[50]      0.00      0.01      0.00     -0.00      0.01     59.68      1.01
    beta_1[51]      0.00      0.01      0.00     -0.00      0.01     59.96      1.01
    beta_1[52]      0.00      0.00      0.00     -0.00      0.01     58.47      1.01
    beta_1[53]      0.00      0.01      0.00     -0.01      0.01     56.63      1.01
    beta_1[54]      0.00      0.01      0.00     -0.00      0.01     56.80      1.00
    beta_1[55]      0.00      0.01      0.00     -0.00      0.01     55.36      1.00
    beta_1[56]      0.00      0.01      0.00     -0.00      0.01     53.45      1.00
    beta_1[57]      0.00      0.01      0.00     -0.00      0.01     52.57      1.00
    beta_1[58]      0.00      0.01      0.00     -0.00      0.01     53.36      1.00
    beta_1[59]      0.00      0.01      0.00     -0.00      0.01     52.04      1.00
    beta_1[60]      0.00      0.01      0.00     -0.00      0.01     51.27      1.00
    beta_1[61]      0.00      0.01      0.00     -0.00      0.01     50.49      1.00
    beta_1[62]      0.00      0.01      0.00     -0.00      0.01     51.03      1.00
    beta_1[63]      0.00      0.01      0.00     -0.00      0.01     49.84      1.00
    beta_1[64]      0.00      0.01      0.00     -0.00      0.01     49.76      1.00
    beta_1[65]      0.00      0.01      0.00     -0.00      0.01     47.88      1.00
    beta_1[66]      0.00      0.01      0.00     -0.00      0.01     47.83      1.00
    beta_1[67]      0.00      0.01      0.00     -0.00      0.01     46.41      1.00
    beta_1[68]      0.00      0.01      0.00     -0.00      0.01     45.29      1.00
    beta_1[69]      0.00      0.00      0.01     -0.00      0.01     46.31      1.00
    beta_1[70]      0.01      0.00      0.01     -0.00      0.01     45.58      1.00
    beta_1[71]      0.01      0.01      0.01     -0.00      0.01     45.19      1.00
    beta_1[72]      0.01      0.01      0.01     -0.00      0.01     44.73      1.00
    beta_1[73]      0.01      0.00      0.01     -0.00      0.01     45.42      1.00
    beta_1[74]      0.01      0.00      0.01     -0.00      0.01     45.95      1.00
    beta_1[75]      0.01      0.01      0.01     -0.00      0.01     46.07      1.00
    beta_1[76]      0.01      0.00      0.01     -0.00      0.01     46.11      1.00
    beta_1[77]      0.01      0.01      0.01     -0.00      0.01     46.32      1.00
    beta_1[78]      0.01      0.01      0.01     -0.00      0.01     47.00      1.00
    beta_1[79]      0.01      0.01      0.01     -0.00      0.01     47.35      1.00
    beta_1[80]      0.01      0.00      0.01     -0.00      0.01     46.97      1.00
    beta_1[81]      0.01      0.00      0.01     -0.00      0.01     46.65      1.00
    beta_1[82]      0.01      0.00      0.01     -0.00      0.01     47.96      1.00
    beta_1[83]      0.01      0.01      0.01     -0.00      0.01     48.19      1.00
    beta_1[84]      0.01      0.00      0.01     -0.00      0.01     49.77      1.00
    beta_1[85]      0.01      0.00      0.01     -0.00      0.01     51.78      1.00
    beta_1[86]      0.01      0.00      0.01     -0.00      0.01     52.02      1.00
    beta_1[87]      0.01      0.00      0.01     -0.00      0.01     50.82      1.00
    beta_1[88]      0.01      0.00      0.01     -0.00      0.01     51.64      1.00
    beta_1[89]      0.01      0.01      0.01     -0.00      0.01     52.16      1.00
    beta_1[90]      0.01      0.00      0.01     -0.00      0.01     52.51      1.00
    beta_1[91]      0.01      0.00      0.01     -0.00      0.01     52.48      1.00
    beta_1[92]      0.01      0.00      0.01     -0.00      0.01     53.27      1.00
    beta_1[93]      0.01      0.00      0.01     -0.00      0.01     54.01      1.00
    beta_1[94]      0.01      0.00      0.01     -0.00      0.01     52.64      1.00
    beta_1[95]      0.01      0.00      0.01     -0.00      0.01     54.73      1.00
    beta_1[96]      0.01      0.01      0.01     -0.00      0.01     56.73      1.00
    beta_1[97]      0.01      0.01      0.01     -0.00      0.01     57.40      1.00
    beta_1[98]      0.01      0.00      0.01     -0.00      0.01     58.20      1.00
    beta_1[99]      0.01      0.00      0.01     -0.00      0.01     61.68      1.00
   beta_1[100]      0.01      0.00      0.01     -0.00      0.01     62.85      1.00
   beta_1[101]      0.01      0.00      0.01     -0.00      0.01     64.89      1.00
   beta_1[102]      0.00      0.00      0.01     -0.00      0.01     67.57      1.00
   beta_1[103]      0.00      0.00      0.00     -0.00      0.01     69.03      1.00
   beta_1[104]      0.00      0.00      0.00     -0.00      0.01     67.81      1.00
   beta_1[105]      0.00      0.00      0.00     -0.00      0.01     67.66      1.00
   beta_1[106]      0.00      0.00      0.00     -0.00      0.01     71.91      1.00
   beta_1[107]      0.00      0.00      0.00     -0.00      0.01     72.61      1.00
   beta_1[108]      0.00      0.00      0.00     -0.00      0.01     72.61      1.00
   beta_1[109]      0.00      0.00      0.00     -0.00      0.01     73.25      1.00
   beta_1[110]      0.00      0.00      0.00     -0.00      0.01     72.07      1.00
   beta_1[111]      0.00      0.00      0.00     -0.00      0.01     71.72      1.00
   beta_1[112]      0.00      0.00      0.00     -0.00      0.01     69.64      1.00
   beta_1[113]      0.00      0.00      0.00     -0.00      0.01     70.09      1.00
   beta_1[114]      0.00      0.00      0.00     -0.00      0.01     69.75      1.00
   beta_1[115]      0.00      0.00      0.00     -0.00      0.01     73.40      1.00
   beta_1[116]      0.00      0.00      0.00     -0.00      0.01     73.22      1.00
   beta_1[117]      0.00      0.00      0.00     -0.00      0.01     74.65      1.00
   beta_1[118]      0.00      0.00      0.00     -0.00      0.01     75.19      1.00
   beta_1[119]      0.00      0.00      0.00     -0.00      0.01     75.13      1.00
   beta_1[120]      0.00      0.00      0.00     -0.00      0.01     74.11      1.00
   beta_1[121]      0.00      0.00      0.00     -0.00      0.01     75.77      1.00
   beta_1[122]      0.00      0.00      0.00     -0.00      0.01     76.08      1.00
   beta_1[123]      0.00      0.00      0.00     -0.00      0.01     76.54      1.00
   beta_1[124]      0.00      0.00      0.00     -0.00      0.01     76.12      1.00
   beta_1[125]      0.00      0.00      0.00     -0.00      0.01     77.18      1.00
   beta_1[126]      0.00      0.00      0.00     -0.00      0.01     76.48      1.00
   beta_1[127]      0.00      0.00      0.00     -0.00      0.01     74.98      1.00
   beta_1[128]      0.00      0.00      0.00     -0.00      0.01     74.92      1.00
   beta_1[129]      0.00      0.00      0.00     -0.00      0.01     73.01      1.00
   beta_1[130]      0.00      0.00      0.00     -0.00      0.01     73.15      1.00
   beta_1[131]      0.00      0.00      0.00     -0.00      0.01     73.03      1.00
   beta_1[132]      0.00      0.00      0.00     -0.00      0.01     74.14      1.00
   beta_1[133]      0.00      0.00      0.00     -0.00      0.01     74.85      1.00
   beta_1[134]      0.00      0.00      0.00     -0.00      0.01     74.62      1.00
   beta_1[135]      0.00      0.00      0.00     -0.00      0.01     76.06      1.00
   beta_1[136]      0.00      0.00      0.00     -0.00      0.01     81.23      1.00
   beta_1[137]      0.00      0.00      0.00     -0.00      0.01     83.00      1.00
   beta_1[138]      0.00      0.00      0.00     -0.00      0.01     85.19      1.00
   beta_1[139]      0.00      0.00      0.00     -0.00      0.01     85.37      1.00
   beta_1[140]      0.00      0.00      0.00     -0.00      0.01     84.76      1.00
   beta_1[141]      0.00      0.00      0.00     -0.00      0.01     84.99      1.00
   beta_1[142]      0.00      0.00      0.00     -0.00      0.01     84.83      1.00
   beta_1[143]      0.00      0.00      0.00     -0.00      0.01     85.24      1.00
   beta_1[144]      0.00      0.00      0.00     -0.00      0.01     84.02      1.00
   beta_1[145]      0.00      0.00      0.00     -0.00      0.01     81.82      1.00
   beta_1[146]      0.00      0.00      0.00     -0.00      0.01     80.86      1.00
   beta_1[147]      0.00      0.00      0.00     -0.00      0.01     79.55      1.00
   beta_1[148]      0.00      0.00      0.00     -0.00      0.01     75.98      1.00
   beta_1[149]      0.00      0.00      0.00     -0.00      0.01     84.48      1.00
   beta_1[150]      0.00      0.00      0.00     -0.00      0.01     89.15      1.00
   beta_1[151]      0.00      0.00      0.00     -0.00      0.01     86.70      1.00
   beta_1[152]      0.00      0.00      0.00     -0.00      0.01     89.12      1.00
   beta_1[153]      0.00      0.00      0.00     -0.00      0.01     94.96      1.00
   beta_1[154]      0.00      0.00      0.00     -0.00      0.01     97.06      1.00
   beta_1[155]      0.00      0.00      0.00     -0.00      0.01    100.41      1.00
   beta_1[156]      0.00      0.00      0.00     -0.00      0.01    100.45      1.00
   beta_1[157]      0.00      0.00      0.00     -0.00      0.01    103.86      1.00
   beta_1[158]      0.00      0.00      0.00     -0.00      0.01    104.77      1.00
   beta_1[159]      0.00      0.00      0.00     -0.00      0.01    101.04      1.00
   beta_1[160]      0.00      0.00      0.00     -0.00      0.01    101.23      1.00
   beta_1[161]      0.00      0.00      0.00     -0.00      0.01    102.27      1.00
   beta_1[162]      0.00      0.00      0.00     -0.00      0.01    107.36      1.00
   beta_1[163]      0.00      0.00      0.00     -0.00      0.01    111.71      1.00
   beta_1[164]      0.00      0.00      0.00     -0.00      0.01    119.08      1.00
   beta_1[165]      0.00      0.00      0.00     -0.00      0.01    124.16      1.00
   beta_1[166]      0.00      0.00      0.00     -0.00      0.01    132.42      1.00
   beta_1[167]      0.00      0.00      0.00     -0.00      0.01    139.19      1.00
   beta_1[168]      0.00      0.00      0.00     -0.00      0.01    136.68      1.00
   beta_1[169]      0.00      0.00      0.00     -0.00      0.01    136.66      1.00
   beta_1[170]      0.00      0.00      0.00     -0.00      0.01    137.40      1.00
   beta_1[171]      0.00      0.00      0.00     -0.00      0.01    138.77      1.00
   beta_1[172]      0.00      0.00      0.00     -0.00      0.01    146.85      1.00
   beta_1[173]      0.00      0.00      0.00     -0.00      0.01    142.25      1.00
   beta_1[174]      0.00      0.00      0.00     -0.00      0.01    145.34      1.00
   beta_1[175]      0.00      0.00      0.00     -0.00      0.01    156.31      1.00
   beta_1[176]      0.00      0.00      0.00     -0.00      0.01    162.92      1.00
   beta_1[177]      0.00      0.00      0.00     -0.00      0.01    145.60      1.00
   beta_1[178]      0.00      0.00      0.00     -0.00      0.01    129.64      1.00
   beta_1[179]      0.00      0.00      0.00     -0.00      0.01    122.59      1.00
   beta_1[180]      0.00      0.00      0.00     -0.00      0.01    109.67      1.00
   beta_1[181]      0.00      0.00      0.00     -0.00      0.01    102.96      1.00
   beta_1[182]      0.00      0.00      0.00     -0.00      0.01     98.26      1.00
   beta_1[183]      0.00      0.00      0.00     -0.00      0.01    110.23      1.00
   beta_1[184]      0.00      0.00      0.00     -0.00      0.01    103.57      1.01
   beta_1[185]      0.00      0.00      0.00     -0.00      0.01     99.62      1.00
   beta_1[186]      0.00      0.00      0.00     -0.00      0.01     92.64      1.01
   beta_1[187]      0.00      0.00      0.00     -0.00      0.01     84.64      1.01
   beta_1[188]      0.00      0.00      0.00     -0.00      0.01     87.87      1.01
   beta_1[189]      0.00      0.00      0.00      0.00      0.01    100.50      1.01
   beta_1[190]      0.00      0.00      0.00     -0.00      0.01    115.96      1.00
   beta_1[191]      0.00      0.00      0.01      0.00      0.01    139.95      1.00
   beta_1[192]      0.01      0.00      0.01      0.00      0.01    183.94      1.00
   beta_1[193]      0.01      0.00      0.01      0.00      0.01    204.93      1.00
   beta_1[194]      0.01      0.00      0.01      0.00      0.01    231.12      1.00
   beta_1[195]      0.01      0.00      0.01      0.00      0.01    287.31      1.00
   beta_1[196]      0.01      0.00      0.01      0.00      0.01    222.58      1.00
   beta_1[197]      0.01      0.00      0.01      0.00      0.01    279.92      1.00
   beta_1[198]      0.01      0.00      0.01      0.00      0.01    246.49      1.00
   beta_1[199]      0.01      0.00      0.01      0.00      0.01    189.84      1.00
   beta_1[200]      0.01      0.00      0.01      0.00      0.01    186.14      1.00
   beta_1[201]      0.01      0.00      0.01      0.00      0.01    219.92      1.00
   beta_1[202]      0.01      0.00      0.01      0.00      0.01    277.11      1.00
   beta_1[203]      0.01      0.00      0.01      0.00      0.01    373.81      1.00
   beta_1[204]      0.01      0.00      0.01      0.00      0.01    337.06      1.00
   beta_1[205]      0.01      0.00      0.01      0.00      0.01    432.53      1.00
   beta_1[206]      0.01      0.00      0.01      0.00      0.01    463.79      1.00
   beta_1[207]      0.01      0.00      0.01      0.00      0.01    390.80      1.00
   beta_1[208]      0.01      0.00      0.01      0.00      0.01    589.57      1.00
   beta_1[209]      0.01      0.00      0.01      0.00      0.01    630.72      1.00
   beta_1[210]      0.01      0.00      0.01      0.00      0.01    655.16      1.00
   beta_1[211]      0.01      0.00      0.01      0.00      0.01    745.75      1.00
   beta_1[212]      0.01      0.00      0.01      0.00      0.01    694.96      1.00
   beta_1[213]      0.01      0.00      0.01      0.00      0.01    696.12      1.00
   beta_1[214]      0.01      0.00      0.01      0.00      0.01    594.13      1.00
   beta_1[215]      0.01      0.00      0.01      0.00      0.01    857.95      1.00
   beta_1[216]      0.01      0.00      0.01      0.01      0.01    623.38      1.00
   beta_1[217]      0.01      0.00      0.01      0.01      0.01    906.82      1.00
   beta_1[218]      0.01      0.00      0.01      0.01      0.01    949.49      1.00
   beta_1[219]      0.01      0.00      0.01      0.01      0.01   1047.24      1.00
   beta_1[220]      0.01      0.00      0.01      0.01      0.01   1058.21      1.00
   beta_1[221]      0.01      0.00      0.01      0.01      0.01   1112.65      1.00
   beta_1[222]      0.01      0.00      0.01      0.01      0.01   1074.41      1.00
   beta_1[223]      0.01      0.00      0.01      0.01      0.01   1194.58      1.00
   beta_1[224]      0.01      0.00      0.01      0.00      0.01   1131.96      1.00
   beta_1[225]      0.01      0.00      0.01      0.00      0.01    978.17      1.00
   beta_1[226]      0.01      0.00      0.01      0.00      0.01   1132.95      1.00
   beta_1[227]      0.01      0.00      0.01      0.00      0.01   1090.24      1.00
   beta_1[228]      0.01      0.00      0.01      0.00      0.01    979.88      1.00
   beta_1[229]      0.01      0.00      0.01      0.00      0.01   1108.37      1.00
   beta_1[230]      0.01      0.00      0.01      0.00      0.01   1295.03      1.00
   beta_1[231]      0.01      0.00      0.01      0.00      0.01   1230.19      1.00
   beta_1[232]      0.00      0.00      0.00      0.00      0.01   1134.79      1.00
   beta_1[233]      0.00      0.00      0.00      0.00      0.01   1279.80      1.00
   beta_1[234]      0.00      0.00      0.00      0.00      0.01   1506.96      1.00
   beta_1[235]      0.01      0.00      0.01      0.00      0.01   1119.45      1.00
   beta_1[236]      0.01      0.00      0.01      0.00      0.01   1147.63      1.00
   beta_1[237]      0.01      0.00      0.01      0.00      0.01   1026.60      1.00
   beta_1[238]      0.01      0.00      0.01      0.01      0.01    979.45      1.00
   beta_1[239]      0.01      0.00      0.01      0.00      0.01   1140.13      1.00
   beta_1[240]      0.00      0.00      0.00      0.00      0.01   1367.54      1.00
   beta_1[241]      0.00      0.00      0.00      0.00      0.01   1375.96      1.00
   beta_1[242]      0.00      0.00      0.00      0.00      0.01   1413.53      1.00
   beta_1[243]      0.00      0.00      0.00      0.00      0.01   1534.37      1.00
   beta_1[244]      0.00      0.00      0.00      0.00      0.01   1005.69      1.00
   beta_1[245]      0.00      0.00      0.00      0.00      0.01   1206.30      1.00
   beta_1[246]      0.00      0.00      0.00      0.00      0.01    622.62      1.00
   beta_1[247]      0.00      0.00      0.00      0.00      0.01   1046.51      1.00
   beta_1[248]      0.00      0.00      0.00      0.00      0.01    567.60      1.00
   beta_1[249]      0.00      0.00      0.00      0.00      0.01    910.25      1.00
   beta_1[250]      0.01      0.00      0.01      0.00      0.01   1082.21      1.00
   beta_1[251]      0.01      0.00      0.01      0.00      0.01   1294.31      1.00
   beta_1[252]      0.01      0.00      0.01      0.00      0.01   1072.82      1.00
   beta_1[253]      0.01      0.00      0.01      0.01      0.01   1309.98      1.00
   beta_1[254]      0.01      0.00      0.01      0.00      0.01   1171.76      1.00
   beta_1[255]      0.01      0.00      0.01      0.00      0.01   1253.66      1.00
   beta_1[256]      0.01      0.00      0.01      0.00      0.01    286.31      1.00
   beta_1[257]      0.00      0.00      0.00      0.00      0.01   1020.40      1.00
   beta_1[258]      0.00      0.00      0.00      0.00      0.01   1079.98      1.00
   beta_1[259]      0.00      0.00      0.00      0.00      0.01    584.68      1.00
   beta_1[260]      0.00      0.00      0.00      0.00      0.01   1428.69      1.00
   beta_1[261]      0.00      0.00      0.00      0.00      0.01   1253.41      1.00
   beta_1[262]      0.00      0.00      0.00      0.00      0.01   1531.47      1.00
   beta_1[263]      0.01      0.00      0.01      0.00      0.01   1408.71      1.00
   beta_1[264]      0.01      0.00      0.01      0.00      0.01   1390.54      1.00
   beta_1[265]      0.00      0.00      0.00      0.00      0.01   1320.61      1.00
   beta_1[266]      0.00      0.00      0.00      0.00      0.01   1233.70      1.00
   beta_1[267]      0.00      0.00      0.00      0.00      0.01   1480.13      1.00
   beta_1[268]      0.00      0.00      0.00      0.00      0.01   1118.95      1.00
   beta_1[269]      0.00      0.00      0.00      0.00      0.01    609.67      1.00
   beta_1[270]      0.01      0.00      0.01      0.00      0.01   1340.85      1.00
   beta_1[271]      0.01      0.00      0.01      0.01      0.01   1226.37      1.00
   beta_1[272]      0.01      0.00      0.01      0.00      0.01   1200.50      1.01
   beta_1[273]      0.01      0.00      0.01      0.00      0.01    461.65      1.00
   beta_1[274]      0.00      0.00      0.00      0.00      0.01    750.57      1.01
   beta_1[275]      0.00      0.00      0.00      0.00      0.01   1275.68      1.00
   beta_1[276]      0.00      0.00      0.00      0.00      0.00   1444.65      1.00
   beta_1[277]      0.00      0.00      0.00      0.00      0.00   1480.59      1.00
   beta_1[278]      0.00      0.00      0.00      0.00      0.00   1196.82      1.00
   beta_1[279]      0.00      0.00      0.00      0.00      0.00   1520.93      1.00
   beta_1[280]      0.00      0.00      0.00      0.00      0.00   1535.77      1.00
   beta_1[281]      0.00      0.00      0.00      0.00      0.00   1431.96      1.00
   beta_1[282]      0.00      0.00      0.00     -0.00      0.00   1507.04      1.00
   beta_1[283]      0.00      0.00      0.00     -0.00      0.00    589.61      1.00
   beta_1[284]      0.00      0.00      0.00     -0.00      0.00   1035.43      1.00
   beta_1[285]      0.00      0.00      0.00     -0.00      0.00   1423.35      1.00
   beta_1[286]      0.00      0.00      0.00     -0.00      0.00    599.91      1.00
   beta_1[287]      0.00      0.00      0.00     -0.00      0.00   1473.21      1.00
   beta_1[288]      0.00      0.00      0.00     -0.00      0.00   1610.51      1.00
   beta_1[289]      0.00      0.00      0.00     -0.00      0.00   1273.51      1.00
   beta_1[290]      0.00      0.00      0.00     -0.00      0.00   1112.38      1.00
   beta_1[291]      0.00      0.00      0.00     -0.00      0.00    525.65      1.00
   beta_1[292]      0.00      0.00      0.00     -0.00      0.00    321.47      1.00
   beta_1[293]      0.00      0.00      0.00     -0.00      0.00    420.51      1.00
   beta_1[294]      0.00      0.00      0.00     -0.00      0.00   1028.34      1.00
   beta_1[295]      0.00      0.00      0.00     -0.00      0.00    555.94      1.00
   beta_1[296]      0.00      0.00      0.00     -0.00      0.00   1134.43      1.00
   beta_1[297]      0.00      0.00      0.00     -0.00      0.00    370.00      1.00
   beta_1[298]      0.00      0.00      0.00     -0.00      0.00    387.28      1.00
   beta_1[299]      0.00      0.00      0.00     -0.00      0.00    790.26      1.00
   beta_1[300]      0.00      0.00      0.00      0.00      0.00   1230.34      1.00
   beta_1[301]      0.00      0.00      0.00      0.00      0.00   1336.75      1.00
   beta_1[302]      0.00      0.00      0.00      0.00      0.01   1571.59      1.00
  transform[0]      0.01      0.96     -0.02     -1.53      1.63    757.48      1.00

Number of divergences: 481
