                     date locationtest  value abbreviation location  population
location_name                                                                  
Maryland       2020-01-24           24      0           MD       24   6045680.0
Maryland       2020-01-25           24      0           MD       24   6045680.0
Maryland       2020-01-26           24      0           MD       24   6045680.0
Maryland       2020-01-27           24      0           MD       24   6045680.0
Maryland       2020-01-28           24      0           MD       24   6045680.0
...                   ...          ...    ...          ...      ...         ...
Maryland       2021-01-07           24   2970           MD       24   6045680.0
Maryland       2021-01-08           24   3732           MD       24   6045680.0
Maryland       2021-01-09           24   3758           MD       24   6045680.0
Maryland       2021-01-10           24   3310           MD       24   6045680.0
Maryland       2021-01-11           24   3012           MD       24   6045680.0

[354 rows x 6 columns]

                    mean       std    median      5.0%     95.0%     n_eff     r_hat
 a_raw_init[0]      0.00      0.00      0.00      0.00      0.00   1877.33      1.00
 a_raw_init[1]      0.00      0.00      0.00      0.00      0.00   1503.94      1.00
 a_raw_init[2]      0.00      0.00      0.00      0.00      0.00   2027.87      1.00
 a_raw_init[3]      0.26      0.00      0.26      0.26      0.27   1165.77      1.00
 a_raw_init[4]      0.33      0.00      0.33      0.32      0.33    885.87      1.00
 a_raw_init[5]      0.39      0.00      0.39      0.38      0.39    899.69      1.00
 a_raw_init[6]      0.16      0.00      0.16      0.16      0.17    837.69      1.00
 a_raw_init[7]      0.05      0.00      0.05      0.04      0.06    904.61      1.00
 a_raw_init[8]      0.37      0.00      0.37      0.36      0.38    820.14      1.00
 a_raw_init[9]      0.21      0.00      0.21      0.20      0.22    708.75      1.00
a_raw_init[10]      0.19      0.01      0.19      0.19      0.20    553.83      1.00
a_raw_init[11]      0.18      0.01      0.18      0.17      0.19    495.82      1.00
a_raw_init[12]      0.19      0.01      0.19      0.18      0.20    573.24      1.00
a_raw_init[13]      0.23      0.01      0.23      0.22      0.24    687.22      1.00
a_raw_init[14]      0.53      0.01      0.53      0.52      0.54    797.10      1.00
a_raw_init[15]      0.91      0.01      0.91      0.90      0.92    928.22      1.00
a_raw_init[16]      0.95      0.01      0.95      0.93      0.96    903.23      1.00
     beta_1[0]      0.00      0.00      0.00     -0.00      0.00   1232.57      1.00
     beta_1[1]      0.00      0.00      0.00     -0.00      0.00    680.94      1.00
     beta_1[2]      0.00      0.00      0.00     -0.00      0.00    431.17      1.00
     beta_1[3]      0.00      0.00      0.00     -0.00      0.00    378.21      1.01
     beta_1[4]      0.00      0.00      0.00     -0.00      0.01    257.36      1.01
     beta_1[5]      0.00      0.00      0.00     -0.00      0.01    209.99      1.02
     beta_1[6]      0.00      0.00      0.00     -0.00      0.01    195.83      1.02
     beta_1[7]      0.00      0.00      0.00     -0.00      0.01    180.96      1.02
     beta_1[8]      0.00      0.00      0.00     -0.00      0.01    165.52      1.02
     beta_1[9]      0.00      0.00      0.00     -0.00      0.01    153.90      1.02
    beta_1[10]      0.00      0.00      0.00      0.00      0.01    143.56      1.02
    beta_1[11]      0.01      0.00      0.01      0.00      0.01    140.63      1.03
    beta_1[12]      0.01      0.00      0.01      0.00      0.01    136.65      1.03
    beta_1[13]      0.01      0.00      0.01      0.00      0.01    126.15      1.03
    beta_1[14]      0.01      0.00      0.01      0.00      0.01    117.06      1.03
    beta_1[15]      0.01      0.00      0.01      0.00      0.01    113.85      1.03
    beta_1[16]      0.01      0.00      0.01      0.00      0.01    104.71      1.03
    beta_1[17]      0.01      0.00      0.01      0.00      0.01    102.54      1.03
    beta_1[18]      0.01      0.00      0.01      0.00      0.02    103.19      1.03
    beta_1[19]      0.01      0.00      0.01      0.00      0.01    102.59      1.03
    beta_1[20]      0.01      0.00      0.01      0.00      0.02    101.25      1.03
    beta_1[21]      0.01      0.00      0.01      0.00      0.02     98.13      1.04
    beta_1[22]      0.01      0.00      0.01      0.00      0.02     97.55      1.04
    beta_1[23]      0.01      0.00      0.01      0.00      0.02     99.10      1.03
    beta_1[24]      0.01      0.00      0.01      0.00      0.02     93.62      1.04
    beta_1[25]      0.01      0.00      0.01      0.00      0.02     87.10      1.04
    beta_1[26]      0.01      0.00      0.01      0.01      0.02     88.97      1.03
    beta_1[27]      0.01      0.00      0.01      0.01      0.02     89.44      1.03
    beta_1[28]      0.01      0.00      0.01      0.01      0.02     91.30      1.03
    beta_1[29]      0.01      0.00      0.01      0.01      0.02     91.19      1.03
    beta_1[30]      0.01      0.00      0.01      0.01      0.02     90.84      1.03
    beta_1[31]      0.01      0.00      0.01      0.01      0.02     89.97      1.03
    beta_1[32]      0.01      0.00      0.01      0.01      0.02     90.95      1.03
    beta_1[33]      0.02      0.00      0.01      0.01      0.02     88.99      1.03
    beta_1[34]      0.02      0.00      0.02      0.01      0.02     88.94      1.03
    beta_1[35]      0.02      0.00      0.02      0.01      0.02     87.21      1.03
    beta_1[36]      0.02      0.00      0.02      0.01      0.02     85.09      1.03
    beta_1[37]      0.02      0.00      0.02      0.01      0.03     83.58      1.03
    beta_1[38]      0.02      0.00      0.02      0.01      0.02     81.39      1.03
    beta_1[39]      0.02      0.00      0.02      0.01      0.03     81.74      1.03
    beta_1[40]      0.02      0.00      0.02      0.01      0.03     80.99      1.03
    beta_1[41]      0.02      0.00      0.02      0.01      0.03     80.24      1.03
    beta_1[42]      0.02      0.01      0.02      0.01      0.03     77.69      1.03
    beta_1[43]      0.02      0.01      0.02      0.01      0.03     77.01      1.03
    beta_1[44]      0.02      0.01      0.02      0.01      0.03     77.45      1.03
    beta_1[45]      0.02      0.01      0.02      0.01      0.03     76.38      1.04
    beta_1[46]      0.02      0.01      0.02      0.01      0.03     75.46      1.04
    beta_1[47]      0.02      0.01      0.02      0.01      0.03     75.35      1.04
    beta_1[48]      0.02      0.01      0.02      0.01      0.03     75.68      1.04
    beta_1[49]      0.02      0.01      0.02      0.01      0.03     75.40      1.04
    beta_1[50]      0.02      0.01      0.02      0.01      0.03     74.56      1.04
    beta_1[51]      0.02      0.01      0.02      0.01      0.03     74.84      1.04
    beta_1[52]      0.02      0.01      0.02      0.02      0.03     74.79      1.03
    beta_1[53]      0.02      0.01      0.02      0.02      0.03     75.56      1.03
    beta_1[54]      0.02      0.01      0.02      0.02      0.03     76.21      1.03
    beta_1[55]      0.03      0.01      0.03      0.02      0.03     74.76      1.03
    beta_1[56]      0.03      0.01      0.03      0.02      0.03     73.59      1.03
    beta_1[57]      0.03      0.00      0.03      0.02      0.03     72.01      1.03
    beta_1[58]      0.03      0.00      0.03      0.02      0.03     74.91      1.03
    beta_1[59]      0.03      0.00      0.03      0.02      0.03     71.93      1.03
    beta_1[60]      0.03      0.00      0.03      0.02      0.04     73.60      1.03
    beta_1[61]      0.03      0.00      0.03      0.02      0.04     71.72      1.03
    beta_1[62]      0.03      0.00      0.03      0.02      0.04     71.52      1.03
    beta_1[63]      0.03      0.00      0.03      0.02      0.04     71.79      1.03
    beta_1[64]      0.03      0.00      0.03      0.02      0.04     73.94      1.03
    beta_1[65]      0.03      0.00      0.03      0.02      0.04     74.25      1.03
    beta_1[66]      0.03      0.00      0.03      0.02      0.04     75.98      1.03
    beta_1[67]      0.03      0.00      0.03      0.02      0.04     77.64      1.03
    beta_1[68]      0.03      0.00      0.03      0.02      0.04     78.06      1.03
    beta_1[69]      0.03      0.00      0.03      0.02      0.04     81.04      1.03
    beta_1[70]      0.03      0.00      0.03      0.03      0.04     87.10      1.03
    beta_1[71]      0.03      0.00      0.03      0.03      0.04     89.82      1.03
    beta_1[72]      0.03      0.00      0.03      0.03      0.04     96.65      1.02
    beta_1[73]      0.03      0.00      0.03      0.03      0.04    105.74      1.02
    beta_1[74]      0.03      0.00      0.03      0.03      0.04    114.60      1.02
    beta_1[75]      0.03      0.00      0.03      0.03      0.04    121.46      1.02
    beta_1[76]      0.04      0.00      0.04      0.03      0.04    123.64      1.02
    beta_1[77]      0.04      0.00      0.04      0.03      0.04    127.00      1.01
    beta_1[78]      0.04      0.00      0.04      0.03      0.04    131.14      1.01
    beta_1[79]      0.04      0.00      0.04      0.03      0.04    138.31      1.01
    beta_1[80]      0.04      0.00      0.04      0.03      0.04    145.90      1.01
    beta_1[81]      0.04      0.00      0.04      0.03      0.04    146.54      1.01
    beta_1[82]      0.04      0.00      0.04      0.03      0.04    153.44      1.01
    beta_1[83]      0.04      0.00      0.04      0.03      0.04    157.38      1.01
    beta_1[84]      0.04      0.00      0.04      0.03      0.04    165.79      1.01
    beta_1[85]      0.04      0.00      0.04      0.03      0.04    167.00      1.01
    beta_1[86]      0.04      0.00      0.04      0.03      0.04    171.30      1.00
    beta_1[87]      0.04      0.00      0.04      0.03      0.04    177.60      1.00
    beta_1[88]      0.04      0.00      0.04      0.03      0.04    188.44      1.00
    beta_1[89]      0.04      0.00      0.04      0.03      0.04    191.38      1.00
    beta_1[90]      0.04      0.00      0.04      0.03      0.04    191.26      1.00
    beta_1[91]      0.04      0.00      0.04      0.03      0.04    202.45      1.00
    beta_1[92]      0.04      0.00      0.04      0.03      0.04    210.55      1.00
    beta_1[93]      0.04      0.00      0.04      0.03      0.04    221.92      1.00
    beta_1[94]      0.04      0.00      0.04      0.03      0.04    235.61      1.00
    beta_1[95]      0.04      0.00      0.04      0.03      0.04    255.71      1.00
    beta_1[96]      0.04      0.00      0.04      0.03      0.04    275.58      1.00
    beta_1[97]      0.04      0.00      0.04      0.03      0.04    303.96      1.00
    beta_1[98]      0.03      0.00      0.04      0.03      0.04    318.83      1.00
    beta_1[99]      0.03      0.00      0.03      0.03      0.04    342.21      1.00
   beta_1[100]      0.03      0.00      0.03      0.03      0.04    353.28      1.00
   beta_1[101]      0.03      0.00      0.03      0.03      0.04    357.97      1.00
   beta_1[102]      0.03      0.00      0.03      0.03      0.04    370.04      1.00
   beta_1[103]      0.03      0.00      0.03      0.03      0.03    384.33      1.00
   beta_1[104]      0.03      0.00      0.03      0.03      0.03    424.79      1.00
   beta_1[105]      0.03      0.00      0.03      0.03      0.03    445.75      1.00
   beta_1[106]      0.03      0.00      0.03      0.02      0.03    482.55      1.00
   beta_1[107]      0.03      0.00      0.03      0.02      0.03    528.36      1.00
   beta_1[108]      0.03      0.00      0.03      0.02      0.03    573.60      1.00
   beta_1[109]      0.03      0.00      0.03      0.02      0.03    604.70      1.00
   beta_1[110]      0.02      0.00      0.02      0.02      0.03    613.00      1.00
   beta_1[111]      0.02      0.00      0.02      0.02      0.03    635.26      1.00
   beta_1[112]      0.02      0.00      0.02      0.02      0.03    674.17      1.00
   beta_1[113]      0.02      0.00      0.02      0.02      0.02    692.37      1.00
   beta_1[114]      0.02      0.00      0.02      0.02      0.02    669.07      1.00
   beta_1[115]      0.02      0.00      0.02      0.02      0.02    707.92      1.00
   beta_1[116]      0.02      0.00      0.02      0.02      0.02    682.43      1.00
   beta_1[117]      0.02      0.00      0.02      0.02      0.02    710.40      1.00
   beta_1[118]      0.02      0.00      0.02      0.01      0.02    707.24      1.00
   beta_1[119]      0.02      0.00      0.02      0.01      0.02    697.67      1.00
   beta_1[120]      0.02      0.00      0.02      0.01      0.02    707.17      1.00
   beta_1[121]      0.02      0.00      0.02      0.01      0.02    828.16      1.00
   beta_1[122]      0.01      0.00      0.01      0.01      0.02    939.63      1.00
   beta_1[123]      0.01      0.00      0.01      0.01      0.02    957.33      1.00
   beta_1[124]      0.01      0.00      0.01      0.01      0.02    926.70      1.00
   beta_1[125]      0.01      0.00      0.01      0.01      0.02    938.23      1.00
   beta_1[126]      0.01      0.00      0.01      0.01      0.02   1045.06      1.00
   beta_1[127]      0.01      0.00      0.01      0.01      0.02   1185.81      1.00
   beta_1[128]      0.01      0.00      0.01      0.01      0.01   1237.06      1.00
   beta_1[129]      0.01      0.00      0.01      0.01      0.01   1336.03      1.00
   beta_1[130]      0.01      0.00      0.01      0.01      0.01   1232.76      1.00
   beta_1[131]      0.01      0.00      0.01      0.01      0.01   1291.06      1.00
   beta_1[132]      0.01      0.00      0.01      0.01      0.01   1197.16      1.00
   beta_1[133]      0.01      0.00      0.01      0.01      0.01   1218.26      1.00
   beta_1[134]      0.01      0.00      0.01      0.01      0.01   1231.29      1.00
   beta_1[135]      0.01      0.00      0.01      0.01      0.01   1197.61      1.00
   beta_1[136]      0.01      0.00      0.01      0.01      0.01   1090.53      1.00
   beta_1[137]      0.01      0.00      0.01      0.01      0.01   1083.66      1.00
   beta_1[138]      0.01      0.00      0.01      0.01      0.01   1232.17      1.00
   beta_1[139]      0.01      0.00      0.01      0.00      0.01   1320.87      1.00
   beta_1[140]      0.01      0.00      0.01      0.00      0.01   1319.70      1.00
   beta_1[141]      0.01      0.00      0.01      0.00      0.01   1426.08      1.00
   beta_1[142]      0.01      0.00      0.01      0.00      0.01   1452.37      1.00
   beta_1[143]      0.01      0.00      0.01      0.00      0.01   1398.51      1.00
   beta_1[144]      0.01      0.00      0.01      0.00      0.01   1360.10      1.00
   beta_1[145]      0.01      0.00      0.01      0.00      0.01   1363.40      1.00
   beta_1[146]      0.01      0.00      0.01      0.00      0.01   1407.07      1.00
   beta_1[147]      0.00      0.00      0.00      0.00      0.01   1378.67      1.00
   beta_1[148]      0.00      0.00      0.00      0.00      0.01   1445.37      1.00
   beta_1[149]      0.00      0.00      0.00      0.00      0.01   1597.38      1.00
   beta_1[150]      0.00      0.00      0.00      0.00      0.01   1602.23      1.00
   beta_1[151]      0.00      0.00      0.00      0.00      0.01   1530.65      1.00
   beta_1[152]      0.00      0.00      0.00      0.00      0.01   1568.67      1.00
   beta_1[153]      0.00      0.00      0.00      0.00      0.01   1626.17      1.00
   beta_1[154]      0.00      0.00      0.00      0.00      0.01   1530.88      1.00
   beta_1[155]      0.00      0.00      0.00      0.00      0.01   1566.04      1.00
   beta_1[156]      0.00      0.00      0.00      0.00      0.01   1408.30      1.00
   beta_1[157]      0.00      0.00      0.00      0.00      0.01   1653.74      1.00
   beta_1[158]      0.00      0.00      0.00      0.00      0.01   1662.41      1.00
   beta_1[159]      0.00      0.00      0.00      0.00      0.01   1726.63      1.00
   beta_1[160]      0.00      0.00      0.00      0.00      0.01   1593.82      1.00
   beta_1[161]      0.00      0.00      0.00      0.00      0.01   1669.99      1.00
   beta_1[162]      0.00      0.00      0.00      0.00      0.01   1630.36      1.00
   beta_1[163]      0.00      0.00      0.00      0.00      0.00   1648.23      1.00
   beta_1[164]      0.00      0.00      0.00     -0.00      0.00   1650.55      1.00
   beta_1[165]      0.00      0.00      0.00      0.00      0.00   1568.06      1.00
   beta_1[166]      0.00      0.00      0.00      0.00      0.00   1539.70      1.00
   beta_1[167]      0.00      0.00      0.00      0.00      0.00   1603.71      1.00
   beta_1[168]      0.00      0.00      0.00     -0.00      0.00   1483.07      1.00
   beta_1[169]      0.00      0.00      0.00      0.00      0.00   1496.32      1.00
   beta_1[170]      0.00      0.00      0.00      0.00      0.00   1370.23      1.00
   beta_1[171]      0.00      0.00      0.00     -0.00      0.00   1319.33      1.00
   beta_1[172]      0.00      0.00      0.00     -0.00      0.00   1523.75      1.00
   beta_1[173]      0.00      0.00      0.00     -0.00      0.00   1535.15      1.00
   beta_1[174]      0.00      0.00      0.00     -0.00      0.00   1675.37      1.00
   beta_1[175]      0.00      0.00      0.00     -0.00      0.00   1845.73      1.00
   beta_1[176]      0.00      0.00      0.00     -0.00      0.00   1718.51      1.00
   beta_1[177]      0.00      0.00      0.00     -0.00      0.00   1643.50      1.00
   beta_1[178]      0.00      0.00      0.00     -0.00      0.00   1628.96      1.00
   beta_1[179]      0.00      0.00      0.00     -0.00      0.00   1524.93      1.00
   beta_1[180]      0.00      0.00      0.00     -0.00      0.00   1513.04      1.00
   beta_1[181]      0.00      0.00      0.00     -0.00      0.00   1521.48      1.00
   beta_1[182]      0.00      0.00      0.00     -0.00      0.00   1579.98      1.00
   beta_1[183]      0.00      0.00      0.00     -0.00      0.00   1702.82      1.00
   beta_1[184]      0.00      0.00      0.00     -0.00      0.00   1810.33      1.00
   beta_1[185]      0.00      0.00      0.00     -0.00      0.00   2021.28      1.00
   beta_1[186]      0.00      0.00      0.00     -0.00      0.00   1924.31      1.00
   beta_1[187]      0.00      0.00      0.00     -0.00      0.00   1956.13      1.00
   beta_1[188]      0.00      0.00      0.00     -0.00      0.00   2005.05      1.00
   beta_1[189]      0.00      0.00      0.00     -0.00      0.00   1820.55      1.00
   beta_1[190]      0.00      0.00      0.00     -0.00      0.00   1843.94      1.00
   beta_1[191]      0.00      0.00      0.00     -0.00      0.00   2192.23      1.00
   beta_1[192]      0.00      0.00      0.00     -0.00      0.00   2171.81      1.00
   beta_1[193]      0.00      0.00      0.00     -0.00      0.00   2134.59      1.00
   beta_1[194]      0.00      0.00      0.00     -0.00      0.00   2047.07      1.00
   beta_1[195]      0.00      0.00      0.00     -0.00      0.00   2157.32      1.00
   beta_1[196]      0.00      0.00      0.00     -0.00      0.00   2282.88      1.00
   beta_1[197]      0.00      0.00      0.00     -0.00      0.00   2154.99      1.00
   beta_1[198]      0.00      0.00      0.00     -0.00      0.00   2137.77      1.00
   beta_1[199]      0.00      0.00      0.00     -0.00      0.00   2204.38      1.00
   beta_1[200]      0.00      0.00      0.00     -0.00      0.00   2135.08      1.00
   beta_1[201]      0.00      0.00      0.00     -0.00      0.00   1999.76      1.00
   beta_1[202]      0.00      0.00      0.00     -0.00      0.00   2263.21      1.00
   beta_1[203]      0.00      0.00      0.00     -0.00      0.00   2011.95      1.00
   beta_1[204]      0.00      0.00      0.00     -0.00      0.00   2027.86      1.00
   beta_1[205]      0.00      0.00      0.00     -0.00      0.00   1701.27      1.01
   beta_1[206]      0.00      0.00      0.00     -0.00      0.00   1859.70      1.00
   beta_1[207]      0.00      0.00      0.00     -0.00      0.00   2055.27      1.00
   beta_1[208]      0.00      0.00      0.00     -0.00      0.00   1923.10      1.00
   beta_1[209]      0.00      0.00      0.00     -0.00      0.00   1889.47      1.00
   beta_1[210]      0.00      0.00      0.00     -0.00      0.00   2031.21      1.00
   beta_1[211]      0.00      0.00      0.00     -0.00      0.00   1720.09      1.00
   beta_1[212]      0.00      0.00      0.00     -0.00      0.00   2195.57      1.00
   beta_1[213]      0.00      0.00      0.00     -0.00      0.00   2308.97      1.00
   beta_1[214]      0.00      0.00      0.00     -0.00      0.00   2455.80      1.00
   beta_1[215]      0.00      0.00      0.00     -0.00      0.00   2409.86      1.00
   beta_1[216]      0.00      0.00      0.00     -0.00      0.00   2044.21      1.00
   beta_1[217]      0.00      0.00      0.00     -0.00      0.00   2405.09      1.00
   beta_1[218]      0.00      0.00      0.00     -0.00      0.00   2522.91      1.00
   beta_1[219]      0.00      0.00      0.00     -0.00      0.00   2030.15      1.00
   beta_1[220]      0.00      0.00      0.00     -0.00      0.00   2230.03      1.00
   beta_1[221]      0.00      0.00      0.00     -0.00      0.00   2031.38      1.00
   beta_1[222]      0.00      0.00      0.00     -0.00      0.00   2062.42      1.00
   beta_1[223]      0.00      0.00      0.00     -0.00      0.00   2086.19      1.00
   beta_1[224]      0.00      0.00      0.00     -0.00      0.00   2153.93      1.00
   beta_1[225]      0.00      0.00      0.00     -0.00      0.00   1849.32      1.00
   beta_1[226]      0.00      0.00      0.00     -0.00      0.00   2169.02      1.00
   beta_1[227]      0.00      0.00      0.00     -0.00      0.00   2207.98      1.00
   beta_1[228]      0.00      0.00      0.00     -0.00      0.00   2218.91      1.00
   beta_1[229]      0.00      0.00      0.00     -0.00      0.00   2292.80      1.00
   beta_1[230]      0.00      0.00      0.00     -0.00      0.00   2546.37      1.00
   beta_1[231]      0.00      0.00      0.00     -0.00      0.00   2351.18      1.00
   beta_1[232]      0.00      0.00      0.00     -0.00      0.00   2313.15      1.00
   beta_1[233]      0.00      0.00      0.00     -0.00      0.00   2059.27      1.00
   beta_1[234]      0.00      0.00      0.00     -0.00      0.00   2219.02      1.00
   beta_1[235]      0.00      0.00      0.00     -0.00      0.00   2068.87      1.00
   beta_1[236]      0.00      0.00      0.00     -0.00      0.00   2331.27      1.00
   beta_1[237]      0.00      0.00      0.00     -0.00      0.00   2224.00      1.00
   beta_1[238]      0.00      0.00      0.00     -0.00      0.00   2459.78      1.00
   beta_1[239]      0.00      0.00      0.00     -0.00      0.00   2560.92      1.00
   beta_1[240]      0.00      0.00      0.00     -0.00      0.00   2489.63      1.00
   beta_1[241]      0.00      0.00      0.00     -0.00      0.00   2017.45      1.00
   beta_1[242]      0.00      0.00      0.00     -0.00      0.00   2120.03      1.00
   beta_1[243]      0.00      0.00      0.00     -0.00      0.00   2234.66      1.00
   beta_1[244]      0.00      0.00      0.00     -0.00      0.00   2014.00      1.00
   beta_1[245]      0.00      0.00      0.00     -0.00      0.00   2013.36      1.00
   beta_1[246]      0.00      0.00      0.00     -0.00      0.00   1866.21      1.00
   beta_1[247]      0.00      0.00      0.00     -0.00      0.00   2251.61      1.00
   beta_1[248]      0.00      0.00      0.00     -0.00      0.00   2365.92      1.00
   beta_1[249]      0.00      0.00      0.00     -0.00      0.00   2139.06      1.00
   beta_1[250]      0.00      0.00      0.00     -0.00      0.00   2276.47      1.00
   beta_1[251]      0.00      0.00      0.00     -0.00      0.00   2399.61      1.00
   beta_1[252]      0.00      0.00      0.00     -0.00      0.00   2375.94      1.00
   beta_1[253]      0.00      0.00      0.00     -0.00      0.00   2160.31      1.00
   beta_1[254]      0.00      0.00      0.00     -0.00      0.00   2173.53      1.00
   beta_1[255]      0.00      0.00      0.00     -0.00      0.00   2537.12      1.00
   beta_1[256]      0.00      0.00      0.00     -0.00      0.00   1859.73      1.00
   beta_1[257]      0.00      0.00      0.00     -0.00      0.00   2298.53      1.00
   beta_1[258]      0.00      0.00      0.00     -0.00      0.00   2350.53      1.00
   beta_1[259]      0.00      0.00      0.00     -0.00      0.00   2091.25      1.00
   beta_1[260]      0.00      0.00      0.00     -0.00      0.00   1996.37      1.00
   beta_1[261]      0.00      0.00      0.00     -0.00      0.00   2206.20      1.00
   beta_1[262]      0.00      0.00      0.00     -0.00      0.00   2549.37      1.00
   beta_1[263]      0.00      0.00      0.00     -0.00      0.00   2069.05      1.00
   beta_1[264]      0.00      0.00      0.00     -0.00      0.00   2479.53      1.00
   beta_1[265]      0.00      0.00      0.00     -0.00      0.00   2395.99      1.00
   beta_1[266]      0.00      0.00      0.00     -0.00      0.00   2472.51      1.00
   beta_1[267]      0.00      0.00      0.00     -0.00      0.00   2144.35      1.00
   beta_1[268]      0.00      0.00      0.00     -0.00      0.00   2342.79      1.00
   beta_1[269]      0.00      0.00      0.00     -0.00      0.00   2564.68      1.00
   beta_1[270]      0.00      0.00      0.00     -0.00      0.00   2319.95      1.00
   beta_1[271]      0.00      0.00      0.00     -0.00      0.00   2133.17      1.00
   beta_1[272]      0.00      0.00      0.00     -0.00      0.00   2037.35      1.00
   beta_1[273]      0.00      0.00      0.00     -0.00      0.00   2116.26      1.00
   beta_1[274]      0.00      0.00      0.00     -0.00      0.00   1813.00      1.00
   beta_1[275]      0.00      0.00      0.00     -0.00      0.00   2323.13      1.00
   beta_1[276]      0.00      0.00      0.00     -0.00      0.00   2098.49      1.00
   beta_1[277]      0.00      0.00      0.00     -0.00      0.00   2480.15      1.00
   beta_1[278]      0.00      0.00      0.00     -0.00      0.00   2554.50      1.00
   beta_1[279]      0.00      0.00      0.00     -0.00      0.00   2563.78      1.00
   beta_1[280]      0.00      0.00      0.00     -0.00      0.00   2220.75      1.00
   beta_1[281]      0.00      0.00      0.00     -0.00      0.00   2050.71      1.00
   beta_1[282]      0.00      0.00      0.00     -0.00      0.00   2557.81      1.00
   beta_1[283]      0.00      0.00      0.00     -0.00      0.00   2473.34      1.00
   beta_1[284]      0.00      0.00      0.00     -0.00      0.00   2276.52      1.00
   beta_1[285]      0.00      0.00      0.00     -0.00      0.00   2300.03      1.00
   beta_1[286]      0.00      0.00      0.00     -0.00      0.00   2411.76      1.00
   beta_1[287]      0.00      0.00      0.00     -0.00      0.00   2505.12      1.00
   beta_1[288]      0.00      0.00      0.00     -0.00      0.00   2416.64      1.00
   beta_1[289]      0.00      0.00      0.00     -0.00      0.00   2534.98      1.00
   beta_1[290]      0.00      0.00      0.00     -0.00      0.00   2349.82      1.00
   beta_1[291]      0.00      0.00      0.00     -0.00      0.00   2250.80      1.00
   beta_1[292]      0.00      0.00      0.00     -0.00      0.00   2216.26      1.00
   beta_1[293]      0.00      0.00      0.00     -0.00      0.00   2279.22      1.00
   beta_1[294]      0.00      0.00      0.00     -0.00      0.00   2379.73      1.00
   beta_1[295]      0.00      0.00      0.00      0.00      0.00   2406.30      1.00
   beta_1[296]      0.00      0.00      0.00     -0.00      0.00   2236.97      1.00
   beta_1[297]      0.00      0.00      0.00     -0.00      0.00   2613.02      1.00
   beta_1[298]      0.00      0.00      0.00      0.00      0.00   2306.08      1.00
   beta_1[299]      0.00      0.00      0.00      0.00      0.00   2191.43      1.00
   beta_1[300]      0.00      0.00      0.00      0.00      0.00   2324.25      1.00
   beta_1[301]      0.00      0.00      0.00      0.00      0.00   2612.10      1.00
   beta_1[302]      0.00      0.00      0.00      0.00      0.00   2667.73      1.00
  transform[0]     -0.03      1.02     -0.05     -1.60      1.76   1082.71      1.00

Number of divergences: 223
