                     date locationtest  value abbreviation location  population
location_name                                                                  
South Dakota   2020-01-24           46      0           SD       46    884659.0
South Dakota   2020-01-25           46      0           SD       46    884659.0
South Dakota   2020-01-26           46      0           SD       46    884659.0
South Dakota   2020-01-27           46      0           SD       46    884659.0
South Dakota   2020-01-28           46      0           SD       46    884659.0
...                   ...          ...    ...          ...      ...         ...
South Dakota   2021-01-07           46    448           SD       46    884659.0
South Dakota   2021-01-08           46    448           SD       46    884659.0
South Dakota   2021-01-09           46    321           SD       46    884659.0
South Dakota   2021-01-10           46    417           SD       46    884659.0
South Dakota   2021-01-11           46    181           SD       46    884659.0

[354 rows x 6 columns]

                    mean       std    median      5.0%     95.0%     n_eff     r_hat
 a_raw_init[0]      0.00      0.00      0.00      0.00      0.00   2006.01      1.00
 a_raw_init[1]      0.00      0.00      0.00      0.00      0.00   2025.01      1.00
 a_raw_init[2]      0.00      0.00      0.00      0.00      0.00   2015.84      1.00
 a_raw_init[3]      0.05      0.00      0.05      0.04      0.06   1820.81      1.00
 a_raw_init[4]      0.05      0.00      0.05      0.04      0.05   1596.00      1.00
 a_raw_init[5]      0.04      0.01      0.04      0.03      0.04   1738.59      1.00
 a_raw_init[6]      0.03      0.01      0.03      0.02      0.04   1838.30      1.00
 a_raw_init[7]      0.02      0.01      0.02      0.01      0.03   1575.75      1.00
 a_raw_init[8]      0.04      0.01      0.04      0.03      0.05   1741.80      1.00
 a_raw_init[9]      0.02      0.01      0.02      0.02      0.03   1680.11      1.00
a_raw_init[10]      0.15      0.01      0.15      0.14      0.16   1500.79      1.00
a_raw_init[11]      0.12      0.01      0.12      0.11      0.13   1434.10      1.00
a_raw_init[12]      0.29      0.01      0.29      0.28      0.30   1485.24      1.00
a_raw_init[13]      0.50      0.01      0.50      0.49      0.52   1611.11      1.00
a_raw_init[14]      0.78      0.01      0.78      0.77      0.79   1735.77      1.00
a_raw_init[15]      0.57      0.01      0.57      0.56      0.58   1967.11      1.00
a_raw_init[16]      0.55      0.01      0.55      0.54      0.56   1575.84      1.00
     beta_1[0]      0.00      0.00      0.00     -0.00      0.00   1520.46      1.00
     beta_1[1]      0.00      0.00      0.00     -0.00      0.00   1396.55      1.00
     beta_1[2]      0.00      0.00      0.00     -0.00      0.00   1292.53      1.00
     beta_1[3]      0.00      0.00      0.00     -0.00      0.00   1048.20      1.00
     beta_1[4]      0.00      0.00      0.00     -0.00      0.00    892.29      1.00
     beta_1[5]      0.00      0.00      0.00     -0.00      0.00    696.40      1.00
     beta_1[6]      0.00      0.00      0.00     -0.00      0.00    631.80      1.00
     beta_1[7]      0.00      0.00      0.00     -0.00      0.01    588.58      1.00
     beta_1[8]      0.00      0.00      0.00     -0.00      0.01    528.31      1.00
     beta_1[9]      0.00      0.00      0.00     -0.00      0.01    506.23      1.00
    beta_1[10]      0.00      0.00      0.00     -0.00      0.01    484.31      1.00
    beta_1[11]      0.00      0.00      0.00     -0.00      0.01    469.82      1.00
    beta_1[12]      0.00      0.00      0.00     -0.00      0.01    378.75      1.00
    beta_1[13]      0.00      0.00      0.00     -0.00      0.01    360.99      1.00
    beta_1[14]      0.00      0.00      0.00     -0.00      0.01    327.04      1.00
    beta_1[15]      0.00      0.00      0.00     -0.00      0.01    308.67      1.00
    beta_1[16]      0.00      0.00      0.00     -0.00      0.01    295.81      1.00
    beta_1[17]      0.00      0.00      0.00     -0.01      0.01    280.82      1.00
    beta_1[18]      0.00      0.00      0.00     -0.01      0.01    281.24      1.00
    beta_1[19]      0.00      0.00      0.00     -0.01      0.01    267.82      1.00
    beta_1[20]      0.00      0.00      0.00     -0.01      0.01    272.29      1.00
    beta_1[21]      0.00      0.00      0.00     -0.01      0.01    266.20      1.00
    beta_1[22]      0.00      0.00      0.00     -0.01      0.01    257.79      1.00
    beta_1[23]      0.00      0.00      0.00     -0.01      0.01    243.30      1.00
    beta_1[24]      0.00      0.00      0.00     -0.01      0.01    234.54      1.00
    beta_1[25]      0.00      0.00      0.00     -0.01      0.01    233.94      1.00
    beta_1[26]      0.00      0.00      0.00     -0.01      0.01    245.99      1.00
    beta_1[27]      0.00      0.00      0.00     -0.01      0.01    246.21      1.00
    beta_1[28]      0.00      0.00      0.00     -0.01      0.01    248.02      1.00
    beta_1[29]      0.00      0.01      0.00     -0.01      0.01    245.64      1.00
    beta_1[30]      0.00      0.01      0.00     -0.01      0.01    244.71      1.00
    beta_1[31]      0.00      0.01      0.00     -0.01      0.01    238.27      1.00
    beta_1[32]      0.00      0.01      0.00     -0.01      0.01    234.34      1.00
    beta_1[33]      0.00      0.01      0.00     -0.01      0.01    229.01      1.00
    beta_1[34]      0.00      0.01      0.00     -0.01      0.01    231.25      1.00
    beta_1[35]      0.00      0.01      0.00     -0.01      0.01    232.31      1.00
    beta_1[36]      0.00      0.01      0.00     -0.01      0.01    225.80      1.00
    beta_1[37]      0.00      0.01      0.00     -0.01      0.01    224.02      1.00
    beta_1[38]      0.00      0.01      0.00     -0.01      0.01    225.82      1.00
    beta_1[39]      0.00      0.01      0.00     -0.01      0.01    227.39      1.00
    beta_1[40]      0.00      0.01      0.00     -0.01      0.01    228.74      1.00
    beta_1[41]      0.00      0.01      0.00     -0.01      0.01    229.89      1.00
    beta_1[42]      0.00      0.01      0.00     -0.01      0.01    226.08      1.00
    beta_1[43]      0.00      0.01      0.00     -0.01      0.01    224.43      1.00
    beta_1[44]      0.00      0.01      0.00     -0.01      0.01    230.80      1.00
    beta_1[45]      0.00      0.01      0.00     -0.01      0.01    236.45      1.00
    beta_1[46]      0.00      0.01      0.00     -0.01      0.01    233.12      1.00
    beta_1[47]      0.00      0.01      0.00     -0.01      0.01    228.30      1.00
    beta_1[48]      0.00      0.01      0.00     -0.01      0.01    218.58      1.00
    beta_1[49]      0.00      0.01      0.00     -0.01      0.01    212.53      1.00
    beta_1[50]      0.00      0.01      0.00     -0.01      0.01    216.33      1.00
    beta_1[51]      0.00      0.01      0.00     -0.01      0.01    218.78      1.00
    beta_1[52]      0.00      0.01      0.00     -0.01      0.01    211.42      1.00
    beta_1[53]      0.00      0.01      0.00     -0.01      0.01    200.24      1.00
    beta_1[54]      0.00      0.01      0.00     -0.00      0.01    195.12      1.00
    beta_1[55]      0.00      0.01      0.00     -0.01      0.01    196.60      1.00
    beta_1[56]      0.00      0.01      0.00     -0.00      0.01    189.12      1.00
    beta_1[57]      0.00      0.01      0.00     -0.01      0.01    189.24      1.00
    beta_1[58]      0.00      0.01      0.00     -0.01      0.01    199.27      1.00
    beta_1[59]      0.00      0.01      0.00     -0.00      0.01    201.39      1.00
    beta_1[60]      0.00      0.01      0.00     -0.01      0.01    192.92      1.00
    beta_1[61]      0.00      0.01      0.00     -0.00      0.01    192.42      1.00
    beta_1[62]      0.00      0.01      0.00     -0.01      0.01    199.58      1.00
    beta_1[63]      0.00      0.01      0.00     -0.00      0.01    204.98      1.00
    beta_1[64]      0.00      0.01      0.00     -0.01      0.01    215.46      1.00
    beta_1[65]      0.00      0.01      0.00     -0.00      0.01    216.84      1.00
    beta_1[66]      0.00      0.01      0.00     -0.00      0.01    211.01      1.00
    beta_1[67]      0.00      0.01      0.00     -0.00      0.01    214.27      1.00
    beta_1[68]      0.00      0.01      0.00     -0.00      0.01    210.37      1.00
    beta_1[69]      0.00      0.01      0.00     -0.00      0.01    216.45      1.00
    beta_1[70]      0.00      0.01      0.00     -0.00      0.01    217.56      1.00
    beta_1[71]      0.00      0.01      0.01     -0.00      0.01    219.58      1.00
    beta_1[72]      0.01      0.01      0.01     -0.00      0.01    222.57      1.00
    beta_1[73]      0.01      0.01      0.01     -0.00      0.01    223.50      1.00
    beta_1[74]      0.01      0.01      0.01     -0.00      0.01    229.56      1.00
    beta_1[75]      0.01      0.01      0.01     -0.00      0.01    232.98      1.00
    beta_1[76]      0.01      0.01      0.01     -0.00      0.01    219.29      1.00
    beta_1[77]      0.01      0.01      0.01     -0.00      0.01    213.42      1.00
    beta_1[78]      0.01      0.01      0.01     -0.00      0.01    215.55      1.00
    beta_1[79]      0.01      0.01      0.01     -0.00      0.02    217.85      1.00
    beta_1[80]      0.01      0.01      0.01     -0.00      0.01    220.12      1.00
    beta_1[81]      0.01      0.01      0.01     -0.00      0.01    216.63      1.00
    beta_1[82]      0.01      0.01      0.01     -0.00      0.02    216.14      1.00
    beta_1[83]      0.01      0.01      0.01     -0.00      0.01    218.67      1.00
    beta_1[84]      0.01      0.01      0.01     -0.00      0.02    222.62      1.00
    beta_1[85]      0.01      0.01      0.01     -0.00      0.01    229.46      1.00
    beta_1[86]      0.01      0.01      0.01     -0.00      0.02    228.21      1.00
    beta_1[87]      0.01      0.01      0.01     -0.00      0.02    236.35      1.00
    beta_1[88]      0.01      0.01      0.01     -0.00      0.02    240.67      1.00
    beta_1[89]      0.01      0.01      0.01     -0.00      0.02    238.67      1.00
    beta_1[90]      0.01      0.01      0.01     -0.00      0.02    249.35      1.00
    beta_1[91]      0.01      0.01      0.01     -0.00      0.02    248.03      1.00
    beta_1[92]      0.01      0.01      0.01     -0.00      0.02    260.22      1.00
    beta_1[93]      0.01      0.01      0.01     -0.00      0.02    263.74      1.00
    beta_1[94]      0.01      0.01      0.01     -0.00      0.02    259.84      1.00
    beta_1[95]      0.01      0.01      0.01     -0.00      0.02    257.36      1.00
    beta_1[96]      0.01      0.01      0.01     -0.00      0.02    256.92      1.00
    beta_1[97]      0.01      0.01      0.01     -0.00      0.02    264.32      1.00
    beta_1[98]      0.01      0.01      0.01     -0.00      0.02    263.41      1.00
    beta_1[99]      0.01      0.01      0.01     -0.00      0.02    262.02      1.00
   beta_1[100]      0.01      0.01      0.01     -0.00      0.02    254.63      1.00
   beta_1[101]      0.01      0.01      0.01     -0.00      0.02    258.84      1.00
   beta_1[102]      0.01      0.01      0.01     -0.00      0.02    259.78      1.00
   beta_1[103]      0.01      0.01      0.01     -0.00      0.02    260.88      1.00
   beta_1[104]      0.01      0.01      0.01     -0.00      0.02    266.99      1.00
   beta_1[105]      0.01      0.01      0.01     -0.00      0.02    264.98      1.00
   beta_1[106]      0.01      0.01      0.01     -0.00      0.02    273.17      1.00
   beta_1[107]      0.01      0.01      0.01     -0.00      0.02    274.17      1.00
   beta_1[108]      0.01      0.00      0.01     -0.00      0.02    275.58      1.00
   beta_1[109]      0.01      0.00      0.01     -0.00      0.02    283.90      1.00
   beta_1[110]      0.01      0.00      0.01     -0.00      0.02    272.69      1.00
   beta_1[111]      0.01      0.00      0.01     -0.00      0.01    279.52      1.00
   beta_1[112]      0.01      0.00      0.01     -0.00      0.01    269.95      1.00
   beta_1[113]      0.01      0.00      0.01     -0.00      0.01    270.48      1.00
   beta_1[114]      0.01      0.00      0.01     -0.00      0.02    279.73      1.00
   beta_1[115]      0.01      0.00      0.01     -0.00      0.01    268.98      1.00
   beta_1[116]      0.01      0.00      0.01     -0.00      0.01    269.82      1.00
   beta_1[117]      0.01      0.00      0.01     -0.00      0.02    271.19      1.00
   beta_1[118]      0.01      0.00      0.01     -0.00      0.01    267.36      1.00
   beta_1[119]      0.01      0.00      0.01     -0.00      0.01    270.47      1.00
   beta_1[120]      0.01      0.00      0.01     -0.00      0.01    268.95      1.00
   beta_1[121]      0.01      0.00      0.01     -0.00      0.01    276.69      1.00
   beta_1[122]      0.01      0.00      0.01     -0.00      0.01    282.88      1.00
   beta_1[123]      0.01      0.00      0.01     -0.00      0.01    290.68      1.00
   beta_1[124]      0.01      0.00      0.01     -0.00      0.01    294.95      1.00
   beta_1[125]      0.01      0.00      0.01     -0.00      0.01    309.50      1.00
   beta_1[126]      0.01      0.00      0.01     -0.00      0.01    310.04      1.00
   beta_1[127]      0.01      0.00      0.01     -0.00      0.01    306.95      1.00
   beta_1[128]      0.01      0.00      0.01     -0.00      0.01    316.93      1.00
   beta_1[129]      0.01      0.00      0.01     -0.00      0.01    331.60      1.00
   beta_1[130]      0.01      0.00      0.01     -0.00      0.01    333.08      1.00
   beta_1[131]      0.01      0.00      0.01     -0.00      0.01    324.60      1.00
   beta_1[132]      0.01      0.00      0.01     -0.00      0.01    314.93      1.00
   beta_1[133]      0.01      0.00      0.01     -0.00      0.01    312.48      1.00
   beta_1[134]      0.01      0.00      0.01     -0.00      0.01    328.83      1.00
   beta_1[135]      0.01      0.00      0.01     -0.00      0.01    341.53      1.00
   beta_1[136]      0.01      0.00      0.01      0.00      0.01    358.06      1.00
   beta_1[137]      0.01      0.00      0.01     -0.00      0.01    369.42      1.00
   beta_1[138]      0.01      0.00      0.01     -0.00      0.01    365.12      1.00
   beta_1[139]      0.01      0.00      0.01     -0.00      0.01    357.33      1.00
   beta_1[140]      0.01      0.00      0.01     -0.00      0.01    352.22      1.00
   beta_1[141]      0.01      0.00      0.01     -0.00      0.01    354.02      1.00
   beta_1[142]      0.01      0.00      0.01     -0.00      0.01    355.66      1.00
   beta_1[143]      0.01      0.00      0.01     -0.00      0.01    359.76      1.00
   beta_1[144]      0.01      0.00      0.01     -0.00      0.01    355.19      1.00
   beta_1[145]      0.01      0.00      0.01     -0.00      0.01    366.45      1.00
   beta_1[146]      0.01      0.00      0.01      0.00      0.01    385.44      1.00
   beta_1[147]      0.01      0.00      0.01      0.00      0.01    378.92      1.00
   beta_1[148]      0.01      0.00      0.01     -0.00      0.01    382.06      1.00
   beta_1[149]      0.01      0.00      0.01     -0.00      0.01    378.31      1.00
   beta_1[150]      0.01      0.00      0.01      0.00      0.01    371.76      1.00
   beta_1[151]      0.01      0.00      0.01      0.00      0.01    389.66      1.00
   beta_1[152]      0.01      0.00      0.01      0.00      0.01    390.06      1.00
   beta_1[153]      0.01      0.00      0.01     -0.00      0.01    389.57      1.00
   beta_1[154]      0.01      0.00      0.01     -0.00      0.01    388.20      1.00
   beta_1[155]      0.01      0.00      0.01      0.00      0.01    380.60      1.00
   beta_1[156]      0.01      0.00      0.01      0.00      0.01    382.47      1.00
   beta_1[157]      0.01      0.00      0.01     -0.00      0.01    402.90      1.00
   beta_1[158]      0.01      0.00      0.01      0.00      0.01    413.26      1.00
   beta_1[159]      0.01      0.00      0.01      0.00      0.01    396.91      1.00
   beta_1[160]      0.01      0.00      0.01      0.00      0.01    397.75      1.00
   beta_1[161]      0.01      0.00      0.01      0.00      0.01    395.96      1.00
   beta_1[162]      0.01      0.00      0.01      0.00      0.01    395.76      1.00
   beta_1[163]      0.01      0.00      0.01      0.00      0.01    406.02      1.00
   beta_1[164]      0.01      0.00      0.01      0.00      0.01    418.34      1.00
   beta_1[165]      0.01      0.00      0.01      0.00      0.01    437.46      1.00
   beta_1[166]      0.01      0.00      0.01      0.00      0.01    422.19      1.00
   beta_1[167]      0.01      0.00      0.01      0.00      0.01    420.25      1.00
   beta_1[168]      0.01      0.00      0.01      0.00      0.01    415.54      1.00
   beta_1[169]      0.01      0.00      0.01      0.00      0.01    429.59      1.00
   beta_1[170]      0.01      0.00      0.01      0.00      0.01    411.93      1.00
   beta_1[171]      0.01      0.00      0.01      0.00      0.01    448.15      1.00
   beta_1[172]      0.01      0.00      0.01      0.00      0.01    444.73      1.00
   beta_1[173]      0.01      0.00      0.01     -0.00      0.01    434.65      1.00
   beta_1[174]      0.01      0.00      0.01     -0.00      0.01    430.95      1.00
   beta_1[175]      0.01      0.00      0.01      0.00      0.01    431.66      1.00
   beta_1[176]      0.01      0.00      0.01     -0.00      0.01    425.18      1.00
   beta_1[177]      0.01      0.00      0.01     -0.00      0.01    424.09      1.00
   beta_1[178]      0.01      0.00      0.01     -0.00      0.01    432.45      1.00
   beta_1[179]      0.01      0.00      0.01     -0.00      0.01    440.71      1.00
   beta_1[180]      0.01      0.00      0.01      0.00      0.01    438.72      1.00
   beta_1[181]      0.01      0.00      0.01     -0.00      0.01    432.91      1.00
   beta_1[182]      0.01      0.00      0.01     -0.00      0.01    438.99      1.00
   beta_1[183]      0.01      0.00      0.01     -0.00      0.01    443.80      1.00
   beta_1[184]      0.01      0.00      0.01     -0.00      0.01    452.37      1.00
   beta_1[185]      0.01      0.00      0.01      0.00      0.01    466.35      1.00
   beta_1[186]      0.01      0.00      0.01     -0.00      0.01    454.54      1.00
   beta_1[187]      0.01      0.00      0.01      0.00      0.01    468.41      1.00
   beta_1[188]      0.01      0.00      0.01     -0.00      0.01    497.38      1.00
   beta_1[189]      0.01      0.00      0.01     -0.00      0.01    511.61      1.00
   beta_1[190]      0.01      0.00      0.01     -0.00      0.01    517.99      1.00
   beta_1[191]      0.01      0.00      0.01      0.00      0.01    521.33      1.00
   beta_1[192]      0.01      0.00      0.01     -0.00      0.01    520.76      1.00
   beta_1[193]      0.01      0.00      0.01     -0.00      0.01    498.51      1.00
   beta_1[194]      0.01      0.00      0.01     -0.00      0.01    496.36      1.00
   beta_1[195]      0.01      0.00      0.01     -0.00      0.01    515.69      1.00
   beta_1[196]      0.01      0.00      0.01     -0.00      0.01    547.38      1.00
   beta_1[197]      0.00      0.00      0.00     -0.00      0.01    564.11      1.00
   beta_1[198]      0.00      0.00      0.00     -0.00      0.01    557.42      1.00
   beta_1[199]      0.00      0.00      0.00     -0.00      0.01    562.40      1.00
   beta_1[200]      0.00      0.00      0.00     -0.00      0.01    559.76      1.00
   beta_1[201]      0.00      0.00      0.00     -0.00      0.01    551.83      1.00
   beta_1[202]      0.00      0.00      0.00     -0.00      0.01    542.80      1.00
   beta_1[203]      0.00      0.00      0.00     -0.00      0.01    566.29      1.00
   beta_1[204]      0.00      0.00      0.00     -0.00      0.01    569.39      1.00
   beta_1[205]      0.00      0.00      0.00     -0.00      0.01    590.57      1.00
   beta_1[206]      0.00      0.00      0.00     -0.00      0.01    579.83      1.00
   beta_1[207]      0.00      0.00      0.00     -0.00      0.01    601.95      1.00
   beta_1[208]      0.00      0.00      0.00     -0.00      0.01    586.95      1.00
   beta_1[209]      0.00      0.00      0.00     -0.00      0.01    581.28      1.00
   beta_1[210]      0.00      0.00      0.00     -0.00      0.01    629.18      1.00
   beta_1[211]      0.00      0.00      0.00     -0.00      0.01    625.99      1.00
   beta_1[212]      0.00      0.00      0.00     -0.00      0.01    650.48      1.00
   beta_1[213]      0.00      0.00      0.00     -0.00      0.01    657.19      1.00
   beta_1[214]      0.00      0.00      0.00     -0.00      0.01    689.85      1.00
   beta_1[215]      0.00      0.00      0.00     -0.00      0.01    704.78      1.00
   beta_1[216]      0.00      0.00      0.00     -0.00      0.01    757.32      1.00
   beta_1[217]      0.00      0.00      0.00     -0.00      0.01    766.34      1.00
   beta_1[218]      0.00      0.00      0.00     -0.00      0.01    734.35      1.00
   beta_1[219]      0.00      0.00      0.00     -0.00      0.01    769.12      1.00
   beta_1[220]      0.00      0.00      0.00     -0.00      0.01    753.18      1.00
   beta_1[221]      0.00      0.00      0.00     -0.00      0.01    779.67      1.00
   beta_1[222]      0.00      0.00      0.00      0.00      0.01    827.59      1.00
   beta_1[223]      0.00      0.00      0.00     -0.00      0.01    830.19      1.00
   beta_1[224]      0.00      0.00      0.00     -0.00      0.01    841.48      1.00
   beta_1[225]      0.00      0.00      0.00     -0.00      0.01    862.49      1.00
   beta_1[226]      0.00      0.00      0.00      0.00      0.01    858.21      1.00
   beta_1[227]      0.00      0.00      0.00      0.00      0.01    855.64      1.00
   beta_1[228]      0.00      0.00      0.00      0.00      0.01    874.86      1.00
   beta_1[229]      0.00      0.00      0.00      0.00      0.01    894.39      1.00
   beta_1[230]      0.00      0.00      0.00      0.00      0.01    884.98      1.00
   beta_1[231]      0.00      0.00      0.00      0.00      0.01    933.51      1.00
   beta_1[232]      0.00      0.00      0.00      0.00      0.01    961.75      1.00
   beta_1[233]      0.00      0.00      0.00      0.00      0.01    924.82      1.00
   beta_1[234]      0.00      0.00      0.00      0.00      0.01    869.53      1.00
   beta_1[235]      0.00      0.00      0.00      0.00      0.01    915.04      1.00
   beta_1[236]      0.00      0.00      0.01      0.00      0.01    953.35      1.00
   beta_1[237]      0.01      0.00      0.01      0.00      0.01    948.70      1.00
   beta_1[238]      0.01      0.00      0.01      0.00      0.01    987.34      1.00
   beta_1[239]      0.01      0.00      0.01      0.00      0.01   1025.55      1.00
   beta_1[240]      0.01      0.00      0.01      0.00      0.01   1032.31      1.00
   beta_1[241]      0.01      0.00      0.01      0.00      0.01   1007.23      1.00
   beta_1[242]      0.01      0.00      0.01      0.00      0.01   1136.09      1.00
   beta_1[243]      0.01      0.00      0.01      0.00      0.01   1086.30      1.00
   beta_1[244]      0.01      0.00      0.01      0.00      0.01   1201.41      1.00
   beta_1[245]      0.01      0.00      0.01      0.00      0.01   1195.76      1.00
   beta_1[246]      0.01      0.00      0.01      0.00      0.01   1209.66      1.00
   beta_1[247]      0.01      0.00      0.01      0.00      0.01   1229.34      1.00
   beta_1[248]      0.01      0.00      0.01      0.00      0.01   1242.50      1.00
   beta_1[249]      0.01      0.00      0.01      0.00      0.01   1331.58      1.00
   beta_1[250]      0.01      0.00      0.01      0.00      0.01   1351.56      1.00
   beta_1[251]      0.01      0.00      0.01      0.00      0.01   1362.53      1.00
   beta_1[252]      0.01      0.00      0.01      0.00      0.01   1423.77      1.00
   beta_1[253]      0.01      0.00      0.01      0.00      0.01   1429.27      1.00
   beta_1[254]      0.01      0.00      0.01      0.00      0.01   1444.30      1.00
   beta_1[255]      0.01      0.00      0.01      0.00      0.01   1514.86      1.00
   beta_1[256]      0.01      0.00      0.01      0.00      0.01   1430.93      1.00
   beta_1[257]      0.01      0.00      0.01      0.00      0.01   1459.50      1.00
   beta_1[258]      0.01      0.00      0.01      0.00      0.01   1437.17      1.00
   beta_1[259]      0.01      0.00      0.01      0.00      0.01   1432.72      1.00
   beta_1[260]      0.01      0.00      0.01      0.00      0.01   1529.84      1.00
   beta_1[261]      0.01      0.00      0.01      0.00      0.01   1552.91      1.00
   beta_1[262]      0.01      0.00      0.01      0.00      0.01   1504.70      1.00
   beta_1[263]      0.01      0.00      0.01      0.00      0.01   1575.77      1.00
   beta_1[264]      0.01      0.00      0.01      0.00      0.01   1705.82      1.00
   beta_1[265]      0.01      0.00      0.01      0.00      0.01   1805.88      1.00
   beta_1[266]      0.01      0.00      0.01      0.00      0.01   1831.91      1.00
   beta_1[267]      0.01      0.00      0.01      0.00      0.01   1956.50      1.00
   beta_1[268]      0.01      0.00      0.01      0.00      0.01   1965.02      1.00
   beta_1[269]      0.01      0.00      0.01      0.00      0.01   2019.40      1.00
   beta_1[270]      0.01      0.00      0.01      0.00      0.01   1903.36      1.00
   beta_1[271]      0.01      0.00      0.01      0.00      0.01   1915.57      1.00
   beta_1[272]      0.01      0.00      0.01      0.00      0.01   1843.75      1.00
   beta_1[273]      0.01      0.00      0.01      0.00      0.01   1855.62      1.00
   beta_1[274]      0.01      0.00      0.01      0.01      0.01   1980.28      1.00
   beta_1[275]      0.01      0.00      0.01      0.00      0.01   1956.45      1.00
   beta_1[276]      0.01      0.00      0.01      0.00      0.01   2173.28      1.00
   beta_1[277]      0.01      0.00      0.01      0.00      0.01   2115.05      1.00
   beta_1[278]      0.01      0.00      0.01      0.01      0.01   2157.25      1.00
   beta_1[279]      0.01      0.00      0.01      0.01      0.01   2081.89      1.00
   beta_1[280]      0.01      0.00      0.01      0.01      0.01   2135.35      1.00
   beta_1[281]      0.01      0.00      0.01      0.01      0.01   2177.11      1.00
   beta_1[282]      0.01      0.00      0.01      0.01      0.01   2294.44      1.00
   beta_1[283]      0.01      0.00      0.01      0.01      0.01   2147.26      1.00
   beta_1[284]      0.01      0.00      0.01      0.01      0.01   2160.39      1.00
   beta_1[285]      0.01      0.00      0.01      0.01      0.01   2033.84      1.00
   beta_1[286]      0.01      0.00      0.01      0.01      0.01   2210.42      1.00
   beta_1[287]      0.01      0.00      0.01      0.01      0.01   2312.24      1.00
   beta_1[288]      0.01      0.00      0.01      0.01      0.01   2277.61      1.00
   beta_1[289]      0.01      0.00      0.01      0.01      0.01   2419.46      1.00
   beta_1[290]      0.01      0.00      0.01      0.01      0.01   2303.12      1.00
   beta_1[291]      0.01      0.00      0.01      0.01      0.01   2366.35      1.00
   beta_1[292]      0.01      0.00      0.01      0.01      0.01   2158.11      1.00
   beta_1[293]      0.01      0.00      0.01      0.01      0.01   2189.58      1.00
   beta_1[294]      0.01      0.00      0.01      0.01      0.01   2287.15      1.00
   beta_1[295]      0.01      0.00      0.01      0.01      0.01   2161.28      1.00
   beta_1[296]      0.01      0.00      0.01      0.01      0.01   2170.66      1.00
   beta_1[297]      0.01      0.00      0.01      0.01      0.01   2176.32      1.00
   beta_1[298]      0.01      0.00      0.01      0.01      0.01   2349.38      1.00
   beta_1[299]      0.01      0.00      0.01      0.01      0.01   2385.35      1.00
   beta_1[300]      0.01      0.00      0.01      0.01      0.02   2393.35      1.00
   beta_1[301]      0.02      0.00      0.02      0.01      0.02   2222.30      1.00
   beta_1[302]      0.02      0.00      0.02      0.01      0.02   2627.59      1.00
  transform[0]      0.02      0.97      0.02     -1.57      1.62   2400.84      1.00

Number of divergences: 66
