                     date locationtest  value abbreviation location  population
location_name                                                                  
Missouri       2020-01-24           29      0           MO       29   6626371.0
Missouri       2020-01-25           29      0           MO       29   6626371.0
Missouri       2020-01-26           29      0           MO       29   6626371.0
Missouri       2020-01-27           29      0           MO       29   6626371.0
Missouri       2020-01-28           29      0           MO       29   6626371.0
...                   ...          ...    ...          ...      ...         ...
Missouri       2021-01-07           29   4740           MO       29   6626371.0
Missouri       2021-01-08           29   4098           MO       29   6626371.0
Missouri       2021-01-09           29   3937           MO       29   6626371.0
Missouri       2021-01-10           29   2768           MO       29   6626371.0
Missouri       2021-01-11           29   1750           MO       29   6626371.0

[354 rows x 6 columns]

                    mean       std    median      5.0%     95.0%     n_eff     r_hat
 a_raw_init[0]      0.00      0.00      0.00      0.00      0.00    553.45      1.00
 a_raw_init[1]      0.00      0.00      0.00      0.00      0.00   1922.89      1.00
 a_raw_init[2]      0.04      0.00      0.04      0.03      0.05    703.01      1.00
 a_raw_init[3]      0.14      0.00      0.14      0.13      0.15    801.42      1.00
 a_raw_init[4]      0.08      0.00      0.08      0.07      0.09    695.53      1.00
 a_raw_init[5]      0.05      0.01      0.05      0.04      0.06    642.70      1.00
 a_raw_init[6]      0.15      0.01      0.15      0.14      0.16    625.22      1.00
 a_raw_init[7]      0.06      0.01      0.06      0.05      0.07    714.78      1.00
 a_raw_init[8]      0.66      0.01      0.66      0.65      0.67    749.18      1.00
 a_raw_init[9]      0.53      0.01      0.53      0.51      0.53    743.05      1.00
a_raw_init[10]      0.56      0.01      0.56      0.55      0.57    850.48      1.00
a_raw_init[11]      0.55      0.01      0.55      0.54      0.56    846.82      1.00
     beta_1[0]      0.00      0.00      0.00     -0.00      0.00    922.66      1.00
     beta_1[1]      0.00      0.00      0.00     -0.00      0.00    592.26      1.00
     beta_1[2]      0.00      0.00      0.00     -0.00      0.01    425.54      1.01
     beta_1[3]      0.00      0.00      0.00     -0.00      0.01    341.52      1.01
     beta_1[4]      0.00      0.00      0.00      0.00      0.01    308.57      1.01
     beta_1[5]      0.01      0.00      0.01      0.00      0.01    263.67      1.01
     beta_1[6]      0.01      0.00      0.01      0.00      0.01    236.69      1.01
     beta_1[7]      0.01      0.00      0.01      0.00      0.01    215.71      1.01
     beta_1[8]      0.01      0.00      0.01      0.00      0.01    189.00      1.01
     beta_1[9]      0.01      0.00      0.01      0.00      0.01    180.12      1.01
    beta_1[10]      0.01      0.00      0.01      0.00      0.02    169.78      1.01
    beta_1[11]      0.01      0.00      0.01      0.00      0.02    151.86      1.01
    beta_1[12]      0.01      0.00      0.01      0.01      0.02    142.99      1.01
    beta_1[13]      0.01      0.00      0.01      0.01      0.02    138.83      1.01
    beta_1[14]      0.01      0.00      0.01      0.01      0.02    143.44      1.01
    beta_1[15]      0.01      0.00      0.01      0.01      0.02    136.20      1.01
    beta_1[16]      0.02      0.00      0.02      0.01      0.02    129.31      1.01
    beta_1[17]      0.02      0.00      0.02      0.01      0.02    118.93      1.01
    beta_1[18]      0.02      0.00      0.02      0.01      0.02    115.88      1.01
    beta_1[19]      0.02      0.00      0.02      0.01      0.02    112.60      1.01
    beta_1[20]      0.02      0.00      0.02      0.01      0.03    104.34      1.01
    beta_1[21]      0.02      0.00      0.02      0.01      0.03    102.63      1.01
    beta_1[22]      0.02      0.00      0.02      0.01      0.03    106.48      1.01
    beta_1[23]      0.02      0.00      0.02      0.01      0.03    106.50      1.01
    beta_1[24]      0.02      0.00      0.02      0.02      0.03    103.45      1.01
    beta_1[25]      0.02      0.00      0.02      0.02      0.03    103.99      1.01
    beta_1[26]      0.02      0.00      0.02      0.02      0.03    101.75      1.01
    beta_1[27]      0.03      0.00      0.03      0.02      0.03     98.15      1.01
    beta_1[28]      0.03      0.00      0.03      0.02      0.03     99.27      1.01
    beta_1[29]      0.03      0.00      0.03      0.02      0.04     96.15      1.01
    beta_1[30]      0.03      0.00      0.03      0.02      0.04     96.12      1.01
    beta_1[31]      0.03      0.00      0.03      0.02      0.04     96.07      1.01
    beta_1[32]      0.03      0.01      0.03      0.02      0.04     93.01      1.01
    beta_1[33]      0.03      0.01      0.03      0.02      0.04     93.42      1.01
    beta_1[34]      0.03      0.01      0.03      0.02      0.04     92.37      1.01
    beta_1[35]      0.03      0.01      0.03      0.02      0.04     91.24      1.01
    beta_1[36]      0.03      0.01      0.03      0.03      0.04     90.36      1.01
    beta_1[37]      0.03      0.01      0.03      0.03      0.04     90.27      1.01
    beta_1[38]      0.04      0.01      0.04      0.03      0.04     89.05      1.01
    beta_1[39]      0.04      0.01      0.04      0.03      0.05     88.53      1.01
    beta_1[40]      0.04      0.01      0.04      0.03      0.05     91.53      1.01
    beta_1[41]      0.04      0.01      0.04      0.03      0.05     90.50      1.01
    beta_1[42]      0.04      0.01      0.04      0.03      0.05     90.17      1.01
    beta_1[43]      0.04      0.01      0.04      0.03      0.05     90.44      1.01
    beta_1[44]      0.04      0.01      0.04      0.03      0.05     89.64      1.01
    beta_1[45]      0.04      0.01      0.04      0.03      0.05     89.89      1.01
    beta_1[46]      0.04      0.01      0.04      0.03      0.05     91.22      1.01
    beta_1[47]      0.04      0.01      0.04      0.04      0.05     90.21      1.01
    beta_1[48]      0.04      0.01      0.05      0.04      0.05     88.31      1.01
    beta_1[49]      0.05      0.01      0.05      0.04      0.05     89.02      1.01
    beta_1[50]      0.05      0.01      0.05      0.04      0.06     88.15      1.01
    beta_1[51]      0.05      0.01      0.05      0.04      0.06     87.83      1.01
    beta_1[52]      0.05      0.01      0.05      0.04      0.06     88.49      1.01
    beta_1[53]      0.05      0.01      0.05      0.04      0.06     87.00      1.01
    beta_1[54]      0.05      0.01      0.05      0.04      0.06     85.77      1.01
    beta_1[55]      0.05      0.01      0.05      0.04      0.06     84.68      1.01
    beta_1[56]      0.05      0.01      0.05      0.04      0.06     83.60      1.01
    beta_1[57]      0.05      0.01      0.05      0.04      0.06     84.28      1.01
    beta_1[58]      0.05      0.01      0.05      0.05      0.06     84.89      1.01
    beta_1[59]      0.06      0.01      0.06      0.05      0.06     86.83      1.01
    beta_1[60]      0.06      0.01      0.06      0.05      0.07     88.62      1.00
    beta_1[61]      0.06      0.01      0.06      0.05      0.07     90.16      1.00
    beta_1[62]      0.06      0.01      0.06      0.05      0.07     91.45      1.00
    beta_1[63]      0.06      0.01      0.06      0.05      0.07     91.41      1.00
    beta_1[64]      0.06      0.01      0.06      0.05      0.07     90.84      1.00
    beta_1[65]      0.06      0.00      0.06      0.05      0.07     90.32      1.00
    beta_1[66]      0.06      0.00      0.06      0.05      0.07     91.80      1.00
    beta_1[67]      0.06      0.00      0.06      0.06      0.07     90.57      1.00
    beta_1[68]      0.06      0.00      0.06      0.06      0.07     90.94      1.00
    beta_1[69]      0.06      0.00      0.06      0.06      0.07     93.68      1.00
    beta_1[70]      0.07      0.00      0.07      0.06      0.07     95.31      1.00
    beta_1[71]      0.07      0.00      0.07      0.06      0.07     97.50      1.00
    beta_1[72]      0.07      0.00      0.07      0.06      0.08     99.79      1.00
    beta_1[73]      0.07      0.00      0.07      0.06      0.08     99.97      1.00
    beta_1[74]      0.07      0.00      0.07      0.06      0.08    102.67      1.00
    beta_1[75]      0.07      0.00      0.07      0.06      0.08    105.60      1.00
    beta_1[76]      0.07      0.00      0.07      0.06      0.08    105.08      1.00
    beta_1[77]      0.07      0.00      0.07      0.06      0.08    107.81      1.00
    beta_1[78]      0.07      0.00      0.07      0.07      0.08    111.83      1.00
    beta_1[79]      0.07      0.00      0.07      0.07      0.08    112.53      1.00
    beta_1[80]      0.07      0.00      0.07      0.07      0.08    112.61      1.00
    beta_1[81]      0.07      0.00      0.07      0.07      0.08    119.73      1.00
    beta_1[82]      0.07      0.00      0.07      0.07      0.08    125.44      1.00
    beta_1[83]      0.07      0.00      0.07      0.07      0.08    132.15      1.00
    beta_1[84]      0.07      0.00      0.07      0.07      0.08    138.58      1.00
    beta_1[85]      0.08      0.00      0.07      0.07      0.08    141.02      1.00
    beta_1[86]      0.08      0.00      0.08      0.07      0.08    147.22      1.00
    beta_1[87]      0.08      0.00      0.08      0.07      0.08    151.09      1.00
    beta_1[88]      0.08      0.00      0.08      0.07      0.08    152.16      1.00
    beta_1[89]      0.08      0.00      0.08      0.07      0.08    156.45      1.00
    beta_1[90]      0.08      0.00      0.08      0.07      0.08    167.45      1.00
    beta_1[91]      0.08      0.00      0.08      0.07      0.08    171.03      1.00
    beta_1[92]      0.08      0.00      0.08      0.07      0.08    168.81      1.00
    beta_1[93]      0.08      0.00      0.08      0.07      0.08    179.06      1.00
    beta_1[94]      0.08      0.00      0.08      0.07      0.08    197.00      1.00
    beta_1[95]      0.07      0.00      0.07      0.07      0.08    207.29      1.00
    beta_1[96]      0.07      0.00      0.07      0.07      0.08    219.64      1.00
    beta_1[97]      0.07      0.00      0.07      0.07      0.08    210.79      1.00
    beta_1[98]      0.07      0.00      0.07      0.07      0.08    204.29      1.01
    beta_1[99]      0.07      0.00      0.07      0.07      0.08    200.44      1.00
   beta_1[100]      0.07      0.00      0.07      0.07      0.08    212.20      1.01
   beta_1[101]      0.07      0.00      0.07      0.07      0.08    203.30      1.01
   beta_1[102]      0.07      0.00      0.07      0.07      0.08    189.58      1.01
   beta_1[103]      0.07      0.00      0.07      0.06      0.07    192.32      1.00
   beta_1[104]      0.07      0.00      0.07      0.06      0.07    179.19      1.01
   beta_1[105]      0.07      0.00      0.07      0.06      0.07    175.51      1.00
   beta_1[106]      0.07      0.00      0.07      0.06      0.07    175.58      1.00
   beta_1[107]      0.07      0.00      0.07      0.06      0.07    177.66      1.00
   beta_1[108]      0.06      0.00      0.06      0.06      0.07    174.85      1.00
   beta_1[109]      0.06      0.00      0.06      0.06      0.07    177.31      1.00
   beta_1[110]      0.06      0.00      0.06      0.06      0.07    177.27      1.00
   beta_1[111]      0.06      0.00      0.06      0.05      0.06    170.52      1.00
   beta_1[112]      0.06      0.00      0.06      0.05      0.06    171.19      1.00
   beta_1[113]      0.06      0.00      0.06      0.05      0.06    170.10      1.00
   beta_1[114]      0.06      0.00      0.06      0.05      0.06    167.21      1.00
   beta_1[115]      0.05      0.00      0.05      0.05      0.06    165.30      1.00
   beta_1[116]      0.05      0.00      0.05      0.05      0.06    164.01      1.00
   beta_1[117]      0.05      0.00      0.05      0.05      0.06    161.25      1.00
   beta_1[118]      0.05      0.00      0.05      0.05      0.05    160.49      1.00
   beta_1[119]      0.05      0.00      0.05      0.04      0.05    164.16      1.00
   beta_1[120]      0.05      0.00      0.05      0.04      0.05    167.79      1.01
   beta_1[121]      0.05      0.00      0.05      0.04      0.05    174.68      1.00
   beta_1[122]      0.04      0.00      0.04      0.04      0.05    192.11      1.00
   beta_1[123]      0.04      0.00      0.04      0.04      0.05    192.76      1.01
   beta_1[124]      0.04      0.00      0.04      0.04      0.05    207.48      1.00
   beta_1[125]      0.04      0.00      0.04      0.04      0.05    222.49      1.00
   beta_1[126]      0.04      0.00      0.04      0.04      0.04    227.93      1.00
   beta_1[127]      0.04      0.00      0.04      0.03      0.04    246.21      1.00
   beta_1[128]      0.04      0.00      0.04      0.03      0.04    263.01      1.00
   beta_1[129]      0.04      0.00      0.04      0.03      0.04    291.19      1.00
   beta_1[130]      0.04      0.00      0.04      0.03      0.04    285.16      1.00
   beta_1[131]      0.03      0.00      0.03      0.03      0.04    297.84      1.00
   beta_1[132]      0.03      0.00      0.03      0.03      0.04    309.33      1.00
   beta_1[133]      0.03      0.00      0.03      0.03      0.04    313.51      1.00
   beta_1[134]      0.03      0.00      0.03      0.03      0.04    315.92      1.00
   beta_1[135]      0.03      0.00      0.03      0.03      0.04    324.56      1.00
   beta_1[136]      0.03      0.00      0.03      0.03      0.04    308.74      1.00
   beta_1[137]      0.03      0.00      0.03      0.03      0.03    285.43      1.00
   beta_1[138]      0.03      0.00      0.03      0.03      0.03    281.54      1.00
   beta_1[139]      0.03      0.00      0.03      0.02      0.03    310.13      1.00
   beta_1[140]      0.03      0.00      0.03      0.02      0.03    324.11      1.00
   beta_1[141]      0.03      0.00      0.03      0.02      0.03    325.88      1.00
   beta_1[142]      0.03      0.00      0.03      0.02      0.03    338.83      1.00
   beta_1[143]      0.03      0.00      0.03      0.02      0.03    355.77      1.00
   beta_1[144]      0.03      0.00      0.03      0.02      0.03    376.64      1.00
   beta_1[145]      0.03      0.00      0.03      0.02      0.03    338.58      1.00
   beta_1[146]      0.03      0.00      0.03      0.02      0.03    341.40      1.00
   beta_1[147]      0.03      0.00      0.03      0.02      0.03    348.17      1.00
   beta_1[148]      0.03      0.00      0.03      0.02      0.03    335.25      1.00
   beta_1[149]      0.02      0.00      0.02      0.02      0.03    352.12      1.00
   beta_1[150]      0.02      0.00      0.02      0.02      0.03    365.92      1.00
   beta_1[151]      0.02      0.00      0.02      0.02      0.03    392.83      1.00
   beta_1[152]      0.02      0.00      0.02      0.02      0.03    440.32      1.00
   beta_1[153]      0.02      0.00      0.02      0.02      0.03    444.03      1.00
   beta_1[154]      0.02      0.00      0.02      0.02      0.02    458.80      1.00
   beta_1[155]      0.02      0.00      0.02      0.02      0.02    460.35      1.00
   beta_1[156]      0.02      0.00      0.02      0.02      0.02    437.13      1.00
   beta_1[157]      0.02      0.00      0.02      0.01      0.02    427.79      1.00
   beta_1[158]      0.02      0.00      0.02      0.01      0.02    438.58      1.00
   beta_1[159]      0.02      0.00      0.02      0.01      0.02    453.39      1.00
   beta_1[160]      0.02      0.00      0.02      0.01      0.02    479.03      1.00
   beta_1[161]      0.02      0.00      0.02      0.01      0.02    467.57      1.00
   beta_1[162]      0.02      0.00      0.02      0.01      0.02    495.83      1.00
   beta_1[163]      0.02      0.00      0.02      0.01      0.02    513.91      1.00
   beta_1[164]      0.02      0.00      0.02      0.01      0.02    517.17      1.00
   beta_1[165]      0.02      0.00      0.02      0.01      0.02    552.45      1.00
   beta_1[166]      0.02      0.00      0.02      0.01      0.02    559.73      1.00
   beta_1[167]      0.02      0.00      0.02      0.01      0.02    558.09      1.00
   beta_1[168]      0.01      0.00      0.01      0.01      0.02    611.76      1.00
   beta_1[169]      0.01      0.00      0.01      0.01      0.02    622.11      1.00
   beta_1[170]      0.01      0.00      0.01      0.01      0.02    674.02      1.00
   beta_1[171]      0.01      0.00      0.01      0.01      0.02    720.64      1.00
   beta_1[172]      0.01      0.00      0.01      0.01      0.02    751.86      1.00
   beta_1[173]      0.01      0.00      0.01      0.01      0.02    787.79      1.00
   beta_1[174]      0.01      0.00      0.01      0.01      0.02    817.84      1.00
   beta_1[175]      0.01      0.00      0.01      0.01      0.02    824.40      1.00
   beta_1[176]      0.01      0.00      0.01      0.01      0.02    814.46      1.00
   beta_1[177]      0.01      0.00      0.01      0.01      0.02    830.22      1.00
   beta_1[178]      0.01      0.00      0.01      0.01      0.02    911.12      1.00
   beta_1[179]      0.01      0.00      0.01      0.01      0.02    960.85      1.00
   beta_1[180]      0.01      0.00      0.01      0.01      0.02   1045.92      1.00
   beta_1[181]      0.01      0.00      0.01      0.01      0.02   1100.18      1.00
   beta_1[182]      0.01      0.00      0.01      0.01      0.02   1095.37      1.00
   beta_1[183]      0.01      0.00      0.01      0.01      0.02   1097.01      1.00
   beta_1[184]      0.01      0.00      0.01      0.01      0.02   1083.63      1.00
   beta_1[185]      0.01      0.00      0.01      0.01      0.02   1038.31      1.00
   beta_1[186]      0.01      0.00      0.01      0.01      0.02   1099.10      1.00
   beta_1[187]      0.01      0.00      0.01      0.01      0.01   1139.52      1.00
   beta_1[188]      0.01      0.00      0.01      0.01      0.01   1237.03      1.00
   beta_1[189]      0.01      0.00      0.01      0.01      0.01   1202.29      1.00
   beta_1[190]      0.01      0.00      0.01      0.01      0.01   1218.65      1.00
   beta_1[191]      0.01      0.00      0.01      0.01      0.01   1253.84      1.00
   beta_1[192]      0.01      0.00      0.01      0.01      0.01   1212.94      1.00
   beta_1[193]      0.01      0.00      0.01      0.01      0.01   1031.02      1.00
   beta_1[194]      0.01      0.00      0.01      0.01      0.01    946.77      1.00
   beta_1[195]      0.01      0.00      0.01      0.01      0.01   1193.93      1.00
   beta_1[196]      0.01      0.00      0.01      0.01      0.01   1544.51      1.00
   beta_1[197]      0.01      0.00      0.01      0.01      0.01   1461.21      1.00
   beta_1[198]      0.01      0.00      0.01      0.01      0.01   1528.39      1.00
   beta_1[199]      0.01      0.00      0.01      0.01      0.01   1374.11      1.00
   beta_1[200]      0.01      0.00      0.01      0.01      0.01   1232.49      1.00
   beta_1[201]      0.01      0.00      0.01      0.01      0.01   1259.72      1.00
   beta_1[202]      0.01      0.00      0.01      0.00      0.01   1202.39      1.00
   beta_1[203]      0.01      0.00      0.01      0.01      0.01   1318.28      1.00
   beta_1[204]      0.01      0.00      0.01      0.01      0.01   1420.52      1.00
  transform[0]      0.02      0.98      0.03     -1.57      1.60   1271.23      1.00

Number of divergences: 732
