                     date locationtest  value abbreviation location  population
location_name                                                                  
Washington     2020-01-24           53      0           WA       53   7614893.0
Washington     2020-01-25           53      0           WA       53   7614893.0
Washington     2020-01-26           53      0           WA       53   7614893.0
Washington     2020-01-27           53      0           WA       53   7614893.0
Washington     2020-01-28           53      0           WA       53   7614893.0
...                   ...          ...    ...          ...      ...         ...
Washington     2021-01-07           53   3260           WA       53   7614893.0
Washington     2021-01-08           53   4595           WA       53   7614893.0
Washington     2021-01-09           53   2988           WA       53   7614893.0
Washington     2021-01-10           53      0           WA       53   7614893.0
Washington     2021-01-11           53   5091           WA       53   7614893.0

[354 rows x 6 columns]

                    mean       std    median      5.0%     95.0%     n_eff     r_hat
 a_raw_init[0]      0.00      0.00      0.00      0.00      0.00   1961.08      1.00
 a_raw_init[1]      0.00      0.00      0.00      0.00      0.00   2029.31      1.00
 a_raw_init[2]      0.06      0.00      0.06      0.06      0.07   1853.57      1.00
 a_raw_init[3]      0.06      0.00      0.06      0.05      0.07   1483.54      1.00
 a_raw_init[4]      0.02      0.01      0.02      0.01      0.03   1262.03      1.00
 a_raw_init[5]      0.05      0.01      0.05      0.04      0.05   1424.65      1.00
 a_raw_init[6]      0.05      0.01      0.05      0.04      0.05   1453.06      1.00
 a_raw_init[7]      0.10      0.01      0.10      0.09      0.11   1556.82      1.00
 a_raw_init[8]      0.16      0.01      0.16      0.15      0.17   1274.05      1.00
 a_raw_init[9]      0.10      0.01      0.10      0.09      0.11   1384.25      1.00
a_raw_init[10]      0.07      0.01      0.07      0.06      0.07   1553.34      1.00
a_raw_init[11]      0.07      0.01      0.07      0.07      0.08   1513.57      1.00
a_raw_init[12]      0.10      0.00      0.10      0.09      0.11   1518.43      1.00
a_raw_init[13]      0.12      0.01      0.12      0.11      0.13   1348.96      1.00
a_raw_init[14]      0.41      0.01      0.41      0.40      0.42   1438.85      1.00
a_raw_init[15]      0.53      0.01      0.53      0.52      0.54   1694.66      1.00
a_raw_init[16]      0.39      0.00      0.39      0.38      0.39   2733.18      1.00
a_raw_init[17]      0.33      0.01      0.33      0.32      0.34   2317.46      1.00
     beta_1[0]      0.00      0.00      0.00     -0.00      0.00   1613.18      1.00
     beta_1[1]      0.00      0.00      0.00     -0.00      0.00   1159.18      1.00
     beta_1[2]      0.00      0.00      0.00     -0.00      0.00    991.72      1.00
     beta_1[3]      0.00      0.00      0.00     -0.00      0.00    646.01      1.00
     beta_1[4]      0.00      0.00      0.00     -0.00      0.01    665.86      1.00
     beta_1[5]      0.00      0.00      0.00     -0.00      0.01    579.53      1.00
     beta_1[6]      0.00      0.00      0.00     -0.00      0.01    488.25      1.00
     beta_1[7]      0.00      0.00      0.00     -0.00      0.01    434.96      1.00
     beta_1[8]      0.00      0.00      0.00      0.00      0.01    420.90      1.00
     beta_1[9]      0.00      0.00      0.00      0.00      0.01    399.61      1.00
    beta_1[10]      0.01      0.00      0.01      0.00      0.01    370.50      1.00
    beta_1[11]      0.01      0.00      0.01      0.00      0.01    369.43      1.00
    beta_1[12]      0.01      0.00      0.01      0.00      0.01    343.76      1.00
    beta_1[13]      0.01      0.00      0.01      0.00      0.01    338.70      1.00
    beta_1[14]      0.01      0.00      0.01      0.00      0.01    307.84      1.00
    beta_1[15]      0.01      0.00      0.01      0.00      0.01    291.02      1.00
    beta_1[16]      0.01      0.00      0.01      0.00      0.01    279.13      1.00
    beta_1[17]      0.01      0.00      0.01      0.00      0.02    273.06      1.00
    beta_1[18]      0.01      0.00      0.01      0.00      0.02    255.53      1.00
    beta_1[19]      0.01      0.00      0.01      0.00      0.02    245.08      1.00
    beta_1[20]      0.01      0.00      0.01      0.00      0.02    249.01      1.00
    beta_1[21]      0.01      0.00      0.01      0.00      0.02    247.05      1.00
    beta_1[22]      0.01      0.00      0.01      0.00      0.02    241.08      1.00
    beta_1[23]      0.01      0.00      0.01      0.00      0.02    226.06      1.00
    beta_1[24]      0.01      0.00      0.01      0.01      0.02    213.24      1.00
    beta_1[25]      0.01      0.00      0.01      0.01      0.02    208.85      1.00
    beta_1[26]      0.01      0.00      0.01      0.01      0.02    198.34      1.00
    beta_1[27]      0.01      0.00      0.01      0.01      0.02    189.73      1.00
    beta_1[28]      0.01      0.00      0.01      0.01      0.02    189.39      1.00
    beta_1[29]      0.01      0.00      0.01      0.01      0.02    180.32      1.00
    beta_1[30]      0.02      0.00      0.02      0.01      0.02    181.25      1.00
    beta_1[31]      0.02      0.00      0.02      0.01      0.02    180.96      1.00
    beta_1[32]      0.02      0.00      0.02      0.01      0.02    178.66      1.00
    beta_1[33]      0.02      0.00      0.02      0.01      0.02    177.63      1.00
    beta_1[34]      0.02      0.00      0.02      0.01      0.02    173.86      1.00
    beta_1[35]      0.02      0.00      0.02      0.01      0.03    170.73      1.00
    beta_1[36]      0.02      0.00      0.02      0.01      0.03    163.48      1.00
    beta_1[37]      0.02      0.00      0.02      0.01      0.03    168.38      1.00
    beta_1[38]      0.02      0.00      0.02      0.01      0.03    169.39      1.00
    beta_1[39]      0.02      0.00      0.02      0.01      0.03    169.75      1.00
    beta_1[40]      0.02      0.00      0.02      0.01      0.03    172.79      1.00
    beta_1[41]      0.02      0.00      0.02      0.01      0.03    175.24      1.00
    beta_1[42]      0.02      0.00      0.02      0.01      0.03    172.36      1.00
    beta_1[43]      0.02      0.00      0.02      0.01      0.03    171.88      1.00
    beta_1[44]      0.02      0.00      0.02      0.01      0.03    173.86      1.00
    beta_1[45]      0.02      0.00      0.02      0.02      0.03    178.37      1.00
    beta_1[46]      0.02      0.00      0.02      0.02      0.03    181.04      1.00
    beta_1[47]      0.02      0.01      0.02      0.02      0.03    179.73      1.00
    beta_1[48]      0.02      0.00      0.02      0.02      0.03    176.25      1.00
    beta_1[49]      0.02      0.01      0.03      0.02      0.03    176.17      1.00
    beta_1[50]      0.03      0.01      0.03      0.02      0.03    175.85      1.00
    beta_1[51]      0.03      0.01      0.03      0.02      0.03    179.40      1.00
    beta_1[52]      0.03      0.01      0.03      0.02      0.03    177.52      1.00
    beta_1[53]      0.03      0.01      0.03      0.02      0.03    179.77      1.00
    beta_1[54]      0.03      0.01      0.03      0.02      0.04    178.53      1.00
    beta_1[55]      0.03      0.01      0.03      0.02      0.04    181.43      1.00
    beta_1[56]      0.03      0.01      0.03      0.02      0.04    183.14      1.00
    beta_1[57]      0.03      0.01      0.03      0.02      0.04    180.36      1.00
    beta_1[58]      0.03      0.01      0.03      0.02      0.04    180.05      1.00
    beta_1[59]      0.03      0.01      0.03      0.02      0.04    182.84      1.00
    beta_1[60]      0.03      0.01      0.03      0.02      0.04    182.79      1.00
    beta_1[61]      0.03      0.01      0.03      0.02      0.04    182.64      1.00
    beta_1[62]      0.03      0.01      0.03      0.02      0.04    184.73      1.00
    beta_1[63]      0.03      0.01      0.03      0.02      0.04    181.61      1.00
    beta_1[64]      0.03      0.01      0.03      0.02      0.04    182.60      1.00
    beta_1[65]      0.03      0.01      0.03      0.02      0.04    190.12      1.00
    beta_1[66]      0.03      0.01      0.03      0.02      0.04    186.97      1.00
    beta_1[67]      0.03      0.01      0.03      0.02      0.04    187.00      1.00
    beta_1[68]      0.03      0.01      0.03      0.03      0.04    180.86      1.00
    beta_1[69]      0.03      0.01      0.03      0.03      0.04    181.84      1.00
    beta_1[70]      0.03      0.01      0.03      0.03      0.04    182.13      1.00
    beta_1[71]      0.03      0.01      0.03      0.03      0.04    182.98      1.00
    beta_1[72]      0.03      0.01      0.03      0.03      0.04    187.36      1.00
    beta_1[73]      0.03      0.01      0.03      0.03      0.04    191.00      1.00
    beta_1[74]      0.03      0.01      0.03      0.03      0.04    192.43      1.00
    beta_1[75]      0.03      0.01      0.03      0.03      0.04    192.64      1.00
    beta_1[76]      0.04      0.01      0.03      0.03      0.04    192.30      1.00
    beta_1[77]      0.04      0.01      0.03      0.03      0.04    188.70      1.00
    beta_1[78]      0.04      0.01      0.03      0.03      0.04    189.99      1.00
    beta_1[79]      0.04      0.01      0.03      0.03      0.04    189.84      1.00
    beta_1[80]      0.04      0.00      0.04      0.03      0.04    196.79      1.00
    beta_1[81]      0.04      0.00      0.03      0.03      0.04    199.44      1.00
    beta_1[82]      0.04      0.00      0.03      0.03      0.04    203.59      1.00
    beta_1[83]      0.03      0.00      0.03      0.03      0.04    208.39      1.00
    beta_1[84]      0.03      0.00      0.03      0.03      0.04    211.64      1.00
    beta_1[85]      0.03      0.00      0.03      0.03      0.04    212.18      1.00
    beta_1[86]      0.03      0.00      0.03      0.03      0.04    216.22      1.00
    beta_1[87]      0.03      0.00      0.03      0.03      0.04    218.36      1.00
    beta_1[88]      0.03      0.00      0.03      0.03      0.04    219.29      1.00
    beta_1[89]      0.03      0.00      0.03      0.03      0.04    212.27      1.00
    beta_1[90]      0.03      0.00      0.03      0.03      0.04    217.71      1.00
    beta_1[91]      0.03      0.00      0.03      0.03      0.04    217.17      1.00
    beta_1[92]      0.03      0.00      0.03      0.03      0.04    221.56      1.00
    beta_1[93]      0.03      0.00      0.03      0.03      0.04    224.68      1.00
    beta_1[94]      0.03      0.00      0.03      0.03      0.04    224.79      1.00
    beta_1[95]      0.03      0.00      0.03      0.03      0.04    232.02      1.00
    beta_1[96]      0.03      0.00      0.03      0.03      0.04    234.81      1.00
    beta_1[97]      0.03      0.00      0.03      0.03      0.04    235.79      1.00
    beta_1[98]      0.03      0.00      0.03      0.02      0.04    240.13      1.00
    beta_1[99]      0.03      0.00      0.03      0.02      0.04    246.31      1.00
   beta_1[100]      0.03      0.00      0.03      0.02      0.04    249.87      1.00
   beta_1[101]      0.03      0.00      0.03      0.02      0.04    259.06      1.00
   beta_1[102]      0.03      0.00      0.03      0.02      0.04    264.69      1.00
   beta_1[103]      0.03      0.00      0.03      0.02      0.04    273.08      1.00
   beta_1[104]      0.03      0.00      0.03      0.02      0.04    279.80      1.00
   beta_1[105]      0.03      0.00      0.03      0.02      0.04    287.86      1.00
   beta_1[106]      0.03      0.00      0.03      0.02      0.04    288.64      1.00
   beta_1[107]      0.03      0.00      0.03      0.02      0.04    297.29      1.00
   beta_1[108]      0.03      0.00      0.03      0.02      0.03    305.13      1.00
   beta_1[109]      0.03      0.00      0.03      0.02      0.03    314.27      1.00
   beta_1[110]      0.03      0.00      0.03      0.02      0.03    328.66      1.00
   beta_1[111]      0.03      0.00      0.03      0.02      0.03    341.24      1.00
   beta_1[112]      0.03      0.00      0.03      0.02      0.03    355.18      1.00
   beta_1[113]      0.03      0.00      0.03      0.02      0.03    359.91      1.00
   beta_1[114]      0.03      0.00      0.03      0.02      0.03    378.79      1.00
   beta_1[115]      0.03      0.00      0.03      0.02      0.03    391.08      1.00
   beta_1[116]      0.03      0.00      0.02      0.02      0.03    392.72      1.00
   beta_1[117]      0.02      0.00      0.02      0.02      0.03    397.73      1.00
   beta_1[118]      0.02      0.00      0.02      0.02      0.03    401.96      1.00
   beta_1[119]      0.02      0.00      0.02      0.02      0.03    409.57      1.00
   beta_1[120]      0.02      0.00      0.02      0.02      0.03    429.77      1.00
   beta_1[121]      0.02      0.00      0.02      0.02      0.03    427.09      1.00
   beta_1[122]      0.02      0.00      0.02      0.02      0.03    435.66      1.00
   beta_1[123]      0.02      0.00      0.02      0.02      0.03    444.47      1.00
   beta_1[124]      0.02      0.00      0.02      0.02      0.03    444.54      1.00
   beta_1[125]      0.02      0.00      0.02      0.02      0.03    450.64      1.00
   beta_1[126]      0.02      0.00      0.02      0.02      0.03    446.86      1.00
   beta_1[127]      0.02      0.00      0.02      0.01      0.03    458.88      1.00
   beta_1[128]      0.02      0.00      0.02      0.02      0.03    475.43      1.00
   beta_1[129]      0.02      0.00      0.02      0.01      0.03    471.95      1.00
   beta_1[130]      0.02      0.00      0.02      0.01      0.03    485.13      1.00
   beta_1[131]      0.02      0.00      0.02      0.01      0.03    489.20      1.00
   beta_1[132]      0.02      0.00      0.02      0.01      0.02    498.35      1.00
   beta_1[133]      0.02      0.00      0.02      0.01      0.03    494.08      1.00
   beta_1[134]      0.02      0.00      0.02      0.01      0.02    489.97      1.00
   beta_1[135]      0.02      0.00      0.02      0.01      0.02    496.78      1.00
   beta_1[136]      0.02      0.00      0.02      0.01      0.02    488.23      1.00
   beta_1[137]      0.02      0.00      0.02      0.01      0.02    492.45      1.00
   beta_1[138]      0.02      0.00      0.02      0.01      0.02    489.23      1.00
   beta_1[139]      0.02      0.00      0.02      0.01      0.02    495.03      1.00
   beta_1[140]      0.02      0.00      0.02      0.01      0.02    504.86      1.00
   beta_1[141]      0.02      0.00      0.02      0.01      0.02    499.27      1.00
   beta_1[142]      0.02      0.00      0.02      0.01      0.02    500.64      1.00
   beta_1[143]      0.02      0.00      0.02      0.01      0.02    517.01      1.00
   beta_1[144]      0.02      0.00      0.02      0.01      0.02    526.26      1.00
   beta_1[145]      0.02      0.00      0.02      0.01      0.02    524.57      1.00
   beta_1[146]      0.02      0.00      0.02      0.01      0.02    531.94      1.00
   beta_1[147]      0.02      0.00      0.02      0.01      0.02    517.47      1.00
   beta_1[148]      0.01      0.00      0.01      0.01      0.02    524.23      1.00
   beta_1[149]      0.01      0.00      0.01      0.01      0.02    515.15      1.00
   beta_1[150]      0.01      0.00      0.01      0.01      0.02    519.30      1.00
   beta_1[151]      0.01      0.00      0.01      0.01      0.02    520.57      1.00
   beta_1[152]      0.01      0.00      0.01      0.01      0.02    539.55      1.00
   beta_1[153]      0.01      0.00      0.01      0.01      0.02    545.01      1.00
   beta_1[154]      0.01      0.00      0.01      0.01      0.02    569.79      1.00
   beta_1[155]      0.01      0.00      0.01      0.01      0.02    557.75      1.00
   beta_1[156]      0.01      0.00      0.01      0.01      0.02    564.18      1.00
   beta_1[157]      0.01      0.00      0.01      0.01      0.02    585.13      1.00
   beta_1[158]      0.01      0.00      0.01      0.01      0.02    594.97      1.00
   beta_1[159]      0.01      0.00      0.01      0.01      0.02    599.05      1.00
   beta_1[160]      0.01      0.00      0.01      0.01      0.02    609.69      1.00
   beta_1[161]      0.01      0.00      0.01      0.01      0.02    623.09      1.00
   beta_1[162]      0.01      0.00      0.01      0.01      0.02    648.79      1.00
   beta_1[163]      0.01      0.00      0.01      0.01      0.02    632.96      1.00
   beta_1[164]      0.01      0.00      0.01      0.01      0.02    667.39      1.00
   beta_1[165]      0.01      0.00      0.01      0.01      0.02    695.85      1.00
   beta_1[166]      0.01      0.00      0.01      0.01      0.02    690.66      1.00
   beta_1[167]      0.01      0.00      0.01      0.01      0.02    716.06      1.00
   beta_1[168]      0.01      0.00      0.01      0.01      0.02    739.23      1.00
   beta_1[169]      0.01      0.00      0.01      0.01      0.02    775.72      1.00
   beta_1[170]      0.01      0.00      0.01      0.01      0.02    820.76      1.00
   beta_1[171]      0.01      0.00      0.01      0.01      0.02    846.00      1.00
   beta_1[172]      0.01      0.00      0.01      0.01      0.02    863.34      1.00
   beta_1[173]      0.01      0.00      0.01      0.01      0.02    909.56      1.00
   beta_1[174]      0.01      0.00      0.01      0.01      0.02    913.10      1.00
   beta_1[175]      0.01      0.00      0.01      0.01      0.02    901.51      1.00
   beta_1[176]      0.01      0.00      0.01      0.01      0.02    874.72      1.00
   beta_1[177]      0.01      0.00      0.01      0.01      0.02    864.97      1.00
   beta_1[178]      0.01      0.00      0.01      0.01      0.02    887.57      1.00
   beta_1[179]      0.01      0.00      0.01      0.01      0.02    906.69      1.00
   beta_1[180]      0.01      0.00      0.01      0.01      0.02    909.06      1.00
   beta_1[181]      0.01      0.00      0.01      0.01      0.02    915.15      1.00
   beta_1[182]      0.01      0.00      0.01      0.01      0.02    871.43      1.00
   beta_1[183]      0.01      0.00      0.01      0.01      0.02    852.75      1.00
   beta_1[184]      0.01      0.00      0.01      0.01      0.02    897.43      1.00
   beta_1[185]      0.01      0.00      0.01      0.01      0.02    985.22      1.00
   beta_1[186]      0.01      0.00      0.01      0.01      0.02    987.21      1.00
   beta_1[187]      0.01      0.00      0.01      0.01      0.02   1049.55      1.00
   beta_1[188]      0.01      0.00      0.01      0.01      0.02   1068.86      1.00
   beta_1[189]      0.01      0.00      0.01      0.01      0.02   1061.75      1.00
   beta_1[190]      0.01      0.00      0.01      0.01      0.02   1042.57      1.00
   beta_1[191]      0.01      0.00      0.01      0.01      0.02   1027.33      1.00
   beta_1[192]      0.01      0.00      0.01      0.01      0.02   1054.89      1.00
   beta_1[193]      0.01      0.00      0.01      0.01      0.02   1119.20      1.00
   beta_1[194]      0.01      0.00      0.01      0.01      0.01   1164.75      1.00
   beta_1[195]      0.01      0.00      0.01      0.01      0.01   1173.45      1.00
   beta_1[196]      0.01      0.00      0.01      0.01      0.01   1126.64      1.00
   beta_1[197]      0.01      0.00      0.01      0.01      0.01   1095.77      1.00
   beta_1[198]      0.01      0.00      0.01      0.01      0.01   1054.47      1.00
   beta_1[199]      0.01      0.00      0.01      0.01      0.01   1148.67      1.00
   beta_1[200]      0.01      0.00      0.01      0.01      0.01   1127.02      1.00
   beta_1[201]      0.01      0.00      0.01      0.01      0.01   1180.13      1.00
   beta_1[202]      0.01      0.00      0.01      0.01      0.01   1109.21      1.00
   beta_1[203]      0.01      0.00      0.01      0.01      0.01   1226.40      1.00
   beta_1[204]      0.01      0.00      0.01      0.01      0.01   1198.60      1.00
   beta_1[205]      0.01      0.00      0.01      0.00      0.01   1216.20      1.00
   beta_1[206]      0.01      0.00      0.01      0.01      0.01   1279.05      1.00
   beta_1[207]      0.01      0.00      0.01      0.00      0.01   1285.21      1.00
   beta_1[208]      0.01      0.00      0.01      0.00      0.01   1222.74      1.00
   beta_1[209]      0.01      0.00      0.01      0.00      0.01   1326.60      1.00
   beta_1[210]      0.01      0.00      0.01      0.00      0.01   1285.04      1.00
   beta_1[211]      0.01      0.00      0.01      0.00      0.01   1344.58      1.00
   beta_1[212]      0.01      0.00      0.01      0.00      0.01   1269.18      1.00
   beta_1[213]      0.01      0.00      0.01      0.00      0.01   1291.65      1.00
   beta_1[214]      0.01      0.00      0.01      0.00      0.01   1278.08      1.00
   beta_1[215]      0.01      0.00      0.01      0.00      0.01   1298.81      1.00
   beta_1[216]      0.01      0.00      0.01      0.00      0.01   1305.02      1.00
   beta_1[217]      0.01      0.00      0.01      0.00      0.01   1226.83      1.00
   beta_1[218]      0.01      0.00      0.01      0.00      0.01   1349.12      1.00
   beta_1[219]      0.01      0.00      0.01      0.00      0.01   1366.44      1.00
   beta_1[220]      0.01      0.00      0.01      0.00      0.01   1398.47      1.00
   beta_1[221]      0.01      0.00      0.01      0.00      0.01   1391.28      1.00
   beta_1[222]      0.01      0.00      0.01      0.00      0.01   1522.23      1.00
   beta_1[223]      0.01      0.00      0.01      0.00      0.01   1602.49      1.00
   beta_1[224]      0.01      0.00      0.01      0.00      0.01   1713.52      1.00
   beta_1[225]      0.01      0.00      0.01      0.00      0.01   1642.48      1.00
   beta_1[226]      0.01      0.00      0.01      0.00      0.01   1621.94      1.00
   beta_1[227]      0.00      0.00      0.00      0.00      0.01   1670.45      1.00
   beta_1[228]      0.00      0.00      0.00      0.00      0.01   1591.69      1.00
   beta_1[229]      0.00      0.00      0.00      0.00      0.01   1567.23      1.00
   beta_1[230]      0.00      0.00      0.00      0.00      0.01   1626.77      1.00
   beta_1[231]      0.00      0.00      0.00      0.00      0.01   1546.80      1.00
   beta_1[232]      0.00      0.00      0.00      0.00      0.01   1516.95      1.00
   beta_1[233]      0.00      0.00      0.00      0.00      0.01   1558.76      1.00
   beta_1[234]      0.00      0.00      0.00      0.00      0.01   1594.90      1.00
   beta_1[235]      0.00      0.00      0.00      0.00      0.01   1646.96      1.00
   beta_1[236]      0.00      0.00      0.00      0.00      0.01   1582.29      1.00
   beta_1[237]      0.00      0.00      0.00      0.00      0.01   1714.70      1.00
   beta_1[238]      0.00      0.00      0.00      0.00      0.01   1748.35      1.00
   beta_1[239]      0.00      0.00      0.00      0.00      0.01   1711.21      1.00
   beta_1[240]      0.00      0.00      0.00      0.00      0.01   1623.01      1.00
   beta_1[241]      0.00      0.00      0.00      0.00      0.01   1745.72      1.00
   beta_1[242]      0.00      0.00      0.00      0.00      0.01   1687.98      1.00
   beta_1[243]      0.00      0.00      0.00      0.00      0.01   1662.59      1.00
   beta_1[244]      0.00      0.00      0.00      0.00      0.01   1742.49      1.00
   beta_1[245]      0.00      0.00      0.00      0.00      0.01   1682.40      1.00
   beta_1[246]      0.00      0.00      0.00      0.00      0.01   1567.19      1.00
   beta_1[247]      0.00      0.00      0.00      0.00      0.01   1462.79      1.00
   beta_1[248]      0.00      0.00      0.00      0.00      0.01   1527.80      1.00
   beta_1[249]      0.00      0.00      0.00      0.00      0.01   1573.37      1.00
   beta_1[250]      0.00      0.00      0.00      0.00      0.01   1511.82      1.00
   beta_1[251]      0.00      0.00      0.00      0.00      0.01   1486.09      1.00
   beta_1[252]      0.00      0.00      0.00      0.00      0.01   1634.98      1.00
   beta_1[253]      0.00      0.00      0.00      0.00      0.01   1551.32      1.00
   beta_1[254]      0.00      0.00      0.00      0.00      0.01   1635.30      1.00
   beta_1[255]      0.00      0.00      0.00      0.00      0.01   1592.83      1.00
   beta_1[256]      0.00      0.00      0.00      0.00      0.01   1559.32      1.00
   beta_1[257]      0.00      0.00      0.00      0.00      0.01   1644.62      1.00
   beta_1[258]      0.00      0.00      0.00      0.00      0.01   1588.30      1.00
   beta_1[259]      0.00      0.00      0.00      0.00      0.01   1613.09      1.00
   beta_1[260]      0.00      0.00      0.00      0.00      0.01   1618.00      1.00
   beta_1[261]      0.00      0.00      0.00      0.00      0.01   1523.20      1.00
   beta_1[262]      0.00      0.00      0.00      0.00      0.01   1718.92      1.00
   beta_1[263]      0.00      0.00      0.00      0.00      0.01   1792.66      1.00
   beta_1[264]      0.00      0.00      0.00      0.00      0.01   1713.13      1.00
   beta_1[265]      0.00      0.00      0.00      0.00      0.01   1803.89      1.00
   beta_1[266]      0.00      0.00      0.00      0.00      0.01   1746.61      1.00
   beta_1[267]      0.00      0.00      0.00      0.00      0.01   1718.37      1.00
   beta_1[268]      0.00      0.00      0.00      0.00      0.01   1882.03      1.00
   beta_1[269]      0.00      0.00      0.00      0.00      0.01   2037.41      1.00
   beta_1[270]      0.00      0.00      0.01      0.00      0.01   2126.34      1.00
   beta_1[271]      0.01      0.00      0.01      0.00      0.01   2112.20      1.00
   beta_1[272]      0.01      0.00      0.01      0.00      0.01   2094.41      1.00
   beta_1[273]      0.01      0.00      0.01      0.00      0.01   1894.06      1.00
   beta_1[274]      0.01      0.00      0.01      0.00      0.01   1790.54      1.00
   beta_1[275]      0.01      0.00      0.01      0.00      0.01   1718.33      1.00
   beta_1[276]      0.01      0.00      0.01      0.00      0.01   1877.56      1.00
   beta_1[277]      0.01      0.00      0.01      0.00      0.01   2134.65      1.00
   beta_1[278]      0.01      0.00      0.01      0.00      0.01   1976.05      1.00
   beta_1[279]      0.01      0.00      0.01      0.00      0.01   2058.43      1.00
   beta_1[280]      0.01      0.00      0.01      0.00      0.01   1973.51      1.00
   beta_1[281]      0.01      0.00      0.01      0.00      0.01   1855.01      1.00
   beta_1[282]      0.01      0.00      0.01      0.00      0.01   2021.47      1.00
   beta_1[283]      0.01      0.00      0.01      0.00      0.01   1969.09      1.00
   beta_1[284]      0.01      0.00      0.01      0.00      0.01   1878.59      1.00
   beta_1[285]      0.01      0.00      0.01      0.00      0.01   1843.23      1.00
   beta_1[286]      0.01      0.00      0.01      0.00      0.01   2052.21      1.00
   beta_1[287]      0.01      0.00      0.01      0.00      0.01   2296.09      1.00
   beta_1[288]      0.01      0.00      0.01      0.00      0.01   2036.06      1.00
   beta_1[289]      0.01      0.00      0.01      0.00      0.01   1977.19      1.00
   beta_1[290]      0.01      0.00      0.01      0.00      0.01   2017.41      1.00
   beta_1[291]      0.01      0.00      0.01      0.00      0.01   2002.35      1.00
   beta_1[292]      0.01      0.00      0.01      0.00      0.01   2020.54      1.00
   beta_1[293]      0.01      0.00      0.01      0.00      0.01   1913.31      1.00
   beta_1[294]      0.01      0.00      0.01      0.00      0.01   1944.71      1.00
   beta_1[295]      0.01      0.00      0.01      0.00      0.01   1919.83      1.00
   beta_1[296]      0.01      0.00      0.01      0.00      0.01   2121.90      1.00
   beta_1[297]      0.01      0.00      0.01      0.00      0.01   2170.14      1.00
   beta_1[298]      0.01      0.00      0.01      0.00      0.01   2033.97      1.00
   beta_1[299]      0.01      0.00      0.01      0.00      0.01   2088.34      1.00
   beta_1[300]      0.01      0.00      0.01      0.00      0.01   2180.11      1.00
   beta_1[301]      0.01      0.00      0.01      0.00      0.01   2097.52      1.00
   beta_1[302]      0.01      0.00      0.01      0.00      0.01   2178.64      1.00
   beta_1[303]      0.01      0.00      0.01      0.00      0.01   2238.87      1.00
   beta_1[304]      0.01      0.00      0.01      0.00      0.01   2359.73      1.00
   beta_1[305]      0.01      0.00      0.01      0.00      0.01   2533.34      1.00
   beta_1[306]      0.01      0.00      0.01      0.00      0.01   2901.31      1.00
   beta_1[307]      0.01      0.00      0.01      0.00      0.01   2561.49      1.00
   beta_1[308]      0.01      0.00      0.01      0.00      0.01   1912.80      1.00
   beta_1[309]      0.01      0.00      0.01      0.00      0.01   2511.24      1.00
   beta_1[310]      0.01      0.00      0.01      0.00      0.01   2412.87      1.00
   beta_1[311]      0.01      0.00      0.01      0.00      0.01   2432.15      1.00
   beta_1[312]      0.01      0.00      0.01      0.00      0.01   2424.02      1.00
   beta_1[313]      0.01      0.00      0.01      0.00      0.01   2412.14      1.00
   beta_1[314]      0.01      0.00      0.01      0.00      0.01   2273.30      1.00
   beta_1[315]      0.01      0.00      0.01      0.00      0.01   2428.74      1.00
   beta_1[316]      0.01      0.00      0.01      0.00      0.01   2418.90      1.00
   beta_1[317]      0.01      0.00      0.01      0.00      0.01   2523.21      1.00
   beta_1[318]      0.00      0.00      0.00      0.00      0.01   2555.39      1.00
   beta_1[319]      0.00      0.00      0.00      0.00      0.01   2538.17      1.00
   beta_1[320]      0.00      0.00      0.00      0.00      0.01   2292.30      1.00
   beta_1[321]      0.00      0.00      0.00      0.00      0.01   2601.16      1.00
   beta_1[322]      0.00      0.00      0.00      0.00      0.01   2584.19      1.00
   beta_1[323]      0.00      0.00      0.00      0.00      0.01   2658.72      1.00
   beta_1[324]      0.00      0.00      0.00      0.00      0.01   2446.48      1.00
   beta_1[325]      0.00      0.00      0.00      0.00      0.01   2671.19      1.00
   beta_1[326]      0.01      0.00      0.01      0.00      0.01   2248.98      1.00
   beta_1[327]      0.01      0.00      0.01      0.01      0.01   2781.92      1.00
   beta_1[328]      0.01      0.00      0.01      0.01      0.01   2675.57      1.00
   beta_1[329]      0.01      0.00      0.01      0.00      0.01   2722.75      1.00
   beta_1[330]      0.01      0.00      0.01      0.00      0.01   2448.72      1.00
  transform[0]     -0.05      0.98     -0.04     -1.62      1.53   2088.61      1.00

Number of divergences: 88
