                     date locationtest  value abbreviation location  population
location_name                                                                  
Minnesota      2020-01-24           27      0           MN       27   5639632.0
Minnesota      2020-01-25           27      0           MN       27   5639632.0
Minnesota      2020-01-26           27      0           MN       27   5639632.0
Minnesota      2020-01-27           27      0           MN       27   5639632.0
Minnesota      2020-01-28           27      0           MN       27   5639632.0
...                   ...          ...    ...          ...      ...         ...
Minnesota      2021-01-07           27   1983           MN       27   5639632.0
Minnesota      2021-01-08           27   2374           MN       27   5639632.0
Minnesota      2021-01-09           27   2469           MN       27   5639632.0
Minnesota      2021-01-10           27   2159           MN       27   5639632.0
Minnesota      2021-01-11           27    980           MN       27   5639632.0

[354 rows x 6 columns]

                    mean       std    median      5.0%     95.0%     n_eff     r_hat
 a_raw_init[0]      0.00      0.00      0.00      0.00      0.00   2023.24      1.00
 a_raw_init[1]      0.00      0.00      0.00      0.00      0.00   2017.42      1.00
 a_raw_init[2]      0.07      0.00      0.07      0.06      0.07   1609.11      1.00
 a_raw_init[3]      0.00      0.00      0.00      0.00      0.00   2026.96      1.00
 a_raw_init[4]      0.58      0.00      0.58      0.58      0.59   1442.98      1.00
 a_raw_init[5]      0.89      0.00      0.89      0.88      0.90   1291.66      1.00
 a_raw_init[6]      0.24      0.00      0.24      0.23      0.25   1017.22      1.00
 a_raw_init[7]      0.44      0.01      0.44      0.43      0.45   1039.81      1.00
 a_raw_init[8]      0.82      0.01      0.82      0.81      0.83   1082.12      1.00
 a_raw_init[9]      0.70      0.01      0.70      0.69      0.71   1372.21      1.00
a_raw_init[10]      0.70      0.00      0.70      0.70      0.71   1602.31      1.00
a_raw_init[11]      0.70      0.01      0.70      0.69      0.71   1570.10      1.00
     beta_1[0]      0.00      0.00      0.00     -0.00      0.00   1617.91      1.00
     beta_1[1]      0.00      0.00      0.00     -0.00      0.00    980.62      1.00
     beta_1[2]      0.00      0.00      0.00     -0.00      0.00    668.63      1.00
     beta_1[3]      0.00      0.00      0.00     -0.00      0.01    517.96      1.00
     beta_1[4]      0.00      0.00      0.00     -0.00      0.01    437.18      1.00
     beta_1[5]      0.00      0.00      0.00     -0.00      0.01    395.58      1.00
     beta_1[6]      0.00      0.00      0.00     -0.00      0.01    343.56      1.00
     beta_1[7]      0.00      0.00      0.00      0.00      0.01    310.63      1.00
     beta_1[8]      0.00      0.00      0.00      0.00      0.01    275.98      1.00
     beta_1[9]      0.01      0.00      0.01      0.00      0.01    235.75      1.00
    beta_1[10]      0.01      0.00      0.01      0.00      0.01    205.02      1.00
    beta_1[11]      0.01      0.00      0.01      0.00      0.01    187.26      1.00
    beta_1[12]      0.01      0.00      0.01      0.00      0.01    178.45      1.00
    beta_1[13]      0.01      0.00      0.01      0.00      0.01    168.07      1.00
    beta_1[14]      0.01      0.00      0.01      0.00      0.01    165.84      1.00
    beta_1[15]      0.01      0.00      0.01      0.00      0.01    146.16      1.00
    beta_1[16]      0.01      0.00      0.01      0.00      0.02    141.00      1.00
    beta_1[17]      0.01      0.00      0.01      0.00      0.02    131.72      1.00
    beta_1[18]      0.01      0.00      0.01      0.00      0.02    125.18      1.00
    beta_1[19]      0.01      0.00      0.01      0.00      0.02    121.50      1.00
    beta_1[20]      0.01      0.00      0.01      0.00      0.02    118.92      1.00
    beta_1[21]      0.01      0.00      0.01      0.01      0.02    116.70      1.00
    beta_1[22]      0.01      0.00      0.01      0.01      0.02    110.47      1.00
    beta_1[23]      0.01      0.00      0.01      0.01      0.02    106.52      1.00
    beta_1[24]      0.01      0.00      0.01      0.01      0.02    104.32      1.00
    beta_1[25]      0.01      0.00      0.01      0.01      0.02    103.85      1.00
    beta_1[26]      0.01      0.00      0.01      0.01      0.02    102.81      1.00
    beta_1[27]      0.02      0.00      0.02      0.01      0.02     98.32      1.00
    beta_1[28]      0.02      0.00      0.02      0.01      0.02     99.07      1.00
    beta_1[29]      0.02      0.00      0.02      0.01      0.02     97.39      1.00
    beta_1[30]      0.02      0.00      0.02      0.01      0.03     93.55      1.00
    beta_1[31]      0.02      0.00      0.02      0.01      0.03     93.05      1.00
    beta_1[32]      0.02      0.01      0.02      0.01      0.03     94.15      1.00
    beta_1[33]      0.02      0.01      0.02      0.01      0.03     94.46      1.00
    beta_1[34]      0.02      0.01      0.02      0.01      0.03     92.49      1.00
    beta_1[35]      0.02      0.01      0.02      0.01      0.03     90.94      1.00
    beta_1[36]      0.02      0.01      0.02      0.01      0.03     88.78      1.00
    beta_1[37]      0.02      0.01      0.02      0.01      0.03     89.73      1.00
    beta_1[38]      0.02      0.01      0.02      0.01      0.03     90.06      1.00
    beta_1[39]      0.02      0.01      0.02      0.01      0.03     90.56      1.00
    beta_1[40]      0.02      0.01      0.02      0.01      0.03     90.82      1.00
    beta_1[41]      0.02      0.01      0.02      0.01      0.03     93.40      1.00
    beta_1[42]      0.02      0.01      0.02      0.01      0.03     91.71      1.00
    beta_1[43]      0.02      0.01      0.02      0.02      0.03     92.94      1.00
    beta_1[44]      0.02      0.01      0.02      0.02      0.03     95.05      1.00
    beta_1[45]      0.03      0.01      0.02      0.02      0.03     95.95      1.00
    beta_1[46]      0.03      0.01      0.03      0.02      0.03     98.27      1.00
    beta_1[47]      0.03      0.01      0.03      0.02      0.04     94.93      1.00
    beta_1[48]      0.03      0.01      0.03      0.02      0.04     96.81      1.00
    beta_1[49]      0.03      0.01      0.03      0.02      0.04     97.81      1.00
    beta_1[50]      0.03      0.01      0.03      0.02      0.04     98.39      1.00
    beta_1[51]      0.03      0.01      0.03      0.02      0.04    100.37      1.00
    beta_1[52]      0.03      0.01      0.03      0.02      0.04     99.88      1.00
    beta_1[53]      0.03      0.01      0.03      0.02      0.04     98.95      1.00
    beta_1[54]      0.03      0.01      0.03      0.02      0.04    100.44      1.00
    beta_1[55]      0.03      0.01      0.03      0.02      0.04    100.92      1.00
    beta_1[56]      0.03      0.01      0.03      0.02      0.04    102.01      1.00
    beta_1[57]      0.03      0.01      0.03      0.02      0.04    102.29      1.00
    beta_1[58]      0.03      0.01      0.03      0.02      0.04    102.61      1.00
    beta_1[59]      0.03      0.01      0.03      0.02      0.04    102.72      1.00
    beta_1[60]      0.03      0.01      0.03      0.02      0.04    104.32      1.00
    beta_1[61]      0.03      0.01      0.03      0.03      0.04    100.94      1.00
    beta_1[62]      0.03      0.01      0.03      0.03      0.04     99.52      1.00
    beta_1[63]      0.04      0.01      0.04      0.03      0.04     99.05      1.00
    beta_1[64]      0.04      0.01      0.04      0.03      0.04     99.69      1.00
    beta_1[65]      0.04      0.01      0.04      0.03      0.05    101.19      1.00
    beta_1[66]      0.04      0.01      0.04      0.03      0.05    102.22      1.00
    beta_1[67]      0.04      0.01      0.04      0.03      0.05    103.29      1.00
    beta_1[68]      0.04      0.01      0.04      0.03      0.05    107.23      1.00
    beta_1[69]      0.04      0.01      0.04      0.03      0.05    110.54      1.00
    beta_1[70]      0.04      0.01      0.04      0.03      0.05    110.53      1.00
    beta_1[71]      0.04      0.01      0.04      0.03      0.05    117.30      1.00
    beta_1[72]      0.04      0.00      0.04      0.03      0.05    123.50      1.00
    beta_1[73]      0.04      0.00      0.04      0.03      0.05    134.61      1.00
    beta_1[74]      0.04      0.00      0.04      0.03      0.05    143.98      1.00
    beta_1[75]      0.04      0.00      0.04      0.03      0.05    149.20      1.00
    beta_1[76]      0.04      0.00      0.04      0.03      0.05    151.48      1.00
    beta_1[77]      0.04      0.00      0.04      0.04      0.05    156.63      1.00
    beta_1[78]      0.04      0.00      0.04      0.04      0.05    156.36      1.00
    beta_1[79]      0.04      0.00      0.04      0.04      0.05    160.21      1.00
    beta_1[80]      0.04      0.00      0.04      0.04      0.05    161.21      1.00
    beta_1[81]      0.05      0.00      0.04      0.04      0.05    165.21      1.00
    beta_1[82]      0.05      0.00      0.05      0.04      0.05    172.10      1.00
    beta_1[83]      0.05      0.00      0.05      0.04      0.05    178.22      1.00
    beta_1[84]      0.05      0.00      0.05      0.04      0.05    178.99      1.00
    beta_1[85]      0.05      0.00      0.05      0.04      0.05    185.58      1.00
    beta_1[86]      0.05      0.00      0.05      0.04      0.05    200.61      1.00
    beta_1[87]      0.05      0.00      0.05      0.04      0.05    204.58      1.00
    beta_1[88]      0.05      0.00      0.05      0.04      0.05    209.84      1.00
    beta_1[89]      0.05      0.00      0.05      0.04      0.05    212.84      1.00
    beta_1[90]      0.05      0.00      0.05      0.04      0.05    215.55      1.00
    beta_1[91]      0.05      0.00      0.05      0.04      0.05    233.84      1.00
    beta_1[92]      0.05      0.00      0.05      0.04      0.05    245.04      1.00
    beta_1[93]      0.05      0.00      0.05      0.04      0.05    259.43      1.00
    beta_1[94]      0.05      0.00      0.05      0.04      0.05    264.46      1.00
    beta_1[95]      0.05      0.00      0.05      0.04      0.05    272.73      1.00
    beta_1[96]      0.05      0.00      0.05      0.04      0.05    286.58      1.00
    beta_1[97]      0.05      0.00      0.05      0.04      0.05    302.25      1.00
    beta_1[98]      0.05      0.00      0.05      0.04      0.05    326.63      1.00
    beta_1[99]      0.05      0.00      0.05      0.04      0.05    348.48      1.00
   beta_1[100]      0.04      0.00      0.04      0.04      0.05    361.64      1.00
   beta_1[101]      0.04      0.00      0.04      0.04      0.05    395.26      1.00
   beta_1[102]      0.04      0.00      0.04      0.04      0.05    393.49      1.00
   beta_1[103]      0.04      0.00      0.04      0.04      0.05    419.21      1.00
   beta_1[104]      0.04      0.00      0.04      0.04      0.04    434.58      1.00
   beta_1[105]      0.04      0.00      0.04      0.04      0.04    448.39      1.00
   beta_1[106]      0.04      0.00      0.04      0.03      0.04    493.89      1.00
   beta_1[107]      0.04      0.00      0.04      0.03      0.04    560.34      1.00
   beta_1[108]      0.04      0.00      0.04      0.03      0.04    642.20      1.00
   beta_1[109]      0.03      0.00      0.03      0.03      0.04    789.37      1.00
   beta_1[110]      0.03      0.00      0.03      0.03      0.04    847.30      1.00
   beta_1[111]      0.03      0.00      0.03      0.03      0.03    954.93      1.00
   beta_1[112]      0.03      0.00      0.03      0.03      0.03   1070.70      1.00
   beta_1[113]      0.03      0.00      0.03      0.03      0.03    969.84      1.00
   beta_1[114]      0.03      0.00      0.03      0.02      0.03   1413.61      1.00
   beta_1[115]      0.03      0.00      0.03      0.02      0.03   1512.06      1.00
   beta_1[116]      0.03      0.00      0.03      0.02      0.03   1295.07      1.00
   beta_1[117]      0.03      0.00      0.03      0.02      0.03   1335.83      1.00
   beta_1[118]      0.02      0.00      0.02      0.02      0.03   1512.82      1.00
   beta_1[119]      0.02      0.00      0.02      0.02      0.03   1581.86      1.00
   beta_1[120]      0.02      0.00      0.02      0.02      0.02   1696.10      1.00
   beta_1[121]      0.02      0.00      0.02      0.02      0.02   1683.70      1.00
   beta_1[122]      0.02      0.00      0.02      0.02      0.02   1711.88      1.00
   beta_1[123]      0.02      0.00      0.02      0.02      0.02   1775.13      1.00
   beta_1[124]      0.02      0.00      0.02      0.02      0.02   1804.07      1.00
   beta_1[125]      0.02      0.00      0.02      0.02      0.02   1910.79      1.00
   beta_1[126]      0.02      0.00      0.02      0.02      0.02   1979.01      1.00
   beta_1[127]      0.02      0.00      0.02      0.02      0.02   2062.99      1.00
   beta_1[128]      0.02      0.00      0.02      0.02      0.02   2065.03      1.00
   beta_1[129]      0.02      0.00      0.02      0.01      0.02   2027.86      1.00
   beta_1[130]      0.02      0.00      0.02      0.01      0.02   2098.94      1.00
   beta_1[131]      0.02      0.00      0.02      0.01      0.02   2177.75      1.00
   beta_1[132]      0.02      0.00      0.02      0.01      0.02   2179.40      1.00
   beta_1[133]      0.02      0.00      0.02      0.01      0.02   2144.46      1.00
   beta_1[134]      0.02      0.00      0.02      0.01      0.02   2273.23      1.00
   beta_1[135]      0.01      0.00      0.01      0.01      0.02   2245.43      1.00
   beta_1[136]      0.01      0.00      0.01      0.01      0.02   2254.30      1.00
   beta_1[137]      0.01      0.00      0.01      0.01      0.02   2044.23      1.00
   beta_1[138]      0.01      0.00      0.01      0.01      0.02   2232.30      1.00
   beta_1[139]      0.01      0.00      0.01      0.01      0.01   2150.37      1.00
   beta_1[140]      0.01      0.00      0.01      0.01      0.01   2280.29      1.00
   beta_1[141]      0.01      0.00      0.01      0.01      0.01   2028.30      1.00
   beta_1[142]      0.01      0.00      0.01      0.01      0.01   2129.26      1.00
   beta_1[143]      0.01      0.00      0.01      0.01      0.01   2181.90      1.00
   beta_1[144]      0.01      0.00      0.01      0.01      0.01   2305.53      1.00
   beta_1[145]      0.01      0.00      0.01      0.01      0.01   2227.12      1.00
   beta_1[146]      0.01      0.00      0.01      0.01      0.01   2201.63      1.00
   beta_1[147]      0.01      0.00      0.01      0.01      0.01   2446.45      1.00
   beta_1[148]      0.01      0.00      0.01      0.00      0.01   2463.98      1.00
   beta_1[149]      0.01      0.00      0.01      0.00      0.01   2249.56      1.00
   beta_1[150]      0.01      0.00      0.01      0.00      0.01   2174.34      1.00
   beta_1[151]      0.00      0.00      0.00      0.00      0.01   2002.34      1.00
   beta_1[152]      0.00      0.00      0.00      0.00      0.01   2061.28      1.00
   beta_1[153]      0.00      0.00      0.00      0.00      0.01   2464.21      1.00
   beta_1[154]      0.00      0.00      0.00      0.00      0.01   2487.63      1.00
   beta_1[155]      0.00      0.00      0.00      0.00      0.01   1792.84      1.00
   beta_1[156]      0.00      0.00      0.00      0.00      0.01   2308.74      1.00
   beta_1[157]      0.00      0.00      0.00      0.00      0.01   2006.73      1.00
   beta_1[158]      0.00      0.00      0.00      0.00      0.01   2142.94      1.00
   beta_1[159]      0.00      0.00      0.00      0.00      0.01   2163.88      1.00
   beta_1[160]      0.00      0.00      0.00      0.00      0.01   2162.24      1.00
   beta_1[161]      0.00      0.00      0.00      0.00      0.01   2172.81      1.00
   beta_1[162]      0.00      0.00      0.00      0.00      0.00   2347.12      1.00
   beta_1[163]      0.00      0.00      0.00      0.00      0.00   2480.67      1.00
   beta_1[164]      0.00      0.00      0.00      0.00      0.00   2322.49      1.00
   beta_1[165]      0.00      0.00      0.00      0.00      0.00   2311.79      1.00
   beta_1[166]      0.00      0.00      0.00      0.00      0.00   2223.67      1.00
   beta_1[167]      0.00      0.00      0.00      0.00      0.00   2265.83      1.00
   beta_1[168]      0.00      0.00      0.00      0.00      0.00   2103.60      1.00
   beta_1[169]      0.00      0.00      0.00      0.00      0.00   1906.50      1.00
   beta_1[170]      0.00      0.00      0.00      0.00      0.00   2146.25      1.00
   beta_1[171]      0.00      0.00      0.00      0.00      0.00   2268.07      1.00
   beta_1[172]      0.00      0.00      0.00      0.00      0.00   2354.11      1.00
   beta_1[173]      0.00      0.00      0.00      0.00      0.00   2209.44      1.00
   beta_1[174]      0.00      0.00      0.00      0.00      0.00   2303.12      1.00
   beta_1[175]      0.00      0.00      0.00      0.00      0.00   2438.05      1.00
   beta_1[176]      0.00      0.00      0.00      0.00      0.00   2488.58      1.00
   beta_1[177]      0.00      0.00      0.00      0.00      0.00   2501.77      1.00
   beta_1[178]      0.00      0.00      0.00      0.00      0.00   2398.02      1.00
   beta_1[179]      0.00      0.00      0.00      0.00      0.00   2631.56      1.00
   beta_1[180]      0.00      0.00      0.00      0.00      0.00   2244.12      1.00
   beta_1[181]      0.00      0.00      0.00      0.00      0.00   2474.75      1.00
   beta_1[182]      0.00      0.00      0.00      0.00      0.00   2331.44      1.00
   beta_1[183]      0.00      0.00      0.00      0.00      0.00   2452.10      1.00
   beta_1[184]      0.00      0.00      0.00      0.00      0.00   2428.41      1.00
   beta_1[185]      0.00      0.00      0.00      0.00      0.00   2407.04      1.00
   beta_1[186]      0.00      0.00      0.00      0.00      0.00   2410.70      1.00
   beta_1[187]      0.00      0.00      0.00      0.00      0.00   2229.85      1.00
   beta_1[188]      0.00      0.00      0.00      0.00      0.00   2144.48      1.00
   beta_1[189]      0.00      0.00      0.00      0.00      0.00   2409.12      1.00
   beta_1[190]      0.00      0.00      0.00      0.00      0.00   2097.26      1.00
   beta_1[191]      0.00      0.00      0.00      0.00      0.00   2155.47      1.00
   beta_1[192]      0.00      0.00      0.00      0.00      0.00   2357.65      1.00
   beta_1[193]      0.00      0.00      0.00      0.00      0.00   2301.09      1.00
   beta_1[194]      0.00      0.00      0.00      0.00      0.00   2203.21      1.00
   beta_1[195]      0.00      0.00      0.00      0.00      0.00   2401.52      1.00
   beta_1[196]      0.00      0.00      0.00      0.00      0.00   2235.83      1.00
   beta_1[197]      0.00      0.00      0.00      0.00      0.00   2239.21      1.00
   beta_1[198]      0.00      0.00      0.00      0.00      0.00   2143.52      1.00
   beta_1[199]      0.00      0.00      0.00      0.00      0.00   2152.70      1.00
   beta_1[200]      0.00      0.00      0.00      0.00      0.00   2112.22      1.00
   beta_1[201]      0.00      0.00      0.00      0.00      0.00   2191.32      1.00
   beta_1[202]      0.00      0.00      0.00      0.00      0.00   2429.57      1.00
   beta_1[203]      0.00      0.00      0.00      0.00      0.00   2165.68      1.00
   beta_1[204]      0.00      0.00      0.00      0.00      0.01   2602.81      1.00
   beta_1[205]      0.01      0.00      0.01      0.00      0.01   1978.38      1.00
   beta_1[206]      0.00      0.00      0.00      0.00      0.01   2221.19      1.00
   beta_1[207]      0.00      0.00      0.00      0.00      0.00   2272.91      1.00
   beta_1[208]      0.00      0.00      0.00      0.00      0.00   2209.74      1.00
   beta_1[209]      0.00      0.00      0.00      0.00      0.00   2200.11      1.00
   beta_1[210]      0.00      0.00      0.00      0.00      0.00   2087.56      1.00
   beta_1[211]      0.00      0.00      0.00      0.00      0.00   2273.44      1.00
  transform[0]      0.01      1.03      0.02     -1.71      1.71   1714.74      1.00

Number of divergences: 136
