                     date locationtest  value abbreviation location  population
location_name                                                                  
Nebraska       2020-01-24           31      0           NE       31   1934408.0
Nebraska       2020-01-25           31      0           NE       31   1934408.0
Nebraska       2020-01-26           31      0           NE       31   1934408.0
Nebraska       2020-01-27           31      0           NE       31   1934408.0
Nebraska       2020-01-28           31      0           NE       31   1934408.0
...                   ...          ...    ...          ...      ...         ...
Nebraska       2021-01-07           31   1122           NE       31   1934408.0
Nebraska       2021-01-08           31   1023           NE       31   1934408.0
Nebraska       2021-01-09           31   1006           NE       31   1934408.0
Nebraska       2021-01-10           31    406           NE       31   1934408.0
Nebraska       2021-01-11           31    644           NE       31   1934408.0

[354 rows x 6 columns]

                    mean       std    median      5.0%     95.0%     n_eff     r_hat
 a_raw_init[0]      0.00      0.00      0.00      0.00      0.00   1788.44      1.00
 a_raw_init[1]      0.00      0.00      0.00      0.00      0.00    871.06      1.00
 a_raw_init[2]      0.00      0.00      0.00      0.00      0.00    232.01      1.00
 a_raw_init[3]      0.00      0.00      0.00      0.00      0.00   1203.35      1.00
 a_raw_init[4]      0.18      0.00      0.18      0.17      0.19    926.12      1.00
 a_raw_init[5]      0.09      0.00      0.09      0.08      0.09    614.96      1.00
 a_raw_init[6]      0.07      0.01      0.07      0.06      0.08    553.48      1.00
 a_raw_init[7]      0.03      0.00      0.03      0.02      0.04    435.91      1.00
 a_raw_init[8]      0.13      0.01      0.13      0.12      0.13    277.64      1.00
 a_raw_init[9]      0.08      0.01      0.08      0.07      0.09    241.23      1.00
a_raw_init[10]      0.12      0.00      0.12      0.11      0.13    564.01      1.00
a_raw_init[11]      0.10      0.01      0.10      0.09      0.11    598.10      1.00
a_raw_init[12]      0.31      0.01      0.31      0.30      0.32    557.73      1.00
a_raw_init[13]      0.24      0.01      0.24      0.23      0.25    666.37      1.00
a_raw_init[14]      0.66      0.00      0.66      0.65      0.67    781.34      1.00
a_raw_init[15]      0.78      0.01      0.77      0.77      0.79    841.63      1.00
     beta_1[0]      0.00      0.00      0.00     -0.00      0.00    997.74      1.00
     beta_1[1]      0.00      0.00      0.00     -0.00      0.00    578.75      1.00
     beta_1[2]      0.00      0.00      0.00     -0.00      0.00    473.66      1.00
     beta_1[3]      0.00      0.00      0.00     -0.00      0.00    406.03      1.00
     beta_1[4]      0.00      0.00      0.00     -0.00      0.00    363.91      1.00
     beta_1[5]      0.00      0.00      0.00     -0.00      0.00    343.66      1.00
     beta_1[6]      0.00      0.00      0.00     -0.00      0.01    323.03      1.00
     beta_1[7]      0.00      0.00      0.00     -0.00      0.01    327.47      1.00
     beta_1[8]      0.00      0.00      0.00     -0.00      0.01    302.28      1.00
     beta_1[9]      0.00      0.00      0.00     -0.00      0.01    269.82      1.00
    beta_1[10]      0.00      0.00      0.00     -0.00      0.01    251.73      1.00
    beta_1[11]      0.00      0.00      0.00     -0.00      0.01    236.96      1.00
    beta_1[12]      0.00      0.00      0.00     -0.00      0.01    202.40      1.00
    beta_1[13]      0.00      0.00      0.00     -0.00      0.01    194.22      1.00
    beta_1[14]      0.00      0.00      0.00     -0.00      0.01    182.47      1.00
    beta_1[15]      0.00      0.00      0.00     -0.00      0.01    154.27      1.00
    beta_1[16]      0.00      0.00      0.00     -0.00      0.01    143.78      1.00
    beta_1[17]      0.00      0.00      0.00     -0.00      0.01    139.34      1.00
    beta_1[18]      0.00      0.00      0.00     -0.00      0.01    137.68      1.00
    beta_1[19]      0.01      0.00      0.00     -0.00      0.01    138.24      1.00
    beta_1[20]      0.01      0.00      0.01     -0.00      0.01    131.57      1.00
    beta_1[21]      0.01      0.00      0.01     -0.00      0.01    129.11      1.00
    beta_1[22]      0.01      0.00      0.01     -0.00      0.01    126.74      1.00
    beta_1[23]      0.01      0.00      0.01     -0.00      0.01    123.65      1.00
    beta_1[24]      0.01      0.00      0.01     -0.00      0.01    124.93      1.00
    beta_1[25]      0.01      0.00      0.01     -0.00      0.01    131.63      1.00
    beta_1[26]      0.01      0.00      0.01      0.00      0.01    131.11      1.00
    beta_1[27]      0.01      0.00      0.01      0.00      0.01    136.15      1.00
    beta_1[28]      0.01      0.00      0.01     -0.00      0.01    147.24      1.00
    beta_1[29]      0.01      0.00      0.01      0.00      0.01    150.23      1.00
    beta_1[30]      0.01      0.00      0.01      0.00      0.02    160.31      1.00
    beta_1[31]      0.01      0.00      0.01      0.00      0.02    157.45      1.00
    beta_1[32]      0.01      0.00      0.01      0.00      0.02    167.93      1.00
    beta_1[33]      0.01      0.00      0.01      0.00      0.02    177.97      1.00
    beta_1[34]      0.01      0.00      0.01      0.00      0.02    176.68      1.00
    beta_1[35]      0.01      0.00      0.01      0.00      0.02    177.72      1.00
    beta_1[36]      0.01      0.00      0.01      0.00      0.02    171.75      1.00
    beta_1[37]      0.01      0.00      0.01      0.00      0.02    165.25      1.00
    beta_1[38]      0.01      0.00      0.01      0.00      0.02    163.86      1.00
    beta_1[39]      0.01      0.00      0.01      0.00      0.02    156.74      1.00
    beta_1[40]      0.01      0.00      0.01      0.00      0.02    155.41      1.00
    beta_1[41]      0.01      0.00      0.01      0.00      0.02    152.12      1.00
    beta_1[42]      0.01      0.00      0.01      0.00      0.02    147.72      1.00
    beta_1[43]      0.01      0.00      0.01      0.00      0.02    139.87      1.00
    beta_1[44]      0.01      0.00      0.01      0.00      0.02    133.99      1.00
    beta_1[45]      0.01      0.00      0.01      0.00      0.02    140.45      1.01
    beta_1[46]      0.01      0.00      0.01      0.00      0.02    135.17      1.00
    beta_1[47]      0.01      0.00      0.01      0.00      0.02    127.71      1.00
    beta_1[48]      0.01      0.00      0.01      0.01      0.02    124.11      1.00
    beta_1[49]      0.01      0.00      0.01      0.00      0.02    121.34      1.00
    beta_1[50]      0.01      0.00      0.01      0.01      0.02    116.48      1.00
    beta_1[51]      0.01      0.00      0.01      0.01      0.02    115.26      1.00
    beta_1[52]      0.01      0.00      0.01      0.01      0.02    118.46      1.00
    beta_1[53]      0.01      0.00      0.01      0.01      0.02    121.93      1.00
    beta_1[54]      0.01      0.00      0.01      0.01      0.02    132.84      1.00
    beta_1[55]      0.01      0.00      0.01      0.01      0.02    138.82      1.00
    beta_1[56]      0.01      0.00      0.01      0.01      0.02    138.49      1.00
    beta_1[57]      0.01      0.00      0.01      0.01      0.02    136.46      1.00
    beta_1[58]      0.01      0.01      0.01      0.01      0.02    127.73      1.00
    beta_1[59]      0.02      0.01      0.02      0.01      0.02    125.70      1.00
    beta_1[60]      0.02      0.01      0.02      0.01      0.02    126.14      1.00
    beta_1[61]      0.02      0.01      0.02      0.01      0.02    127.38      1.00
    beta_1[62]      0.02      0.01      0.02      0.01      0.02    128.34      1.00
    beta_1[63]      0.02      0.00      0.02      0.01      0.02    127.42      1.00
    beta_1[64]      0.02      0.00      0.02      0.01      0.02    127.31      1.00
    beta_1[65]      0.02      0.00      0.02      0.01      0.02    125.63      1.00
    beta_1[66]      0.02      0.00      0.02      0.01      0.03    123.46      1.00
    beta_1[67]      0.02      0.00      0.02      0.01      0.03    121.26      1.00
    beta_1[68]      0.02      0.00      0.02      0.01      0.03    118.99      1.00
    beta_1[69]      0.02      0.00      0.02      0.01      0.03    111.50      1.00
    beta_1[70]      0.02      0.00      0.02      0.01      0.03    111.77      1.00
    beta_1[71]      0.02      0.01      0.02      0.01      0.03    110.89      1.00
    beta_1[72]      0.02      0.01      0.02      0.01      0.03    107.66      1.00
    beta_1[73]      0.02      0.01      0.02      0.01      0.03    101.02      1.00
    beta_1[74]      0.02      0.01      0.02      0.01      0.03     97.25      1.00
    beta_1[75]      0.02      0.01      0.02      0.01      0.03     95.79      1.00
    beta_1[76]      0.02      0.01      0.02      0.01      0.03     94.28      1.00
    beta_1[77]      0.02      0.01      0.02      0.01      0.03     92.12      1.00
    beta_1[78]      0.02      0.01      0.02      0.01      0.03     89.92      1.00
    beta_1[79]      0.02      0.01      0.02      0.01      0.03     89.52      1.00
    beta_1[80]      0.02      0.01      0.02      0.01      0.03     89.24      1.00
    beta_1[81]      0.02      0.01      0.02      0.01      0.03     89.24      1.01
    beta_1[82]      0.02      0.01      0.02      0.01      0.03     89.68      1.01
    beta_1[83]      0.02      0.01      0.02      0.01      0.03     92.26      1.01
    beta_1[84]      0.02      0.01      0.02      0.01      0.03     92.91      1.01
    beta_1[85]      0.02      0.01      0.02      0.01      0.03     92.78      1.01
    beta_1[86]      0.02      0.00      0.02      0.01      0.03     90.14      1.01
    beta_1[87]      0.02      0.00      0.02      0.01      0.03     86.65      1.01
    beta_1[88]      0.02      0.00      0.02      0.02      0.03     84.18      1.01
    beta_1[89]      0.02      0.00      0.02      0.02      0.03     80.52      1.01
    beta_1[90]      0.02      0.00      0.02      0.02      0.03     80.61      1.01
    beta_1[91]      0.02      0.00      0.02      0.02      0.03     81.65      1.01
    beta_1[92]      0.02      0.00      0.02      0.02      0.03     77.98      1.01
    beta_1[93]      0.02      0.00      0.02      0.02      0.03     80.25      1.01
    beta_1[94]      0.02      0.00      0.02      0.02      0.03     80.83      1.01
    beta_1[95]      0.02      0.00      0.02      0.02      0.03     83.42      1.00
    beta_1[96]      0.02      0.00      0.02      0.02      0.03     82.00      1.00
    beta_1[97]      0.02      0.00      0.02      0.02      0.03     79.57      1.00
    beta_1[98]      0.03      0.00      0.02      0.02      0.03     72.93      1.00
    beta_1[99]      0.03      0.00      0.02      0.02      0.03     68.61      1.01
   beta_1[100]      0.03      0.00      0.03      0.02      0.03     69.71      1.01
   beta_1[101]      0.03      0.00      0.03      0.02      0.03     70.25      1.01
   beta_1[102]      0.03      0.00      0.03      0.02      0.03     78.48      1.00
   beta_1[103]      0.03      0.00      0.03      0.02      0.03     78.59      1.00
   beta_1[104]      0.03      0.00      0.03      0.02      0.03     80.04      1.00
   beta_1[105]      0.03      0.00      0.03      0.02      0.03     83.03      1.00
   beta_1[106]      0.03      0.00      0.03      0.02      0.03     82.92      1.00
   beta_1[107]      0.03      0.00      0.03      0.02      0.03     82.74      1.00
   beta_1[108]      0.03      0.00      0.03      0.02      0.03     80.18      1.00
   beta_1[109]      0.03      0.00      0.03      0.02      0.03     77.13      1.00
   beta_1[110]      0.03      0.00      0.03      0.02      0.03     72.94      1.00
   beta_1[111]      0.03      0.00      0.03      0.02      0.03     74.81      1.01
   beta_1[112]      0.03      0.00      0.03      0.02      0.03     79.72      1.01
   beta_1[113]      0.03      0.00      0.03      0.02      0.03     89.14      1.00
   beta_1[114]      0.03      0.00      0.03      0.02      0.03     93.24      1.01
   beta_1[115]      0.03      0.00      0.03      0.02      0.03    114.95      1.01
   beta_1[116]      0.03      0.00      0.03      0.02      0.03    108.76      1.01
   beta_1[117]      0.03      0.00      0.03      0.02      0.03    123.20      1.01
   beta_1[118]      0.03      0.00      0.02      0.02      0.03    132.54      1.01
   beta_1[119]      0.02      0.00      0.02      0.02      0.03    149.04      1.00
   beta_1[120]      0.02      0.00      0.02      0.02      0.03    161.38      1.01
   beta_1[121]      0.02      0.00      0.02      0.02      0.03    165.25      1.01
   beta_1[122]      0.02      0.00      0.02      0.02      0.03    167.07      1.00
   beta_1[123]      0.02      0.00      0.02      0.02      0.03    161.62      1.00
   beta_1[124]      0.02      0.00      0.02      0.02      0.03    159.71      1.00
   beta_1[125]      0.02      0.00      0.02      0.02      0.03    156.55      1.00
   beta_1[126]      0.02      0.00      0.02      0.02      0.03    163.02      1.00
   beta_1[127]      0.02      0.00      0.02      0.02      0.03    156.08      1.00
   beta_1[128]      0.02      0.00      0.02      0.02      0.03    156.75      1.00
   beta_1[129]      0.02      0.00      0.02      0.02      0.03    162.06      1.00
   beta_1[130]      0.02      0.00      0.02      0.02      0.03    166.93      1.00
   beta_1[131]      0.02      0.00      0.02      0.02      0.03    165.97      1.00
   beta_1[132]      0.02      0.00      0.02      0.02      0.03    165.54      1.00
   beta_1[133]      0.02      0.00      0.02      0.02      0.03    167.19      1.00
   beta_1[134]      0.02      0.00      0.02      0.02      0.03    171.41      1.00
   beta_1[135]      0.02      0.00      0.02      0.02      0.03    176.97      1.00
   beta_1[136]      0.02      0.00      0.02      0.02      0.03    178.47      1.00
   beta_1[137]      0.02      0.00      0.02      0.02      0.03    181.92      1.00
   beta_1[138]      0.02      0.00      0.02      0.02      0.03    181.18      1.00
   beta_1[139]      0.02      0.00      0.02      0.02      0.03    174.07      1.00
   beta_1[140]      0.02      0.00      0.02      0.02      0.03    178.55      1.00
   beta_1[141]      0.02      0.00      0.02      0.02      0.03    183.36      1.00
   beta_1[142]      0.02      0.00      0.02      0.02      0.03    187.54      1.00
   beta_1[143]      0.02      0.00      0.02      0.02      0.03    185.80      1.00
   beta_1[144]      0.02      0.00      0.02      0.02      0.02    189.60      1.00
   beta_1[145]      0.02      0.00      0.02      0.01      0.02    184.17      1.00
   beta_1[146]      0.02      0.00      0.02      0.01      0.02    196.55      1.00
   beta_1[147]      0.02      0.00      0.02      0.01      0.02    196.65      1.00
   beta_1[148]      0.02      0.00      0.02      0.01      0.02    210.89      1.00
   beta_1[149]      0.02      0.00      0.02      0.01      0.02    224.44      1.00
   beta_1[150]      0.02      0.00      0.02      0.01      0.02    224.10      1.00
   beta_1[151]      0.02      0.00      0.02      0.01      0.02    231.66      1.00
   beta_1[152]      0.02      0.00      0.02      0.01      0.02    227.86      1.00
   beta_1[153]      0.02      0.00      0.02      0.01      0.02    242.84      1.00
   beta_1[154]      0.02      0.00      0.02      0.01      0.02    239.76      1.00
   beta_1[155]      0.02      0.00      0.02      0.01      0.02    238.11      1.00
   beta_1[156]      0.01      0.00      0.01      0.01      0.02    250.17      1.00
   beta_1[157]      0.01      0.00      0.01      0.01      0.02    222.30      1.00
   beta_1[158]      0.01      0.00      0.01      0.01      0.02    214.44      1.00
   beta_1[159]      0.01      0.00      0.01      0.01      0.02    226.33      1.00
   beta_1[160]      0.01      0.00      0.01      0.01      0.02    233.46      1.00
   beta_1[161]      0.01      0.00      0.01      0.01      0.02    256.92      1.00
   beta_1[162]      0.01      0.00      0.01      0.01      0.02    265.89      1.00
   beta_1[163]      0.01      0.00      0.01      0.01      0.02    267.58      1.00
   beta_1[164]      0.01      0.00      0.01      0.01      0.02    272.63      1.00
   beta_1[165]      0.01      0.00      0.01      0.01      0.02    263.90      1.00
   beta_1[166]      0.01      0.00      0.01      0.01      0.02    265.83      1.00
   beta_1[167]      0.01      0.00      0.01      0.01      0.02    256.26      1.00
   beta_1[168]      0.01      0.00      0.01      0.01      0.02    265.38      1.00
   beta_1[169]      0.01      0.00      0.01      0.01      0.02    263.84      1.00
   beta_1[170]      0.01      0.00      0.01      0.01      0.02    261.05      1.00
   beta_1[171]      0.01      0.00      0.01      0.01      0.02    248.57      1.00
   beta_1[172]      0.01      0.00      0.01      0.01      0.02    274.99      1.00
   beta_1[173]      0.01      0.00      0.01      0.01      0.01    290.56      1.00
   beta_1[174]      0.01      0.00      0.01      0.01      0.02    287.51      1.00
   beta_1[175]      0.01      0.00      0.01      0.01      0.02    272.81      1.00
   beta_1[176]      0.01      0.00      0.01      0.01      0.01    287.43      1.00
   beta_1[177]      0.01      0.00      0.01      0.01      0.01    302.00      1.00
   beta_1[178]      0.01      0.00      0.01      0.01      0.02    296.93      1.00
   beta_1[179]      0.01      0.00      0.01      0.01      0.01    314.99      1.00
   beta_1[180]      0.01      0.00      0.01      0.01      0.01    317.79      1.00
   beta_1[181]      0.01      0.00      0.01      0.01      0.01    318.31      1.00
   beta_1[182]      0.01      0.00      0.01      0.01      0.01    328.20      1.00
   beta_1[183]      0.01      0.00      0.01      0.01      0.01    361.05      1.00
   beta_1[184]      0.01      0.00      0.01      0.01      0.01    346.06      1.00
   beta_1[185]      0.01      0.00      0.01      0.01      0.01    364.42      1.00
   beta_1[186]      0.01      0.00      0.01      0.01      0.01    355.94      1.00
   beta_1[187]      0.01      0.00      0.01      0.01      0.01    341.22      1.00
   beta_1[188]      0.01      0.00      0.01      0.00      0.01    337.45      1.00
   beta_1[189]      0.01      0.00      0.01      0.01      0.01    335.59      1.00
   beta_1[190]      0.01      0.00      0.01      0.01      0.01    325.86      1.00
   beta_1[191]      0.01      0.00      0.01      0.00      0.01    325.47      1.00
   beta_1[192]      0.01      0.00      0.01      0.00      0.01    315.42      1.00
   beta_1[193]      0.01      0.00      0.01      0.00      0.01    312.30      1.00
   beta_1[194]      0.01      0.00      0.01      0.01      0.01    318.92      1.00
   beta_1[195]      0.01      0.00      0.01      0.00      0.01    300.60      1.00
   beta_1[196]      0.01      0.00      0.01      0.00      0.01    305.99      1.00
   beta_1[197]      0.01      0.00      0.01      0.00      0.01    297.22      1.00
   beta_1[198]      0.01      0.00      0.01      0.00      0.01    311.93      1.00
   beta_1[199]      0.01      0.00      0.01      0.00      0.01    301.91      1.00
   beta_1[200]      0.01      0.00      0.01      0.00      0.01    297.66      1.00
   beta_1[201]      0.01      0.00      0.01      0.00      0.01    313.09      1.00
   beta_1[202]      0.01      0.00      0.01      0.00      0.01    387.85      1.00
   beta_1[203]      0.01      0.00      0.01      0.00      0.01    368.05      1.00
   beta_1[204]      0.01      0.00      0.01      0.00      0.01    384.15      1.00
   beta_1[205]      0.01      0.00      0.01      0.00      0.01    385.78      1.00
   beta_1[206]      0.01      0.00      0.01      0.00      0.01    466.86      1.00
   beta_1[207]      0.01      0.00      0.01      0.00      0.01    519.19      1.00
   beta_1[208]      0.01      0.00      0.01      0.00      0.01    551.52      1.00
   beta_1[209]      0.01      0.00      0.01      0.00      0.01    513.45      1.00
   beta_1[210]      0.01      0.00      0.01      0.00      0.01    518.69      1.00
   beta_1[211]      0.01      0.00      0.01      0.00      0.01    526.82      1.00
   beta_1[212]      0.01      0.00      0.01      0.00      0.01    555.45      1.00
   beta_1[213]      0.01      0.00      0.01      0.00      0.01    571.44      1.00
   beta_1[214]      0.01      0.00      0.01      0.00      0.01    573.73      1.00
   beta_1[215]      0.01      0.00      0.01      0.00      0.01    536.58      1.00
   beta_1[216]      0.01      0.00      0.01      0.00      0.01    627.26      1.00
   beta_1[217]      0.01      0.00      0.01      0.00      0.01    604.78      1.00
   beta_1[218]      0.01      0.00      0.01      0.00      0.01    630.21      1.00
   beta_1[219]      0.01      0.00      0.01      0.00      0.01    598.78      1.00
   beta_1[220]      0.01      0.00      0.01      0.00      0.01    623.61      1.00
   beta_1[221]      0.01      0.00      0.01      0.00      0.01    708.84      1.00
   beta_1[222]      0.01      0.00      0.01      0.00      0.01    748.87      1.00
   beta_1[223]      0.01      0.00      0.01      0.00      0.01    710.59      1.00
   beta_1[224]      0.01      0.00      0.01      0.00      0.01    703.83      1.00
   beta_1[225]      0.01      0.00      0.01      0.00      0.01    691.76      1.00
   beta_1[226]      0.01      0.00      0.01      0.00      0.01    692.65      1.00
   beta_1[227]      0.01      0.00      0.01      0.00      0.01    659.30      1.00
   beta_1[228]      0.01      0.00      0.01      0.01      0.01    653.33      1.00
   beta_1[229]      0.01      0.00      0.01      0.01      0.01    659.77      1.00
   beta_1[230]      0.01      0.00      0.01      0.01      0.01    620.50      1.00
   beta_1[231]      0.01      0.00      0.01      0.01      0.01    515.33      1.00
   beta_1[232]      0.01      0.00      0.01      0.00      0.01    376.32      1.00
   beta_1[233]      0.01      0.00      0.01      0.00      0.01    302.63      1.00
   beta_1[234]      0.01      0.00      0.01      0.00      0.01    384.56      1.00
   beta_1[235]      0.01      0.00      0.01      0.00      0.01    440.29      1.01
   beta_1[236]      0.01      0.00      0.01      0.00      0.01    510.76      1.01
   beta_1[237]      0.01      0.00      0.01      0.00      0.01    526.70      1.01
   beta_1[238]      0.01      0.00      0.01      0.00      0.01    653.52      1.00
   beta_1[239]      0.01      0.00      0.01      0.00      0.01    739.82      1.01
   beta_1[240]      0.01      0.00      0.01      0.00      0.01    539.02      1.01
   beta_1[241]      0.01      0.00      0.01      0.00      0.01    526.86      1.01
   beta_1[242]      0.01      0.00      0.01      0.00      0.01    541.67      1.00
   beta_1[243]      0.01      0.00      0.01      0.00      0.01    571.30      1.00
   beta_1[244]      0.01      0.00      0.01      0.00      0.01    675.89      1.00
   beta_1[245]      0.01      0.00      0.01      0.00      0.01    690.52      1.00
   beta_1[246]      0.01      0.00      0.01      0.00      0.01    846.72      1.00
   beta_1[247]      0.01      0.00      0.01      0.00      0.01    795.52      1.00
   beta_1[248]      0.01      0.00      0.01      0.01      0.01    835.95      1.00
   beta_1[249]      0.01      0.00      0.01      0.01      0.01    826.74      1.00
   beta_1[250]      0.01      0.00      0.01      0.01      0.01    731.51      1.00
   beta_1[251]      0.01      0.00      0.01      0.01      0.01    764.34      1.00
   beta_1[252]      0.01      0.00      0.01      0.01      0.01    806.76      1.00
   beta_1[253]      0.01      0.00      0.01      0.01      0.01    654.39      1.00
   beta_1[254]      0.01      0.00      0.01      0.00      0.01    532.89      1.00
   beta_1[255]      0.01      0.00      0.01      0.00      0.01    734.11      1.00
   beta_1[256]      0.01      0.00      0.01      0.00      0.01    720.12      1.00
   beta_1[257]      0.01      0.00      0.01      0.00      0.01    715.33      1.00
   beta_1[258]      0.01      0.00      0.01      0.00      0.01    672.07      1.00
   beta_1[259]      0.01      0.00      0.01      0.00      0.01    575.61      1.00
   beta_1[260]      0.01      0.00      0.01      0.00      0.01    607.05      1.00
   beta_1[261]      0.01      0.00      0.01      0.00      0.01    759.32      1.00
   beta_1[262]      0.01      0.00      0.01      0.00      0.01    881.29      1.00
   beta_1[263]      0.01      0.00      0.01      0.01      0.01    945.29      1.00
   beta_1[264]      0.01      0.00      0.01      0.01      0.01    993.25      1.00
   beta_1[265]      0.01      0.00      0.01      0.01      0.01    826.90      1.00
   beta_1[266]      0.01      0.00      0.01      0.01      0.01   1158.27      1.00
   beta_1[267]      0.01      0.00      0.01      0.01      0.01   1088.33      1.00
   beta_1[268]      0.01      0.00      0.01      0.01      0.01    786.72      1.00
   beta_1[269]      0.01      0.00      0.01      0.01      0.01    800.51      1.00
   beta_1[270]      0.01      0.00      0.01      0.01      0.01    607.62      1.00
   beta_1[271]      0.01      0.00      0.01      0.01      0.01    916.07      1.00
   beta_1[272]      0.01      0.00      0.01      0.01      0.01    852.01      1.00
   beta_1[273]      0.01      0.00      0.01      0.01      0.01   1089.97      1.00
   beta_1[274]      0.01      0.00      0.01      0.01      0.01    938.46      1.00
   beta_1[275]      0.01      0.00      0.01      0.01      0.01    974.97      1.00
   beta_1[276]      0.01      0.00      0.01      0.01      0.01    869.83      1.00
   beta_1[277]      0.01      0.00      0.01      0.01      0.01    636.92      1.00
   beta_1[278]      0.01      0.00      0.01      0.01      0.01    989.75      1.00
   beta_1[279]      0.01      0.00      0.01      0.01      0.01    734.33      1.00
   beta_1[280]      0.01      0.00      0.01      0.01      0.01    702.10      1.00
   beta_1[281]      0.01      0.00      0.01      0.01      0.01    781.85      1.00
   beta_1[282]      0.01      0.00      0.01      0.01      0.01    889.61      1.00
   beta_1[283]      0.01      0.00      0.01      0.01      0.01    617.64      1.00
   beta_1[284]      0.01      0.00      0.01      0.01      0.01    688.69      1.00
   beta_1[285]      0.01      0.00      0.01      0.01      0.01    648.21      1.00
   beta_1[286]      0.01      0.00      0.01      0.01      0.01    483.23      1.00
   beta_1[287]      0.01      0.00      0.01      0.01      0.01    481.84      1.00
   beta_1[288]      0.01      0.00      0.01      0.01      0.01    661.36      1.00
  transform[0]      0.05      1.00      0.02     -1.51      1.74    703.80      1.01

Number of divergences: 814
