                     date locationtest  value abbreviation location  population
location_name                                                                  
Illinois       2020-01-24           17      1           IL       17  12671821.0
Illinois       2020-01-25           17      0           IL       17  12671821.0
Illinois       2020-01-26           17      0           IL       17  12671821.0
Illinois       2020-01-27           17      0           IL       17  12671821.0
Illinois       2020-01-28           17      0           IL       17  12671821.0
...                   ...          ...    ...          ...      ...         ...
Illinois       2021-01-07           17   8757           IL       17  12671821.0
Illinois       2021-01-08           17   9277           IL       17  12671821.0
Illinois       2021-01-09           17   6717           IL       17  12671821.0
Illinois       2021-01-10           17   4711           IL       17  12671821.0
Illinois       2021-01-11           17   4776           IL       17  12671821.0

[354 rows x 6 columns]

                   mean       std    median      5.0%     95.0%     n_eff     r_hat
a_raw_init[0]      0.00      0.00      0.00      0.00      0.00   1647.20      1.00
a_raw_init[1]      0.00      0.00      0.00      0.00      0.00   1962.86      1.00
a_raw_init[2]      0.06      0.00      0.06      0.05      0.06   1496.08      1.00
a_raw_init[3]      0.36      0.00      0.36      0.35      0.37   1313.89      1.00
a_raw_init[4]      0.66      0.01      0.66      0.65      0.67   1250.69      1.00
a_raw_init[5]      0.57      0.01      0.57      0.56      0.58   1194.97      1.00
a_raw_init[6]      0.06      0.01      0.06      0.05      0.07   1122.84      1.00
a_raw_init[7]      0.17      0.00      0.17      0.16      0.17   1349.88      1.00
a_raw_init[8]      0.21      0.01      0.21      0.20      0.22   1279.63      1.00
    beta_1[0]      0.00      0.00      0.00     -0.00      0.00    964.96      1.00
    beta_1[1]      0.00      0.00      0.00     -0.00      0.00    897.12      1.00
    beta_1[2]      0.00      0.00      0.00     -0.00      0.00    645.44      1.00
    beta_1[3]      0.00      0.00      0.00     -0.00      0.01    517.75      1.00
    beta_1[4]      0.00      0.00      0.00     -0.00      0.01    445.39      1.00
    beta_1[5]      0.00      0.00      0.00     -0.00      0.01    386.91      1.00
    beta_1[6]      0.00      0.00      0.00     -0.00      0.01    340.18      1.00
    beta_1[7]      0.01      0.00      0.01      0.00      0.01    315.42      1.00
    beta_1[8]      0.01      0.00      0.01      0.00      0.01    285.37      1.00
    beta_1[9]      0.01      0.00      0.01      0.00      0.01    266.63      1.00
   beta_1[10]      0.01      0.00      0.01      0.00      0.01    254.55      1.00
   beta_1[11]      0.01      0.00      0.01      0.00      0.01    240.04      1.00
   beta_1[12]      0.01      0.00      0.01      0.00      0.01    222.14      1.00
   beta_1[13]      0.01      0.00      0.01      0.00      0.01    218.76      1.00
   beta_1[14]      0.01      0.00      0.01      0.00      0.01    211.49      1.00
   beta_1[15]      0.01      0.00      0.01      0.00      0.02    199.96      1.00
   beta_1[16]      0.01      0.00      0.01      0.01      0.02    191.31      1.00
   beta_1[17]      0.01      0.00      0.01      0.01      0.02    182.64      1.00
   beta_1[18]      0.01      0.00      0.01      0.01      0.02    172.86      1.00
   beta_1[19]      0.01      0.00      0.01      0.01      0.02    162.79      1.00
   beta_1[20]      0.01      0.00      0.01      0.01      0.02    155.98      1.00
   beta_1[21]      0.01      0.00      0.01      0.01      0.02    155.66      1.00
   beta_1[22]      0.01      0.00      0.01      0.01      0.02    152.34      1.00
   beta_1[23]      0.02      0.00      0.02      0.01      0.02    147.35      1.00
   beta_1[24]      0.02      0.00      0.02      0.01      0.02    145.55      1.00
   beta_1[25]      0.02      0.00      0.02      0.01      0.02    141.50      1.00
   beta_1[26]      0.02      0.00      0.02      0.01      0.03    143.66      1.00
   beta_1[27]      0.02      0.00      0.02      0.01      0.03    137.17      1.00
   beta_1[28]      0.02      0.00      0.02      0.01      0.03    138.40      1.00
   beta_1[29]      0.02      0.00      0.02      0.01      0.03    140.33      1.00
   beta_1[30]      0.02      0.00      0.02      0.01      0.03    136.94      1.00
   beta_1[31]      0.02      0.00      0.02      0.01      0.03    133.65      1.00
   beta_1[32]      0.02      0.00      0.02      0.01      0.03    130.75      1.00
   beta_1[33]      0.02      0.00      0.02      0.01      0.03    131.25      1.00
   beta_1[34]      0.02      0.00      0.02      0.01      0.03    132.35      1.00
   beta_1[35]      0.02      0.00      0.02      0.02      0.03    132.67      1.00
   beta_1[36]      0.02      0.00      0.02      0.02      0.03    132.85      1.01
   beta_1[37]      0.02      0.00      0.02      0.02      0.03    131.83      1.00
   beta_1[38]      0.02      0.00      0.02      0.02      0.03    129.75      1.00
   beta_1[39]      0.03      0.00      0.02      0.02      0.03    130.73      1.00
   beta_1[40]      0.03      0.00      0.03      0.02      0.03    131.71      1.00
   beta_1[41]      0.03      0.00      0.03      0.02      0.03    133.30      1.00
   beta_1[42]      0.03      0.00      0.03      0.02      0.04    128.89      1.00
   beta_1[43]      0.03      0.00      0.03      0.02      0.04    129.51      1.00
   beta_1[44]      0.03      0.00      0.03      0.02      0.04    128.18      1.00
   beta_1[45]      0.03      0.00      0.03      0.02      0.04    128.95      1.00
   beta_1[46]      0.03      0.00      0.03      0.02      0.04    129.39      1.00
   beta_1[47]      0.03      0.00      0.03      0.02      0.04    127.32      1.00
   beta_1[48]      0.03      0.00      0.03      0.02      0.04    126.31      1.00
   beta_1[49]      0.03      0.00      0.03      0.02      0.04    130.46      1.00
   beta_1[50]      0.03      0.00      0.03      0.02      0.04    131.03      1.01
   beta_1[51]      0.03      0.00      0.03      0.02      0.04    128.80      1.01
   beta_1[52]      0.03      0.00      0.03      0.03      0.04    129.72      1.01
   beta_1[53]      0.03      0.00      0.03      0.03      0.04    131.93      1.01
   beta_1[54]      0.03      0.00      0.03      0.03      0.04    133.62      1.01
   beta_1[55]      0.03      0.00      0.03      0.03      0.04    134.08      1.01
   beta_1[56]      0.04      0.00      0.04      0.03      0.04    134.44      1.01
   beta_1[57]      0.04      0.00      0.04      0.03      0.04    130.16      1.01
   beta_1[58]      0.04      0.00      0.04      0.03      0.04    128.03      1.01
   beta_1[59]      0.04      0.00      0.04      0.03      0.04    128.41      1.01
   beta_1[60]      0.04      0.00      0.04      0.03      0.05    132.44      1.01
   beta_1[61]      0.04      0.00      0.04      0.03      0.05    136.06      1.01
   beta_1[62]      0.04      0.00      0.04      0.03      0.05    137.80      1.01
   beta_1[63]      0.04      0.00      0.04      0.03      0.05    139.44      1.01
   beta_1[64]      0.04      0.00      0.04      0.03      0.05    137.49      1.01
   beta_1[65]      0.04      0.00      0.04      0.03      0.05    139.30      1.01
   beta_1[66]      0.04      0.00      0.04      0.04      0.05    140.62      1.01
   beta_1[67]      0.04      0.00      0.04      0.04      0.05    138.20      1.01
   beta_1[68]      0.04      0.00      0.04      0.04      0.05    138.72      1.01
   beta_1[69]      0.04      0.00      0.04      0.04      0.05    140.77      1.01
   beta_1[70]      0.04      0.00      0.04      0.04      0.05    144.40      1.01
   beta_1[71]      0.04      0.00      0.04      0.04      0.05    153.57      1.01
   beta_1[72]      0.04      0.00      0.04      0.04      0.05    156.25      1.01
   beta_1[73]      0.05      0.00      0.05      0.04      0.05    160.24      1.01
   beta_1[74]      0.05      0.00      0.05      0.04      0.05    166.23      1.01
   beta_1[75]      0.05      0.00      0.05      0.04      0.05    178.83      1.01
   beta_1[76]      0.05      0.00      0.05      0.04      0.05    179.75      1.01
   beta_1[77]      0.05      0.00      0.05      0.04      0.05    188.32      1.01
   beta_1[78]      0.05      0.00      0.05      0.04      0.05    209.20      1.01
   beta_1[79]      0.05      0.00      0.05      0.04      0.05    229.97      1.01
   beta_1[80]      0.05      0.00      0.05      0.04      0.05    242.41      1.01
   beta_1[81]      0.05      0.00      0.05      0.04      0.05    243.26      1.01
   beta_1[82]      0.05      0.00      0.05      0.04      0.05    243.21      1.01
   beta_1[83]      0.05      0.00      0.05      0.04      0.05    245.98      1.01
   beta_1[84]      0.05      0.00      0.05      0.04      0.05    271.32      1.01
   beta_1[85]      0.05      0.00      0.05      0.04      0.05    273.93      1.01
   beta_1[86]      0.05      0.00      0.05      0.04      0.05    277.79      1.01
   beta_1[87]      0.05      0.00      0.05      0.04      0.05    331.16      1.00
   beta_1[88]      0.04      0.00      0.04      0.04      0.05    376.78      1.00
   beta_1[89]      0.04      0.00      0.04      0.04      0.05    426.50      1.00
   beta_1[90]      0.04      0.00      0.04      0.04      0.05    497.84      1.00
   beta_1[91]      0.04      0.00      0.04      0.04      0.05    538.10      1.00
   beta_1[92]      0.04      0.00      0.04      0.04      0.05    594.02      1.00
   beta_1[93]      0.04      0.00      0.04      0.04      0.04    605.19      1.00
   beta_1[94]      0.04      0.00      0.04      0.04      0.04    623.28      1.00
   beta_1[95]      0.04      0.00      0.04      0.04      0.04    699.19      1.00
   beta_1[96]      0.04      0.00      0.04      0.04      0.04    728.00      1.00
   beta_1[97]      0.04      0.00      0.04      0.04      0.04    816.33      1.00
   beta_1[98]      0.04      0.00      0.04      0.03      0.04    932.24      1.00
   beta_1[99]      0.04      0.00      0.04      0.03      0.04   1018.39      1.00
  beta_1[100]      0.04      0.00      0.04      0.03      0.04   1012.18      1.00
  beta_1[101]      0.03      0.00      0.03      0.03      0.04   1011.30      1.00
  beta_1[102]      0.03      0.00      0.03      0.03      0.04   1102.11      1.00
  beta_1[103]      0.03      0.00      0.03      0.03      0.04   1226.59      1.00
  beta_1[104]      0.03      0.00      0.03      0.03      0.04   1303.65      1.00
  beta_1[105]      0.03      0.00      0.03      0.03      0.03   1497.60      1.00
  beta_1[106]      0.03      0.00      0.03      0.03      0.03   1669.34      1.00
  beta_1[107]      0.03      0.00      0.03      0.03      0.03   1622.78      1.00
  beta_1[108]      0.03      0.00      0.03      0.03      0.03   1775.51      1.00
  beta_1[109]      0.03      0.00      0.03      0.03      0.03   1752.88      1.00
  beta_1[110]      0.03      0.00      0.03      0.03      0.03   1754.92      1.00
  beta_1[111]      0.03      0.00      0.03      0.02      0.03   1723.16      1.00
  beta_1[112]      0.03      0.00      0.03      0.02      0.03   1614.77      1.00
  beta_1[113]      0.02      0.00      0.02      0.02      0.03   1699.23      1.00
  beta_1[114]      0.02      0.00      0.02      0.02      0.02   1562.18      1.00
  beta_1[115]      0.02      0.00      0.02      0.02      0.02   1964.02      1.00
  beta_1[116]      0.02      0.00      0.02      0.02      0.02   1937.31      1.00
  beta_1[117]      0.02      0.00      0.02      0.02      0.02   1949.38      1.00
  beta_1[118]      0.02      0.00      0.02      0.02      0.02   1865.61      1.00
  beta_1[119]      0.02      0.00      0.02      0.02      0.02   2105.68      1.00
  beta_1[120]      0.02      0.00      0.02      0.02      0.02   2159.40      1.00
  beta_1[121]      0.02      0.00      0.02      0.01      0.02   2094.96      1.00
  beta_1[122]      0.02      0.00      0.02      0.01      0.02   2035.11      1.00
  beta_1[123]      0.02      0.00      0.02      0.01      0.02   2175.96      1.00
  beta_1[124]      0.02      0.00      0.02      0.01      0.02   2127.51      1.00
  beta_1[125]      0.02      0.00      0.02      0.01      0.02   2134.79      1.00
  beta_1[126]      0.01      0.00      0.01      0.01      0.02   2217.16      1.00
  beta_1[127]      0.01      0.00      0.01      0.01      0.02   2197.41      1.00
  beta_1[128]      0.01      0.00      0.01      0.01      0.02   2130.91      1.00
  beta_1[129]      0.01      0.00      0.01      0.01      0.01   2053.43      1.00
  beta_1[130]      0.01      0.00      0.01      0.01      0.02   2220.60      1.00
  beta_1[131]      0.01      0.00      0.01      0.01      0.02   2265.11      1.00
  beta_1[132]      0.01      0.00      0.01      0.01      0.01   2067.89      1.00
  beta_1[133]      0.01      0.00      0.01      0.01      0.01   1994.31      1.00
  beta_1[134]      0.01      0.00      0.01      0.01      0.01   2328.09      1.00
  beta_1[135]      0.01      0.00      0.01      0.01      0.01   2372.49      1.00
  beta_1[136]      0.01      0.00      0.01      0.01      0.01   2488.45      1.00
  beta_1[137]      0.01      0.00      0.01      0.01      0.01   2424.15      1.00
  beta_1[138]      0.01      0.00      0.01      0.01      0.01   2507.06      1.00
  beta_1[139]      0.01      0.00      0.01      0.01      0.01   2454.67      1.00
  beta_1[140]      0.01      0.00      0.01      0.01      0.01   2461.55      1.00
  beta_1[141]      0.01      0.00      0.01      0.01      0.01   2162.34      1.00
  beta_1[142]      0.01      0.00      0.01      0.01      0.01   2248.75      1.00
  beta_1[143]      0.01      0.00      0.01      0.01      0.01   2222.85      1.00
  beta_1[144]      0.01      0.00      0.01      0.01      0.01   2186.46      1.00
  beta_1[145]      0.01      0.00      0.01      0.01      0.01   2168.65      1.00
  beta_1[146]      0.01      0.00      0.01      0.01      0.01   2321.71      1.00
  beta_1[147]      0.01      0.00      0.01      0.01      0.01   2187.12      1.00
  beta_1[148]      0.01      0.00      0.01      0.00      0.01   2139.77      1.00
  beta_1[149]      0.01      0.00      0.01      0.00      0.01   2302.47      1.00
  beta_1[150]      0.01      0.00      0.01      0.00      0.01   2346.42      1.00
  beta_1[151]      0.01      0.00      0.01      0.00      0.01   2306.93      1.00
  beta_1[152]      0.01      0.00      0.01      0.00      0.01   2330.62      1.00
  beta_1[153]      0.01      0.00      0.01      0.00      0.01   2352.86      1.00
  beta_1[154]      0.01      0.00      0.01      0.00      0.01   2483.47      1.00
  beta_1[155]      0.01      0.00      0.01      0.00      0.01   2361.54      1.00
 transform[0]     -0.00      1.01      0.00     -1.67      1.62   1785.78      1.00

Number of divergences: 118
