                     date locationtest  value abbreviation location  population
location_name                                                                  
North Dakota   2020-01-24           38      0           ND       38    762062.0
North Dakota   2020-01-25           38      0           ND       38    762062.0
North Dakota   2020-01-26           38      0           ND       38    762062.0
North Dakota   2020-01-27           38      0           ND       38    762062.0
North Dakota   2020-01-28           38      0           ND       38    762062.0
...                   ...          ...    ...          ...      ...         ...
North Dakota   2021-01-07           38    324           ND       38    762062.0
North Dakota   2021-01-08           38    282           ND       38    762062.0
North Dakota   2021-01-09           38    120           ND       38    762062.0
North Dakota   2021-01-10           38    158           ND       38    762062.0
North Dakota   2021-01-11           38    114           ND       38    762062.0

[354 rows x 6 columns]

                   mean       std    median      5.0%     95.0%     n_eff     r_hat
a_raw_init[0]      0.00      0.00      0.00      0.00      0.00   1947.96      1.00
a_raw_init[1]      0.00      0.00      0.00      0.00      0.00   2019.79      1.00
a_raw_init[2]      0.03      0.00      0.03      0.03      0.04   1182.31      1.00
a_raw_init[3]      0.15      0.01      0.15      0.15      0.16   1207.38      1.00
a_raw_init[4]      0.44      0.01      0.44      0.43      0.45   1256.88      1.00
a_raw_init[5]      0.32      0.01      0.32      0.32      0.33   1737.10      1.00
a_raw_init[6]      0.30      0.01      0.30      0.29      0.31   1489.04      1.00
    beta_1[0]      0.00      0.00      0.00     -0.00      0.00   1374.22      1.00
    beta_1[1]      0.00      0.00      0.00     -0.00      0.00   1145.55      1.00
    beta_1[2]      0.00      0.00      0.00     -0.00      0.00    758.01      1.00
    beta_1[3]      0.00      0.00      0.00     -0.00      0.00    669.29      1.00
    beta_1[4]      0.00      0.00      0.00     -0.00      0.01    550.44      1.00
    beta_1[5]      0.00      0.00      0.00     -0.00      0.01    505.00      1.00
    beta_1[6]      0.00      0.00      0.00     -0.00      0.01    453.08      1.00
    beta_1[7]      0.00      0.00      0.00     -0.00      0.01    432.92      1.00
    beta_1[8]      0.00      0.00      0.00     -0.00      0.01    395.27      1.00
    beta_1[9]      0.00      0.00      0.00     -0.00      0.01    374.34      1.00
   beta_1[10]      0.00      0.00      0.00     -0.00      0.01    352.34      1.00
   beta_1[11]      0.00      0.00      0.00     -0.00      0.01    337.44      1.00
   beta_1[12]      0.00      0.00      0.00     -0.00      0.01    304.31      1.00
   beta_1[13]      0.00      0.00      0.00     -0.00      0.01    290.53      1.00
   beta_1[14]      0.00      0.00      0.00     -0.00      0.01    273.58      1.00
   beta_1[15]      0.00      0.00      0.00     -0.00      0.01    264.96      1.00
   beta_1[16]      0.00      0.00      0.01     -0.00      0.01    256.16      1.00
   beta_1[17]      0.01      0.00      0.01     -0.00      0.01    247.87      1.00
   beta_1[18]      0.01      0.00      0.01     -0.00      0.01    240.87      1.00
   beta_1[19]      0.01      0.00      0.01     -0.00      0.01    227.40      1.00
   beta_1[20]      0.01      0.00      0.01     -0.00      0.01    222.85      1.00
   beta_1[21]      0.01      0.00      0.01     -0.00      0.01    227.20      1.00
   beta_1[22]      0.01      0.00      0.01     -0.00      0.01    221.89      1.00
   beta_1[23]      0.01      0.00      0.01     -0.00      0.01    215.38      1.00
   beta_1[24]      0.01      0.00      0.01     -0.00      0.01    209.53      1.00
   beta_1[25]      0.01      0.00      0.01     -0.00      0.01    207.10      1.00
   beta_1[26]      0.01      0.00      0.01     -0.00      0.01    208.26      1.00
   beta_1[27]      0.01      0.00      0.01      0.00      0.02    209.77      1.00
   beta_1[28]      0.01      0.00      0.01      0.00      0.02    208.94      1.00
   beta_1[29]      0.01      0.00      0.01      0.00      0.02    210.93      1.00
   beta_1[30]      0.01      0.00      0.01      0.00      0.02    209.53      1.00
   beta_1[31]      0.01      0.00      0.01      0.00      0.02    204.73      1.00
   beta_1[32]      0.01      0.00      0.01      0.00      0.02    207.59      1.00
   beta_1[33]      0.01      0.00      0.01      0.00      0.02    210.00      1.00
   beta_1[34]      0.01      0.00      0.01      0.00      0.02    211.49      1.00
   beta_1[35]      0.01      0.01      0.01      0.00      0.02    212.60      1.00
   beta_1[36]      0.01      0.01      0.01      0.00      0.02    217.72      1.00
   beta_1[37]      0.01      0.01      0.01      0.00      0.02    218.76      1.00
   beta_1[38]      0.01      0.01      0.01      0.00      0.02    222.66      1.00
   beta_1[39]      0.01      0.01      0.01      0.00      0.02    218.18      1.00
   beta_1[40]      0.01      0.01      0.01      0.00      0.02    215.94      1.00
   beta_1[41]      0.01      0.01      0.01      0.00      0.02    216.47      1.00
   beta_1[42]      0.01      0.01      0.01      0.00      0.02    215.39      1.00
   beta_1[43]      0.01      0.01      0.01      0.00      0.02    210.02      1.00
   beta_1[44]      0.01      0.01      0.01      0.00      0.02    209.07      1.00
   beta_1[45]      0.01      0.01      0.01      0.00      0.02    207.20      1.00
   beta_1[46]      0.01      0.01      0.01      0.01      0.02    209.49      1.00
   beta_1[47]      0.01      0.01      0.01      0.01      0.02    211.15      1.00
   beta_1[48]      0.01      0.01      0.01      0.00      0.02    215.56      1.00
   beta_1[49]      0.01      0.01      0.01      0.01      0.02    221.00      1.00
   beta_1[50]      0.01      0.01      0.01      0.01      0.02    219.23      1.00
   beta_1[51]      0.02      0.01      0.01      0.01      0.02    219.38      1.00
   beta_1[52]      0.02      0.01      0.02      0.01      0.02    216.35      1.00
   beta_1[53]      0.02      0.01      0.02      0.01      0.02    219.14      1.00
   beta_1[54]      0.02      0.01      0.02      0.01      0.02    220.57      1.00
   beta_1[55]      0.02      0.01      0.02      0.01      0.02    223.21      1.00
   beta_1[56]      0.02      0.01      0.02      0.01      0.02    220.87      1.00
   beta_1[57]      0.02      0.01      0.02      0.01      0.03    220.94      1.00
   beta_1[58]      0.02      0.00      0.02      0.01      0.03    220.00      1.00
   beta_1[59]      0.02      0.00      0.02      0.01      0.03    216.47      1.00
   beta_1[60]      0.02      0.00      0.02      0.01      0.03    220.20      1.00
   beta_1[61]      0.02      0.00      0.02      0.01      0.03    222.89      1.00
   beta_1[62]      0.02      0.00      0.02      0.01      0.03    222.75      1.00
   beta_1[63]      0.02      0.00      0.02      0.01      0.03    231.38      1.00
   beta_1[64]      0.02      0.00      0.02      0.01      0.03    239.61      1.00
   beta_1[65]      0.02      0.00      0.02      0.01      0.03    245.05      1.00
   beta_1[66]      0.02      0.00      0.02      0.01      0.03    249.52      1.00
   beta_1[67]      0.02      0.00      0.02      0.01      0.03    250.60      1.00
   beta_1[68]      0.02      0.00      0.02      0.01      0.03    253.86      1.00
   beta_1[69]      0.02      0.00      0.02      0.01      0.03    255.86      1.00
   beta_1[70]      0.02      0.00      0.02      0.01      0.03    262.93      1.00
   beta_1[71]      0.02      0.00      0.02      0.01      0.03    257.42      1.00
   beta_1[72]      0.02      0.00      0.02      0.01      0.03    260.15      1.00
   beta_1[73]      0.02      0.00      0.02      0.01      0.03    272.58      1.00
   beta_1[74]      0.02      0.00      0.02      0.01      0.03    265.42      1.00
   beta_1[75]      0.02      0.00      0.02      0.02      0.03    274.97      1.00
   beta_1[76]      0.02      0.00      0.02      0.01      0.03    280.11      1.00
   beta_1[77]      0.02      0.00      0.02      0.02      0.03    278.74      1.00
   beta_1[78]      0.02      0.00      0.02      0.02      0.03    268.43      1.00
   beta_1[79]      0.02      0.00      0.02      0.02      0.03    271.67      1.00
   beta_1[80]      0.02      0.00      0.02      0.02      0.03    278.89      1.00
   beta_1[81]      0.02      0.00      0.02      0.02      0.03    276.53      1.00
   beta_1[82]      0.02      0.00      0.02      0.02      0.03    286.24      1.00
   beta_1[83]      0.02      0.00      0.02      0.02      0.03    296.12      1.00
   beta_1[84]      0.02      0.00      0.02      0.02      0.03    290.70      1.00
   beta_1[85]      0.02      0.00      0.02      0.02      0.03    292.96      1.00
   beta_1[86]      0.02      0.00      0.02      0.02      0.03    306.05      1.00
   beta_1[87]      0.02      0.00      0.02      0.02      0.03    321.75      1.00
   beta_1[88]      0.02      0.00      0.02      0.02      0.03    328.00      1.00
   beta_1[89]      0.02      0.00      0.02      0.02      0.03    334.81      1.00
   beta_1[90]      0.02      0.00      0.02      0.02      0.03    352.43      1.00
   beta_1[91]      0.02      0.00      0.02      0.02      0.03    352.72      1.00
   beta_1[92]      0.02      0.00      0.02      0.02      0.03    352.53      1.00
   beta_1[93]      0.02      0.00      0.02      0.02      0.03    373.32      1.00
   beta_1[94]      0.02      0.00      0.02      0.02      0.03    376.88      1.00
   beta_1[95]      0.02      0.00      0.02      0.02      0.03    384.68      1.00
   beta_1[96]      0.02      0.00      0.02      0.02      0.03    434.01      1.00
   beta_1[97]      0.02      0.00      0.02      0.02      0.03    472.64      1.00
   beta_1[98]      0.03      0.00      0.03      0.02      0.03    482.34      1.00
   beta_1[99]      0.03      0.00      0.03      0.02      0.03    506.82      1.00
  beta_1[100]      0.03      0.00      0.03      0.02      0.03    549.86      1.00
  beta_1[101]      0.03      0.00      0.03      0.02      0.03    576.15      1.00
  beta_1[102]      0.03      0.00      0.03      0.02      0.03    597.70      1.00
  beta_1[103]      0.03      0.00      0.03      0.02      0.03    635.05      1.00
  beta_1[104]      0.03      0.00      0.03      0.02      0.03    678.26      1.00
  beta_1[105]      0.03      0.00      0.03      0.02      0.03    706.15      1.00
  beta_1[106]      0.03      0.00      0.03      0.02      0.03    745.08      1.00
 transform[0]     -0.04      0.98     -0.05     -1.65      1.52   2114.99      1.00

Number of divergences: 96
