                     date locationtest  value abbreviation location  population
location_name                                                                  
Pennsylvania   2020-01-24           42      0           PA       42  12801989.0
Pennsylvania   2020-01-25           42      0           PA       42  12801989.0
Pennsylvania   2020-01-26           42      0           PA       42  12801989.0
Pennsylvania   2020-01-27           42      0           PA       42  12801989.0
Pennsylvania   2020-01-28           42      0           PA       42  12801989.0
...                   ...          ...    ...          ...      ...         ...
Pennsylvania   2021-01-07           42   9607           PA       42  12801989.0
Pennsylvania   2021-01-08           42  10216           PA       42  12801989.0
Pennsylvania   2021-01-09           42   9056           PA       42  12801989.0
Pennsylvania   2021-01-10           42   6588           PA       42  12801989.0
Pennsylvania   2021-01-11           42   6908           PA       42  12801989.0

[354 rows x 6 columns]

                    mean       std    median      5.0%     95.0%     n_eff     r_hat
 a_raw_init[0]      0.00      0.00      0.00      0.00      0.00   1820.86      1.00
 a_raw_init[1]      0.00      0.00      0.00      0.00      0.00   2018.58      1.00
 a_raw_init[2]      0.00      0.00      0.00      0.00      0.00   1261.10      1.00
 a_raw_init[3]      0.94      0.00      0.94      0.93      0.95    733.27      1.00
 a_raw_init[4]      0.41      0.00      0.41      0.40      0.42    666.38      1.00
 a_raw_init[5]      0.39      0.00      0.39      0.38      0.39    649.37      1.00
 a_raw_init[6]      0.11      0.00      0.11      0.11      0.12    606.64      1.00
 a_raw_init[7]      0.28      0.00      0.28      0.28      0.29    499.09      1.00
 a_raw_init[8]      0.44      0.01      0.44      0.43      0.45    523.66      1.00
 a_raw_init[9]      0.30      0.01      0.30      0.29      0.31    558.63      1.00
a_raw_init[10]      0.29      0.01      0.29      0.28      0.30    580.70      1.00
a_raw_init[11]      0.37      0.01      0.37      0.36      0.38    611.68      1.00
a_raw_init[12]      0.36      0.01      0.36      0.35      0.37    662.06      1.00
a_raw_init[13]      0.36      0.01      0.36      0.35      0.37    656.17      1.00
     beta_1[0]      0.00      0.00      0.00     -0.00      0.00   1053.70      1.00
     beta_1[1]      0.00      0.00      0.00     -0.00      0.00    539.73      1.00
     beta_1[2]      0.00      0.00      0.00     -0.00      0.00    395.96      1.00
     beta_1[3]      0.00      0.00      0.00     -0.00      0.00    340.75      1.00
     beta_1[4]      0.00      0.00      0.00     -0.00      0.00    291.62      1.00
     beta_1[5]      0.00      0.00      0.00     -0.00      0.01    261.87      1.00
     beta_1[6]      0.00      0.00      0.00     -0.00      0.01    236.63      1.00
     beta_1[7]      0.00      0.00      0.00     -0.00      0.01    218.83      1.00
     beta_1[8]      0.00      0.00      0.00     -0.00      0.01    197.98      1.00
     beta_1[9]      0.00      0.00      0.00     -0.00      0.01    183.83      1.00
    beta_1[10]      0.00      0.00      0.00     -0.00      0.01    178.26      1.00
    beta_1[11]      0.00      0.00      0.00     -0.00      0.01    165.47      1.00
    beta_1[12]      0.00      0.00      0.00     -0.00      0.01    163.82      1.00
    beta_1[13]      0.00      0.00      0.00     -0.00      0.01    152.40      1.00
    beta_1[14]      0.00      0.00      0.00     -0.00      0.01    142.70      1.00
    beta_1[15]      0.00      0.00      0.00     -0.00      0.01    131.30      1.00
    beta_1[16]      0.00      0.00      0.00     -0.00      0.01    126.21      1.00
    beta_1[17]      0.01      0.00      0.01     -0.00      0.01    117.38      1.00
    beta_1[18]      0.01      0.00      0.01     -0.00      0.01    108.08      1.00
    beta_1[19]      0.01      0.00      0.01     -0.00      0.01    104.48      1.00
    beta_1[20]      0.01      0.00      0.01     -0.00      0.01    106.12      1.00
    beta_1[21]      0.01      0.00      0.01     -0.00      0.01    108.20      1.00
    beta_1[22]      0.01      0.00      0.01     -0.00      0.01    107.89      1.00
    beta_1[23]      0.01      0.00      0.01      0.00      0.01     99.80      1.00
    beta_1[24]      0.01      0.00      0.01      0.00      0.01     98.83      1.00
    beta_1[25]      0.01      0.00      0.01      0.00      0.01     93.19      1.00
    beta_1[26]      0.01      0.00      0.01      0.00      0.01     92.04      1.00
    beta_1[27]      0.01      0.00      0.01      0.00      0.01     95.81      1.00
    beta_1[28]      0.01      0.00      0.01      0.00      0.02     95.68      1.00
    beta_1[29]      0.01      0.00      0.01      0.00      0.02     94.95      1.00
    beta_1[30]      0.01      0.00      0.01      0.00      0.02     88.21      1.00
    beta_1[31]      0.01      0.00      0.01      0.00      0.02     83.77      1.00
    beta_1[32]      0.01      0.00      0.01      0.00      0.02     81.29      1.00
    beta_1[33]      0.01      0.00      0.01      0.00      0.02     79.90      1.00
    beta_1[34]      0.01      0.00      0.01      0.00      0.02     76.50      1.00
    beta_1[35]      0.01      0.00      0.01      0.00      0.02     75.20      1.00
    beta_1[36]      0.01      0.00      0.01      0.00      0.02     73.25      1.00
    beta_1[37]      0.01      0.00      0.01      0.00      0.02     71.09      1.00
    beta_1[38]      0.01      0.00      0.01      0.00      0.02     72.26      1.00
    beta_1[39]      0.01      0.00      0.01      0.00      0.02     69.03      1.00
    beta_1[40]      0.01      0.00      0.01      0.00      0.02     68.82      1.00
    beta_1[41]      0.01      0.00      0.01      0.00      0.02     65.69      1.00
    beta_1[42]      0.01      0.00      0.01      0.00      0.02     66.67      1.00
    beta_1[43]      0.01      0.00      0.01      0.01      0.02     68.15      1.00
    beta_1[44]      0.01      0.00      0.01      0.00      0.02     66.69      1.00
    beta_1[45]      0.01      0.00      0.01      0.01      0.02     65.19      1.00
    beta_1[46]      0.01      0.00      0.01      0.01      0.02     64.65      1.00
    beta_1[47]      0.01      0.00      0.01      0.01      0.02     62.84      1.00
    beta_1[48]      0.01      0.00      0.01      0.01      0.02     60.07      1.00
    beta_1[49]      0.01      0.00      0.01      0.01      0.02     60.48      1.00
    beta_1[50]      0.01      0.00      0.01      0.01      0.02     60.14      1.00
    beta_1[51]      0.01      0.00      0.01      0.01      0.02     63.78      1.00
    beta_1[52]      0.01      0.00      0.01      0.01      0.02     64.02      1.00
    beta_1[53]      0.01      0.00      0.01      0.01      0.02     65.09      1.00
    beta_1[54]      0.01      0.00      0.01      0.01      0.02     65.03      1.00
    beta_1[55]      0.01      0.00      0.01      0.01      0.02     69.65      1.00
    beta_1[56]      0.01      0.00      0.01      0.01      0.02     67.26      1.00
    beta_1[57]      0.01      0.00      0.01      0.01      0.02     73.64      1.00
    beta_1[58]      0.01      0.00      0.01      0.01      0.02     79.10      1.00
    beta_1[59]      0.01      0.00      0.01      0.01      0.02     83.29      1.00
    beta_1[60]      0.01      0.00      0.01      0.01      0.02     87.53      1.00
    beta_1[61]      0.02      0.00      0.02      0.01      0.02     91.46      1.00
    beta_1[62]      0.02      0.00      0.02      0.01      0.02     97.56      1.00
    beta_1[63]      0.02      0.00      0.02      0.01      0.02     98.10      1.00
    beta_1[64]      0.02      0.00      0.02      0.01      0.02    105.76      1.00
    beta_1[65]      0.02      0.00      0.02      0.01      0.02    113.27      1.00
    beta_1[66]      0.02      0.00      0.02      0.01      0.02    118.48      1.00
    beta_1[67]      0.02      0.00      0.02      0.01      0.02    115.94      1.00
    beta_1[68]      0.02      0.00      0.02      0.01      0.02    118.31      1.00
    beta_1[69]      0.02      0.00      0.02      0.01      0.02    129.38      1.00
    beta_1[70]      0.02      0.00      0.02      0.01      0.02    128.36      1.00
    beta_1[71]      0.02      0.00      0.02      0.01      0.02    131.38      1.00
    beta_1[72]      0.02      0.00      0.02      0.01      0.02    128.35      1.00
    beta_1[73]      0.02      0.00      0.02      0.01      0.02    137.38      1.00
    beta_1[74]      0.02      0.00      0.02      0.01      0.02    148.11      1.00
    beta_1[75]      0.02      0.00      0.02      0.01      0.02    158.13      1.00
    beta_1[76]      0.02      0.00      0.02      0.01      0.02    174.32      1.00
    beta_1[77]      0.02      0.00      0.02      0.01      0.02    178.06      1.00
    beta_1[78]      0.02      0.00      0.02      0.02      0.02    192.21      1.00
    beta_1[79]      0.02      0.00      0.02      0.02      0.02    199.57      1.00
    beta_1[80]      0.02      0.00      0.02      0.02      0.02    182.06      1.00
    beta_1[81]      0.02      0.00      0.02      0.02      0.02    204.41      1.00
    beta_1[82]      0.02      0.00      0.02      0.02      0.02    238.85      1.00
    beta_1[83]      0.02      0.00      0.02      0.02      0.02    244.31      1.00
    beta_1[84]      0.02      0.00      0.02      0.02      0.02    226.93      1.00
    beta_1[85]      0.02      0.00      0.02      0.02      0.02    267.24      1.00
    beta_1[86]      0.02      0.00      0.02      0.02      0.02    286.82      1.00
    beta_1[87]      0.02      0.00      0.02      0.02      0.02    353.05      1.00
    beta_1[88]      0.02      0.00      0.02      0.02      0.02    312.55      1.00
    beta_1[89]      0.02      0.00      0.02      0.02      0.02    334.81      1.00
    beta_1[90]      0.02      0.00      0.02      0.01      0.02    447.97      1.00
    beta_1[91]      0.02      0.00      0.02      0.01      0.02    451.74      1.00
    beta_1[92]      0.02      0.00      0.02      0.01      0.02    500.47      1.00
    beta_1[93]      0.02      0.00      0.02      0.01      0.02    543.60      1.00
    beta_1[94]      0.02      0.00      0.02      0.01      0.02    568.05      1.00
    beta_1[95]      0.02      0.00      0.02      0.02      0.02    619.95      1.00
    beta_1[96]      0.02      0.00      0.02      0.02      0.02    554.22      1.00
    beta_1[97]      0.02      0.00      0.02      0.02      0.02    646.29      1.00
    beta_1[98]      0.02      0.00      0.02      0.01      0.02    649.39      1.00
    beta_1[99]      0.02      0.00      0.02      0.01      0.02    741.80      1.00
   beta_1[100]      0.02      0.00      0.02      0.01      0.02    988.22      1.00
   beta_1[101]      0.02      0.00      0.02      0.01      0.02   1153.57      1.00
   beta_1[102]      0.02      0.00      0.02      0.02      0.02   1160.65      1.00
   beta_1[103]      0.02      0.00      0.02      0.02      0.02   1224.49      1.00
   beta_1[104]      0.02      0.00      0.02      0.01      0.02   1212.44      1.00
   beta_1[105]      0.02      0.00      0.02      0.01      0.02   1262.96      1.00
   beta_1[106]      0.01      0.00      0.01      0.01      0.02   1222.29      1.00
   beta_1[107]      0.01      0.00      0.01      0.01      0.01   1103.26      1.00
   beta_1[108]      0.01      0.00      0.01      0.01      0.01   1156.81      1.00
   beta_1[109]      0.01      0.00      0.01      0.01      0.01   1297.08      1.00
   beta_1[110]      0.01      0.00      0.01      0.01      0.01   1311.94      1.00
   beta_1[111]      0.01      0.00      0.01      0.01      0.01   1449.98      1.00
   beta_1[112]      0.01      0.00      0.01      0.01      0.01   1458.28      1.00
   beta_1[113]      0.01      0.00      0.01      0.01      0.01   1517.88      1.00
   beta_1[114]      0.01      0.00      0.01      0.01      0.01   1473.66      1.00
   beta_1[115]      0.01      0.00      0.01      0.01      0.01   1621.25      1.00
   beta_1[116]      0.01      0.00      0.01      0.01      0.01   1660.67      1.00
   beta_1[117]      0.01      0.00      0.01      0.01      0.01   1615.77      1.00
   beta_1[118]      0.01      0.00      0.01      0.01      0.01   1651.75      1.00
   beta_1[119]      0.01      0.00      0.01      0.01      0.01   1706.97      1.00
   beta_1[120]      0.01      0.00      0.01      0.01      0.01   1654.07      1.00
   beta_1[121]      0.01      0.00      0.01      0.00      0.01   1880.09      1.00
   beta_1[122]      0.01      0.00      0.01      0.00      0.01   1742.83      1.00
   beta_1[123]      0.01      0.00      0.01      0.00      0.01   1678.83      1.00
   beta_1[124]      0.01      0.00      0.01      0.00      0.01   1631.35      1.00
   beta_1[125]      0.01      0.00      0.01      0.00      0.01   1612.28      1.00
   beta_1[126]      0.01      0.00      0.01      0.00      0.01   1506.78      1.00
   beta_1[127]      0.01      0.00      0.01      0.00      0.01   1897.63      1.00
   beta_1[128]      0.01      0.00      0.01      0.00      0.01   1835.06      1.00
   beta_1[129]      0.01      0.00      0.01      0.00      0.01   1778.53      1.00
   beta_1[130]      0.01      0.00      0.01      0.00      0.01   1872.91      1.00
   beta_1[131]      0.01      0.00      0.01      0.00      0.01   1730.89      1.00
   beta_1[132]      0.01      0.00      0.01      0.00      0.01   1862.13      1.00
   beta_1[133]      0.00      0.00      0.00      0.00      0.01   1864.95      1.00
   beta_1[134]      0.00      0.00      0.00      0.00      0.01   1693.49      1.00
   beta_1[135]      0.00      0.00      0.00      0.00      0.01   1645.46      1.00
   beta_1[136]      0.00      0.00      0.00      0.00      0.01   1746.81      1.00
   beta_1[137]      0.00      0.00      0.00      0.00      0.01   1697.60      1.00
   beta_1[138]      0.00      0.00      0.00      0.00      0.01   1801.54      1.00
   beta_1[139]      0.00      0.00      0.00      0.00      0.01   1687.89      1.00
   beta_1[140]      0.00      0.00      0.00      0.00      0.01   1541.11      1.00
   beta_1[141]      0.00      0.00      0.00      0.00      0.00   1632.38      1.00
   beta_1[142]      0.00      0.00      0.00      0.00      0.00   1676.67      1.00
   beta_1[143]      0.00      0.00      0.00      0.00      0.00   1498.90      1.00
   beta_1[144]      0.00      0.00      0.00      0.00      0.00   1654.61      1.00
   beta_1[145]      0.00      0.00      0.00      0.00      0.00   1868.19      1.00
   beta_1[146]      0.00      0.00      0.00      0.00      0.00   2103.10      1.00
   beta_1[147]      0.00      0.00      0.00      0.00      0.00   1678.13      1.00
   beta_1[148]      0.00      0.00      0.00      0.00      0.00   1955.05      1.00
   beta_1[149]      0.00      0.00      0.00     -0.00      0.00   1753.97      1.00
   beta_1[150]      0.00      0.00      0.00     -0.00      0.00   1560.57      1.00
   beta_1[151]      0.00      0.00      0.00      0.00      0.00   1806.21      1.00
   beta_1[152]      0.00      0.00      0.00      0.00      0.00   1831.26      1.00
   beta_1[153]      0.00      0.00      0.00      0.00      0.00   1748.19      1.00
   beta_1[154]      0.00      0.00      0.00      0.00      0.00   1592.73      1.00
   beta_1[155]      0.00      0.00      0.00     -0.00      0.00   1868.36      1.00
   beta_1[156]      0.00      0.00      0.00     -0.00      0.00   1920.57      1.00
   beta_1[157]      0.00      0.00      0.00     -0.00      0.00   1765.67      1.00
   beta_1[158]      0.00      0.00      0.00     -0.00      0.00   1958.15      1.00
   beta_1[159]      0.00      0.00      0.00     -0.00      0.00   1941.70      1.00
   beta_1[160]      0.00      0.00      0.00     -0.00      0.00   2123.01      1.00
   beta_1[161]      0.00      0.00      0.00     -0.00      0.00   2035.21      1.00
   beta_1[162]      0.00      0.00      0.00     -0.00      0.00   2058.09      1.00
   beta_1[163]      0.00      0.00      0.00     -0.00      0.00   2112.74      1.00
   beta_1[164]      0.00      0.00      0.00     -0.00      0.00   2104.99      1.00
   beta_1[165]      0.00      0.00      0.00     -0.00      0.00   2378.63      1.00
   beta_1[166]      0.00      0.00      0.00     -0.00      0.00   1861.08      1.00
   beta_1[167]      0.00      0.00      0.00     -0.00      0.00   2168.00      1.00
   beta_1[168]      0.00      0.00      0.00     -0.00      0.00   1975.15      1.00
   beta_1[169]      0.00      0.00      0.00     -0.00      0.00   1868.99      1.00
   beta_1[170]      0.00      0.00      0.00     -0.00      0.00   1632.30      1.00
   beta_1[171]      0.00      0.00      0.00     -0.00      0.00   2091.30      1.00
   beta_1[172]      0.00      0.00      0.00     -0.00      0.00   1981.58      1.00
   beta_1[173]      0.00      0.00      0.00     -0.00      0.00   1836.86      1.00
   beta_1[174]      0.00      0.00      0.00     -0.00      0.00   1814.13      1.00
   beta_1[175]      0.00      0.00      0.00     -0.00      0.00   2031.90      1.00
   beta_1[176]      0.00      0.00      0.00     -0.00      0.00   2082.13      1.00
   beta_1[177]      0.00      0.00      0.00     -0.00      0.00   2444.25      1.00
   beta_1[178]      0.00      0.00      0.00     -0.00      0.00   2415.12      1.00
   beta_1[179]      0.00      0.00      0.00     -0.00      0.00   2115.65      1.00
   beta_1[180]      0.00      0.00      0.00     -0.00      0.00   2420.94      1.00
   beta_1[181]      0.00      0.00      0.00     -0.00      0.00   2220.42      1.00
   beta_1[182]      0.00      0.00      0.00     -0.00      0.00   2007.78      1.00
   beta_1[183]      0.00      0.00      0.00     -0.00      0.00   2461.90      1.00
   beta_1[184]      0.00      0.00      0.00     -0.00      0.00   2339.33      1.00
   beta_1[185]      0.00      0.00      0.00     -0.00      0.00   2229.56      1.00
   beta_1[186]      0.00      0.00      0.00     -0.00      0.00   2285.61      1.00
   beta_1[187]      0.00      0.00      0.00     -0.00      0.00   2258.28      1.00
   beta_1[188]      0.00      0.00      0.00     -0.00      0.00   2295.17      1.00
   beta_1[189]      0.00      0.00      0.00     -0.00      0.00   2526.84      1.00
   beta_1[190]      0.00      0.00      0.00     -0.00      0.00   2556.12      1.00
   beta_1[191]      0.00      0.00      0.00     -0.00      0.00   2286.64      1.00
   beta_1[192]      0.00      0.00      0.00     -0.00      0.00   2498.43      1.00
   beta_1[193]      0.00      0.00      0.00     -0.00      0.00   2490.04      1.00
   beta_1[194]      0.00      0.00      0.00     -0.00      0.00   2620.13      1.00
   beta_1[195]      0.00      0.00      0.00     -0.00      0.00   1932.91      1.00
   beta_1[196]      0.00      0.00      0.00     -0.00      0.00   2323.32      1.00
   beta_1[197]      0.00      0.00      0.00     -0.00      0.00   2007.27      1.00
   beta_1[198]      0.00      0.00      0.00     -0.00      0.00   1735.77      1.00
   beta_1[199]      0.00      0.00      0.00     -0.00      0.00   1878.18      1.00
   beta_1[200]      0.00      0.00      0.00     -0.00      0.00   2076.38      1.00
   beta_1[201]      0.00      0.00      0.00     -0.00      0.00   2224.02      1.00
   beta_1[202]      0.00      0.00      0.00     -0.00      0.00   2039.03      1.00
   beta_1[203]      0.00      0.00      0.00     -0.00      0.00   2307.58      1.00
   beta_1[204]      0.00      0.00      0.00     -0.00      0.00   2392.82      1.00
   beta_1[205]      0.00      0.00      0.00     -0.00      0.00   2350.84      1.00
   beta_1[206]      0.00      0.00      0.00     -0.00      0.00   2358.97      1.00
   beta_1[207]      0.00      0.00      0.00     -0.00      0.00   2789.76      1.00
   beta_1[208]      0.00      0.00      0.00     -0.00      0.00   2430.39      1.00
   beta_1[209]      0.00      0.00      0.00     -0.00      0.00   1795.51      1.00
   beta_1[210]      0.00      0.00      0.00     -0.00      0.00   1888.41      1.00
   beta_1[211]      0.00      0.00      0.00     -0.00      0.00   2217.30      1.00
   beta_1[212]      0.00      0.00      0.00     -0.00      0.00   2264.24      1.00
   beta_1[213]      0.00      0.00      0.00     -0.00      0.00   2221.10      1.00
   beta_1[214]      0.00      0.00      0.00     -0.00      0.00   2359.76      1.00
   beta_1[215]      0.00      0.00      0.00     -0.00      0.00   2465.91      1.00
   beta_1[216]      0.00      0.00      0.00     -0.00      0.00   2974.31      1.00
   beta_1[217]      0.00      0.00      0.00     -0.00      0.00   2583.34      1.00
   beta_1[218]      0.00      0.00      0.00     -0.00      0.00   1853.32      1.00
   beta_1[219]      0.00      0.00      0.00     -0.00      0.00   2344.86      1.00
   beta_1[220]      0.00      0.00      0.00     -0.00      0.00   2199.96      1.00
   beta_1[221]      0.00      0.00      0.00     -0.00      0.00   2086.10      1.00
   beta_1[222]      0.00      0.00      0.00     -0.00      0.00   2141.31      1.00
   beta_1[223]      0.00      0.00      0.00     -0.00      0.00   2357.04      1.00
   beta_1[224]      0.00      0.00      0.00     -0.00      0.00   2592.45      1.00
   beta_1[225]      0.00      0.00      0.00     -0.00      0.00   2232.42      1.00
   beta_1[226]      0.00      0.00      0.00     -0.00      0.00   2776.39      1.00
   beta_1[227]      0.00      0.00      0.00     -0.00      0.00   2806.04      1.00
   beta_1[228]      0.00      0.00      0.00     -0.00      0.00   2639.09      1.00
   beta_1[229]      0.00      0.00      0.00     -0.00      0.00   2387.04      1.00
   beta_1[230]      0.00      0.00      0.00     -0.00      0.00   2249.13      1.00
   beta_1[231]      0.00      0.00      0.00     -0.00      0.00   1944.06      1.00
   beta_1[232]      0.00      0.00      0.00     -0.00      0.00   1774.93      1.00
   beta_1[233]      0.00      0.00      0.00     -0.00      0.00   2029.40      1.00
   beta_1[234]      0.00      0.00      0.00     -0.00      0.00   2191.94      1.00
   beta_1[235]      0.00      0.00      0.00     -0.00      0.00   2307.33      1.00
   beta_1[236]      0.00      0.00      0.00     -0.00      0.00   2413.02      1.00
   beta_1[237]      0.00      0.00      0.00     -0.00      0.00   2354.74      1.00
   beta_1[238]      0.00      0.00      0.00     -0.00      0.00   2713.19      1.00
   beta_1[239]      0.00      0.00      0.00     -0.00      0.00   2685.98      1.00
   beta_1[240]      0.00      0.00      0.00     -0.00      0.00   1960.46      1.00
   beta_1[241]      0.00      0.00      0.00     -0.00      0.00   2491.75      1.00
   beta_1[242]      0.00      0.00      0.00     -0.00      0.00   2253.49      1.00
   beta_1[243]      0.00      0.00      0.00     -0.00      0.00   2040.87      1.00
   beta_1[244]      0.00      0.00      0.00     -0.00      0.00   2195.22      1.00
   beta_1[245]      0.00      0.00      0.00     -0.00      0.00   2859.10      1.00
   beta_1[246]      0.00      0.00      0.00     -0.00      0.00   2652.59      1.00
  transform[0]      0.04      0.99      0.03     -1.46      1.70   1063.25      1.00

Number of divergences: 211
