                     date locationtest  value abbreviation location  population
location_name                                                                  
Montana        2020-01-24           30      0           MT       30   1068778.0
Montana        2020-01-25           30      0           MT       30   1068778.0
Montana        2020-01-26           30      0           MT       30   1068778.0
Montana        2020-01-27           30      0           MT       30   1068778.0
Montana        2020-01-28           30      0           MT       30   1068778.0
...                   ...          ...    ...          ...      ...         ...
Montana        2021-01-07           30    690           MT       30   1068778.0
Montana        2021-01-08           30    818           MT       30   1068778.0
Montana        2021-01-09           30    534           MT       30   1068778.0
Montana        2021-01-10           30    222           MT       30   1068778.0
Montana        2021-01-11           30    329           MT       30   1068778.0

[354 rows x 6 columns]

                    mean       std    median      5.0%     95.0%     n_eff     r_hat
 a_raw_init[0]      0.00      0.00      0.00      0.00      0.00   2026.86      1.00
 a_raw_init[1]      0.00      0.00      0.00      0.00      0.00   1648.63      1.00
 a_raw_init[2]      0.05      0.00      0.05      0.04      0.06   1933.18      1.00
 a_raw_init[3]      0.04      0.00      0.04      0.04      0.05   1709.93      1.00
 a_raw_init[4]      0.00      0.00      0.00      0.00      0.00   2055.25      1.00
 a_raw_init[5]      0.01      0.00      0.01      0.01      0.02    921.52      1.00
 a_raw_init[6]      0.00      0.00      0.00      0.00      0.00   1133.93      1.00
 a_raw_init[7]      0.14      0.00      0.14      0.13      0.14   1491.98      1.00
 a_raw_init[8]      0.47      0.00      0.47      0.46      0.47   1359.95      1.00
 a_raw_init[9]      0.38      0.00      0.38      0.37      0.39   1278.70      1.00
a_raw_init[10]      0.32      0.00      0.32      0.31      0.33   1644.35      1.00
a_raw_init[11]      0.54      0.00      0.54      0.53      0.55   2291.20      1.00
a_raw_init[12]      0.65      0.00      0.65      0.64      0.65   2261.43      1.00
     beta_1[0]      0.00      0.00      0.00     -0.00      0.00   1695.31      1.00
     beta_1[1]      0.00      0.00      0.00     -0.00      0.00   1305.20      1.00
     beta_1[2]      0.00      0.00      0.00     -0.00      0.00   1100.06      1.00
     beta_1[3]      0.00      0.00      0.00     -0.00      0.00    852.47      1.00
     beta_1[4]      0.00      0.00      0.00     -0.00      0.00    710.80      1.00
     beta_1[5]      0.00      0.00      0.00     -0.00      0.00    617.19      1.00
     beta_1[6]      0.00      0.00      0.00     -0.00      0.01    500.44      1.01
     beta_1[7]      0.00      0.00      0.00     -0.00      0.01    409.12      1.00
     beta_1[8]      0.00      0.00      0.00     -0.00      0.01    347.34      1.00
     beta_1[9]      0.00      0.00      0.00     -0.00      0.01    298.06      1.00
    beta_1[10]      0.00      0.00      0.00     -0.00      0.01    267.38      1.01
    beta_1[11]      0.00      0.00      0.00     -0.00      0.01    251.74      1.00
    beta_1[12]      0.00      0.00      0.00     -0.00      0.01    238.88      1.00
    beta_1[13]      0.00      0.00      0.00     -0.00      0.01    233.77      1.00
    beta_1[14]      0.00      0.00      0.00     -0.00      0.01    229.70      1.00
    beta_1[15]      0.00      0.00      0.00     -0.00      0.01    217.47      1.00
    beta_1[16]      0.00      0.00      0.00     -0.00      0.01    208.15      1.01
    beta_1[17]      0.00      0.00      0.00     -0.00      0.01    194.74      1.01
    beta_1[18]      0.00      0.00      0.00     -0.00      0.01    196.89      1.00
    beta_1[19]      0.00      0.00      0.00     -0.00      0.01    189.68      1.00
    beta_1[20]      0.00      0.00      0.00     -0.00      0.01    186.18      1.00
    beta_1[21]      0.00      0.00      0.00     -0.00      0.01    183.99      1.00
    beta_1[22]      0.00      0.00      0.00     -0.00      0.01    179.39      1.01
    beta_1[23]      0.00      0.00      0.00     -0.00      0.01    181.48      1.00
    beta_1[24]      0.00      0.00      0.00     -0.00      0.01    181.42      1.01
    beta_1[25]      0.00      0.00      0.00     -0.00      0.01    170.24      1.00
    beta_1[26]      0.00      0.00      0.00     -0.00      0.01    170.43      1.00
    beta_1[27]      0.00      0.00      0.00     -0.00      0.01    163.90      1.00
    beta_1[28]      0.00      0.00      0.00     -0.00      0.01    166.56      1.00
    beta_1[29]      0.00      0.01      0.00     -0.00      0.01    155.00      1.00
    beta_1[30]      0.00      0.01      0.00     -0.00      0.01    161.43      1.00
    beta_1[31]      0.00      0.01      0.00     -0.01      0.01    163.49      1.00
    beta_1[32]      0.00      0.01      0.00     -0.00      0.01    163.83      1.00
    beta_1[33]      0.00      0.01      0.00     -0.00      0.01    165.18      1.00
    beta_1[34]      0.00      0.01      0.00     -0.00      0.01    161.65      1.00
    beta_1[35]      0.00      0.01      0.00     -0.00      0.01    155.23      1.00
    beta_1[36]      0.00      0.01      0.00     -0.00      0.01    153.09      1.00
    beta_1[37]      0.00      0.01      0.00     -0.00      0.01    151.21      1.00
    beta_1[38]      0.00      0.01      0.00     -0.00      0.01    151.09      1.00
    beta_1[39]      0.00      0.01      0.00     -0.00      0.01    148.86      1.00
    beta_1[40]      0.00      0.01      0.00     -0.00      0.01    149.47      1.00
    beta_1[41]      0.00      0.01      0.00     -0.00      0.01    149.52      1.00
    beta_1[42]      0.01      0.01      0.00     -0.00      0.01    151.79      1.00
    beta_1[43]      0.01      0.01      0.01     -0.00      0.01    150.13      1.00
    beta_1[44]      0.01      0.01      0.01     -0.00      0.01    146.93      1.00
    beta_1[45]      0.01      0.01      0.01     -0.00      0.01    151.01      1.00
    beta_1[46]      0.01      0.01      0.01     -0.00      0.01    152.02      1.00
    beta_1[47]      0.01      0.01      0.01     -0.00      0.01    151.92      1.00
    beta_1[48]      0.01      0.01      0.01     -0.00      0.02    150.21      1.00
    beta_1[49]      0.01      0.01      0.01     -0.00      0.02    149.50      1.00
    beta_1[50]      0.01      0.01      0.01     -0.00      0.02    150.00      1.00
    beta_1[51]      0.01      0.01      0.01     -0.00      0.02    151.98      1.00
    beta_1[52]      0.01      0.01      0.01     -0.00      0.02    152.56      1.00
    beta_1[53]      0.01      0.01      0.01     -0.00      0.02    150.51      1.00
    beta_1[54]      0.01      0.01      0.01     -0.00      0.02    153.22      1.00
    beta_1[55]      0.01      0.01      0.01     -0.00      0.01    153.62      1.00
    beta_1[56]      0.01      0.01      0.01     -0.00      0.01    157.98      1.00
    beta_1[57]      0.01      0.01      0.01     -0.00      0.01    160.80      1.00
    beta_1[58]      0.01      0.01      0.01     -0.00      0.01    160.79      1.00
    beta_1[59]      0.01      0.01      0.01     -0.00      0.01    163.29      1.00
    beta_1[60]      0.01      0.01      0.01     -0.00      0.02    163.52      1.00
    beta_1[61]      0.01      0.01      0.01     -0.00      0.02    162.81      1.00
    beta_1[62]      0.01      0.01      0.01     -0.00      0.02    163.63      1.00
    beta_1[63]      0.01      0.01      0.01     -0.00      0.02    166.93      1.00
    beta_1[64]      0.01      0.01      0.01     -0.00      0.02    167.84      1.00
    beta_1[65]      0.01      0.01      0.01     -0.00      0.02    168.86      1.00
    beta_1[66]      0.01      0.01      0.01     -0.00      0.02    171.58      1.00
    beta_1[67]      0.01      0.01      0.01     -0.00      0.02    171.49      1.00
    beta_1[68]      0.01      0.01      0.01     -0.00      0.02    171.21      1.00
    beta_1[69]      0.01      0.01      0.01     -0.00      0.02    170.10      1.00
    beta_1[70]      0.01      0.01      0.01     -0.00      0.02    171.36      1.00
    beta_1[71]      0.01      0.01      0.01     -0.00      0.02    172.37      1.00
    beta_1[72]      0.01      0.01      0.01     -0.00      0.02    175.66      1.00
    beta_1[73]      0.01      0.01      0.01     -0.00      0.02    173.75      1.00
    beta_1[74]      0.01      0.01      0.01     -0.00      0.02    172.11      1.00
    beta_1[75]      0.01      0.01      0.01     -0.00      0.02    169.45      1.00
    beta_1[76]      0.01      0.01      0.01     -0.00      0.02    173.11      1.00
    beta_1[77]      0.01      0.01      0.01     -0.00      0.02    171.97      1.00
    beta_1[78]      0.01      0.01      0.01     -0.00      0.02    171.01      1.00
    beta_1[79]      0.01      0.01      0.01     -0.00      0.02    168.70      1.00
    beta_1[80]      0.01      0.01      0.01     -0.00      0.02    169.68      1.00
    beta_1[81]      0.01      0.01      0.01     -0.00      0.02    172.46      1.00
    beta_1[82]      0.01      0.01      0.01     -0.00      0.02    171.89      1.00
    beta_1[83]      0.01      0.01      0.01     -0.00      0.02    176.49      1.00
    beta_1[84]      0.01      0.01      0.01      0.00      0.02    176.90      1.00
    beta_1[85]      0.01      0.01      0.01      0.00      0.02    176.42      1.00
    beta_1[86]      0.01      0.01      0.01      0.00      0.02    170.76      1.00
    beta_1[87]      0.01      0.01      0.01      0.00      0.02    170.60      1.00
    beta_1[88]      0.01      0.01      0.01      0.00      0.02    172.38      1.00
    beta_1[89]      0.01      0.01      0.01     -0.00      0.02    176.54      1.00
    beta_1[90]      0.01      0.01      0.01     -0.00      0.02    175.48      1.00
    beta_1[91]      0.01      0.01      0.01     -0.00      0.02    173.28      1.00
    beta_1[92]      0.01      0.01      0.01     -0.00      0.02    168.54      1.00
    beta_1[93]      0.01      0.01      0.01     -0.00      0.02    169.19      1.00
    beta_1[94]      0.01      0.01      0.01     -0.00      0.02    169.79      1.00
    beta_1[95]      0.01      0.01      0.01     -0.00      0.02    169.09      1.00
    beta_1[96]      0.01      0.01      0.01     -0.00      0.02    165.46      1.00
    beta_1[97]      0.01      0.01      0.01     -0.00      0.02    159.39      1.00
    beta_1[98]      0.01      0.01      0.01     -0.00      0.02    156.57      1.00
    beta_1[99]      0.01      0.01      0.01     -0.00      0.02    158.57      1.00
   beta_1[100]      0.01      0.01      0.01     -0.00      0.02    155.62      1.00
   beta_1[101]      0.01      0.01      0.01      0.00      0.02    151.45      1.00
   beta_1[102]      0.01      0.01      0.01      0.00      0.02    151.32      1.00
   beta_1[103]      0.01      0.01      0.01     -0.00      0.02    153.25      1.00
   beta_1[104]      0.01      0.01      0.01     -0.00      0.02    159.73      1.00
   beta_1[105]      0.01      0.01      0.01     -0.00      0.02    165.22      1.00
   beta_1[106]      0.01      0.01      0.01     -0.00      0.02    168.13      1.00
   beta_1[107]      0.01      0.01      0.01     -0.00      0.02    169.58      1.00
   beta_1[108]      0.01      0.01      0.01     -0.00      0.02    172.84      1.00
   beta_1[109]      0.01      0.01      0.01     -0.00      0.02    174.57      1.01
   beta_1[110]      0.01      0.01      0.01     -0.00      0.02    187.50      1.01
   beta_1[111]      0.01      0.01      0.01     -0.00      0.02    186.37      1.01
   beta_1[112]      0.01      0.01      0.01     -0.00      0.02    185.18      1.01
   beta_1[113]      0.01      0.01      0.01     -0.00      0.02    171.75      1.01
   beta_1[114]      0.01      0.01      0.01     -0.00      0.02    165.79      1.01
   beta_1[115]      0.01      0.01      0.01     -0.00      0.02    157.86      1.01
   beta_1[116]      0.01      0.01      0.01      0.00      0.02    162.28      1.01
   beta_1[117]      0.01      0.01      0.01     -0.00      0.02    159.61      1.01
   beta_1[118]      0.01      0.01      0.01     -0.00      0.02    164.70      1.01
   beta_1[119]      0.01      0.01      0.01      0.00      0.02    160.83      1.01
   beta_1[120]      0.01      0.01      0.01      0.00      0.02    159.49      1.01
   beta_1[121]      0.01      0.01      0.01     -0.00      0.02    157.16      1.01
   beta_1[122]      0.01      0.01      0.01      0.00      0.02    155.87      1.01
   beta_1[123]      0.01      0.00      0.01      0.00      0.02    157.81      1.01
   beta_1[124]      0.01      0.00      0.01      0.00      0.02    163.29      1.01
   beta_1[125]      0.01      0.00      0.01      0.00      0.02    159.26      1.01
   beta_1[126]      0.01      0.00      0.01      0.00      0.02    155.95      1.00
   beta_1[127]      0.01      0.00      0.01      0.00      0.02    151.66      1.00
   beta_1[128]      0.01      0.00      0.01      0.00      0.02    148.86      1.00
   beta_1[129]      0.01      0.00      0.01      0.00      0.02    148.63      1.01
   beta_1[130]      0.01      0.00      0.01      0.00      0.02    150.69      1.00
   beta_1[131]      0.01      0.00      0.01      0.00      0.02    150.82      1.00
   beta_1[132]      0.01      0.00      0.01      0.00      0.02    151.72      1.00
   beta_1[133]      0.01      0.00      0.01      0.00      0.02    158.84      1.00
   beta_1[134]      0.01      0.00      0.01      0.00      0.02    164.15      1.00
   beta_1[135]      0.01      0.00      0.01      0.00      0.02    158.62      1.00
   beta_1[136]      0.01      0.00      0.01      0.00      0.02    160.40      1.00
   beta_1[137]      0.01      0.00      0.01      0.00      0.02    160.46      1.00
   beta_1[138]      0.01      0.00      0.01      0.00      0.02    168.27      1.00
   beta_1[139]      0.01      0.00      0.01      0.00      0.02    168.83      1.00
   beta_1[140]      0.01      0.00      0.01      0.00      0.02    177.61      1.00
   beta_1[141]      0.01      0.00      0.01      0.00      0.02    184.40      1.00
   beta_1[142]      0.01      0.00      0.01      0.00      0.02    192.70      1.00
   beta_1[143]      0.01      0.00      0.01      0.00      0.02    194.69      1.00
   beta_1[144]      0.01      0.00      0.01      0.00      0.02    200.52      1.00
   beta_1[145]      0.01      0.00      0.01      0.00      0.02    209.80      1.00
   beta_1[146]      0.01      0.00      0.01      0.00      0.02    203.44      1.00
   beta_1[147]      0.01      0.00      0.01      0.00      0.02    198.62      1.00
   beta_1[148]      0.01      0.00      0.01      0.00      0.02    202.75      1.00
   beta_1[149]      0.01      0.00      0.01      0.00      0.02    212.68      1.00
   beta_1[150]      0.01      0.00      0.01      0.00      0.02    236.94      1.00
   beta_1[151]      0.01      0.00      0.01      0.00      0.02    243.50      1.00
   beta_1[152]      0.01      0.00      0.01      0.00      0.02    264.81      1.00
   beta_1[153]      0.01      0.00      0.01      0.00      0.02    271.04      1.00
   beta_1[154]      0.01      0.00      0.01      0.00      0.02    262.02      1.00
   beta_1[155]      0.01      0.00      0.01      0.00      0.02    260.60      1.00
   beta_1[156]      0.01      0.00      0.01      0.00      0.02    271.37      1.00
   beta_1[157]      0.01      0.00      0.01      0.00      0.02    277.12      1.00
   beta_1[158]      0.01      0.00      0.01      0.01      0.02    300.37      1.00
   beta_1[159]      0.01      0.00      0.01      0.01      0.02    307.29      1.00
   beta_1[160]      0.01      0.00      0.01      0.01      0.02    318.00      1.00
   beta_1[161]      0.01      0.00      0.01      0.01      0.02    330.12      1.00
   beta_1[162]      0.01      0.00      0.01      0.01      0.02    341.43      1.00
   beta_1[163]      0.01      0.00      0.01      0.01      0.02    361.68      1.00
   beta_1[164]      0.01      0.00      0.01      0.01      0.02    368.29      1.00
   beta_1[165]      0.01      0.00      0.01      0.01      0.02    388.89      1.00
   beta_1[166]      0.01      0.00      0.01      0.01      0.02    429.33      1.00
   beta_1[167]      0.01      0.00      0.01      0.01      0.02    440.79      1.00
   beta_1[168]      0.01      0.00      0.01      0.01      0.02    476.91      1.00
   beta_1[169]      0.01      0.00      0.01      0.01      0.02    532.90      1.00
   beta_1[170]      0.01      0.00      0.01      0.01      0.02    554.18      1.00
   beta_1[171]      0.01      0.00      0.01      0.01      0.02    607.11      1.00
   beta_1[172]      0.01      0.00      0.01      0.01      0.02    642.37      1.00
   beta_1[173]      0.01      0.00      0.01      0.01      0.02    714.74      1.00
   beta_1[174]      0.01      0.00      0.01      0.01      0.02    757.50      1.00
   beta_1[175]      0.01      0.00      0.01      0.01      0.02    782.31      1.00
   beta_1[176]      0.01      0.00      0.01      0.01      0.02    839.47      1.00
   beta_1[177]      0.01      0.00      0.01      0.01      0.02    866.85      1.00
   beta_1[178]      0.01      0.00      0.01      0.01      0.02    833.64      1.00
   beta_1[179]      0.01      0.00      0.01      0.01      0.02    892.00      1.00
   beta_1[180]      0.01      0.00      0.01      0.01      0.02    962.87      1.00
   beta_1[181]      0.01      0.00      0.01      0.01      0.02    988.23      1.00
   beta_1[182]      0.01      0.00      0.01      0.01      0.02    968.14      1.00
   beta_1[183]      0.01      0.00      0.01      0.01      0.02    939.97      1.00
   beta_1[184]      0.01      0.00      0.01      0.01      0.02    899.91      1.00
   beta_1[185]      0.01      0.00      0.01      0.01      0.02    905.96      1.00
   beta_1[186]      0.01      0.00      0.01      0.01      0.02    964.52      1.00
   beta_1[187]      0.01      0.00      0.01      0.01      0.02   1008.64      1.00
   beta_1[188]      0.01      0.00      0.01      0.01      0.02   1148.55      1.00
   beta_1[189]      0.01      0.00      0.01      0.01      0.02   1034.50      1.00
   beta_1[190]      0.01      0.00      0.01      0.01      0.02   1075.44      1.00
   beta_1[191]      0.01      0.00      0.01      0.01      0.01   1203.14      1.00
   beta_1[192]      0.01      0.00      0.01      0.01      0.01   1223.88      1.00
   beta_1[193]      0.01      0.00      0.01      0.01      0.01   1257.98      1.00
   beta_1[194]      0.01      0.00      0.01      0.01      0.01   1277.01      1.00
   beta_1[195]      0.01      0.00      0.01      0.01      0.01   1495.65      1.00
   beta_1[196]      0.01      0.00      0.01      0.01      0.01   1728.85      1.00
   beta_1[197]      0.01      0.00      0.01      0.01      0.01   1708.15      1.00
   beta_1[198]      0.01      0.00      0.01      0.01      0.01   1708.69      1.00
   beta_1[199]      0.01      0.00      0.01      0.01      0.01   1693.55      1.00
   beta_1[200]      0.01      0.00      0.01      0.01      0.01   1551.67      1.00
   beta_1[201]      0.01      0.00      0.01      0.01      0.01   1681.40      1.00
   beta_1[202]      0.01      0.00      0.01      0.00      0.01   1821.30      1.00
   beta_1[203]      0.01      0.00      0.01      0.00      0.01   1743.66      1.00
   beta_1[204]      0.01      0.00      0.01      0.00      0.01   1861.48      1.00
   beta_1[205]      0.01      0.00      0.01      0.00      0.01   1949.70      1.00
   beta_1[206]      0.01      0.00      0.01      0.00      0.01   2132.43      1.00
   beta_1[207]      0.01      0.00      0.01      0.00      0.01   1986.68      1.00
   beta_1[208]      0.01      0.00      0.01      0.00      0.01   1826.04      1.00
   beta_1[209]      0.01      0.00      0.01      0.00      0.01   1589.13      1.00
   beta_1[210]      0.01      0.00      0.01      0.00      0.01   1745.23      1.00
   beta_1[211]      0.01      0.00      0.01      0.00      0.01   1922.62      1.00
   beta_1[212]      0.01      0.00      0.01      0.00      0.01   1936.97      1.00
   beta_1[213]      0.01      0.00      0.01      0.00      0.01   1960.40      1.00
   beta_1[214]      0.01      0.00      0.01      0.01      0.01   2120.60      1.00
   beta_1[215]      0.01      0.00      0.01      0.00      0.01   1974.69      1.00
   beta_1[216]      0.01      0.00      0.01      0.00      0.01   1890.51      1.00
   beta_1[217]      0.01      0.00      0.01      0.00      0.01   1939.10      1.00
   beta_1[218]      0.01      0.00      0.01      0.00      0.01   1891.09      1.00
   beta_1[219]      0.01      0.00      0.01      0.00      0.01   1998.85      1.00
   beta_1[220]      0.01      0.00      0.01      0.00      0.01   2020.23      1.00
   beta_1[221]      0.01      0.00      0.01      0.00      0.01   2232.24      1.00
   beta_1[222]      0.01      0.00      0.01      0.01      0.01   2088.88      1.00
   beta_1[223]      0.01      0.00      0.01      0.01      0.01   2186.60      1.00
   beta_1[224]      0.01      0.00      0.01      0.01      0.01   2368.91      1.00
   beta_1[225]      0.01      0.00      0.01      0.01      0.01   2492.04      1.00
   beta_1[226]      0.01      0.00      0.01      0.00      0.01   2445.52      1.00
   beta_1[227]      0.01      0.00      0.01      0.00      0.01   2523.29      1.00
   beta_1[228]      0.01      0.00      0.01      0.01      0.01   2428.91      1.00
   beta_1[229]      0.01      0.00      0.01      0.01      0.01   2220.67      1.00
   beta_1[230]      0.01      0.00      0.01      0.01      0.01   2423.82      1.00
   beta_1[231]      0.01      0.00      0.01      0.01      0.01   2459.24      1.00
   beta_1[232]      0.01      0.00      0.01      0.01      0.01   2460.69      1.00
   beta_1[233]      0.01      0.00      0.01      0.01      0.01   2395.07      1.00
   beta_1[234]      0.01      0.00      0.01      0.01      0.01   2253.25      1.00
   beta_1[235]      0.01      0.00      0.01      0.01      0.01   2194.06      1.00
   beta_1[236]      0.01      0.00      0.01      0.01      0.01   2086.18      1.00
   beta_1[237]      0.01      0.00      0.01      0.01      0.01   2545.43      1.00
   beta_1[238]      0.01      0.00      0.01      0.01      0.01   2513.21      1.00
   beta_1[239]      0.01      0.00      0.01      0.01      0.02   2433.09      1.00
  transform[0]      0.00      1.02      0.00     -1.58      1.74   2107.08      1.00

Number of divergences: 60
