                            date locationtest  ...  location population
location_name                                  ...                     
District of Columbia  2020-01-24           11  ...        11   705749.0
District of Columbia  2020-01-25           11  ...        11   705749.0
District of Columbia  2020-01-26           11  ...        11   705749.0
District of Columbia  2020-01-27           11  ...        11   705749.0
District of Columbia  2020-01-28           11  ...        11   705749.0
...                          ...          ...  ...       ...        ...
District of Columbia  2021-01-07           11  ...        11   705749.0
District of Columbia  2021-01-08           11  ...        11   705749.0
District of Columbia  2021-01-09           11  ...        11   705749.0
District of Columbia  2021-01-10           11  ...        11   705749.0
District of Columbia  2021-01-11           11  ...        11   705749.0

[354 rows x 6 columns]

                    mean       std    median      5.0%     95.0%     n_eff     r_hat
 a_raw_init[0]      0.00      0.00      0.00      0.00      0.00   1977.88      1.00
 a_raw_init[1]      0.00      0.00      0.00      0.00      0.00   2041.85      1.00
 a_raw_init[2]      0.04      0.00      0.04      0.03      0.05    968.63      1.00
 a_raw_init[3]      0.44      0.00      0.44      0.43      0.45   1099.07      1.00
 a_raw_init[4]      0.53      0.01      0.53      0.52      0.54   1088.28      1.00
 a_raw_init[5]      0.38      0.01      0.38      0.37      0.39   1089.52      1.00
 a_raw_init[6]      0.13      0.01      0.13      0.12      0.13   1039.11      1.00
 a_raw_init[7]      0.07      0.01      0.07      0.06      0.07    814.02      1.00
 a_raw_init[8]      0.25      0.01      0.25      0.25      0.26    793.14      1.00
 a_raw_init[9]      0.18      0.00      0.18      0.18      0.19    867.07      1.00
a_raw_init[10]      0.15      0.00      0.15      0.14      0.15    960.63      1.00
a_raw_init[11]      0.12      0.00      0.12      0.11      0.12   1111.86      1.00
a_raw_init[12]      0.18      0.01      0.18      0.17      0.19   1203.34      1.00
a_raw_init[13]      0.17      0.01      0.17      0.16      0.18   1281.96      1.00
a_raw_init[14]      0.36      0.00      0.36      0.35      0.37   1492.18      1.00
a_raw_init[15]      0.44      0.01      0.44      0.43      0.45   1436.12      1.00
     beta_1[0]      0.00      0.00      0.00     -0.00      0.00   1588.60      1.00
     beta_1[1]      0.00      0.00      0.00     -0.00      0.00   1034.03      1.00
     beta_1[2]      0.00      0.00      0.00     -0.00      0.00    866.51      1.00
     beta_1[3]      0.00      0.00      0.00     -0.00      0.01    606.58      1.00
     beta_1[4]      0.00      0.00      0.00     -0.00      0.01    522.00      1.00
     beta_1[5]      0.00      0.00      0.00     -0.00      0.01    450.92      1.00
     beta_1[6]      0.00      0.00      0.00     -0.00      0.01    397.81      1.00
     beta_1[7]      0.00      0.00      0.00      0.00      0.01    388.88      1.00
     beta_1[8]      0.00      0.00      0.00      0.00      0.01    356.12      1.00
     beta_1[9]      0.01      0.00      0.01      0.00      0.01    330.55      1.00
    beta_1[10]      0.01      0.00      0.01      0.00      0.01    318.59      1.00
    beta_1[11]      0.01      0.00      0.01      0.00      0.01    293.00      1.00
    beta_1[12]      0.01      0.00      0.01      0.00      0.01    269.73      1.00
    beta_1[13]      0.01      0.00      0.01      0.00      0.01    265.37      1.00
    beta_1[14]      0.01      0.00      0.01      0.00      0.01    254.08      1.00
    beta_1[15]      0.01      0.00      0.01      0.00      0.01    243.04      1.00
    beta_1[16]      0.01      0.00      0.01      0.00      0.02    230.82      1.00
    beta_1[17]      0.01      0.00      0.01      0.00      0.02    224.26      1.00
    beta_1[18]      0.01      0.00      0.01      0.00      0.02    215.13      1.00
    beta_1[19]      0.01      0.00      0.01      0.00      0.02    210.50      1.00
    beta_1[20]      0.01      0.00      0.01      0.00      0.02    209.17      1.00
    beta_1[21]      0.01      0.00      0.01      0.01      0.02    201.12      1.00
    beta_1[22]      0.01      0.00      0.01      0.01      0.02    201.43      1.00
    beta_1[23]      0.01      0.00      0.01      0.01      0.02    201.10      1.00
    beta_1[24]      0.01      0.00      0.01      0.01      0.02    197.14      1.00
    beta_1[25]      0.01      0.00      0.01      0.01      0.02    195.09      1.00
    beta_1[26]      0.01      0.00      0.01      0.01      0.02    190.41      1.01
    beta_1[27]      0.02      0.00      0.02      0.01      0.02    189.96      1.00
    beta_1[28]      0.02      0.00      0.02      0.01      0.02    186.69      1.01
    beta_1[29]      0.02      0.00      0.02      0.01      0.02    184.02      1.01
    beta_1[30]      0.02      0.00      0.02      0.01      0.02    179.51      1.01
    beta_1[31]      0.02      0.00      0.02      0.01      0.03    186.13      1.01
    beta_1[32]      0.02      0.00      0.02      0.01      0.03    185.53      1.01
    beta_1[33]      0.02      0.00      0.02      0.01      0.03    180.75      1.01
    beta_1[34]      0.02      0.00      0.02      0.01      0.03    176.41      1.01
    beta_1[35]      0.02      0.00      0.02      0.01      0.03    174.64      1.01
    beta_1[36]      0.02      0.00      0.02      0.01      0.03    172.48      1.01
    beta_1[37]      0.02      0.00      0.02      0.01      0.03    172.87      1.01
    beta_1[38]      0.02      0.00      0.02      0.01      0.03    169.96      1.00
    beta_1[39]      0.02      0.00      0.02      0.01      0.03    173.61      1.00
    beta_1[40]      0.02      0.00      0.02      0.02      0.03    168.33      1.00
    beta_1[41]      0.02      0.00      0.02      0.02      0.03    165.61      1.00
    beta_1[42]      0.02      0.00      0.02      0.02      0.03    162.25      1.00
    beta_1[43]      0.02      0.00      0.02      0.02      0.03    158.12      1.00
    beta_1[44]      0.02      0.00      0.02      0.02      0.03    155.79      1.00
    beta_1[45]      0.03      0.00      0.03      0.02      0.03    156.40      1.00
    beta_1[46]      0.03      0.00      0.03      0.02      0.03    156.94      1.00
    beta_1[47]      0.03      0.00      0.03      0.02      0.03    155.16      1.00
    beta_1[48]      0.03      0.00      0.03      0.02      0.03    154.52      1.00
    beta_1[49]      0.03      0.00      0.03      0.02      0.03    154.51      1.00
    beta_1[50]      0.03      0.00      0.03      0.02      0.04    153.74      1.00
    beta_1[51]      0.03      0.00      0.03      0.02      0.04    155.01      1.00
    beta_1[52]      0.03      0.00      0.03      0.02      0.04    156.13      1.00
    beta_1[53]      0.03      0.00      0.03      0.02      0.04    156.86      1.00
    beta_1[54]      0.03      0.00      0.03      0.02      0.04    159.68      1.00
    beta_1[55]      0.03      0.00      0.03      0.02      0.04    161.08      1.00
    beta_1[56]      0.03      0.00      0.03      0.02      0.04    165.46      1.00
    beta_1[57]      0.03      0.00      0.03      0.02      0.04    169.29      1.00
    beta_1[58]      0.03      0.00      0.03      0.02      0.04    170.14      1.00
    beta_1[59]      0.03      0.00      0.03      0.02      0.04    173.65      1.00
    beta_1[60]      0.03      0.00      0.03      0.03      0.04    174.46      1.00
    beta_1[61]      0.03      0.00      0.03      0.03      0.04    174.25      1.00
    beta_1[62]      0.03      0.00      0.03      0.03      0.04    175.52      1.00
    beta_1[63]      0.03      0.00      0.03      0.03      0.04    178.09      1.00
    beta_1[64]      0.04      0.00      0.04      0.03      0.04    181.87      1.00
    beta_1[65]      0.04      0.00      0.04      0.03      0.04    188.70      1.00
    beta_1[66]      0.04      0.00      0.04      0.03      0.04    191.94      1.00
    beta_1[67]      0.04      0.00      0.04      0.03      0.04    198.24      1.00
    beta_1[68]      0.04      0.00      0.04      0.03      0.04    206.78      1.00
    beta_1[69]      0.04      0.00      0.04      0.03      0.04    211.57      1.00
    beta_1[70]      0.04      0.00      0.04      0.03      0.05    219.97      1.00
    beta_1[71]      0.04      0.00      0.04      0.03      0.05    223.26      1.00
    beta_1[72]      0.04      0.00      0.04      0.03      0.05    231.65      1.00
    beta_1[73]      0.04      0.00      0.04      0.03      0.05    240.44      1.00
    beta_1[74]      0.04      0.00      0.04      0.04      0.05    248.66      1.00
    beta_1[75]      0.04      0.00      0.04      0.04      0.05    264.68      1.00
    beta_1[76]      0.04      0.00      0.04      0.04      0.05    263.30      1.00
    beta_1[77]      0.04      0.00      0.04      0.04      0.05    264.29      1.00
    beta_1[78]      0.04      0.00      0.04      0.04      0.05    282.62      1.00
    beta_1[79]      0.04      0.00      0.04      0.04      0.05    297.84      1.00
    beta_1[80]      0.04      0.00      0.04      0.04      0.05    321.76      1.00
    beta_1[81]      0.04      0.00      0.04      0.04      0.05    323.53      1.00
    beta_1[82]      0.04      0.00      0.04      0.04      0.05    337.76      1.00
    beta_1[83]      0.04      0.00      0.04      0.04      0.05    339.99      1.00
    beta_1[84]      0.04      0.00      0.04      0.04      0.05    378.04      1.00
    beta_1[85]      0.04      0.00      0.04      0.04      0.05    359.01      1.00
    beta_1[86]      0.04      0.00      0.04      0.04      0.05    402.19      1.00
    beta_1[87]      0.04      0.00      0.04      0.04      0.05    405.50      1.01
    beta_1[88]      0.04      0.00      0.04      0.04      0.05    476.94      1.00
    beta_1[89]      0.04      0.00      0.04      0.04      0.05    549.01      1.00
    beta_1[90]      0.04      0.00      0.04      0.04      0.05    595.58      1.00
    beta_1[91]      0.04      0.00      0.04      0.04      0.05    640.76      1.00
    beta_1[92]      0.04      0.00      0.04      0.04      0.05    676.83      1.00
    beta_1[93]      0.04      0.00      0.04      0.04      0.05    703.56      1.00
    beta_1[94]      0.04      0.00      0.04      0.04      0.05    738.09      1.00
    beta_1[95]      0.04      0.00      0.04      0.04      0.04    759.53      1.00
    beta_1[96]      0.04      0.00      0.04      0.04      0.04    804.66      1.00
    beta_1[97]      0.04      0.00      0.04      0.04      0.04    851.01      1.00
    beta_1[98]      0.04      0.00      0.04      0.03      0.04    928.49      1.00
    beta_1[99]      0.04      0.00      0.04      0.03      0.04    875.37      1.00
   beta_1[100]      0.04      0.00      0.04      0.03      0.04    830.35      1.00
   beta_1[101]      0.03      0.00      0.03      0.03      0.04    817.90      1.00
   beta_1[102]      0.03      0.00      0.03      0.03      0.04    975.02      1.00
   beta_1[103]      0.03      0.00      0.03      0.03      0.04   1068.41      1.00
   beta_1[104]      0.03      0.00      0.03      0.03      0.03   1101.98      1.00
   beta_1[105]      0.03      0.00      0.03      0.03      0.03   1006.71      1.00
   beta_1[106]      0.03      0.00      0.03      0.03      0.03    973.56      1.00
   beta_1[107]      0.03      0.00      0.03      0.03      0.03    913.12      1.00
   beta_1[108]      0.03      0.00      0.03      0.02      0.03   1006.45      1.00
   beta_1[109]      0.03      0.00      0.03      0.02      0.03   1041.85      1.00
   beta_1[110]      0.03      0.00      0.03      0.02      0.03   1201.67      1.00
   beta_1[111]      0.02      0.00      0.02      0.02      0.03   1168.88      1.00
   beta_1[112]      0.02      0.00      0.02      0.02      0.02   1287.11      1.00
   beta_1[113]      0.02      0.00      0.02      0.02      0.02   1069.66      1.00
   beta_1[114]      0.02      0.00      0.02      0.02      0.02   1303.42      1.00
   beta_1[115]      0.02      0.00      0.02      0.02      0.02   1493.22      1.00
   beta_1[116]      0.02      0.00      0.02      0.02      0.02   1612.25      1.00
   beta_1[117]      0.02      0.00      0.02      0.01      0.02   1397.38      1.00
   beta_1[118]      0.02      0.00      0.02      0.01      0.02   1829.80      1.00
   beta_1[119]      0.02      0.00      0.02      0.01      0.02   1845.05      1.00
   beta_1[120]      0.01      0.00      0.01      0.01      0.02   1935.83      1.00
   beta_1[121]      0.01      0.00      0.01      0.01      0.02   1925.96      1.00
   beta_1[122]      0.01      0.00      0.01      0.01      0.01   1816.22      1.00
   beta_1[123]      0.01      0.00      0.01      0.01      0.01   1776.09      1.00
   beta_1[124]      0.01      0.00      0.01      0.01      0.01   1764.36      1.00
   beta_1[125]      0.01      0.00      0.01      0.01      0.01   1692.47      1.00
   beta_1[126]      0.01      0.00      0.01      0.01      0.01   1660.33      1.00
   beta_1[127]      0.01      0.00      0.01      0.01      0.01   1459.27      1.00
   beta_1[128]      0.01      0.00      0.01      0.01      0.01   1514.45      1.00
   beta_1[129]      0.01      0.00      0.01      0.01      0.01   1650.82      1.00
   beta_1[130]      0.01      0.00      0.01      0.00      0.01   1428.44      1.00
   beta_1[131]      0.01      0.00      0.01      0.00      0.01   1624.71      1.00
   beta_1[132]      0.01      0.00      0.01      0.00      0.01   1618.40      1.00
   beta_1[133]      0.01      0.00      0.01      0.00      0.01   2021.54      1.00
   beta_1[134]      0.01      0.00      0.01      0.00      0.01   1933.73      1.00
   beta_1[135]      0.01      0.00      0.01      0.01      0.01   1869.35      1.00
   beta_1[136]      0.01      0.00      0.01      0.00      0.01   2084.26      1.00
   beta_1[137]      0.01      0.00      0.01      0.00      0.01   2073.30      1.00
   beta_1[138]      0.01      0.00      0.01      0.00      0.01   1858.24      1.00
   beta_1[139]      0.01      0.00      0.01      0.00      0.01   1987.98      1.00
   beta_1[140]      0.01      0.00      0.01      0.00      0.01   1900.25      1.00
   beta_1[141]      0.01      0.00      0.01      0.00      0.01   2075.85      1.00
   beta_1[142]      0.01      0.00      0.01      0.00      0.01   1984.22      1.00
   beta_1[143]      0.01      0.00      0.01      0.00      0.01   2038.71      1.00
   beta_1[144]      0.01      0.00      0.01      0.00      0.01   1943.38      1.00
   beta_1[145]      0.01      0.00      0.01      0.00      0.01   1869.49      1.00
   beta_1[146]      0.01      0.00      0.01      0.00      0.01   1872.94      1.00
   beta_1[147]      0.00      0.00      0.00      0.00      0.01   2107.23      1.00
   beta_1[148]      0.00      0.00      0.00      0.00      0.01   1955.19      1.00
   beta_1[149]      0.00      0.00      0.00      0.00      0.01   1980.29      1.00
   beta_1[150]      0.00      0.00      0.00      0.00      0.01   2045.27      1.00
   beta_1[151]      0.00      0.00      0.00      0.00      0.01   2068.63      1.00
   beta_1[152]      0.00      0.00      0.00      0.00      0.01   2166.05      1.00
   beta_1[153]      0.00      0.00      0.00      0.00      0.01   2184.02      1.00
   beta_1[154]      0.00      0.00      0.00      0.00      0.01   2107.07      1.00
   beta_1[155]      0.00      0.00      0.00      0.00      0.01   2051.50      1.00
   beta_1[156]      0.00      0.00      0.00      0.00      0.01   1995.30      1.00
   beta_1[157]      0.00      0.00      0.00      0.00      0.00   1869.66      1.00
   beta_1[158]      0.00      0.00      0.00      0.00      0.00   2036.40      1.00
   beta_1[159]      0.00      0.00      0.00      0.00      0.00   2044.38      1.00
   beta_1[160]      0.00      0.00      0.00      0.00      0.00   1956.15      1.00
   beta_1[161]      0.00      0.00      0.00      0.00      0.00   2021.97      1.00
   beta_1[162]      0.00      0.00      0.00      0.00      0.00   2113.11      1.00
   beta_1[163]      0.00      0.00      0.00      0.00      0.00   2155.36      1.00
   beta_1[164]      0.00      0.00      0.00      0.00      0.00   2175.40      1.00
   beta_1[165]      0.00      0.00      0.00      0.00      0.00   2110.84      1.00
   beta_1[166]      0.00      0.00      0.00      0.00      0.00   2067.46      1.00
   beta_1[167]      0.00      0.00      0.00      0.00      0.00   2158.92      1.00
   beta_1[168]      0.00      0.00      0.00      0.00      0.00   1855.54      1.00
   beta_1[169]      0.00      0.00      0.00     -0.00      0.00   2109.53      1.00
   beta_1[170]      0.00      0.00      0.00     -0.00      0.00   2209.34      1.00
   beta_1[171]      0.00      0.00      0.00     -0.00      0.00   2030.83      1.00
   beta_1[172]      0.00      0.00      0.00     -0.00      0.00   2486.53      1.00
   beta_1[173]      0.00      0.00      0.00      0.00      0.00   2382.06      1.00
   beta_1[174]      0.00      0.00      0.00      0.00      0.00   2314.46      1.00
   beta_1[175]      0.00      0.00      0.00      0.00      0.00   2386.28      1.00
   beta_1[176]      0.00      0.00      0.00     -0.00      0.00   2171.73      1.00
   beta_1[177]      0.00      0.00      0.00     -0.00      0.00   2402.49      1.00
   beta_1[178]      0.00      0.00      0.00     -0.00      0.00   2162.36      1.00
   beta_1[179]      0.00      0.00      0.00     -0.00      0.00   2008.81      1.00
   beta_1[180]      0.00      0.00      0.00     -0.00      0.00   2300.75      1.00
   beta_1[181]      0.00      0.00      0.00     -0.00      0.00   2380.91      1.00
   beta_1[182]      0.00      0.00      0.00     -0.00      0.00   2486.43      1.00
   beta_1[183]      0.00      0.00      0.00     -0.00      0.00   2309.61      1.00
   beta_1[184]      0.00      0.00      0.00     -0.00      0.00   2466.59      1.00
   beta_1[185]      0.00      0.00      0.00     -0.00      0.00   2395.10      1.00
   beta_1[186]      0.00      0.00      0.00     -0.00      0.00   2369.28      1.00
   beta_1[187]      0.00      0.00      0.00     -0.00      0.00   1988.75      1.00
   beta_1[188]      0.00      0.00      0.00     -0.00      0.00   2667.95      1.00
   beta_1[189]      0.00      0.00      0.00     -0.00      0.00   2587.11      1.00
   beta_1[190]      0.00      0.00      0.00     -0.00      0.00   2739.90      1.00
   beta_1[191]      0.00      0.00      0.00     -0.00      0.00   2605.81      1.00
   beta_1[192]      0.00      0.00      0.00     -0.00      0.00   2570.62      1.00
   beta_1[193]      0.00      0.00      0.00     -0.00      0.00   2485.26      1.00
   beta_1[194]      0.00      0.00      0.00     -0.00      0.00   2471.00      1.00
   beta_1[195]      0.00      0.00      0.00     -0.00      0.00   2315.44      1.00
   beta_1[196]      0.00      0.00      0.00     -0.00      0.00   2642.84      1.00
   beta_1[197]      0.00      0.00      0.00     -0.00      0.00   2391.97      1.00
   beta_1[198]      0.00      0.00      0.00     -0.00      0.00   2324.55      1.00
   beta_1[199]      0.00      0.00      0.00     -0.00      0.00   2215.88      1.00
   beta_1[200]      0.00      0.00      0.00     -0.00      0.00   2500.28      1.00
   beta_1[201]      0.00      0.00      0.00     -0.00      0.00   2424.78      1.00
   beta_1[202]      0.00      0.00      0.00     -0.00      0.00   2557.56      1.00
   beta_1[203]      0.00      0.00      0.00     -0.00      0.00   2412.34      1.00
   beta_1[204]      0.00      0.00      0.00     -0.00      0.00   2643.65      1.00
   beta_1[205]      0.00      0.00      0.00     -0.00      0.00   1939.75      1.00
   beta_1[206]      0.00      0.00      0.00     -0.00      0.00   2379.72      1.00
   beta_1[207]      0.00      0.00      0.00     -0.00      0.00   2427.76      1.00
   beta_1[208]      0.00      0.00      0.00     -0.00      0.00   2502.64      1.00
   beta_1[209]      0.00      0.00      0.00     -0.00      0.00   2501.55      1.00
   beta_1[210]      0.00      0.00      0.00     -0.00      0.00   2426.88      1.00
   beta_1[211]      0.00      0.00      0.00     -0.00      0.00   2506.67      1.00
   beta_1[212]      0.00      0.00      0.00     -0.00      0.00   2302.86      1.00
   beta_1[213]      0.00      0.00      0.00     -0.00      0.00   2523.13      1.00
   beta_1[214]      0.00      0.00      0.00     -0.00      0.00   2305.68      1.00
   beta_1[215]      0.00      0.00      0.00     -0.00      0.00   2659.43      1.00
   beta_1[216]      0.00      0.00      0.00     -0.00      0.00   2414.13      1.00
   beta_1[217]      0.00      0.00      0.00     -0.00      0.00   2443.45      1.00
   beta_1[218]      0.00      0.00      0.00     -0.00      0.00   2454.40      1.00
   beta_1[219]      0.00      0.00      0.00     -0.00      0.00   2026.43      1.00
   beta_1[220]      0.00      0.00      0.00     -0.00      0.00   1993.71      1.00
   beta_1[221]      0.00      0.00      0.00     -0.00      0.00   2791.53      1.00
   beta_1[222]      0.00      0.00      0.00     -0.00      0.00   2620.13      1.00
   beta_1[223]      0.00      0.00      0.00     -0.00      0.00   2461.68      1.00
   beta_1[224]      0.00      0.00      0.00     -0.00      0.00   2470.82      1.00
   beta_1[225]      0.00      0.00      0.00     -0.00      0.00   2526.09      1.00
   beta_1[226]      0.00      0.00      0.00     -0.00      0.00   2380.15      1.00
   beta_1[227]      0.00      0.00      0.00     -0.00      0.00   2437.99      1.00
   beta_1[228]      0.00      0.00      0.00     -0.00      0.00   2534.33      1.00
   beta_1[229]      0.00      0.00      0.00     -0.00      0.00   2418.46      1.00
   beta_1[230]      0.00      0.00      0.00     -0.00      0.00   2408.54      1.00
   beta_1[231]      0.00      0.00      0.00     -0.00      0.00   2433.72      1.00
   beta_1[232]      0.00      0.00      0.00     -0.00      0.00   2454.07      1.00
   beta_1[233]      0.00      0.00      0.00     -0.00      0.00   2369.13      1.00
   beta_1[234]      0.00      0.00      0.00     -0.00      0.00   2309.71      1.00
   beta_1[235]      0.00      0.00      0.00     -0.00      0.00   2116.41      1.00
   beta_1[236]      0.00      0.00      0.00     -0.00      0.00   2540.02      1.00
   beta_1[237]      0.00      0.00      0.00     -0.00      0.00   2738.16      1.00
   beta_1[238]      0.00      0.00      0.00     -0.00      0.00   2567.04      1.00
   beta_1[239]      0.00      0.00      0.00     -0.00      0.00   2392.58      1.00
   beta_1[240]      0.00      0.00      0.00     -0.00      0.00   2186.12      1.00
   beta_1[241]      0.00      0.00      0.00     -0.00      0.00   2233.80      1.00
   beta_1[242]      0.00      0.00      0.00     -0.00      0.00   2299.20      1.00
   beta_1[243]      0.00      0.00      0.00     -0.00      0.00   2431.65      1.00
   beta_1[244]      0.00      0.00      0.00     -0.00      0.00   2544.45      1.00
   beta_1[245]      0.00      0.00      0.00     -0.00      0.00   2375.60      1.00
   beta_1[246]      0.00      0.00      0.00     -0.00      0.00   2370.32      1.00
   beta_1[247]      0.00      0.00      0.00     -0.00      0.00   2174.84      1.00
   beta_1[248]      0.00      0.00      0.00     -0.00      0.00   2183.12      1.00
   beta_1[249]      0.00      0.00      0.00     -0.00      0.00   2137.47      1.00
   beta_1[250]      0.00      0.00      0.00     -0.00      0.00   2147.39      1.00
   beta_1[251]      0.00      0.00      0.00     -0.00      0.00   2462.53      1.00
   beta_1[252]      0.00      0.00      0.00     -0.00      0.00   1975.61      1.00
   beta_1[253]      0.00      0.00      0.00     -0.00      0.00   1339.67      1.00
   beta_1[254]      0.00      0.00      0.00     -0.00      0.00   2023.72      1.00
   beta_1[255]      0.00      0.00      0.00     -0.00      0.00   2570.49      1.00
   beta_1[256]      0.00      0.00      0.00     -0.00      0.00   2391.69      1.00
   beta_1[257]      0.00      0.00      0.00     -0.00      0.00   2436.37      1.00
   beta_1[258]      0.00      0.00      0.00     -0.00      0.00   2216.72      1.00
   beta_1[259]      0.00      0.00      0.00     -0.00      0.00   1964.17      1.00
   beta_1[260]      0.00      0.00      0.00     -0.00      0.00   2363.20      1.00
   beta_1[261]      0.00      0.00      0.00     -0.00      0.00   2442.89      1.00
   beta_1[262]      0.00      0.00      0.00     -0.00      0.00   2338.07      1.00
   beta_1[263]      0.00      0.00      0.00     -0.00      0.00   2160.25      1.00
   beta_1[264]      0.00      0.00      0.00     -0.00      0.00   2617.85      1.00
   beta_1[265]      0.00      0.00      0.00     -0.00      0.00   2305.69      1.00
   beta_1[266]      0.00      0.00      0.00     -0.00      0.00   2408.73      1.00
   beta_1[267]      0.00      0.00      0.00     -0.00      0.00   2360.04      1.00
   beta_1[268]      0.00      0.00      0.00     -0.00      0.00   2380.31      1.00
   beta_1[269]      0.00      0.00      0.00     -0.00      0.00   2602.34      1.00
   beta_1[270]      0.00      0.00      0.00     -0.00      0.00   2674.18      1.00
   beta_1[271]      0.00      0.00      0.00     -0.00      0.00   2405.22      1.00
   beta_1[272]      0.00      0.00      0.00     -0.00      0.00   2129.08      1.00
   beta_1[273]      0.00      0.00      0.00     -0.00      0.00   2376.85      1.00
   beta_1[274]      0.00      0.00      0.00     -0.00      0.00   2259.05      1.00
   beta_1[275]      0.00      0.00      0.00     -0.00      0.00   2520.83      1.00
   beta_1[276]      0.00      0.00      0.00     -0.00      0.00   2186.13      1.00
   beta_1[277]      0.00      0.00      0.00     -0.00      0.00   1961.11      1.00
   beta_1[278]      0.00      0.00      0.00     -0.00      0.00   2075.75      1.00
   beta_1[279]      0.00      0.00      0.00     -0.00      0.00   2128.35      1.00
   beta_1[280]      0.00      0.00      0.00     -0.00      0.00   2221.89      1.00
   beta_1[281]      0.00      0.00      0.00     -0.00      0.00   2369.19      1.00
   beta_1[282]      0.00      0.00      0.00     -0.00      0.00   2371.37      1.00
   beta_1[283]      0.00      0.00      0.00     -0.00      0.00   1832.66      1.00
   beta_1[284]      0.00      0.00      0.00     -0.00      0.00   1974.90      1.00
   beta_1[285]      0.00      0.00      0.00     -0.00      0.00   2213.43      1.00
   beta_1[286]      0.00      0.00      0.00     -0.00      0.00   2027.38      1.00
   beta_1[287]      0.00      0.00      0.00      0.00      0.00   2310.68      1.00
   beta_1[288]      0.00      0.00      0.00     -0.00      0.00   2365.56      1.00
   beta_1[289]      0.00      0.00      0.00     -0.00      0.00   2271.13      1.00
   beta_1[290]      0.00      0.00      0.00     -0.00      0.00   2361.93      1.00
   beta_1[291]      0.00      0.00      0.00     -0.00      0.00   2279.08      1.00
   beta_1[292]      0.00      0.00      0.00     -0.00      0.00   2445.40      1.00
   beta_1[293]      0.00      0.00      0.00     -0.00      0.00   2387.29      1.00
   beta_1[294]      0.00      0.00      0.00     -0.00      0.00   2506.34      1.00
   beta_1[295]      0.00      0.00      0.00     -0.00      0.00   2450.45      1.00
  transform[0]     -0.02      0.98     -0.04     -1.66      1.52   1696.42      1.00

Number of divergences: 131
