                     date locationtest  value abbreviation location  population
location_name                                                                  
Florida        2020-01-24           12      0           FL       12  21477737.0
Florida        2020-01-25           12      0           FL       12  21477737.0
Florida        2020-01-26           12      0           FL       12  21477737.0
Florida        2020-01-27           12      0           FL       12  21477737.0
Florida        2020-01-28           12      0           FL       12  21477737.0
...                   ...          ...    ...          ...      ...         ...
Florida        2021-01-07           12  19816           FL       12  21477737.0
Florida        2021-01-08           12  19530           FL       12  21477737.0
Florida        2021-01-09           12  15445           FL       12  21477737.0
Florida        2021-01-10           12  12313           FL       12  21477737.0
Florida        2021-01-11           12  11576           FL       12  21477737.0

[354 rows x 6 columns]

                    mean       std    median      5.0%     95.0%     n_eff     r_hat
 a_raw_init[0]      0.00      0.00      0.00      0.00      0.00   1916.29      1.00
 a_raw_init[1]      0.00      0.00      0.00      0.00      0.00   2021.47      1.00
 a_raw_init[2]      0.01      0.00      0.01      0.01      0.02    907.75      1.00
 a_raw_init[3]      0.11      0.00      0.11      0.10      0.12    890.81      1.01
 a_raw_init[4]      0.00      0.00      0.00      0.00      0.00    508.78      1.00
 a_raw_init[5]      0.08      0.00      0.08      0.08      0.09   1842.91      1.00
 a_raw_init[6]      0.00      0.00      0.00      0.00      0.00   2054.91      1.00
 a_raw_init[7]      0.61      0.00      0.61      0.61      0.62   1204.90      1.00
 a_raw_init[8]      0.84      0.00      0.84      0.83      0.85   1156.35      1.00
 a_raw_init[9]      0.31      0.00      0.31      0.30      0.32   1022.89      1.00
a_raw_init[10]      0.24      0.00      0.24      0.23      0.25   2262.48      1.00
a_raw_init[11]      0.20      0.00      0.20      0.19      0.21   1361.68      1.00
     beta_1[0]      0.00      0.00      0.00     -0.00      0.00   1330.33      1.00
     beta_1[1]      0.00      0.00      0.00     -0.00      0.00    929.08      1.00
     beta_1[2]      0.00      0.00      0.00     -0.00      0.00    784.80      1.00
     beta_1[3]      0.00      0.00      0.00     -0.00      0.00    513.58      1.00
     beta_1[4]      0.00      0.00      0.00     -0.00      0.01    465.25      1.00
     beta_1[5]      0.00      0.00      0.00     -0.00      0.01    386.73      1.00
     beta_1[6]      0.00      0.00      0.00     -0.00      0.01    342.60      1.00
     beta_1[7]      0.00      0.00      0.00     -0.00      0.01    302.90      1.00
     beta_1[8]      0.00      0.00      0.00     -0.00      0.01    264.33      1.00
     beta_1[9]      0.00      0.00      0.00     -0.00      0.01    249.72      1.01
    beta_1[10]      0.00      0.00      0.00     -0.00      0.01    247.83      1.01
    beta_1[11]      0.00      0.00      0.00     -0.00      0.01    209.42      1.01
    beta_1[12]      0.01      0.00      0.01     -0.00      0.01    212.57      1.01
    beta_1[13]      0.01      0.00      0.01     -0.00      0.01    202.55      1.01
    beta_1[14]      0.01      0.00      0.01      0.00      0.01    190.03      1.01
    beta_1[15]      0.01      0.00      0.01      0.00      0.01    171.87      1.01
    beta_1[16]      0.01      0.00      0.01      0.00      0.01    161.64      1.01
    beta_1[17]      0.01      0.00      0.01      0.00      0.01    144.82      1.01
    beta_1[18]      0.01      0.00      0.01      0.00      0.01    136.61      1.01
    beta_1[19]      0.01      0.00      0.01      0.00      0.01    128.14      1.01
    beta_1[20]      0.01      0.00      0.01      0.00      0.02    124.62      1.01
    beta_1[21]      0.01      0.00      0.01      0.00      0.02    121.40      1.01
    beta_1[22]      0.01      0.00      0.01      0.00      0.02    111.69      1.01
    beta_1[23]      0.01      0.00      0.01      0.00      0.02    111.83      1.01
    beta_1[24]      0.01      0.00      0.01      0.00      0.02    104.58      1.01
    beta_1[25]      0.01      0.00      0.01      0.00      0.02    101.04      1.01
    beta_1[26]      0.01      0.00      0.01      0.00      0.02    100.53      1.01
    beta_1[27]      0.01      0.00      0.01      0.00      0.02     98.60      1.01
    beta_1[28]      0.01      0.00      0.01      0.00      0.02     95.63      1.01
    beta_1[29]      0.01      0.00      0.01      0.00      0.02     95.43      1.01
    beta_1[30]      0.01      0.00      0.01      0.00      0.02     92.61      1.01
    beta_1[31]      0.01      0.00      0.01      0.00      0.02     90.05      1.01
    beta_1[32]      0.01      0.01      0.01      0.01      0.02     86.05      1.01
    beta_1[33]      0.01      0.01      0.01      0.01      0.02     86.39      1.01
    beta_1[34]      0.01      0.01      0.01      0.01      0.02     87.17      1.01
    beta_1[35]      0.01      0.01      0.01      0.01      0.02     85.09      1.01
    beta_1[36]      0.02      0.01      0.02      0.01      0.02     86.05      1.01
    beta_1[37]      0.02      0.01      0.02      0.01      0.02     83.21      1.01
    beta_1[38]      0.02      0.01      0.02      0.01      0.02     82.34      1.01
    beta_1[39]      0.02      0.01      0.02      0.01      0.03     80.10      1.01
    beta_1[40]      0.02      0.01      0.02      0.01      0.03     79.95      1.01
    beta_1[41]      0.02      0.01      0.02      0.01      0.03     79.94      1.01
    beta_1[42]      0.02      0.01      0.02      0.01      0.03     81.24      1.01
    beta_1[43]      0.02      0.01      0.02      0.01      0.03     79.96      1.01
    beta_1[44]      0.02      0.01      0.02      0.01      0.03     78.65      1.01
    beta_1[45]      0.02      0.01      0.02      0.01      0.03     77.90      1.01
    beta_1[46]      0.02      0.01      0.02      0.01      0.03     77.40      1.01
    beta_1[47]      0.02      0.01      0.02      0.01      0.03     77.64      1.01
    beta_1[48]      0.02      0.01      0.02      0.01      0.03     76.04      1.01
    beta_1[49]      0.02      0.01      0.02      0.01      0.03     77.40      1.01
    beta_1[50]      0.02      0.01      0.02      0.01      0.03     78.50      1.01
    beta_1[51]      0.02      0.01      0.02      0.01      0.03     78.37      1.01
    beta_1[52]      0.02      0.01      0.02      0.01      0.03     78.23      1.01
    beta_1[53]      0.02      0.01      0.02      0.01      0.03     78.39      1.01
    beta_1[54]      0.02      0.01      0.02      0.01      0.03     78.71      1.01
    beta_1[55]      0.02      0.01      0.02      0.01      0.03     80.54      1.01
    beta_1[56]      0.02      0.01      0.02      0.02      0.03     81.82      1.01
    beta_1[57]      0.02      0.01      0.02      0.01      0.03     80.94      1.01
    beta_1[58]      0.02      0.01      0.02      0.02      0.03     81.40      1.01
    beta_1[59]      0.03      0.01      0.03      0.02      0.03     82.79      1.01
    beta_1[60]      0.03      0.01      0.03      0.02      0.03     85.16      1.01
    beta_1[61]      0.03      0.01      0.03      0.02      0.04     87.44      1.01
    beta_1[62]      0.03      0.01      0.03      0.02      0.04     88.83      1.01
    beta_1[63]      0.03      0.01      0.03      0.02      0.04     90.11      1.01
    beta_1[64]      0.03      0.01      0.03      0.02      0.04     90.24      1.01
    beta_1[65]      0.03      0.01      0.03      0.02      0.04     92.10      1.01
    beta_1[66]      0.03      0.01      0.03      0.02      0.04     93.39      1.01
    beta_1[67]      0.03      0.01      0.03      0.02      0.04     93.31      1.01
    beta_1[68]      0.03      0.01      0.03      0.02      0.04     93.75      1.01
    beta_1[69]      0.03      0.01      0.03      0.02      0.04     95.95      1.01
    beta_1[70]      0.03      0.01      0.03      0.02      0.04     98.21      1.01
    beta_1[71]      0.03      0.01      0.03      0.02      0.04    100.28      1.01
    beta_1[72]      0.03      0.01      0.03      0.02      0.04    102.22      1.01
    beta_1[73]      0.03      0.01      0.03      0.02      0.04    101.80      1.01
    beta_1[74]      0.03      0.01      0.03      0.02      0.04    102.77      1.01
    beta_1[75]      0.03      0.01      0.03      0.02      0.04    102.32      1.01
    beta_1[76]      0.03      0.01      0.03      0.02      0.04    104.21      1.01
    beta_1[77]      0.03      0.01      0.03      0.02      0.04    104.88      1.01
    beta_1[78]      0.03      0.01      0.03      0.02      0.04    105.45      1.01
    beta_1[79]      0.03      0.01      0.03      0.02      0.04    107.23      1.01
    beta_1[80]      0.03      0.01      0.03      0.02      0.04    107.36      1.00
    beta_1[81]      0.03      0.01      0.03      0.02      0.04    107.69      1.00
    beta_1[82]      0.03      0.01      0.03      0.03      0.04    109.96      1.00
    beta_1[83]      0.03      0.01      0.03      0.03      0.04    109.79      1.01
    beta_1[84]      0.03      0.01      0.03      0.03      0.04    110.02      1.01
    beta_1[85]      0.03      0.01      0.03      0.03      0.04    110.90      1.01
    beta_1[86]      0.03      0.01      0.04      0.03      0.04    110.96      1.01
    beta_1[87]      0.04      0.00      0.04      0.03      0.04    111.42      1.01
    beta_1[88]      0.04      0.00      0.04      0.03      0.04    112.57      1.00
    beta_1[89]      0.04      0.00      0.04      0.03      0.04    113.67      1.00
    beta_1[90]      0.04      0.00      0.04      0.03      0.04    114.43      1.00
    beta_1[91]      0.04      0.00      0.04      0.03      0.04    114.20      1.00
    beta_1[92]      0.04      0.00      0.04      0.03      0.04    115.67      1.00
    beta_1[93]      0.04      0.00      0.04      0.03      0.04    117.51      1.00
    beta_1[94]      0.04      0.00      0.04      0.03      0.04    118.88      1.00
    beta_1[95]      0.04      0.00      0.04      0.03      0.04    122.47      1.00
    beta_1[96]      0.04      0.00      0.04      0.03      0.04    125.28      1.00
    beta_1[97]      0.04      0.00      0.04      0.03      0.04    126.05      1.00
    beta_1[98]      0.04      0.00      0.04      0.03      0.04    126.42      1.00
    beta_1[99]      0.04      0.00      0.04      0.03      0.04    125.79      1.00
   beta_1[100]      0.04      0.00      0.04      0.03      0.04    129.39      1.00
   beta_1[101]      0.04      0.00      0.04      0.03      0.04    130.57      1.00
   beta_1[102]      0.04      0.00      0.04      0.03      0.04    130.71      1.00
   beta_1[103]      0.04      0.00      0.04      0.03      0.04    130.26      1.00
   beta_1[104]      0.04      0.00      0.04      0.03      0.04    129.71      1.00
   beta_1[105]      0.04      0.00      0.04      0.03      0.04    131.41      1.00
   beta_1[106]      0.04      0.00      0.04      0.03      0.04    133.78      1.00
   beta_1[107]      0.04      0.00      0.04      0.03      0.04    134.26      1.00
   beta_1[108]      0.03      0.00      0.03      0.03      0.04    134.40      1.00
   beta_1[109]      0.03      0.00      0.03      0.03      0.04    134.97      1.00
   beta_1[110]      0.03      0.00      0.03      0.03      0.04    137.35      1.00
   beta_1[111]      0.03      0.00      0.03      0.03      0.04    138.27      1.00
   beta_1[112]      0.03      0.00      0.03      0.03      0.04    137.23      1.00
   beta_1[113]      0.03      0.00      0.03      0.03      0.04    136.58      1.00
   beta_1[114]      0.03      0.00      0.03      0.03      0.04    134.97      1.00
   beta_1[115]      0.03      0.00      0.03      0.03      0.04    129.16      1.00
   beta_1[116]      0.03      0.00      0.03      0.03      0.04    130.36      1.00
   beta_1[117]      0.03      0.00      0.03      0.03      0.04    135.31      1.00
   beta_1[118]      0.03      0.00      0.03      0.03      0.04    140.10      1.00
   beta_1[119]      0.03      0.00      0.03      0.03      0.04    144.07      1.00
   beta_1[120]      0.03      0.00      0.03      0.03      0.04    147.12      1.00
   beta_1[121]      0.03      0.00      0.03      0.02      0.04    157.43      1.00
   beta_1[122]      0.03      0.00      0.03      0.02      0.04    159.08      1.00
   beta_1[123]      0.03      0.00      0.03      0.02      0.04    169.56      1.00
   beta_1[124]      0.03      0.00      0.03      0.02      0.04    170.19      1.00
   beta_1[125]      0.03      0.00      0.03      0.02      0.04    164.60      1.00
   beta_1[126]      0.03      0.00      0.03      0.02      0.04    167.01      1.00
   beta_1[127]      0.03      0.00      0.03      0.02      0.03    171.98      1.00
   beta_1[128]      0.03      0.00      0.03      0.02      0.03    180.91      1.00
   beta_1[129]      0.03      0.00      0.03      0.02      0.03    177.42      1.00
   beta_1[130]      0.03      0.00      0.03      0.02      0.03    185.75      1.00
   beta_1[131]      0.03      0.00      0.03      0.02      0.03    192.94      1.00
   beta_1[132]      0.03      0.00      0.03      0.02      0.03    197.49      1.00
   beta_1[133]      0.03      0.00      0.03      0.02      0.03    206.41      1.00
   beta_1[134]      0.03      0.00      0.03      0.02      0.03    211.31      1.00
   beta_1[135]      0.03      0.00      0.03      0.02      0.03    222.56      1.00
   beta_1[136]      0.03      0.00      0.03      0.02      0.03    233.77      1.00
   beta_1[137]      0.03      0.00      0.03      0.02      0.03    235.24      1.00
   beta_1[138]      0.03      0.00      0.03      0.02      0.03    237.97      1.00
   beta_1[139]      0.02      0.00      0.02      0.02      0.03    250.36      1.00
   beta_1[140]      0.02      0.00      0.02      0.02      0.03    262.60      1.00
   beta_1[141]      0.02      0.00      0.02      0.02      0.03    278.85      1.00
   beta_1[142]      0.02      0.00      0.02      0.02      0.03    287.96      1.00
   beta_1[143]      0.02      0.00      0.02      0.02      0.03    293.26      1.00
   beta_1[144]      0.02      0.00      0.02      0.02      0.03    289.64      1.00
   beta_1[145]      0.02      0.00      0.02      0.02      0.03    303.99      1.01
   beta_1[146]      0.02      0.00      0.02      0.02      0.03    306.30      1.01
   beta_1[147]      0.02      0.00      0.02      0.02      0.03    312.50      1.01
   beta_1[148]      0.02      0.00      0.02      0.02      0.03    329.15      1.01
   beta_1[149]      0.02      0.00      0.02      0.02      0.03    330.21      1.00
   beta_1[150]      0.02      0.00      0.02      0.02      0.02    330.41      1.00
   beta_1[151]      0.02      0.00      0.02      0.02      0.02    354.55      1.00
   beta_1[152]      0.02      0.00      0.02      0.02      0.02    347.06      1.00
   beta_1[153]      0.02      0.00      0.02      0.01      0.02    369.04      1.00
   beta_1[154]      0.02      0.00      0.02      0.01      0.02    395.36      1.00
   beta_1[155]      0.02      0.00      0.02      0.01      0.02    421.89      1.00
   beta_1[156]      0.02      0.00      0.02      0.01      0.02    435.16      1.00
   beta_1[157]      0.02      0.00      0.02      0.01      0.02    448.97      1.00
   beta_1[158]      0.02      0.00      0.02      0.01      0.02    464.26      1.00
   beta_1[159]      0.02      0.00      0.02      0.01      0.02    489.99      1.00
   beta_1[160]      0.02      0.00      0.02      0.01      0.02    506.05      1.00
   beta_1[161]      0.02      0.00      0.02      0.01      0.02    606.75      1.00
   beta_1[162]      0.02      0.00      0.02      0.01      0.02    650.05      1.00
   beta_1[163]      0.02      0.00      0.02      0.01      0.02    721.74      1.00
   beta_1[164]      0.02      0.00      0.02      0.01      0.02    775.26      1.00
   beta_1[165]      0.02      0.00      0.02      0.01      0.02    880.62      1.00
   beta_1[166]      0.02      0.00      0.02      0.01      0.02    873.16      1.00
   beta_1[167]      0.02      0.00      0.02      0.01      0.02    882.28      1.00
   beta_1[168]      0.02      0.00      0.02      0.01      0.02    901.68      1.00
   beta_1[169]      0.02      0.00      0.02      0.01      0.02    961.37      1.00
   beta_1[170]      0.02      0.00      0.02      0.01      0.02   1030.70      1.00
   beta_1[171]      0.02      0.00      0.02      0.02      0.02   1043.45      1.00
   beta_1[172]      0.02      0.00      0.02      0.02      0.02   1178.31      1.00
   beta_1[173]      0.02      0.00      0.02      0.02      0.02   1211.25      1.00
   beta_1[174]      0.02      0.00      0.02      0.02      0.02   1294.50      1.00
   beta_1[175]      0.02      0.00      0.02      0.02      0.02   1453.14      1.00
   beta_1[176]      0.02      0.00      0.02      0.02      0.02   1475.53      1.00
   beta_1[177]      0.02      0.00      0.02      0.02      0.02   1437.40      1.00
   beta_1[178]      0.02      0.00      0.02      0.02      0.02   1314.30      1.00
   beta_1[179]      0.02      0.00      0.02      0.02      0.02   1331.71      1.00
   beta_1[180]      0.02      0.00      0.02      0.02      0.02   1277.56      1.00
   beta_1[181]      0.02      0.00      0.02      0.02      0.02   1129.51      1.00
   beta_1[182]      0.02      0.00      0.02      0.02      0.02   1496.91      1.00
   beta_1[183]      0.02      0.00      0.02      0.02      0.02   1592.13      1.00
   beta_1[184]      0.02      0.00      0.02      0.02      0.02   1935.00      1.00
   beta_1[185]      0.02      0.00      0.02      0.02      0.02   2221.25      1.00
   beta_1[186]      0.02      0.00      0.02      0.02      0.02   2223.46      1.00
   beta_1[187]      0.02      0.00      0.02      0.02      0.02   2210.27      1.00
   beta_1[188]      0.02      0.00      0.02      0.02      0.02   2328.40      1.00
   beta_1[189]      0.02      0.00      0.02      0.02      0.02   2251.76      1.00
   beta_1[190]      0.02      0.00      0.02      0.02      0.02   2139.61      1.00
   beta_1[191]      0.02      0.00      0.02      0.02      0.02   1955.48      1.00
   beta_1[192]      0.02      0.00      0.02      0.02      0.02   1926.94      1.00
   beta_1[193]      0.02      0.00      0.02      0.02      0.02   1983.06      1.00
   beta_1[194]      0.02      0.00      0.02      0.02      0.02   2529.04      1.00
   beta_1[195]      0.02      0.00      0.02      0.02      0.02   2466.92      1.00
   beta_1[196]      0.02      0.00      0.02      0.02      0.02   2151.87      1.00
   beta_1[197]      0.02      0.00      0.02      0.02      0.02   1965.60      1.00
   beta_1[198]      0.02      0.00      0.02      0.01      0.02   1945.05      1.00
   beta_1[199]      0.02      0.00      0.02      0.01      0.02   1936.19      1.00
   beta_1[200]      0.02      0.00      0.02      0.02      0.02   1930.74      1.00
   beta_1[201]      0.02      0.00      0.02      0.02      0.02   2133.35      1.00
   beta_1[202]      0.02      0.00      0.02      0.02      0.02   2127.25      1.00
   beta_1[203]      0.02      0.00      0.02      0.02      0.02   1991.76      1.00
   beta_1[204]      0.02      0.00      0.02      0.01      0.02   2132.07      1.00
   beta_1[205]      0.02      0.00      0.02      0.01      0.02   2198.03      1.00
   beta_1[206]      0.01      0.00      0.01      0.01      0.02   2345.86      1.00
   beta_1[207]      0.01      0.00      0.01      0.01      0.02   2253.45      1.00
   beta_1[208]      0.01      0.00      0.01      0.01      0.02   2382.36      1.00
   beta_1[209]      0.01      0.00      0.01      0.01      0.01   2407.92      1.00
   beta_1[210]      0.01      0.00      0.01      0.01      0.01   2176.13      1.00
   beta_1[211]      0.01      0.00      0.01      0.01      0.01   2435.26      1.00
   beta_1[212]      0.01      0.00      0.01      0.01      0.01   2282.30      1.00
   beta_1[213]      0.01      0.00      0.01      0.01      0.01   2333.14      1.00
   beta_1[214]      0.01      0.00      0.01      0.01      0.01   1974.00      1.00
   beta_1[215]      0.01      0.00      0.01      0.01      0.01   2144.55      1.00
   beta_1[216]      0.01      0.00      0.01      0.01      0.01   1945.89      1.00
   beta_1[217]      0.01      0.00      0.01      0.01      0.01   2084.42      1.00
   beta_1[218]      0.01      0.00      0.01      0.01      0.01   2079.77      1.00
  transform[0]      0.01      1.00      0.01     -1.56      1.68   1916.74      1.00

Number of divergences: 86
