                     date locationtest  value abbreviation location  population
location_name                                                                  
Missouri       2020-01-24           29      0           MO       29   6626371.0
Missouri       2020-01-25           29      0           MO       29   6626371.0
Missouri       2020-01-26           29      0           MO       29   6626371.0
Missouri       2020-01-27           29      0           MO       29   6626371.0
Missouri       2020-01-28           29      0           MO       29   6626371.0
...                   ...          ...    ...          ...      ...         ...
Missouri       2021-01-07           29   4740           MO       29   6626371.0
Missouri       2021-01-08           29   4098           MO       29   6626371.0
Missouri       2021-01-09           29   3937           MO       29   6626371.0
Missouri       2021-01-10           29   2768           MO       29   6626371.0
Missouri       2021-01-11           29   1750           MO       29   6626371.0

[354 rows x 6 columns]

                    mean       std    median      5.0%     95.0%     n_eff     r_hat
 a_raw_init[0]      0.00      0.00      0.00      0.00      0.00   1108.24      1.00
 a_raw_init[1]      0.00      0.00      0.00      0.00      0.00   2021.94      1.00
 a_raw_init[2]      0.04      0.00      0.04      0.03      0.05   1357.25      1.00
 a_raw_init[3]      0.14      0.00      0.14      0.13      0.15   1353.48      1.00
 a_raw_init[4]      0.08      0.01      0.08      0.07      0.09   1244.98      1.00
 a_raw_init[5]      0.05      0.01      0.05      0.04      0.06   1182.47      1.00
 a_raw_init[6]      0.15      0.01      0.15      0.14      0.16   1146.61      1.00
 a_raw_init[7]      0.05      0.00      0.05      0.05      0.06   1054.53      1.00
 a_raw_init[8]      0.67      0.01      0.67      0.66      0.68   1176.00      1.00
 a_raw_init[9]      0.47      0.00      0.47      0.46      0.48   1145.82      1.00
a_raw_init[10]      0.55      0.00      0.55      0.54      0.55   2171.88      1.00
a_raw_init[11]      0.57      0.00      0.57      0.56      0.57   1833.84      1.00
     beta_1[0]      0.00      0.00      0.00     -0.00      0.00   1480.99      1.00
     beta_1[1]      0.00      0.00      0.00     -0.00      0.00   1044.74      1.00
     beta_1[2]      0.00      0.00      0.00     -0.00      0.01    819.08      1.00
     beta_1[3]      0.00      0.00      0.00      0.00      0.01    691.10      1.00
     beta_1[4]      0.00      0.00      0.00      0.00      0.01    587.61      1.00
     beta_1[5]      0.01      0.00      0.01      0.00      0.01    542.02      1.00
     beta_1[6]      0.01      0.00      0.01      0.00      0.01    476.98      1.00
     beta_1[7]      0.01      0.00      0.01      0.00      0.01    444.94      1.00
     beta_1[8]      0.01      0.00      0.01      0.00      0.01    426.59      1.00
     beta_1[9]      0.01      0.00      0.01      0.00      0.01    409.04      1.00
    beta_1[10]      0.01      0.00      0.01      0.00      0.02    390.93      1.00
    beta_1[11]      0.01      0.00      0.01      0.01      0.02    371.48      1.00
    beta_1[12]      0.01      0.00      0.01      0.01      0.02    332.30      1.00
    beta_1[13]      0.01      0.00      0.01      0.01      0.02    301.86      1.00
    beta_1[14]      0.01      0.00      0.01      0.01      0.02    288.05      1.00
    beta_1[15]      0.01      0.00      0.01      0.01      0.02    276.65      1.00
    beta_1[16]      0.02      0.00      0.02      0.01      0.02    273.00      1.00
    beta_1[17]      0.02      0.00      0.02      0.01      0.02    257.38      1.00
    beta_1[18]      0.02      0.00      0.02      0.01      0.02    258.59      1.00
    beta_1[19]      0.02      0.00      0.02      0.01      0.02    263.61      1.00
    beta_1[20]      0.02      0.00      0.02      0.01      0.03    257.41      1.00
    beta_1[21]      0.02      0.00      0.02      0.01      0.03    249.38      1.00
    beta_1[22]      0.02      0.00      0.02      0.01      0.03    239.78      1.00
    beta_1[23]      0.02      0.00      0.02      0.02      0.03    244.50      1.00
    beta_1[24]      0.02      0.00      0.02      0.02      0.03    247.51      1.00
    beta_1[25]      0.02      0.00      0.02      0.02      0.03    242.18      1.00
    beta_1[26]      0.03      0.00      0.02      0.02      0.03    231.56      1.00
    beta_1[27]      0.03      0.00      0.03      0.02      0.03    229.68      1.00
    beta_1[28]      0.03      0.00      0.03      0.02      0.03    222.35      1.00
    beta_1[29]      0.03      0.00      0.03      0.02      0.04    216.80      1.00
    beta_1[30]      0.03      0.00      0.03      0.02      0.04    210.60      1.00
    beta_1[31]      0.03      0.00      0.03      0.02      0.04    203.47      1.00
    beta_1[32]      0.03      0.00      0.03      0.02      0.04    199.31      1.00
    beta_1[33]      0.03      0.00      0.03      0.02      0.04    197.23      1.00
    beta_1[34]      0.03      0.00      0.03      0.02      0.04    189.62      1.00
    beta_1[35]      0.03      0.00      0.03      0.03      0.04    180.39      1.00
    beta_1[36]      0.03      0.00      0.03      0.03      0.04    184.89      1.00
    beta_1[37]      0.04      0.00      0.04      0.03      0.04    185.45      1.00
    beta_1[38]      0.04      0.00      0.04      0.03      0.05    187.86      1.00
    beta_1[39]      0.04      0.00      0.04      0.03      0.05    178.81      1.00
    beta_1[40]      0.04      0.00      0.04      0.03      0.05    183.58      1.00
    beta_1[41]      0.04      0.00      0.04      0.03      0.05    186.02      1.00
    beta_1[42]      0.04      0.00      0.04      0.03      0.05    178.29      1.00
    beta_1[43]      0.04      0.00      0.04      0.03      0.05    178.04      1.00
    beta_1[44]      0.04      0.00      0.04      0.03      0.05    181.14      1.00
    beta_1[45]      0.04      0.01      0.04      0.03      0.05    189.84      1.00
    beta_1[46]      0.04      0.01      0.04      0.04      0.05    190.16      1.00
    beta_1[47]      0.05      0.01      0.04      0.04      0.05    192.42      1.00
    beta_1[48]      0.05      0.01      0.05      0.04      0.05    189.44      1.00
    beta_1[49]      0.05      0.01      0.05      0.04      0.06    192.67      1.00
    beta_1[50]      0.05      0.01      0.05      0.04      0.06    195.18      1.00
    beta_1[51]      0.05      0.01      0.05      0.04      0.06    194.88      1.00
    beta_1[52]      0.05      0.01      0.05      0.04      0.06    190.32      1.00
    beta_1[53]      0.05      0.00      0.05      0.04      0.06    193.31      1.00
    beta_1[54]      0.05      0.00      0.05      0.04      0.06    190.58      1.00
    beta_1[55]      0.05      0.00      0.05      0.04      0.06    204.22      1.00
    beta_1[56]      0.05      0.00      0.05      0.05      0.06    211.69      1.00
    beta_1[57]      0.05      0.00      0.05      0.05      0.06    210.77      1.00
    beta_1[58]      0.06      0.00      0.06      0.05      0.06    211.23      1.00
    beta_1[59]      0.06      0.00      0.06      0.05      0.06    207.29      1.00
    beta_1[60]      0.06      0.00      0.06      0.05      0.06    211.98      1.00
    beta_1[61]      0.06      0.00      0.06      0.05      0.07    215.24      1.00
    beta_1[62]      0.06      0.00      0.06      0.05      0.07    210.62      1.00
    beta_1[63]      0.06      0.00      0.06      0.05      0.07    211.72      1.00
    beta_1[64]      0.06      0.00      0.06      0.05      0.07    213.39      1.00
    beta_1[65]      0.06      0.00      0.06      0.05      0.07    210.51      1.00
    beta_1[66]      0.06      0.00      0.06      0.06      0.07    204.86      1.00
    beta_1[67]      0.06      0.00      0.06      0.06      0.07    203.81      1.00
    beta_1[68]      0.06      0.00      0.06      0.06      0.07    208.24      1.00
    beta_1[69]      0.07      0.00      0.07      0.06      0.07    213.91      1.00
    beta_1[70]      0.07      0.00      0.07      0.06      0.07    209.74      1.00
    beta_1[71]      0.07      0.00      0.07      0.06      0.08    210.26      1.00
    beta_1[72]      0.07      0.00      0.07      0.06      0.08    211.95      1.00
    beta_1[73]      0.07      0.00      0.07      0.06      0.08    211.68      1.00
    beta_1[74]      0.07      0.00      0.07      0.06      0.08    211.40      1.00
    beta_1[75]      0.07      0.00      0.07      0.06      0.08    211.74      1.00
    beta_1[76]      0.07      0.00      0.07      0.06      0.08    216.60      1.00
    beta_1[77]      0.07      0.00      0.07      0.07      0.08    218.96      1.00
    beta_1[78]      0.07      0.00      0.07      0.07      0.08    216.81      1.00
    beta_1[79]      0.07      0.00      0.07      0.07      0.08    221.22      1.00
    beta_1[80]      0.07      0.00      0.07      0.07      0.08    226.25      1.00
    beta_1[81]      0.07      0.00      0.07      0.07      0.08    230.42      1.00
    beta_1[82]      0.07      0.00      0.07      0.07      0.08    232.95      1.00
    beta_1[83]      0.08      0.00      0.08      0.07      0.08    229.09      1.00
    beta_1[84]      0.08      0.00      0.08      0.07      0.08    232.36      1.00
    beta_1[85]      0.08      0.00      0.08      0.07      0.08    237.12      1.00
    beta_1[86]      0.08      0.00      0.08      0.07      0.08    245.07      1.00
    beta_1[87]      0.08      0.00      0.08      0.07      0.08    239.67      1.00
    beta_1[88]      0.08      0.00      0.08      0.07      0.08    234.90      1.00
    beta_1[89]      0.08      0.00      0.08      0.07      0.08    234.12      1.00
    beta_1[90]      0.08      0.00      0.08      0.07      0.08    241.77      1.00
    beta_1[91]      0.08      0.00      0.08      0.07      0.08    241.53      1.00
    beta_1[92]      0.08      0.00      0.08      0.07      0.08    247.21      1.00
    beta_1[93]      0.08      0.00      0.08      0.07      0.08    256.61      1.00
    beta_1[94]      0.08      0.00      0.08      0.07      0.08    263.77      1.00
    beta_1[95]      0.08      0.00      0.08      0.07      0.08    271.98      1.00
    beta_1[96]      0.07      0.00      0.07      0.07      0.08    270.21      1.00
    beta_1[97]      0.07      0.00      0.07      0.07      0.08    275.73      1.00
    beta_1[98]      0.07      0.00      0.07      0.07      0.08    267.13      1.00
    beta_1[99]      0.07      0.00      0.07      0.07      0.08    256.42      1.00
   beta_1[100]      0.07      0.00      0.07      0.07      0.08    263.55      1.00
   beta_1[101]      0.07      0.00      0.07      0.07      0.08    272.05      1.00
   beta_1[102]      0.07      0.00      0.07      0.07      0.08    269.19      1.00
   beta_1[103]      0.07      0.00      0.07      0.06      0.08    273.34      1.00
   beta_1[104]      0.07      0.00      0.07      0.06      0.07    273.94      1.00
   beta_1[105]      0.07      0.00      0.07      0.06      0.07    277.32      1.00
   beta_1[106]      0.07      0.00      0.07      0.06      0.07    285.33      1.00
   beta_1[107]      0.07      0.00      0.07      0.06      0.07    281.69      1.00
   beta_1[108]      0.06      0.00      0.06      0.06      0.07    306.39      1.00
   beta_1[109]      0.06      0.00      0.06      0.06      0.07    302.03      1.00
   beta_1[110]      0.06      0.00      0.06      0.06      0.07    304.70      1.00
   beta_1[111]      0.06      0.00      0.06      0.05      0.07    303.25      1.00
   beta_1[112]      0.06      0.00      0.06      0.05      0.06    303.87      1.00
   beta_1[113]      0.06      0.00      0.06      0.05      0.06    321.08      1.00
   beta_1[114]      0.06      0.00      0.06      0.05      0.06    332.73      1.00
   beta_1[115]      0.05      0.00      0.05      0.05      0.06    342.29      1.00
   beta_1[116]      0.05      0.00      0.05      0.05      0.06    342.86      1.00
   beta_1[117]      0.05      0.00      0.05      0.05      0.06    353.64      1.00
   beta_1[118]      0.05      0.00      0.05      0.05      0.05    371.25      1.00
   beta_1[119]      0.05      0.00      0.05      0.04      0.05    395.51      1.00
   beta_1[120]      0.05      0.00      0.05      0.04      0.05    397.88      1.00
   beta_1[121]      0.05      0.00      0.05      0.04      0.05    413.94      1.00
   beta_1[122]      0.04      0.00      0.04      0.04      0.05    448.37      1.00
   beta_1[123]      0.04      0.00      0.04      0.04      0.05    469.18      1.00
   beta_1[124]      0.04      0.00      0.04      0.04      0.05    463.20      1.00
   beta_1[125]      0.04      0.00      0.04      0.04      0.05    498.11      1.00
   beta_1[126]      0.04      0.00      0.04      0.03      0.04    524.74      1.00
   beta_1[127]      0.04      0.00      0.04      0.03      0.04    541.74      1.00
   beta_1[128]      0.04      0.00      0.04      0.03      0.04    536.98      1.00
   beta_1[129]      0.04      0.00      0.04      0.03      0.04    535.64      1.00
   beta_1[130]      0.04      0.00      0.03      0.03      0.04    562.77      1.00
   beta_1[131]      0.03      0.00      0.03      0.03      0.04    581.15      1.00
   beta_1[132]      0.03      0.00      0.03      0.03      0.04    598.32      1.00
   beta_1[133]      0.03      0.00      0.03      0.03      0.04    596.25      1.00
   beta_1[134]      0.03      0.00      0.03      0.03      0.04    630.71      1.00
   beta_1[135]      0.03      0.00      0.03      0.03      0.04    652.46      1.00
   beta_1[136]      0.03      0.00      0.03      0.03      0.03    651.89      1.00
   beta_1[137]      0.03      0.00      0.03      0.03      0.03    673.54      1.00
   beta_1[138]      0.03      0.00      0.03      0.03      0.03    681.77      1.00
   beta_1[139]      0.03      0.00      0.03      0.02      0.03    671.02      1.00
   beta_1[140]      0.03      0.00      0.03      0.02      0.03    708.89      1.00
   beta_1[141]      0.03      0.00      0.03      0.02      0.03    708.49      1.00
   beta_1[142]      0.03      0.00      0.03      0.02      0.03    733.88      1.00
   beta_1[143]      0.03      0.00      0.03      0.02      0.03    745.90      1.00
   beta_1[144]      0.03      0.00      0.03      0.02      0.03    789.14      1.00
   beta_1[145]      0.03      0.00      0.03      0.02      0.03    788.37      1.00
   beta_1[146]      0.03      0.00      0.03      0.02      0.03    798.61      1.00
   beta_1[147]      0.03      0.00      0.03      0.02      0.03    824.43      1.00
   beta_1[148]      0.03      0.00      0.03      0.02      0.03    823.28      1.00
   beta_1[149]      0.02      0.00      0.02      0.02      0.03    811.06      1.00
   beta_1[150]      0.02      0.00      0.02      0.02      0.03    819.87      1.00
   beta_1[151]      0.02      0.00      0.02      0.02      0.03    862.15      1.00
   beta_1[152]      0.02      0.00      0.02      0.02      0.03    821.55      1.00
   beta_1[153]      0.02      0.00      0.02      0.02      0.03    823.38      1.00
   beta_1[154]      0.02      0.00      0.02      0.02      0.02    825.54      1.00
   beta_1[155]      0.02      0.00      0.02      0.02      0.02    818.92      1.00
   beta_1[156]      0.02      0.00      0.02      0.02      0.02    850.91      1.00
   beta_1[157]      0.02      0.00      0.02      0.02      0.02    885.79      1.00
   beta_1[158]      0.02      0.00      0.02      0.01      0.02    867.39      1.00
   beta_1[159]      0.02      0.00      0.02      0.01      0.02    914.11      1.00
   beta_1[160]      0.02      0.00      0.02      0.01      0.02    895.32      1.00
   beta_1[161]      0.02      0.00      0.02      0.01      0.02    899.75      1.00
   beta_1[162]      0.02      0.00      0.02      0.01      0.02    853.97      1.00
   beta_1[163]      0.02      0.00      0.02      0.01      0.02    910.23      1.00
   beta_1[164]      0.02      0.00      0.02      0.01      0.02    901.64      1.00
   beta_1[165]      0.02      0.00      0.02      0.01      0.02    903.25      1.00
   beta_1[166]      0.02      0.00      0.02      0.01      0.02    987.65      1.00
   beta_1[167]      0.02      0.00      0.02      0.01      0.02    980.05      1.00
   beta_1[168]      0.01      0.00      0.01      0.01      0.02   1054.64      1.00
   beta_1[169]      0.01      0.00      0.01      0.01      0.02   1048.79      1.00
   beta_1[170]      0.01      0.00      0.01      0.01      0.02   1012.79      1.00
   beta_1[171]      0.01      0.00      0.01      0.01      0.02   1133.39      1.00
   beta_1[172]      0.01      0.00      0.01      0.01      0.02   1198.15      1.00
   beta_1[173]      0.01      0.00      0.01      0.01      0.02   1228.48      1.00
   beta_1[174]      0.01      0.00      0.01      0.01      0.02   1229.40      1.00
   beta_1[175]      0.01      0.00      0.01      0.01      0.02   1332.11      1.00
   beta_1[176]      0.01      0.00      0.01      0.01      0.02   1310.17      1.00
   beta_1[177]      0.01      0.00      0.01      0.01      0.02   1392.56      1.00
   beta_1[178]      0.01      0.00      0.01      0.01      0.02   1251.64      1.00
   beta_1[179]      0.01      0.00      0.01      0.01      0.02   1372.52      1.00
   beta_1[180]      0.01      0.00      0.01      0.01      0.02   1407.40      1.00
   beta_1[181]      0.01      0.00      0.01      0.01      0.02   1569.66      1.00
   beta_1[182]      0.01      0.00      0.01      0.01      0.02   1444.10      1.00
   beta_1[183]      0.01      0.00      0.01      0.01      0.02   1549.56      1.00
   beta_1[184]      0.01      0.00      0.01      0.01      0.02   1700.97      1.00
   beta_1[185]      0.01      0.00      0.01      0.01      0.02   1803.98      1.00
   beta_1[186]      0.01      0.00      0.01      0.01      0.02   1827.87      1.00
   beta_1[187]      0.01      0.00      0.01      0.01      0.01   1744.51      1.00
   beta_1[188]      0.01      0.00      0.01      0.01      0.01   1785.55      1.00
   beta_1[189]      0.01      0.00      0.01      0.01      0.01   1708.14      1.00
   beta_1[190]      0.01      0.00      0.01      0.01      0.01   1855.58      1.00
   beta_1[191]      0.01      0.00      0.01      0.01      0.01   1898.48      1.00
   beta_1[192]      0.01      0.00      0.01      0.01      0.01   1788.07      1.00
   beta_1[193]      0.01      0.00      0.01      0.01      0.01   1966.97      1.00
   beta_1[194]      0.01      0.00      0.01      0.01      0.01   2149.09      1.00
   beta_1[195]      0.01      0.00      0.01      0.01      0.01   2211.18      1.00
   beta_1[196]      0.01      0.00      0.01      0.01      0.01   2277.35      1.00
   beta_1[197]      0.01      0.00      0.01      0.01      0.01   2338.34      1.00
   beta_1[198]      0.01      0.00      0.01      0.01      0.01   2228.43      1.00
   beta_1[199]      0.01      0.00      0.01      0.01      0.01   2199.90      1.00
   beta_1[200]      0.01      0.00      0.01      0.01      0.01   2439.69      1.00
   beta_1[201]      0.01      0.00      0.01      0.01      0.01   2120.83      1.00
   beta_1[202]      0.01      0.00      0.01      0.01      0.01   2017.09      1.00
   beta_1[203]      0.01      0.00      0.01      0.01      0.01   2047.68      1.00
   beta_1[204]      0.01      0.00      0.01      0.01      0.01   2187.70      1.00
   beta_1[205]      0.01      0.00      0.01      0.01      0.01   2501.21      1.00
   beta_1[206]      0.01      0.00      0.01      0.01      0.01   2510.41      1.00
   beta_1[207]      0.01      0.00      0.01      0.01      0.01   2386.48      1.00
   beta_1[208]      0.01      0.00      0.01      0.01      0.01   2381.31      1.00
   beta_1[209]      0.01      0.00      0.01      0.01      0.01   2416.98      1.00
   beta_1[210]      0.01      0.00      0.01      0.00      0.01   2530.11      1.00
   beta_1[211]      0.01      0.00      0.01      0.00      0.01   2451.69      1.00
   beta_1[212]      0.01      0.00      0.01      0.00      0.01   2305.18      1.00
   beta_1[213]      0.01      0.00      0.01      0.00      0.01   2412.81      1.00
   beta_1[214]      0.01      0.00      0.01      0.01      0.01   2551.49      1.00
   beta_1[215]      0.01      0.00      0.01      0.01      0.01   2466.83      1.00
   beta_1[216]      0.01      0.00      0.01      0.01      0.01   2638.01      1.00
   beta_1[217]      0.01      0.00      0.01      0.01      0.01   2536.92      1.00
   beta_1[218]      0.01      0.00      0.01      0.01      0.01   2271.97      1.00
  transform[0]     -0.02      0.94      0.01     -1.73      1.40   2032.28      1.00

Number of divergences: 79
