                     date locationtest  value abbreviation location  population
location_name                                                                  
Puerto Rico    2020-01-24           72      0           PR       72   3754939.0
Puerto Rico    2020-01-25           72      0           PR       72   3754939.0
Puerto Rico    2020-01-26           72      0           PR       72   3754939.0
Puerto Rico    2020-01-27           72      0           PR       72   3754939.0
Puerto Rico    2020-01-28           72      0           PR       72   3754939.0
...                   ...          ...    ...          ...      ...         ...
Puerto Rico    2021-01-07           72    286           PR       72   3754939.0
Puerto Rico    2021-01-08           72   2169           PR       72   3754939.0
Puerto Rico    2021-01-09           72    563           PR       72   3754939.0
Puerto Rico    2021-01-10           72    489           PR       72   3754939.0
Puerto Rico    2021-01-11           72    349           PR       72   3754939.0

[354 rows x 6 columns]

                    mean       std    median      5.0%     95.0%     n_eff     r_hat
 a_raw_init[0]      0.00      0.00      0.00      0.00      0.00   1465.94      1.00
 a_raw_init[1]      0.00      0.00      0.00      0.00      0.00   2024.85      1.00
 a_raw_init[2]      0.00      0.01      0.00      0.00      0.01     63.38      1.00
 a_raw_init[3]      0.12      0.00      0.12      0.11      0.13    139.71      1.00
 a_raw_init[4]      0.00      0.00      0.00      0.00      0.00   2033.14      1.00
 a_raw_init[5]      0.03      0.00      0.03      0.02      0.03    861.48      1.00
 a_raw_init[6]      0.00      0.00      0.00      0.00      0.00   2055.73      1.00
 a_raw_init[7]      0.05      0.00      0.05      0.04      0.05    436.86      1.01
 a_raw_init[8]      0.28      0.00      0.28      0.27      0.29    433.32      1.00
 a_raw_init[9]      0.60      0.00      0.60      0.59      0.61    534.73      1.00
a_raw_init[10]      0.44      0.00      0.44      0.43      0.45   1002.90      1.00
a_raw_init[11]      0.36      0.00      0.36      0.35      0.36    667.91      1.00
     beta_1[0]      0.00      0.00      0.00     -0.00      0.00    746.51      1.00
     beta_1[1]      0.00      0.00      0.00     -0.00      0.00    550.33      1.00
     beta_1[2]      0.00      0.00      0.00     -0.00      0.00    311.79      1.00
     beta_1[3]      0.00      0.00      0.00     -0.00      0.01    217.48      1.00
     beta_1[4]      0.00      0.00      0.00     -0.00      0.01    192.95      1.00
     beta_1[5]      0.00      0.00      0.00     -0.00      0.01    162.58      1.00
     beta_1[6]      0.00      0.00      0.00     -0.00      0.01    138.99      1.00
     beta_1[7]      0.00      0.00      0.00     -0.00      0.01    135.83      1.00
     beta_1[8]      0.00      0.00      0.00      0.00      0.01    121.80      1.00
     beta_1[9]      0.01      0.00      0.01      0.00      0.01    115.30      1.00
    beta_1[10]      0.01      0.00      0.01      0.00      0.01     97.07      1.00
    beta_1[11]      0.01      0.00      0.01      0.00      0.01     96.33      1.01
    beta_1[12]      0.01      0.00      0.01      0.00      0.01     87.57      1.01
    beta_1[13]      0.01      0.00      0.01      0.00      0.01     69.39      1.01
    beta_1[14]      0.01      0.00      0.01      0.00      0.01     62.40      1.01
    beta_1[15]      0.01      0.00      0.01      0.00      0.01     49.27      1.01
    beta_1[16]      0.01      0.00      0.01      0.00      0.02     47.22      1.01
    beta_1[17]      0.01      0.00      0.01      0.00      0.02     37.89      1.01
    beta_1[18]      0.01      0.00      0.01      0.00      0.02     37.87      1.01
    beta_1[19]      0.01      0.00      0.01      0.00      0.02     33.74      1.01
    beta_1[20]      0.01      0.00      0.01      0.00      0.02     33.28      1.01
    beta_1[21]      0.01      0.00      0.01      0.01      0.02     28.98      1.01
    beta_1[22]      0.01      0.00      0.01      0.01      0.02     26.60      1.01
    beta_1[23]      0.01      0.00      0.01      0.01      0.02     27.72      1.01
    beta_1[24]      0.01      0.00      0.01      0.01      0.02     27.08      1.01
    beta_1[25]      0.01      0.00      0.01      0.01      0.02     25.22      1.01
    beta_1[26]      0.01      0.00      0.01      0.01      0.02     23.11      1.01
    beta_1[27]      0.02      0.00      0.02      0.01      0.02     21.35      1.01
    beta_1[28]      0.02      0.00      0.02      0.01      0.02     19.66      1.01
    beta_1[29]      0.02      0.00      0.02      0.01      0.02     18.23      1.02
    beta_1[30]      0.02      0.00      0.02      0.01      0.02     17.92      1.02
    beta_1[31]      0.02      0.00      0.02      0.01      0.02     17.94      1.02
    beta_1[32]      0.02      0.00      0.02      0.01      0.03     17.32      1.02
    beta_1[33]      0.02      0.00      0.02      0.01      0.03     16.94      1.01
    beta_1[34]      0.02      0.00      0.02      0.01      0.03     16.74      1.02
    beta_1[35]      0.02      0.00      0.02      0.01      0.03     17.09      1.02
    beta_1[36]      0.02      0.00      0.02      0.01      0.03     17.04      1.02
    beta_1[37]      0.02      0.00      0.02      0.01      0.03     16.52      1.02
    beta_1[38]      0.02      0.00      0.02      0.01      0.03     16.32      1.02
    beta_1[39]      0.02      0.00      0.02      0.01      0.03     16.49      1.02
    beta_1[40]      0.02      0.01      0.02      0.01      0.03     16.13      1.01
    beta_1[41]      0.02      0.01      0.02      0.01      0.03     16.36      1.02
    beta_1[42]      0.02      0.01      0.02      0.01      0.03     16.05      1.01
    beta_1[43]      0.02      0.01      0.02      0.02      0.03     15.82      1.02
    beta_1[44]      0.02      0.01      0.02      0.02      0.03     15.30      1.01
    beta_1[45]      0.03      0.01      0.03      0.02      0.03     14.42      1.02
    beta_1[46]      0.03      0.01      0.03      0.02      0.03     14.02      1.01
    beta_1[47]      0.03      0.01      0.03      0.02      0.04     13.91      1.02
    beta_1[48]      0.03      0.01      0.03      0.02      0.04     13.71      1.02
    beta_1[49]      0.03      0.01      0.03      0.02      0.04     13.56      1.02
    beta_1[50]      0.03      0.01      0.03      0.02      0.04     13.56      1.02
    beta_1[51]      0.03      0.01      0.03      0.02      0.04     13.07      1.02
    beta_1[52]      0.03      0.01      0.03      0.02      0.04     13.30      1.02
    beta_1[53]      0.03      0.01      0.03      0.02      0.04     12.97      1.02
    beta_1[54]      0.03      0.01      0.03      0.02      0.04     12.71      1.02
    beta_1[55]      0.03      0.01      0.03      0.02      0.04     12.18      1.02
    beta_1[56]      0.03      0.01      0.03      0.02      0.04     11.79      1.02
    beta_1[57]      0.03      0.01      0.03      0.02      0.04     11.65      1.02
    beta_1[58]      0.03      0.01      0.03      0.02      0.04     11.65      1.03
    beta_1[59]      0.03      0.01      0.03      0.02      0.04     11.80      1.03
    beta_1[60]      0.03      0.01      0.03      0.02      0.04     11.80      1.03
    beta_1[61]      0.03      0.01      0.03      0.03      0.04     11.76      1.03
    beta_1[62]      0.03      0.01      0.03      0.03      0.04     12.20      1.03
    beta_1[63]      0.04      0.01      0.04      0.03      0.04     11.98      1.03
    beta_1[64]      0.04      0.01      0.04      0.03      0.05     12.23      1.03
    beta_1[65]      0.04      0.01      0.04      0.03      0.05     11.99      1.04
    beta_1[66]      0.04      0.01      0.04      0.03      0.05     12.31      1.04
    beta_1[67]      0.04      0.01      0.04      0.03      0.05     12.34      1.04
    beta_1[68]      0.04      0.01      0.04      0.03      0.05     12.49      1.04
    beta_1[69]      0.04      0.01      0.04      0.03      0.05     12.78      1.04
    beta_1[70]      0.04      0.01      0.04      0.03      0.05     12.83      1.04
    beta_1[71]      0.04      0.01      0.04      0.03      0.05     12.85      1.05
    beta_1[72]      0.04      0.01      0.04      0.03      0.05     13.19      1.05
    beta_1[73]      0.04      0.01      0.04      0.03      0.05     13.09      1.05
    beta_1[74]      0.04      0.01      0.04      0.03      0.05     13.30      1.05
    beta_1[75]      0.04      0.01      0.04      0.03      0.05     13.46      1.05
    beta_1[76]      0.04      0.01      0.04      0.03      0.05     13.74      1.06
    beta_1[77]      0.04      0.01      0.04      0.03      0.05     13.81      1.06
    beta_1[78]      0.04      0.01      0.04      0.03      0.05     13.94      1.06
    beta_1[79]      0.04      0.01      0.04      0.03      0.05     14.11      1.07
    beta_1[80]      0.04      0.01      0.04      0.03      0.05     14.52      1.07
    beta_1[81]      0.04      0.01      0.04      0.03      0.05     14.77      1.07
    beta_1[82]      0.04      0.01      0.04      0.04      0.05     15.10      1.06
    beta_1[83]      0.04      0.01      0.04      0.04      0.05     15.67      1.07
    beta_1[84]      0.04      0.01      0.04      0.04      0.05     15.60      1.07
    beta_1[85]      0.04      0.01      0.04      0.04      0.05     15.93      1.07
    beta_1[86]      0.04      0.01      0.04      0.04      0.05     16.75      1.07
    beta_1[87]      0.04      0.01      0.04      0.04      0.05     16.82      1.07
    beta_1[88]      0.04      0.01      0.04      0.04      0.05     17.41      1.07
    beta_1[89]      0.04      0.01      0.04      0.04      0.05     17.91      1.07
    beta_1[90]      0.04      0.01      0.04      0.04      0.05     17.85      1.08
    beta_1[91]      0.04      0.01      0.04      0.04      0.05     18.58      1.08
    beta_1[92]      0.04      0.01      0.04      0.04      0.05     19.60      1.07
    beta_1[93]      0.04      0.01      0.04      0.04      0.05     20.00      1.07
    beta_1[94]      0.04      0.00      0.04      0.04      0.05     20.49      1.08
    beta_1[95]      0.04      0.00      0.04      0.04      0.05     20.55      1.08
    beta_1[96]      0.04      0.00      0.04      0.04      0.05     21.01      1.07
    beta_1[97]      0.04      0.00      0.04      0.04      0.05     21.09      1.07
    beta_1[98]      0.04      0.00      0.04      0.04      0.05     21.77      1.07
    beta_1[99]      0.04      0.00      0.04      0.04      0.05     22.58      1.07
   beta_1[100]      0.04      0.00      0.04      0.03      0.05     22.54      1.07
   beta_1[101]      0.04      0.00      0.04      0.03      0.05     22.61      1.07
   beta_1[102]      0.04      0.00      0.04      0.03      0.05     23.30      1.07
   beta_1[103]      0.04      0.00      0.04      0.03      0.05     23.62      1.07
   beta_1[104]      0.04      0.00      0.04      0.03      0.05     24.19      1.07
   beta_1[105]      0.04      0.00      0.04      0.03      0.05     24.10      1.06
   beta_1[106]      0.04      0.00      0.04      0.03      0.05     24.52      1.06
   beta_1[107]      0.04      0.00      0.04      0.03      0.05     24.81      1.07
   beta_1[108]      0.04      0.00      0.04      0.03      0.05     25.34      1.07
   beta_1[109]      0.04      0.00      0.04      0.03      0.05     25.64      1.07
   beta_1[110]      0.04      0.00      0.04      0.03      0.05     26.20      1.07
   beta_1[111]      0.04      0.00      0.04      0.03      0.05     27.12      1.07
   beta_1[112]      0.04      0.00      0.04      0.03      0.05     27.91      1.07
   beta_1[113]      0.04      0.00      0.04      0.03      0.05     28.18      1.06
   beta_1[114]      0.04      0.00      0.04      0.03      0.05     29.19      1.06
   beta_1[115]      0.04      0.00      0.04      0.03      0.05     29.20      1.06
   beta_1[116]      0.04      0.00      0.04      0.03      0.05     30.27      1.06
   beta_1[117]      0.04      0.00      0.04      0.03      0.04     30.98      1.06
   beta_1[118]      0.04      0.00      0.04      0.03      0.04     31.35      1.07
   beta_1[119]      0.04      0.00      0.04      0.03      0.04     32.76      1.06
   beta_1[120]      0.04      0.00      0.04      0.03      0.04     32.46      1.07
   beta_1[121]      0.04      0.00      0.03      0.03      0.04     34.22      1.06
   beta_1[122]      0.03      0.00      0.03      0.03      0.04     34.70      1.06
   beta_1[123]      0.03      0.00      0.03      0.03      0.04     35.12      1.06
   beta_1[124]      0.03      0.00      0.03      0.03      0.04     37.00      1.06
   beta_1[125]      0.03      0.00      0.03      0.03      0.04     37.92      1.07
   beta_1[126]      0.03      0.00      0.03      0.03      0.04     39.50      1.07
   beta_1[127]      0.03      0.00      0.03      0.03      0.04     41.10      1.06
   beta_1[128]      0.03      0.00      0.03      0.03      0.04     40.00      1.07
   beta_1[129]      0.03      0.00      0.03      0.03      0.04     39.74      1.08
   beta_1[130]      0.03      0.00      0.03      0.03      0.04     39.83      1.08
   beta_1[131]      0.03      0.00      0.03      0.03      0.04     39.12      1.08
   beta_1[132]      0.03      0.00      0.03      0.03      0.04     39.76      1.08
   beta_1[133]      0.03      0.00      0.03      0.02      0.04     39.96      1.08
   beta_1[134]      0.03      0.00      0.03      0.02      0.04     39.89      1.09
   beta_1[135]      0.03      0.00      0.03      0.02      0.04     41.53      1.08
   beta_1[136]      0.03      0.00      0.03      0.02      0.04     43.19      1.08
   beta_1[137]      0.03      0.00      0.03      0.02      0.04     43.98      1.08
   beta_1[138]      0.03      0.00      0.03      0.02      0.04     43.04      1.09
   beta_1[139]      0.03      0.00      0.03      0.02      0.04     43.88      1.09
   beta_1[140]      0.03      0.00      0.03      0.02      0.03     43.05      1.09
   beta_1[141]      0.03      0.00      0.03      0.02      0.03     43.01      1.08
   beta_1[142]      0.03      0.00      0.03      0.02      0.03     42.24      1.09
   beta_1[143]      0.03      0.00      0.03      0.02      0.03     42.16      1.09
   beta_1[144]      0.03      0.00      0.03      0.02      0.03     41.79      1.09
   beta_1[145]      0.03      0.00      0.03      0.02      0.03     42.83      1.09
   beta_1[146]      0.03      0.00      0.03      0.02      0.03     42.13      1.09
   beta_1[147]      0.03      0.00      0.03      0.02      0.03     41.03      1.09
   beta_1[148]      0.03      0.00      0.03      0.02      0.03     40.02      1.09
   beta_1[149]      0.03      0.00      0.03      0.02      0.03     40.08      1.08
   beta_1[150]      0.03      0.00      0.03      0.02      0.03     39.24      1.09
   beta_1[151]      0.03      0.00      0.03      0.02      0.03     40.29      1.09
   beta_1[152]      0.03      0.00      0.03      0.02      0.03     41.26      1.09
   beta_1[153]      0.03      0.00      0.03      0.02      0.03     39.91      1.09
   beta_1[154]      0.03      0.00      0.03      0.02      0.03     38.85      1.09
   beta_1[155]      0.03      0.00      0.03      0.02      0.03     38.21      1.09
   beta_1[156]      0.03      0.00      0.03      0.02      0.03     38.01      1.08
   beta_1[157]      0.03      0.00      0.03      0.02      0.03     37.64      1.09
   beta_1[158]      0.03      0.00      0.03      0.02      0.03     38.33      1.09
   beta_1[159]      0.03      0.00      0.03      0.02      0.03     40.17      1.08
   beta_1[160]      0.03      0.00      0.03      0.02      0.03     38.35      1.08
   beta_1[161]      0.03      0.00      0.03      0.02      0.03     37.72      1.08
   beta_1[162]      0.03      0.00      0.03      0.02      0.03     37.28      1.08
   beta_1[163]      0.03      0.00      0.03      0.02      0.03     37.87      1.09
   beta_1[164]      0.03      0.00      0.03      0.02      0.03     37.90      1.09
   beta_1[165]      0.03      0.00      0.03      0.02      0.03     38.75      1.08
   beta_1[166]      0.03      0.00      0.03      0.02      0.03     39.02      1.09
   beta_1[167]      0.03      0.00      0.03      0.02      0.03     38.40      1.09
   beta_1[168]      0.03      0.00      0.03      0.02      0.03     39.02      1.09
   beta_1[169]      0.03      0.00      0.03      0.02      0.03     40.70      1.09
   beta_1[170]      0.03      0.00      0.03      0.02      0.03     41.25      1.09
   beta_1[171]      0.03      0.00      0.03      0.02      0.03     44.39      1.08
   beta_1[172]      0.03      0.00      0.03      0.02      0.03     45.15      1.08
   beta_1[173]      0.03      0.00      0.03      0.02      0.03     46.82      1.08
   beta_1[174]      0.03      0.00      0.03      0.03      0.03     48.43      1.07
   beta_1[175]      0.03      0.00      0.03      0.03      0.04     52.35      1.07
   beta_1[176]      0.03      0.00      0.03      0.03      0.04     56.61      1.07
   beta_1[177]      0.03      0.00      0.03      0.03      0.04     59.35      1.06
   beta_1[178]      0.03      0.00      0.03      0.03      0.04     66.45      1.06
   beta_1[179]      0.03      0.00      0.03      0.03      0.04     65.76      1.06
   beta_1[180]      0.03      0.00      0.03      0.03      0.04     80.19      1.05
   beta_1[181]      0.03      0.00      0.03      0.03      0.04     92.97      1.05
   beta_1[182]      0.03      0.00      0.03      0.03      0.04     91.53      1.05
   beta_1[183]      0.03      0.00      0.03      0.03      0.04    102.16      1.04
   beta_1[184]      0.03      0.00      0.03      0.03      0.04    110.90      1.04
   beta_1[185]      0.03      0.00      0.03      0.03      0.04    115.71      1.04
   beta_1[186]      0.03      0.00      0.03      0.03      0.04    124.97      1.03
   beta_1[187]      0.03      0.00      0.03      0.03      0.04    130.43      1.03
   beta_1[188]      0.03      0.00      0.03      0.03      0.04    134.37      1.02
   beta_1[189]      0.04      0.00      0.04      0.03      0.04    144.62      1.02
   beta_1[190]      0.04      0.00      0.04      0.03      0.04    149.96      1.02
   beta_1[191]      0.04      0.00      0.04      0.03      0.04    169.55      1.02
   beta_1[192]      0.04      0.00      0.04      0.03      0.04    202.07      1.01
   beta_1[193]      0.04      0.00      0.04      0.03      0.04    214.70      1.01
   beta_1[194]      0.04      0.00      0.04      0.03      0.04    262.44      1.01
   beta_1[195]      0.04      0.00      0.04      0.03      0.04    235.15      1.01
   beta_1[196]      0.04      0.00      0.04      0.03      0.04    303.91      1.01
   beta_1[197]      0.04      0.00      0.04      0.03      0.04    233.67      1.01
   beta_1[198]      0.04      0.00      0.04      0.03      0.04    372.20      1.01
   beta_1[199]      0.04      0.00      0.04      0.03      0.04    420.25      1.01
   beta_1[200]      0.04      0.00      0.04      0.03      0.04    472.42      1.01
   beta_1[201]      0.04      0.00      0.04      0.03      0.04    503.48      1.01
   beta_1[202]      0.04      0.00      0.04      0.03      0.04    549.05      1.00
   beta_1[203]      0.04      0.00      0.04      0.03      0.04    598.24      1.00
   beta_1[204]      0.04      0.00      0.04      0.03      0.04    662.83      1.00
   beta_1[205]      0.03      0.00      0.03      0.03      0.04    699.86      1.00
   beta_1[206]      0.03      0.00      0.03      0.03      0.04    772.05      1.00
   beta_1[207]      0.03      0.00      0.03      0.03      0.04    840.04      1.00
   beta_1[208]      0.03      0.00      0.03      0.03      0.04    823.07      1.00
   beta_1[209]      0.03      0.00      0.03      0.03      0.03    853.69      1.00
   beta_1[210]      0.03      0.00      0.03      0.03      0.03    884.94      1.00
   beta_1[211]      0.03      0.00      0.03      0.03      0.03    926.41      1.00
   beta_1[212]      0.03      0.00      0.03      0.03      0.03    881.02      1.00
   beta_1[213]      0.03      0.00      0.03      0.02      0.03    863.57      1.00
   beta_1[214]      0.03      0.00      0.03      0.02      0.03    843.43      1.00
   beta_1[215]      0.03      0.00      0.03      0.02      0.03    844.65      1.00
   beta_1[216]      0.03      0.00      0.03      0.02      0.03    908.69      1.01
   beta_1[217]      0.03      0.00      0.03      0.02      0.03   1029.91      1.00
   beta_1[218]      0.03      0.00      0.03      0.02      0.03   1073.77      1.00
  transform[0]      0.03      0.97      0.05     -1.59      1.63    672.54      1.00

Number of divergences: 0
