                      date locationtest  ...  location  population
location_name                            ...                      
North Carolina  2020-01-24           37  ...        37  10488084.0
North Carolina  2020-01-25           37  ...        37  10488084.0
North Carolina  2020-01-26           37  ...        37  10488084.0
North Carolina  2020-01-27           37  ...        37  10488084.0
North Carolina  2020-01-28           37  ...        37  10488084.0
...                    ...          ...  ...       ...         ...
North Carolina  2021-01-07           37  ...        37  10488084.0
North Carolina  2021-01-08           37  ...        37  10488084.0
North Carolina  2021-01-09           37  ...        37  10488084.0
North Carolina  2021-01-10           37  ...        37  10488084.0
North Carolina  2021-01-11           37  ...        37  10488084.0

[354 rows x 6 columns]

                    mean       std    median      5.0%     95.0%     n_eff     r_hat
 a_raw_init[0]      0.00      0.00      0.00      0.00      0.00   1974.23      1.00
 a_raw_init[1]      0.00      0.00      0.00      0.00      0.00   1922.81      1.00
 a_raw_init[2]      0.00      0.00      0.00      0.00      0.00    897.83      1.00
 a_raw_init[3]      0.02      0.00      0.02      0.02      0.03   1497.92      1.00
 a_raw_init[4]      0.02      0.00      0.02      0.01      0.03   1184.65      1.00
 a_raw_init[5]      0.04      0.01      0.04      0.03      0.04   1352.89      1.00
 a_raw_init[6]      0.06      0.00      0.06      0.06      0.07   1441.20      1.00
 a_raw_init[7]      0.08      0.00      0.08      0.07      0.09   1336.35      1.00
 a_raw_init[8]      0.12      0.01      0.12      0.11      0.13   1423.20      1.00
 a_raw_init[9]      0.06      0.00      0.06      0.05      0.07   1451.71      1.00
a_raw_init[10]      0.09      0.00      0.09      0.09      0.10   1443.61      1.00
a_raw_init[11]      0.04      0.00      0.04      0.03      0.05   1434.07      1.00
a_raw_init[12]      0.10      0.00      0.10      0.10      0.11   1545.72      1.00
a_raw_init[13]      0.12      0.00      0.12      0.11      0.12   1526.73      1.00
a_raw_init[14]      0.14      0.01      0.14      0.13      0.15   1365.32      1.00
a_raw_init[15]      0.29      0.00      0.29      0.28      0.30   1834.07      1.00
a_raw_init[16]      0.32      0.00      0.32      0.32      0.33   2400.28      1.00
a_raw_init[17]      0.34      0.01      0.34      0.33      0.35   2302.26      1.00
     beta_1[0]      0.00      0.00      0.00     -0.00      0.00   1090.36      1.00
     beta_1[1]      0.00      0.00      0.00     -0.00      0.00    878.63      1.00
     beta_1[2]      0.00      0.00      0.00     -0.00      0.00    728.95      1.00
     beta_1[3]      0.00      0.00      0.00     -0.00      0.00    657.39      1.00
     beta_1[4]      0.00      0.00      0.00     -0.00      0.01    508.33      1.00
     beta_1[5]      0.00      0.00      0.00     -0.00      0.01    447.72      1.00
     beta_1[6]      0.00      0.00      0.00     -0.00      0.01    438.20      1.00
     beta_1[7]      0.00      0.00      0.00     -0.00      0.01    378.27      1.00
     beta_1[8]      0.00      0.00      0.00     -0.00      0.01    324.82      1.00
     beta_1[9]      0.00      0.00      0.00     -0.00      0.01    296.73      1.00
    beta_1[10]      0.00      0.00      0.00     -0.00      0.01    303.32      1.01
    beta_1[11]      0.00      0.00      0.00     -0.00      0.01    293.69      1.01
    beta_1[12]      0.00      0.00      0.00     -0.00      0.01    277.72      1.01
    beta_1[13]      0.00      0.00      0.00     -0.00      0.01    258.14      1.01
    beta_1[14]      0.00      0.00      0.00     -0.00      0.01    236.40      1.01
    beta_1[15]      0.00      0.00      0.00     -0.00      0.01    231.60      1.01
    beta_1[16]      0.01      0.00      0.01     -0.00      0.01    224.56      1.01
    beta_1[17]      0.01      0.00      0.01     -0.00      0.01    210.27      1.01
    beta_1[18]      0.01      0.00      0.01     -0.00      0.01    207.93      1.01
    beta_1[19]      0.01      0.00      0.01     -0.00      0.01    198.10      1.01
    beta_1[20]      0.01      0.00      0.01     -0.00      0.01    201.77      1.01
    beta_1[21]      0.01      0.00      0.01     -0.00      0.01    200.69      1.01
    beta_1[22]      0.01      0.00      0.01     -0.00      0.01    199.59      1.01
    beta_1[23]      0.01      0.00      0.01     -0.00      0.02    197.20      1.01
    beta_1[24]      0.01      0.00      0.01     -0.00      0.02    192.75      1.01
    beta_1[25]      0.01      0.00      0.01     -0.00      0.02    188.61      1.01
    beta_1[26]      0.01      0.00      0.01      0.00      0.02    185.56      1.02
    beta_1[27]      0.01      0.00      0.01     -0.00      0.02    185.41      1.01
    beta_1[28]      0.01      0.00      0.01     -0.00      0.02    183.47      1.01
    beta_1[29]      0.01      0.01      0.01     -0.00      0.02    182.13      1.01
    beta_1[30]      0.01      0.01      0.01     -0.00      0.02    178.24      1.01
    beta_1[31]      0.01      0.01      0.01      0.00      0.02    175.36      1.01
    beta_1[32]      0.01      0.01      0.01      0.00      0.02    177.10      1.01
    beta_1[33]      0.01      0.01      0.01      0.00      0.02    176.40      1.01
    beta_1[34]      0.01      0.01      0.01      0.00      0.02    174.31      1.01
    beta_1[35]      0.01      0.01      0.01      0.00      0.02    175.57      1.01
    beta_1[36]      0.01      0.01      0.01      0.00      0.02    174.90      1.01
    beta_1[37]      0.01      0.01      0.01      0.00      0.02    171.50      1.01
    beta_1[38]      0.01      0.01      0.01      0.00      0.02    172.50      1.01
    beta_1[39]      0.01      0.01      0.01      0.00      0.02    172.51      1.01
    beta_1[40]      0.01      0.01      0.01      0.00      0.02    172.82      1.01
    beta_1[41]      0.01      0.01      0.01      0.00      0.02    173.25      1.01
    beta_1[42]      0.01      0.01      0.01      0.00      0.02    171.66      1.01
    beta_1[43]      0.01      0.01      0.01      0.00      0.02    169.36      1.01
    beta_1[44]      0.01      0.01      0.01      0.01      0.02    166.94      1.01
    beta_1[45]      0.01      0.01      0.01      0.00      0.02    164.44      1.01
    beta_1[46]      0.01      0.01      0.01      0.00      0.02    162.19      1.01
    beta_1[47]      0.01      0.01      0.01      0.01      0.02    162.25      1.01
    beta_1[48]      0.01      0.01      0.01      0.00      0.02    160.47      1.01
    beta_1[49]      0.01      0.01      0.01      0.01      0.03    160.76      1.01
    beta_1[50]      0.01      0.01      0.01      0.01      0.02    160.33      1.01
    beta_1[51]      0.01      0.01      0.01      0.01      0.03    156.60      1.01
    beta_1[52]      0.02      0.01      0.02      0.01      0.02    157.19      1.01
    beta_1[53]      0.02      0.01      0.02      0.01      0.02    157.87      1.01
    beta_1[54]      0.02      0.01      0.02      0.01      0.03    158.62      1.01
    beta_1[55]      0.02      0.01      0.02      0.01      0.03    157.39      1.01
    beta_1[56]      0.02      0.01      0.02      0.01      0.03    158.99      1.01
    beta_1[57]      0.02      0.01      0.02      0.01      0.03    155.50      1.01
    beta_1[58]      0.02      0.01      0.02      0.01      0.03    156.62      1.01
    beta_1[59]      0.02      0.01      0.02      0.01      0.03    158.25      1.01
    beta_1[60]      0.02      0.01      0.02      0.01      0.03    154.39      1.01
    beta_1[61]      0.02      0.01      0.02      0.01      0.03    153.84      1.01
    beta_1[62]      0.02      0.01      0.02      0.01      0.03    149.89      1.01
    beta_1[63]      0.02      0.01      0.02      0.01      0.03    150.32      1.01
    beta_1[64]      0.02      0.01      0.02      0.01      0.03    150.83      1.01
    beta_1[65]      0.02      0.01      0.02      0.01      0.03    149.11      1.00
    beta_1[66]      0.02      0.01      0.02      0.01      0.03    150.17      1.00
    beta_1[67]      0.02      0.01      0.02      0.01      0.03    148.65      1.00
    beta_1[68]      0.02      0.01      0.02      0.01      0.03    148.85      1.00
    beta_1[69]      0.02      0.01      0.02      0.01      0.03    144.52      1.00
    beta_1[70]      0.02      0.01      0.02      0.01      0.03    142.52      1.00
    beta_1[71]      0.02      0.01      0.02      0.01      0.03    140.49      1.00
    beta_1[72]      0.02      0.01      0.02      0.01      0.03    138.15      1.00
    beta_1[73]      0.02      0.01      0.02      0.01      0.03    138.00      1.00
    beta_1[74]      0.02      0.01      0.02      0.01      0.03    137.19      1.00
    beta_1[75]      0.02      0.01      0.02      0.01      0.03    135.57      1.00
    beta_1[76]      0.02      0.01      0.02      0.01      0.03    136.22      1.00
    beta_1[77]      0.02      0.01      0.02      0.01      0.03    134.10      1.00
    beta_1[78]      0.02      0.01      0.02      0.01      0.03    130.70      1.00
    beta_1[79]      0.02      0.01      0.02      0.01      0.03    129.01      1.00
    beta_1[80]      0.02      0.01      0.02      0.01      0.03    129.32      1.00
    beta_1[81]      0.02      0.01      0.02      0.01      0.03    128.24      1.00
    beta_1[82]      0.02      0.01      0.02      0.01      0.03    128.99      1.00
    beta_1[83]      0.02      0.01      0.02      0.01      0.03    128.44      1.00
    beta_1[84]      0.02      0.01      0.02      0.01      0.03    129.18      1.00
    beta_1[85]      0.02      0.01      0.02      0.01      0.03    131.78      1.00
    beta_1[86]      0.02      0.01      0.02      0.01      0.03    132.49      1.00
    beta_1[87]      0.02      0.01      0.02      0.01      0.03    132.19      1.00
    beta_1[88]      0.02      0.01      0.02      0.01      0.04    133.90      1.00
    beta_1[89]      0.02      0.01      0.02      0.01      0.03    135.89      1.00
    beta_1[90]      0.02      0.01      0.02      0.01      0.03    132.33      1.00
    beta_1[91]      0.03      0.01      0.03      0.02      0.04    130.07      1.00
    beta_1[92]      0.03      0.01      0.03      0.02      0.04    130.78      1.00
    beta_1[93]      0.03      0.01      0.03      0.02      0.04    132.31      1.00
    beta_1[94]      0.03      0.01      0.03      0.02      0.04    134.23      1.00
    beta_1[95]      0.03      0.01      0.03      0.02      0.04    134.02      1.00
    beta_1[96]      0.03      0.01      0.03      0.02      0.04    135.00      1.00
    beta_1[97]      0.03      0.01      0.03      0.02      0.04    137.58      1.00
    beta_1[98]      0.03      0.01      0.03      0.02      0.04    136.62      1.00
    beta_1[99]      0.03      0.01      0.03      0.02      0.04    133.21      1.00
   beta_1[100]      0.03      0.01      0.03      0.02      0.04    133.82      1.00
   beta_1[101]      0.03      0.01      0.03      0.02      0.04    133.43      1.00
   beta_1[102]      0.03      0.01      0.03      0.02      0.04    135.04      1.00
   beta_1[103]      0.03      0.01      0.03      0.02      0.04    135.06      1.00
   beta_1[104]      0.03      0.01      0.03      0.02      0.04    133.50      1.00
   beta_1[105]      0.03      0.01      0.03      0.02      0.04    133.34      1.00
   beta_1[106]      0.03      0.01      0.03      0.02      0.04    132.75      1.00
   beta_1[107]      0.03      0.01      0.03      0.02      0.04    132.07      1.00
   beta_1[108]      0.03      0.01      0.03      0.02      0.04    131.10      1.00
   beta_1[109]      0.03      0.01      0.03      0.02      0.04    133.40      1.00
   beta_1[110]      0.03      0.01      0.03      0.02      0.04    138.00      1.00
   beta_1[111]      0.03      0.01      0.03      0.02      0.04    140.61      1.00
   beta_1[112]      0.03      0.01      0.03      0.02      0.04    141.97      1.00
   beta_1[113]      0.03      0.01      0.03      0.02      0.04    140.54      1.00
   beta_1[114]      0.03      0.01      0.03      0.02      0.04    139.96      1.00
   beta_1[115]      0.03      0.01      0.03      0.02      0.04    137.42      1.00
   beta_1[116]      0.03      0.01      0.03      0.02      0.04    136.15      1.00
   beta_1[117]      0.03      0.01      0.03      0.02      0.04    136.74      1.00
   beta_1[118]      0.03      0.01      0.03      0.02      0.04    136.78      1.00
   beta_1[119]      0.03      0.01      0.03      0.02      0.04    136.74      1.00
   beta_1[120]      0.03      0.01      0.03      0.02      0.04    138.24      1.00
   beta_1[121]      0.03      0.01      0.03      0.02      0.04    141.59      1.00
   beta_1[122]      0.03      0.01      0.03      0.02      0.04    140.51      1.00
   beta_1[123]      0.03      0.01      0.03      0.02      0.04    144.36      1.00
   beta_1[124]      0.03      0.01      0.03      0.02      0.04    145.08      1.00
   beta_1[125]      0.03      0.01      0.03      0.02      0.04    145.68      1.00
   beta_1[126]      0.03      0.01      0.03      0.02      0.04    142.88      1.00
   beta_1[127]      0.03      0.01      0.03      0.02      0.04    142.74      1.00
   beta_1[128]      0.03      0.01      0.03      0.02      0.04    145.38      1.00
   beta_1[129]      0.03      0.01      0.03      0.02      0.04    145.32      1.00
   beta_1[130]      0.03      0.01      0.03      0.02      0.04    145.85      1.00
   beta_1[131]      0.03      0.01      0.03      0.02      0.04    142.40      1.00
   beta_1[132]      0.03      0.00      0.03      0.02      0.04    145.11      1.00
   beta_1[133]      0.03      0.00      0.03      0.02      0.04    144.99      1.00
   beta_1[134]      0.03      0.00      0.03      0.02      0.04    145.47      1.00
   beta_1[135]      0.03      0.00      0.03      0.02      0.04    144.22      1.00
   beta_1[136]      0.03      0.00      0.03      0.02      0.04    145.54      1.00
   beta_1[137]      0.03      0.00      0.03      0.02      0.04    147.75      1.00
   beta_1[138]      0.03      0.00      0.03      0.02      0.04    146.03      1.00
   beta_1[139]      0.03      0.00      0.03      0.02      0.04    146.99      1.00
   beta_1[140]      0.03      0.00      0.03      0.02      0.04    151.01      1.00
   beta_1[141]      0.03      0.00      0.03      0.02      0.04    148.80      1.00
   beta_1[142]      0.03      0.00      0.03      0.02      0.04    152.05      1.00
   beta_1[143]      0.03      0.00      0.03      0.02      0.04    154.06      1.00
   beta_1[144]      0.03      0.00      0.03      0.02      0.03    157.72      1.00
   beta_1[145]      0.03      0.00      0.03      0.02      0.03    164.34      1.00
   beta_1[146]      0.03      0.00      0.03      0.02      0.03    166.09      1.00
   beta_1[147]      0.03      0.00      0.03      0.02      0.03    166.70      1.00
   beta_1[148]      0.03      0.00      0.03      0.02      0.03    168.58      1.00
   beta_1[149]      0.03      0.00      0.03      0.02      0.03    176.49      1.00
   beta_1[150]      0.03      0.00      0.03      0.02      0.03    185.33      1.00
   beta_1[151]      0.03      0.00      0.03      0.02      0.03    189.23      1.00
   beta_1[152]      0.03      0.00      0.03      0.02      0.03    195.35      1.00
   beta_1[153]      0.03      0.00      0.03      0.02      0.03    201.57      1.00
   beta_1[154]      0.03      0.00      0.03      0.02      0.03    204.68      1.00
   beta_1[155]      0.03      0.00      0.03      0.02      0.03    208.99      1.00
   beta_1[156]      0.03      0.00      0.03      0.02      0.03    202.14      1.00
   beta_1[157]      0.03      0.00      0.03      0.02      0.03    202.15      1.00
   beta_1[158]      0.02      0.00      0.03      0.02      0.03    201.26      1.00
   beta_1[159]      0.02      0.00      0.02      0.02      0.03    205.43      1.00
   beta_1[160]      0.02      0.00      0.02      0.02      0.03    215.73      1.00
   beta_1[161]      0.02      0.00      0.02      0.02      0.03    216.51      1.00
   beta_1[162]      0.02      0.00      0.02      0.02      0.03    205.06      1.00
   beta_1[163]      0.02      0.00      0.02      0.02      0.03    229.79      1.00
   beta_1[164]      0.02      0.00      0.02      0.02      0.03    221.92      1.00
   beta_1[165]      0.02      0.00      0.02      0.02      0.03    232.66      1.00
   beta_1[166]      0.02      0.00      0.02      0.02      0.03    254.72      1.00
   beta_1[167]      0.02      0.00      0.02      0.02      0.03    256.25      1.00
   beta_1[168]      0.02      0.00      0.02      0.02      0.03    273.14      1.00
   beta_1[169]      0.02      0.00      0.02      0.02      0.03    269.85      1.00
   beta_1[170]      0.02      0.00      0.02      0.02      0.03    274.37      1.00
   beta_1[171]      0.02      0.00      0.02      0.02      0.03    290.64      1.00
   beta_1[172]      0.02      0.00      0.02      0.02      0.03    298.33      1.00
   beta_1[173]      0.02      0.00      0.02      0.02      0.03    327.37      1.00
   beta_1[174]      0.02      0.00      0.02      0.02      0.03    335.78      1.00
   beta_1[175]      0.02      0.00      0.02      0.02      0.03    370.89      1.00
   beta_1[176]      0.02      0.00      0.02      0.02      0.03    388.91      1.00
   beta_1[177]      0.02      0.00      0.02      0.02      0.03    387.94      1.00
   beta_1[178]      0.02      0.00      0.02      0.02      0.03    399.35      1.00
   beta_1[179]      0.02      0.00      0.02      0.02      0.03    427.92      1.00
   beta_1[180]      0.02      0.00      0.02      0.02      0.03    411.00      1.00
   beta_1[181]      0.02      0.00      0.02      0.02      0.03    403.83      1.00
   beta_1[182]      0.02      0.00      0.02      0.02      0.03    397.58      1.00
   beta_1[183]      0.02      0.00      0.02      0.02      0.03    419.08      1.00
   beta_1[184]      0.02      0.00      0.02      0.02      0.03    431.88      1.00
   beta_1[185]      0.02      0.00      0.02      0.02      0.03    410.73      1.00
   beta_1[186]      0.02      0.00      0.02      0.02      0.03    430.48      1.00
   beta_1[187]      0.02      0.00      0.02      0.02      0.03    454.67      1.00
   beta_1[188]      0.02      0.00      0.02      0.02      0.03    466.61      1.00
   beta_1[189]      0.02      0.00      0.02      0.02      0.03    477.63      1.00
   beta_1[190]      0.02      0.00      0.02      0.02      0.03    503.39      1.00
   beta_1[191]      0.02      0.00      0.02      0.02      0.03    531.07      1.00
   beta_1[192]      0.02      0.00      0.02      0.02      0.03    549.85      1.00
   beta_1[193]      0.02      0.00      0.02      0.02      0.03    524.77      1.00
   beta_1[194]      0.02      0.00      0.02      0.02      0.03    581.67      1.00
   beta_1[195]      0.02      0.00      0.02      0.02      0.03    594.14      1.00
   beta_1[196]      0.02      0.00      0.02      0.02      0.03    592.37      1.00
   beta_1[197]      0.02      0.00      0.02      0.02      0.03    620.94      1.00
   beta_1[198]      0.02      0.00      0.02      0.02      0.03    613.18      1.00
   beta_1[199]      0.02      0.00      0.02      0.02      0.02    607.77      1.00
   beta_1[200]      0.02      0.00      0.02      0.02      0.02    641.29      1.00
   beta_1[201]      0.02      0.00      0.02      0.02      0.02    639.63      1.00
   beta_1[202]      0.02      0.00      0.02      0.02      0.02    617.35      1.00
   beta_1[203]      0.02      0.00      0.02      0.02      0.02    639.61      1.00
   beta_1[204]      0.02      0.00      0.02      0.02      0.02    723.99      1.00
   beta_1[205]      0.02      0.00      0.02      0.02      0.02    749.24      1.00
   beta_1[206]      0.02      0.00      0.02      0.01      0.02    741.93      1.00
   beta_1[207]      0.02      0.00      0.02      0.02      0.02    798.39      1.00
   beta_1[208]      0.02      0.00      0.02      0.02      0.02    779.10      1.00
   beta_1[209]      0.02      0.00      0.02      0.01      0.02    768.79      1.00
   beta_1[210]      0.02      0.00      0.02      0.01      0.02    780.22      1.00
   beta_1[211]      0.02      0.00      0.02      0.01      0.02    775.64      1.00
   beta_1[212]      0.02      0.00      0.02      0.01      0.02    798.98      1.00
   beta_1[213]      0.02      0.00      0.02      0.01      0.02    797.50      1.00
   beta_1[214]      0.02      0.00      0.02      0.01      0.02    832.07      1.00
   beta_1[215]      0.02      0.00      0.02      0.01      0.02    848.90      1.00
   beta_1[216]      0.02      0.00      0.02      0.01      0.02    932.73      1.00
   beta_1[217]      0.02      0.00      0.02      0.01      0.02    932.54      1.00
   beta_1[218]      0.02      0.00      0.02      0.01      0.02    881.50      1.00
   beta_1[219]      0.02      0.00      0.02      0.01      0.02    977.25      1.00
   beta_1[220]      0.02      0.00      0.02      0.01      0.02    951.01      1.00
   beta_1[221]      0.02      0.00      0.02      0.01      0.02    984.01      1.00
   beta_1[222]      0.02      0.00      0.02      0.01      0.02    928.35      1.00
   beta_1[223]      0.02      0.00      0.02      0.01      0.02    952.77      1.00
   beta_1[224]      0.02      0.00      0.02      0.01      0.02    978.35      1.00
   beta_1[225]      0.02      0.00      0.02      0.01      0.02    978.25      1.00
   beta_1[226]      0.02      0.00      0.02      0.01      0.02   1034.03      1.00
   beta_1[227]      0.02      0.00      0.02      0.01      0.02   1049.59      1.00
   beta_1[228]      0.02      0.00      0.02      0.01      0.02   1101.69      1.00
   beta_1[229]      0.02      0.00      0.02      0.01      0.02   1104.15      1.00
   beta_1[230]      0.02      0.00      0.02      0.01      0.02   1073.52      1.00
   beta_1[231]      0.02      0.00      0.02      0.01      0.02   1047.82      1.00
   beta_1[232]      0.02      0.00      0.02      0.01      0.02   1087.83      1.00
   beta_1[233]      0.02      0.00      0.02      0.01      0.02   1073.94      1.00
   beta_1[234]      0.02      0.00      0.02      0.01      0.02   1016.57      1.00
   beta_1[235]      0.02      0.00      0.02      0.01      0.02   1033.48      1.00
   beta_1[236]      0.02      0.00      0.02      0.01      0.02   1032.25      1.00
   beta_1[237]      0.02      0.00      0.02      0.01      0.02   1042.16      1.00
   beta_1[238]      0.02      0.00      0.02      0.01      0.02   1042.29      1.00
   beta_1[239]      0.02      0.00      0.02      0.01      0.02   1150.21      1.00
   beta_1[240]      0.02      0.00      0.02      0.01      0.02    941.93      1.00
   beta_1[241]      0.02      0.00      0.02      0.01      0.02   1015.99      1.00
   beta_1[242]      0.02      0.00      0.02      0.01      0.02    972.12      1.00
   beta_1[243]      0.02      0.00      0.02      0.01      0.02    962.75      1.00
   beta_1[244]      0.02      0.00      0.02      0.01      0.02   1036.07      1.00
   beta_1[245]      0.02      0.00      0.02      0.01      0.02    923.58      1.00
   beta_1[246]      0.01      0.00      0.01      0.01      0.02    976.93      1.00
   beta_1[247]      0.01      0.00      0.01      0.01      0.02   1097.51      1.00
   beta_1[248]      0.01      0.00      0.01      0.01      0.02   1168.57      1.00
   beta_1[249]      0.01      0.00      0.01      0.01      0.02   1186.09      1.00
   beta_1[250]      0.01      0.00      0.01      0.01      0.02   1119.09      1.00
   beta_1[251]      0.01      0.00      0.01      0.01      0.02   1270.26      1.00
   beta_1[252]      0.01      0.00      0.01      0.01      0.02   1329.59      1.00
   beta_1[253]      0.01      0.00      0.01      0.01      0.02   1222.22      1.00
   beta_1[254]      0.01      0.00      0.01      0.01      0.02   1162.17      1.00
   beta_1[255]      0.01      0.00      0.01      0.01      0.02   1171.44      1.00
   beta_1[256]      0.01      0.00      0.01      0.01      0.02   1190.85      1.00
   beta_1[257]      0.01      0.00      0.01      0.01      0.02   1128.07      1.00
   beta_1[258]      0.01      0.00      0.01      0.01      0.02   1188.06      1.00
   beta_1[259]      0.01      0.00      0.01      0.01      0.02   1093.16      1.00
   beta_1[260]      0.01      0.00      0.01      0.01      0.02   1189.95      1.00
   beta_1[261]      0.01      0.00      0.01      0.01      0.02   1226.32      1.00
   beta_1[262]      0.01      0.00      0.01      0.01      0.02   1153.90      1.00
   beta_1[263]      0.01      0.00      0.01      0.01      0.02   1261.71      1.00
   beta_1[264]      0.01      0.00      0.01      0.01      0.02   1217.89      1.00
   beta_1[265]      0.01      0.00      0.01      0.01      0.02   1239.92      1.00
   beta_1[266]      0.01      0.00      0.01      0.01      0.02   1341.98      1.00
   beta_1[267]      0.01      0.00      0.01      0.01      0.02   1285.57      1.00
   beta_1[268]      0.01      0.00      0.01      0.01      0.02   1304.75      1.00
   beta_1[269]      0.01      0.00      0.01      0.01      0.02   1239.50      1.00
   beta_1[270]      0.01      0.00      0.01      0.01      0.02   1302.11      1.00
   beta_1[271]      0.01      0.00      0.01      0.01      0.02   1437.90      1.00
   beta_1[272]      0.01      0.00      0.01      0.01      0.02   1416.61      1.00
   beta_1[273]      0.01      0.00      0.01      0.01      0.02   1339.51      1.00
   beta_1[274]      0.01      0.00      0.01      0.01      0.02   1478.08      1.00
   beta_1[275]      0.01      0.00      0.01      0.01      0.02   1445.30      1.00
   beta_1[276]      0.01      0.00      0.01      0.01      0.02   1536.98      1.00
   beta_1[277]      0.01      0.00      0.01      0.01      0.02   1528.95      1.00
   beta_1[278]      0.01      0.00      0.01      0.01      0.02   1650.38      1.00
   beta_1[279]      0.01      0.00      0.01      0.01      0.02   1657.46      1.00
   beta_1[280]      0.01      0.00      0.01      0.01      0.02   1746.45      1.00
   beta_1[281]      0.01      0.00      0.01      0.01      0.02   1686.87      1.00
   beta_1[282]      0.01      0.00      0.01      0.01      0.02   1490.29      1.00
   beta_1[283]      0.01      0.00      0.01      0.01      0.02   1533.44      1.00
   beta_1[284]      0.01      0.00      0.01      0.01      0.02   1573.22      1.00
   beta_1[285]      0.01      0.00      0.01      0.01      0.02   1739.74      1.00
   beta_1[286]      0.01      0.00      0.01      0.01      0.02   1851.41      1.00
   beta_1[287]      0.01      0.00      0.01      0.01      0.02   1671.89      1.00
   beta_1[288]      0.01      0.00      0.01      0.01      0.01   1623.89      1.00
   beta_1[289]      0.01      0.00      0.01      0.01      0.01   1625.91      1.00
   beta_1[290]      0.01      0.00      0.01      0.01      0.01   1671.93      1.00
   beta_1[291]      0.01      0.00      0.01      0.01      0.01   1681.20      1.00
   beta_1[292]      0.01      0.00      0.01      0.01      0.01   1689.66      1.00
   beta_1[293]      0.01      0.00      0.01      0.01      0.01   1840.43      1.00
   beta_1[294]      0.01      0.00      0.01      0.01      0.01   1833.95      1.00
   beta_1[295]      0.01      0.00      0.01      0.01      0.01   1754.65      1.00
   beta_1[296]      0.01      0.00      0.01      0.01      0.01   1778.94      1.00
   beta_1[297]      0.01      0.00      0.01      0.01      0.01   1730.50      1.00
   beta_1[298]      0.01      0.00      0.01      0.01      0.01   1492.35      1.00
   beta_1[299]      0.01      0.00      0.01      0.01      0.01   1854.53      1.00
   beta_1[300]      0.01      0.00      0.01      0.01      0.01   1993.13      1.00
   beta_1[301]      0.01      0.00      0.01      0.01      0.01   1955.55      1.00
   beta_1[302]      0.01      0.00      0.01      0.01      0.01   1777.44      1.00
   beta_1[303]      0.01      0.00      0.01      0.01      0.01   1918.08      1.00
   beta_1[304]      0.01      0.00      0.01      0.01      0.01   1968.15      1.00
   beta_1[305]      0.01      0.00      0.01      0.01      0.01   2019.04      1.00
   beta_1[306]      0.01      0.00      0.01      0.01      0.01   2026.73      1.00
   beta_1[307]      0.01      0.00      0.01      0.01      0.01   1849.96      1.00
   beta_1[308]      0.01      0.00      0.01      0.01      0.01   2066.41      1.00
   beta_1[309]      0.01      0.00      0.01      0.01      0.01   2023.22      1.00
   beta_1[310]      0.01      0.00      0.01      0.01      0.01   2067.86      1.00
   beta_1[311]      0.01      0.00      0.01      0.01      0.01   1845.01      1.00
   beta_1[312]      0.01      0.00      0.01      0.01      0.01   2034.84      1.00
   beta_1[313]      0.01      0.00      0.01      0.01      0.02   1992.78      1.00
   beta_1[314]      0.01      0.00      0.01      0.01      0.02   2394.37      1.00
   beta_1[315]      0.01      0.00      0.01      0.01      0.02   2453.87      1.00
   beta_1[316]      0.01      0.00      0.01      0.01      0.01   2503.88      1.00
   beta_1[317]      0.01      0.00      0.01      0.01      0.01   2556.46      1.00
   beta_1[318]      0.01      0.00      0.01      0.01      0.01   2588.39      1.00
   beta_1[319]      0.01      0.00      0.01      0.01      0.01   2411.52      1.00
   beta_1[320]      0.01      0.00      0.01      0.01      0.01   2391.02      1.00
   beta_1[321]      0.01      0.00      0.01      0.01      0.01   2432.96      1.00
   beta_1[322]      0.01      0.00      0.01      0.01      0.01   2497.11      1.00
   beta_1[323]      0.01      0.00      0.01      0.01      0.01   2489.68      1.00
   beta_1[324]      0.01      0.00      0.01      0.01      0.01   2382.94      1.00
   beta_1[325]      0.01      0.00      0.01      0.01      0.02   2274.12      1.00
   beta_1[326]      0.01      0.00      0.01      0.01      0.02   2498.97      1.00
   beta_1[327]      0.01      0.00      0.01      0.01      0.02   2500.65      1.00
   beta_1[328]      0.01      0.00      0.01      0.01      0.02   2588.69      1.00
   beta_1[329]      0.01      0.00      0.01      0.01      0.02   2681.54      1.00
   beta_1[330]      0.01      0.00      0.01      0.01      0.02   2320.35      1.00
   beta_1[331]      0.01      0.00      0.01      0.01      0.01   2711.49      1.00
   beta_1[332]      0.01      0.00      0.01      0.01      0.01   2483.32      1.00
   beta_1[333]      0.01      0.00      0.01      0.01      0.01   1979.63      1.00
   beta_1[334]      0.01      0.00      0.01      0.01      0.01   2439.60      1.00
   beta_1[335]      0.01      0.00      0.01      0.01      0.01   2481.69      1.00
   beta_1[336]      0.01      0.00      0.01      0.01      0.02   2500.12      1.00
   beta_1[337]      0.01      0.00      0.01      0.01      0.02   2624.93      1.00
  transform[0]      0.02      0.98      0.01     -1.57      1.66   2777.42      1.00

Number of divergences: 7
