                     date locationtest  value abbreviation location  population
location_name                                                                  
Oregon         2020-01-24           41      0           OR       41   4217737.0
Oregon         2020-01-25           41      0           OR       41   4217737.0
Oregon         2020-01-26           41      0           OR       41   4217737.0
Oregon         2020-01-27           41      0           OR       41   4217737.0
Oregon         2020-01-28           41      0           OR       41   4217737.0
...                   ...          ...    ...          ...      ...         ...
Oregon         2021-01-07           41    862           OR       41   4217737.0
Oregon         2021-01-08           41   1762           OR       41   4217737.0
Oregon         2021-01-09           41   1629           OR       41   4217737.0
Oregon         2021-01-10           41   1207           OR       41   4217737.0
Oregon         2021-01-11           41    924           OR       41   4217737.0

[354 rows x 6 columns]

                    mean       std    median      5.0%     95.0%     n_eff     r_hat
 a_raw_init[0]      0.00      0.00      0.00      0.00      0.00   1978.79      1.00
 a_raw_init[1]      0.00      0.00      0.00      0.00      0.00   2030.75      1.00
 a_raw_init[2]      0.02      0.00      0.02      0.01      0.03   1461.46      1.00
 a_raw_init[3]      0.03      0.00      0.03      0.02      0.03   1662.37      1.00
 a_raw_init[4]      0.04      0.00      0.04      0.03      0.04   1735.66      1.00
 a_raw_init[5]      0.00      0.00      0.00      0.00      0.00    871.67      1.00
 a_raw_init[6]      0.06      0.00      0.06      0.05      0.06   1040.07      1.00
 a_raw_init[7]      0.11      0.00      0.11      0.10      0.12   1186.10      1.00
 a_raw_init[8]      0.16      0.01      0.16      0.15      0.16   1066.08      1.00
 a_raw_init[9]      0.13      0.01      0.13      0.12      0.14   1163.21      1.00
a_raw_init[10]      0.07      0.00      0.07      0.07      0.08   1186.38      1.00
a_raw_init[11]      0.10      0.00      0.10      0.09      0.11   1171.69      1.00
a_raw_init[12]      0.15      0.01      0.15      0.14      0.15   1218.72      1.00
a_raw_init[13]      0.16      0.00      0.16      0.15      0.17   1201.16      1.00
a_raw_init[14]      0.52      0.01      0.52      0.51      0.53   1384.59      1.00
a_raw_init[15]      0.71      0.00      0.71      0.70      0.72   1415.03      1.00
a_raw_init[16]      0.47      0.00      0.47      0.47      0.48   2208.20      1.00
a_raw_init[17]      0.36      0.01      0.36      0.35      0.37   1670.05      1.00
     beta_1[0]      0.00      0.00      0.00     -0.00      0.00   1370.60      1.00
     beta_1[1]      0.00      0.00      0.00     -0.00      0.00    886.63      1.00
     beta_1[2]      0.00      0.00      0.00     -0.00      0.00    642.88      1.00
     beta_1[3]      0.00      0.00      0.00     -0.00      0.00    447.74      1.00
     beta_1[4]      0.00      0.00      0.00     -0.00      0.00    421.70      1.00
     beta_1[5]      0.00      0.00      0.00     -0.00      0.00    383.68      1.00
     beta_1[6]      0.00      0.00      0.00     -0.00      0.01    329.48      1.00
     beta_1[7]      0.00      0.00      0.00     -0.00      0.01    314.88      1.00
     beta_1[8]      0.00      0.00      0.00     -0.00      0.01    302.55      1.00
     beta_1[9]      0.00      0.00      0.00     -0.00      0.01    287.50      1.00
    beta_1[10]      0.00      0.00      0.00     -0.00      0.01    281.47      1.00
    beta_1[11]      0.00      0.00      0.00     -0.00      0.01    265.90      1.00
    beta_1[12]      0.00      0.00      0.00     -0.00      0.01    255.38      1.00
    beta_1[13]      0.00      0.00      0.00     -0.00      0.01    259.76      1.00
    beta_1[14]      0.00      0.00      0.00     -0.00      0.01    241.41      1.00
    beta_1[15]      0.00      0.00      0.00     -0.00      0.01    245.66      1.00
    beta_1[16]      0.00      0.00      0.00     -0.00      0.01    235.77      1.00
    beta_1[17]      0.00      0.00      0.00     -0.00      0.01    234.59      1.00
    beta_1[18]      0.00      0.00      0.00     -0.00      0.01    223.26      1.00
    beta_1[19]      0.00      0.00      0.00     -0.00      0.01    212.30      1.00
    beta_1[20]      0.00      0.00      0.00     -0.00      0.01    215.25      1.00
    beta_1[21]      0.00      0.00      0.00     -0.00      0.01    225.75      1.00
    beta_1[22]      0.00      0.00      0.00     -0.00      0.01    208.71      1.00
    beta_1[23]      0.00      0.00      0.00     -0.00      0.01    212.37      1.00
    beta_1[24]      0.00      0.00      0.00     -0.00      0.01    201.60      1.00
    beta_1[25]      0.00      0.00      0.00     -0.00      0.01    192.51      1.00
    beta_1[26]      0.00      0.00      0.00     -0.00      0.01    188.70      1.00
    beta_1[27]      0.00      0.00      0.00     -0.00      0.01    184.05      1.00
    beta_1[28]      0.00      0.00      0.00     -0.00      0.01    179.84      1.00
    beta_1[29]      0.00      0.00      0.00     -0.00      0.01    176.39      1.00
    beta_1[30]      0.00      0.01      0.00     -0.00      0.01    169.33      1.00
    beta_1[31]      0.00      0.01      0.00     -0.00      0.01    165.58      1.00
    beta_1[32]      0.00      0.01      0.00     -0.00      0.01    163.23      1.00
    beta_1[33]      0.00      0.01      0.00     -0.00      0.01    155.04      1.00
    beta_1[34]      0.01      0.01      0.00     -0.00      0.01    153.72      1.00
    beta_1[35]      0.01      0.01      0.01     -0.00      0.01    151.66      1.00
    beta_1[36]      0.01      0.01      0.01     -0.00      0.01    142.78      1.00
    beta_1[37]      0.01      0.01      0.01     -0.00      0.01    147.50      1.00
    beta_1[38]      0.01      0.01      0.01     -0.00      0.01    141.03      1.00
    beta_1[39]      0.01      0.01      0.01     -0.00      0.02    131.95      1.00
    beta_1[40]      0.01      0.01      0.01     -0.00      0.01    123.02      1.00
    beta_1[41]      0.01      0.01      0.01     -0.00      0.02    131.96      1.00
    beta_1[42]      0.01      0.01      0.01     -0.00      0.02    135.70      1.00
    beta_1[43]      0.01      0.01      0.01     -0.00      0.02    134.76      1.00
    beta_1[44]      0.01      0.01      0.01     -0.00      0.02    135.83      1.00
    beta_1[45]      0.01      0.01      0.01     -0.00      0.02    139.64      1.00
    beta_1[46]      0.01      0.01      0.01     -0.00      0.02    144.00      1.00
    beta_1[47]      0.01      0.01      0.01     -0.00      0.02    140.31      1.00
    beta_1[48]      0.01      0.01      0.01     -0.00      0.02    135.30      1.00
    beta_1[49]      0.01      0.01      0.01     -0.00      0.02    137.92      1.00
    beta_1[50]      0.01      0.01      0.01     -0.00      0.02    140.05      1.00
    beta_1[51]      0.01      0.01      0.01     -0.00      0.02    138.71      1.00
    beta_1[52]      0.01      0.01      0.01     -0.00      0.02    131.91      1.00
    beta_1[53]      0.01      0.01      0.01     -0.00      0.02    126.26      1.00
    beta_1[54]      0.01      0.01      0.01     -0.00      0.02    127.11      1.00
    beta_1[55]      0.01      0.01      0.01     -0.00      0.02    127.25      1.00
    beta_1[56]      0.01      0.01      0.01     -0.00      0.02    127.83      1.00
    beta_1[57]      0.01      0.01      0.01     -0.00      0.02    127.38      1.00
    beta_1[58]      0.01      0.01      0.01     -0.00      0.02    131.93      1.00
    beta_1[59]      0.01      0.01      0.01     -0.00      0.02    131.68      1.00
    beta_1[60]      0.01      0.01      0.01     -0.00      0.02    131.88      1.00
    beta_1[61]      0.01      0.01      0.01     -0.00      0.02    130.15      1.00
    beta_1[62]      0.01      0.01      0.01     -0.00      0.02    129.36      1.00
    beta_1[63]      0.01      0.01      0.01     -0.00      0.02    128.01      1.00
    beta_1[64]      0.01      0.01      0.01     -0.00      0.02    128.27      1.00
    beta_1[65]      0.01      0.01      0.01     -0.00      0.02    127.62      1.01
    beta_1[66]      0.01      0.01      0.01     -0.00      0.02    126.66      1.01
    beta_1[67]      0.01      0.01      0.01     -0.00      0.02    126.31      1.00
    beta_1[68]      0.01      0.01      0.01     -0.00      0.02    122.94      1.01
    beta_1[69]      0.01      0.01      0.01     -0.00      0.02    120.94      1.01
    beta_1[70]      0.01      0.01      0.01     -0.00      0.02    110.22      1.01
    beta_1[71]      0.01      0.01      0.01     -0.00      0.02    109.10      1.01
    beta_1[72]      0.01      0.01      0.01     -0.00      0.02    109.97      1.01
    beta_1[73]      0.01      0.01      0.01     -0.00      0.02    107.93      1.01
    beta_1[74]      0.01      0.01      0.01     -0.00      0.02    111.12      1.01
    beta_1[75]      0.01      0.01      0.01      0.00      0.02    111.17      1.01
    beta_1[76]      0.01      0.01      0.01      0.00      0.02    114.82      1.01
    beta_1[77]      0.01      0.01      0.01      0.00      0.02    113.09      1.01
    beta_1[78]      0.01      0.01      0.01      0.00      0.02    106.47      1.01
    beta_1[79]      0.01      0.01      0.01      0.00      0.02    104.96      1.01
    beta_1[80]      0.01      0.01      0.01      0.00      0.02    101.57      1.01
    beta_1[81]      0.01      0.01      0.01      0.00      0.02    100.95      1.01
    beta_1[82]      0.01      0.01      0.01      0.00      0.02    104.74      1.01
    beta_1[83]      0.01      0.01      0.01      0.00      0.02     99.50      1.01
    beta_1[84]      0.01      0.01      0.01      0.00      0.02     99.36      1.01
    beta_1[85]      0.01      0.01      0.01      0.00      0.02    103.96      1.01
    beta_1[86]      0.01      0.01      0.01      0.00      0.02    106.60      1.01
    beta_1[87]      0.01      0.01      0.01      0.00      0.02     99.51      1.01
    beta_1[88]      0.01      0.01      0.01      0.00      0.02    105.57      1.01
    beta_1[89]      0.01      0.01      0.01      0.00      0.02    103.20      1.01
    beta_1[90]      0.01      0.01      0.01      0.00      0.02    114.93      1.01
    beta_1[91]      0.01      0.01      0.01      0.00      0.02    116.86      1.01
    beta_1[92]      0.01      0.01      0.01      0.00      0.02    112.25      1.02
    beta_1[93]      0.01      0.01      0.01      0.00      0.02    103.51      1.02
    beta_1[94]      0.01      0.01      0.01      0.00      0.02    101.19      1.02
    beta_1[95]      0.01      0.01      0.01      0.00      0.02     93.79      1.02
    beta_1[96]      0.01      0.01      0.01      0.00      0.02     91.45      1.02
    beta_1[97]      0.01      0.01      0.01      0.00      0.02     95.54      1.02
    beta_1[98]      0.01      0.01      0.01      0.00      0.02     97.03      1.02
    beta_1[99]      0.01      0.01      0.01      0.00      0.02    103.93      1.02
   beta_1[100]      0.01      0.01      0.01      0.00      0.02    100.04      1.02
   beta_1[101]      0.01      0.01      0.01      0.00      0.02     89.78      1.02
   beta_1[102]      0.01      0.01      0.01      0.00      0.02     90.08      1.02
   beta_1[103]      0.01      0.01      0.01      0.00      0.02     95.22      1.02
   beta_1[104]      0.01      0.01      0.01      0.00      0.02     94.08      1.03
   beta_1[105]      0.01      0.01      0.01      0.00      0.02     96.55      1.02
   beta_1[106]      0.01      0.01      0.01      0.00      0.02     92.41      1.03
   beta_1[107]      0.01      0.01      0.01      0.00      0.02     89.72      1.03
   beta_1[108]      0.01      0.01      0.01      0.00      0.02     92.75      1.02
   beta_1[109]      0.01      0.01      0.01      0.00      0.02     95.04      1.03
   beta_1[110]      0.01      0.01      0.01      0.00      0.02     89.66      1.03
   beta_1[111]      0.01      0.01      0.01      0.00      0.02     89.50      1.03
   beta_1[112]      0.01      0.01      0.01      0.00      0.02     92.42      1.02
   beta_1[113]      0.01      0.01      0.01      0.00      0.02     93.02      1.02
   beta_1[114]      0.01      0.01      0.01      0.00      0.02     95.61      1.02
   beta_1[115]      0.01      0.01      0.01      0.00      0.02     91.00      1.02
   beta_1[116]      0.01      0.01      0.01      0.00      0.02     87.92      1.02
   beta_1[117]      0.01      0.01      0.01      0.00      0.02     86.29      1.02
   beta_1[118]      0.01      0.01      0.01      0.00      0.02     87.38      1.02
   beta_1[119]      0.01      0.01      0.01      0.00      0.02     86.63      1.02
   beta_1[120]      0.01      0.01      0.01      0.00      0.02     88.05      1.02
   beta_1[121]      0.01      0.01      0.01      0.00      0.02     88.47      1.02
   beta_1[122]      0.01      0.01      0.01      0.00      0.02     90.20      1.02
   beta_1[123]      0.01      0.01      0.01      0.00      0.02     94.14      1.02
   beta_1[124]      0.01      0.01      0.01      0.00      0.02     96.26      1.02
   beta_1[125]      0.01      0.01      0.01      0.00      0.02    101.81      1.02
   beta_1[126]      0.01      0.00      0.01      0.00      0.02    102.69      1.02
   beta_1[127]      0.01      0.00      0.01      0.00      0.02    102.18      1.02
   beta_1[128]      0.01      0.00      0.01      0.00      0.02    100.37      1.02
   beta_1[129]      0.01      0.00      0.01      0.00      0.02    101.56      1.02
   beta_1[130]      0.01      0.00      0.01      0.00      0.02    103.57      1.01
   beta_1[131]      0.01      0.00      0.01      0.00      0.02    104.12      1.01
   beta_1[132]      0.01      0.00      0.01      0.00      0.02    110.80      1.01
   beta_1[133]      0.01      0.00      0.01      0.00      0.02    104.69      1.01
   beta_1[134]      0.01      0.00      0.01      0.00      0.02    106.59      1.01
   beta_1[135]      0.01      0.00      0.01      0.01      0.02    126.94      1.01
   beta_1[136]      0.01      0.00      0.01      0.01      0.02    113.09      1.01
   beta_1[137]      0.01      0.00      0.01      0.00      0.02    126.68      1.01
   beta_1[138]      0.01      0.00      0.01      0.01      0.02    130.90      1.01
   beta_1[139]      0.01      0.00      0.01      0.01      0.02    145.92      1.01
   beta_1[140]      0.01      0.00      0.01      0.01      0.02    144.94      1.01
   beta_1[141]      0.01      0.00      0.01      0.01      0.02    143.29      1.01
   beta_1[142]      0.01      0.00      0.01      0.01      0.02    152.84      1.01
   beta_1[143]      0.01      0.00      0.01      0.01      0.02    162.73      1.01
   beta_1[144]      0.01      0.00      0.01      0.01      0.02    174.42      1.01
   beta_1[145]      0.01      0.00      0.01      0.01      0.02    188.82      1.01
   beta_1[146]      0.01      0.00      0.01      0.01      0.02    171.08      1.01
   beta_1[147]      0.01      0.00      0.01      0.00      0.02    162.55      1.01
   beta_1[148]      0.01      0.00      0.01      0.00      0.02    167.87      1.01
   beta_1[149]      0.01      0.00      0.01      0.01      0.02    171.06      1.01
   beta_1[150]      0.01      0.00      0.01      0.00      0.02    165.57      1.01
   beta_1[151]      0.01      0.00      0.01      0.01      0.02    197.50      1.01
   beta_1[152]      0.01      0.00      0.01      0.01      0.02    215.62      1.01
   beta_1[153]      0.01      0.00      0.01      0.01      0.02    252.03      1.01
   beta_1[154]      0.01      0.00      0.01      0.01      0.02    244.13      1.01
   beta_1[155]      0.01      0.00      0.01      0.01      0.02    253.44      1.01
   beta_1[156]      0.01      0.00      0.01      0.01      0.02    271.56      1.01
   beta_1[157]      0.01      0.00      0.01      0.01      0.02    237.43      1.01
   beta_1[158]      0.01      0.00      0.01      0.01      0.02    255.33      1.01
   beta_1[159]      0.01      0.00      0.01      0.01      0.02    259.48      1.01
   beta_1[160]      0.01      0.00      0.01      0.01      0.02    295.31      1.01
   beta_1[161]      0.01      0.00      0.01      0.01      0.02    297.84      1.01
   beta_1[162]      0.01      0.00      0.01      0.01      0.02    291.19      1.01
   beta_1[163]      0.01      0.00      0.01      0.01      0.02    318.47      1.01
   beta_1[164]      0.01      0.00      0.01      0.01      0.02    318.75      1.01
   beta_1[165]      0.01      0.00      0.01      0.01      0.02    287.30      1.01
   beta_1[166]      0.01      0.00      0.01      0.01      0.02    286.39      1.01
   beta_1[167]      0.01      0.00      0.01      0.01      0.02    282.17      1.01
   beta_1[168]      0.01      0.00      0.01      0.01      0.02    303.00      1.01
   beta_1[169]      0.01      0.00      0.01      0.01      0.02    331.94      1.00
   beta_1[170]      0.01      0.00      0.01      0.01      0.02    378.44      1.00
   beta_1[171]      0.01      0.00      0.01      0.01      0.02    389.70      1.00
   beta_1[172]      0.01      0.00      0.01      0.01      0.02    391.68      1.01
   beta_1[173]      0.01      0.00      0.01      0.01      0.02    419.69      1.01
   beta_1[174]      0.01      0.00      0.01      0.01      0.02    431.34      1.00
   beta_1[175]      0.01      0.00      0.01      0.01      0.02    478.59      1.00
   beta_1[176]      0.01      0.00      0.01      0.01      0.02    502.70      1.00
   beta_1[177]      0.01      0.00      0.01      0.01      0.02    540.54      1.00
   beta_1[178]      0.01      0.00      0.01      0.01      0.02    537.47      1.00
   beta_1[179]      0.01      0.00      0.01      0.01      0.02    537.46      1.00
   beta_1[180]      0.01      0.00      0.01      0.01      0.02    493.91      1.00
   beta_1[181]      0.01      0.00      0.01      0.01      0.02    523.81      1.00
   beta_1[182]      0.01      0.00      0.01      0.01      0.02    587.55      1.00
   beta_1[183]      0.01      0.00      0.01      0.01      0.02    624.50      1.00
   beta_1[184]      0.01      0.00      0.01      0.01      0.02    631.63      1.00
   beta_1[185]      0.01      0.00      0.01      0.01      0.02    681.14      1.00
   beta_1[186]      0.01      0.00      0.01      0.01      0.02    699.17      1.00
   beta_1[187]      0.01      0.00      0.01      0.01      0.02    693.91      1.00
   beta_1[188]      0.01      0.00      0.01      0.01      0.02    725.67      1.00
   beta_1[189]      0.01      0.00      0.01      0.01      0.02    756.63      1.00
   beta_1[190]      0.01      0.00      0.01      0.01      0.01    767.48      1.00
   beta_1[191]      0.01      0.00      0.01      0.01      0.01    762.52      1.00
   beta_1[192]      0.01      0.00      0.01      0.01      0.01    754.00      1.00
   beta_1[193]      0.01      0.00      0.01      0.01      0.01    793.99      1.00
   beta_1[194]      0.01      0.00      0.01      0.01      0.01    783.00      1.00
   beta_1[195]      0.01      0.00      0.01      0.01      0.01    912.21      1.00
   beta_1[196]      0.01      0.00      0.01      0.01      0.01    856.68      1.00
   beta_1[197]      0.01      0.00      0.01      0.01      0.01    782.16      1.00
   beta_1[198]      0.01      0.00      0.01      0.01      0.01    841.10      1.00
   beta_1[199]      0.01      0.00      0.01      0.01      0.01    830.99      1.00
   beta_1[200]      0.01      0.00      0.01      0.01      0.01    853.48      1.00
   beta_1[201]      0.01      0.00      0.01      0.01      0.01    926.69      1.00
   beta_1[202]      0.01      0.00      0.01      0.01      0.01   1008.96      1.00
   beta_1[203]      0.01      0.00      0.01      0.01      0.01    917.90      1.00
   beta_1[204]      0.01      0.00      0.01      0.00      0.01    940.45      1.00
   beta_1[205]      0.01      0.00      0.01      0.00      0.01   1013.65      1.00
   beta_1[206]      0.01      0.00      0.01      0.01      0.01    864.65      1.00
   beta_1[207]      0.01      0.00      0.01      0.01      0.01    919.92      1.00
   beta_1[208]      0.01      0.00      0.01      0.00      0.01    947.69      1.00
   beta_1[209]      0.01      0.00      0.01      0.00      0.01    946.04      1.00
   beta_1[210]      0.01      0.00      0.01      0.00      0.01    975.54      1.00
   beta_1[211]      0.01      0.00      0.01      0.00      0.01    983.67      1.00
   beta_1[212]      0.01      0.00      0.01      0.00      0.01    963.84      1.00
   beta_1[213]      0.01      0.00      0.01      0.00      0.01    954.15      1.00
   beta_1[214]      0.01      0.00      0.01      0.00      0.01    988.60      1.00
   beta_1[215]      0.01      0.00      0.01      0.00      0.01    932.21      1.00
   beta_1[216]      0.01      0.00      0.01      0.00      0.01    930.23      1.00
   beta_1[217]      0.01      0.00      0.01      0.00      0.01    899.94      1.00
   beta_1[218]      0.01      0.00      0.01      0.00      0.01    876.76      1.00
   beta_1[219]      0.01      0.00      0.01      0.00      0.01    926.59      1.00
   beta_1[220]      0.01      0.00      0.01      0.00      0.01    918.73      1.00
   beta_1[221]      0.01      0.00      0.01      0.00      0.01    909.14      1.00
   beta_1[222]      0.01      0.00      0.01      0.00      0.01    927.61      1.00
   beta_1[223]      0.01      0.00      0.01      0.00      0.01    851.64      1.00
   beta_1[224]      0.01      0.00      0.01      0.00      0.01    828.91      1.00
   beta_1[225]      0.01      0.00      0.01      0.00      0.01    908.08      1.00
   beta_1[226]      0.01      0.00      0.01      0.00      0.01    853.49      1.00
   beta_1[227]      0.01      0.00      0.01      0.00      0.01    912.02      1.00
   beta_1[228]      0.01      0.00      0.01      0.00      0.01    923.92      1.00
   beta_1[229]      0.01      0.00      0.01      0.00      0.01   1003.69      1.00
   beta_1[230]      0.01      0.00      0.01      0.00      0.01    986.65      1.00
   beta_1[231]      0.01      0.00      0.01      0.00      0.01    952.21      1.00
   beta_1[232]      0.01      0.00      0.01      0.00      0.01    952.40      1.00
   beta_1[233]      0.01      0.00      0.01      0.00      0.01    928.21      1.00
   beta_1[234]      0.01      0.00      0.01      0.00      0.01    892.47      1.00
   beta_1[235]      0.01      0.00      0.01      0.00      0.01    913.26      1.00
   beta_1[236]      0.00      0.00      0.01      0.00      0.01   1029.29      1.00
   beta_1[237]      0.00      0.00      0.00      0.00      0.01   1015.82      1.00
   beta_1[238]      0.00      0.00      0.00      0.00      0.01   1071.99      1.00
   beta_1[239]      0.00      0.00      0.00      0.00      0.01   1043.75      1.00
   beta_1[240]      0.00      0.00      0.00      0.00      0.01   1133.55      1.00
   beta_1[241]      0.00      0.00      0.00      0.00      0.01   1113.86      1.00
   beta_1[242]      0.00      0.00      0.00      0.00      0.01   1068.52      1.00
   beta_1[243]      0.00      0.00      0.00      0.00      0.01   1134.00      1.00
   beta_1[244]      0.00      0.00      0.00      0.00      0.01   1183.18      1.00
   beta_1[245]      0.00      0.00      0.00      0.00      0.01   1258.48      1.00
   beta_1[246]      0.00      0.00      0.00      0.00      0.01   1173.38      1.00
   beta_1[247]      0.00      0.00      0.00      0.00      0.01   1230.92      1.00
   beta_1[248]      0.00      0.00      0.00      0.00      0.01   1266.97      1.00
   beta_1[249]      0.00      0.00      0.00      0.00      0.01   1345.77      1.00
   beta_1[250]      0.00      0.00      0.00      0.00      0.01   1442.16      1.00
   beta_1[251]      0.00      0.00      0.00      0.00      0.01   1347.57      1.00
   beta_1[252]      0.00      0.00      0.00      0.00      0.01   1329.70      1.00
   beta_1[253]      0.00      0.00      0.00      0.00      0.01   1297.06      1.00
   beta_1[254]      0.00      0.00      0.00      0.00      0.01   1318.06      1.00
   beta_1[255]      0.00      0.00      0.00      0.00      0.01   1310.20      1.00
   beta_1[256]      0.00      0.00      0.00      0.00      0.01   1375.62      1.00
   beta_1[257]      0.00      0.00      0.00      0.00      0.01   1346.67      1.00
   beta_1[258]      0.00      0.00      0.00      0.00      0.01   1378.02      1.00
   beta_1[259]      0.00      0.00      0.00      0.00      0.01   1317.48      1.00
   beta_1[260]      0.00      0.00      0.00      0.00      0.01   1356.46      1.00
   beta_1[261]      0.00      0.00      0.00      0.00      0.01   1399.89      1.00
   beta_1[262]      0.00      0.00      0.00      0.00      0.01   1578.79      1.00
   beta_1[263]      0.00      0.00      0.00      0.00      0.01   1503.80      1.00
   beta_1[264]      0.00      0.00      0.00      0.00      0.01   1517.18      1.00
   beta_1[265]      0.00      0.00      0.00      0.00      0.01   1517.04      1.00
   beta_1[266]      0.00      0.00      0.00      0.00      0.01   1463.48      1.00
   beta_1[267]      0.00      0.00      0.00      0.00      0.01   1458.47      1.00
   beta_1[268]      0.00      0.00      0.00      0.00      0.01   1474.75      1.00
   beta_1[269]      0.00      0.00      0.00      0.00      0.01   1398.50      1.00
   beta_1[270]      0.00      0.00      0.00      0.00      0.01   1423.58      1.00
   beta_1[271]      0.00      0.00      0.00      0.00      0.01   1485.00      1.00
   beta_1[272]      0.00      0.00      0.00      0.00      0.01   1527.19      1.00
   beta_1[273]      0.01      0.00      0.01      0.00      0.01   1630.06      1.00
   beta_1[274]      0.00      0.00      0.00      0.00      0.01   1533.81      1.00
   beta_1[275]      0.00      0.00      0.00      0.00      0.01   1594.43      1.00
   beta_1[276]      0.00      0.00      0.00      0.00      0.01   1469.04      1.00
   beta_1[277]      0.01      0.00      0.01      0.00      0.01   1476.56      1.00
   beta_1[278]      0.01      0.00      0.01      0.00      0.01   1501.57      1.00
   beta_1[279]      0.01      0.00      0.01      0.00      0.01   1436.37      1.00
   beta_1[280]      0.01      0.00      0.01      0.00      0.01   1556.16      1.00
   beta_1[281]      0.01      0.00      0.01      0.00      0.01   1635.01      1.00
   beta_1[282]      0.01      0.00      0.01      0.00      0.01   1719.47      1.00
   beta_1[283]      0.00      0.00      0.01      0.00      0.01   1703.01      1.00
   beta_1[284]      0.01      0.00      0.01      0.00      0.01   1774.67      1.00
   beta_1[285]      0.01      0.00      0.01      0.00      0.01   1610.83      1.00
   beta_1[286]      0.01      0.00      0.01      0.00      0.01   1719.46      1.00
   beta_1[287]      0.01      0.00      0.01      0.00      0.01   1739.45      1.00
   beta_1[288]      0.01      0.00      0.01      0.00      0.01   1791.75      1.00
   beta_1[289]      0.00      0.00      0.00      0.00      0.01   1852.76      1.00
   beta_1[290]      0.00      0.00      0.00      0.00      0.01   1901.49      1.00
   beta_1[291]      0.00      0.00      0.00      0.00      0.01   1852.57      1.00
   beta_1[292]      0.00      0.00      0.00      0.00      0.01   1801.92      1.00
   beta_1[293]      0.00      0.00      0.00      0.00      0.01   1889.53      1.00
   beta_1[294]      0.01      0.00      0.01      0.00      0.01   2023.30      1.00
   beta_1[295]      0.01      0.00      0.01      0.00      0.01   2064.82      1.00
   beta_1[296]      0.01      0.00      0.01      0.00      0.01   1958.26      1.00
   beta_1[297]      0.01      0.00      0.01      0.00      0.01   2120.62      1.00
   beta_1[298]      0.01      0.00      0.01      0.00      0.01   2231.17      1.00
   beta_1[299]      0.01      0.00      0.01      0.00      0.01   1817.05      1.00
   beta_1[300]      0.01      0.00      0.01      0.00      0.01   1889.80      1.00
   beta_1[301]      0.01      0.00      0.01      0.00      0.01   2174.68      1.00
   beta_1[302]      0.01      0.00      0.01      0.00      0.01   1969.43      1.00
   beta_1[303]      0.01      0.00      0.01      0.00      0.01   1967.56      1.00
   beta_1[304]      0.01      0.00      0.01      0.00      0.01   2188.85      1.00
   beta_1[305]      0.01      0.00      0.01      0.01      0.01   2273.83      1.00
   beta_1[306]      0.01      0.00      0.01      0.01      0.01   2272.92      1.00
   beta_1[307]      0.01      0.00      0.01      0.01      0.01   2226.77      1.00
   beta_1[308]      0.01      0.00      0.01      0.01      0.01   2412.27      1.00
   beta_1[309]      0.01      0.00      0.01      0.01      0.01   2360.21      1.00
   beta_1[310]      0.01      0.00      0.01      0.01      0.01   2274.32      1.00
   beta_1[311]      0.01      0.00      0.01      0.01      0.01   2336.57      1.00
   beta_1[312]      0.01      0.00      0.01      0.01      0.01   2291.27      1.00
   beta_1[313]      0.01      0.00      0.01      0.01      0.01   2343.31      1.00
   beta_1[314]      0.01      0.00      0.01      0.01      0.01   2451.03      1.00
   beta_1[315]      0.01      0.00      0.01      0.01      0.01   2580.05      1.00
   beta_1[316]      0.01      0.00      0.01      0.01      0.01   2561.40      1.00
   beta_1[317]      0.01      0.00      0.01      0.01      0.01   2357.12      1.00
   beta_1[318]      0.01      0.00      0.01      0.01      0.01   2309.95      1.00
   beta_1[319]      0.01      0.00      0.01      0.01      0.01   2526.34      1.00
   beta_1[320]      0.01      0.00      0.01      0.01      0.01   2497.63      1.00
   beta_1[321]      0.01      0.00      0.01      0.01      0.01   2521.36      1.00
   beta_1[322]      0.01      0.00      0.01      0.01      0.01   2302.66      1.00
   beta_1[323]      0.01      0.00      0.01      0.01      0.01   2583.66      1.00
   beta_1[324]      0.01      0.00      0.01      0.01      0.01   2337.28      1.00
   beta_1[325]      0.01      0.00      0.01      0.01      0.01   2283.31      1.00
   beta_1[326]      0.01      0.00      0.01      0.01      0.01   1970.40      1.00
   beta_1[327]      0.01      0.00      0.01      0.01      0.01   1898.76      1.00
   beta_1[328]      0.01      0.00      0.01      0.01      0.01   2201.45      1.00
   beta_1[329]      0.01      0.00      0.01      0.01      0.01   1878.84      1.00
   beta_1[330]      0.01      0.00      0.01      0.01      0.01   2339.04      1.00
   beta_1[331]      0.01      0.00      0.01      0.01      0.01   2217.62      1.00
   beta_1[332]      0.01      0.00      0.01      0.01      0.01   2044.09      1.00
   beta_1[333]      0.01      0.00      0.01      0.01      0.01   2282.39      1.00
   beta_1[334]      0.01      0.00      0.01      0.01      0.01   2156.42      1.00
   beta_1[335]      0.01      0.00      0.01      0.00      0.01   1914.62      1.00
   beta_1[336]      0.00      0.00      0.00      0.00      0.01   2480.87      1.00
   beta_1[337]      0.00      0.00      0.00      0.00      0.01   2600.27      1.00
  transform[0]      0.01      0.98     -0.01     -1.58      1.70   1796.01      1.00

Number of divergences: 182
