                     date locationtest  value abbreviation location  population
location_name                                                                  
Virginia       2020-01-24           51      0           VA       51   8535519.0
Virginia       2020-01-25           51      0           VA       51   8535519.0
Virginia       2020-01-26           51      0           VA       51   8535519.0
Virginia       2020-01-27           51      0           VA       51   8535519.0
Virginia       2020-01-28           51      0           VA       51   8535519.0
...                   ...          ...    ...          ...      ...         ...
Virginia       2021-01-07           51   5379           VA       51   8535519.0
Virginia       2021-01-08           51   5238           VA       51   8535519.0
Virginia       2021-01-09           51   5798           VA       51   8535519.0
Virginia       2021-01-10           51   5141           VA       51   8535519.0
Virginia       2021-01-11           51   4530           VA       51   8535519.0

[354 rows x 6 columns]

                    mean       std    median      5.0%     95.0%     n_eff     r_hat
 a_raw_init[0]      0.00      0.00      0.00      0.00      0.00   1813.34      1.00
 a_raw_init[1]      0.00      0.00      0.00      0.00      0.00   1847.14      1.00
 a_raw_init[2]      0.00      0.00      0.00      0.00      0.00   1034.73      1.00
 a_raw_init[3]      0.11      0.00      0.11      0.10      0.11   1173.16      1.00
 a_raw_init[4]      0.15      0.00      0.15      0.14      0.16   1127.90      1.00
 a_raw_init[5]      0.25      0.01      0.25      0.24      0.26   1219.35      1.00
 a_raw_init[6]      0.12      0.00      0.12      0.11      0.12   1242.94      1.00
 a_raw_init[7]      0.08      0.00      0.08      0.07      0.09   1073.52      1.00
 a_raw_init[8]      0.27      0.00      0.27      0.26      0.28   1130.86      1.00
 a_raw_init[9]      0.18      0.00      0.18      0.17      0.19   1148.92      1.00
a_raw_init[10]      0.23      0.01      0.23      0.22      0.23   1214.01      1.00
a_raw_init[11]      0.17      0.01      0.17      0.16      0.18   1111.19      1.00
a_raw_init[12]      0.19      0.01      0.19      0.18      0.20   1021.54      1.00
a_raw_init[13]      0.26      0.01      0.26      0.25      0.27    989.32      1.00
a_raw_init[14]      0.35      0.01      0.35      0.34      0.36   1099.07      1.00
a_raw_init[15]      0.80      0.01      0.80      0.79      0.80   1471.43      1.00
a_raw_init[16]      0.78      0.00      0.78      0.78      0.79   2745.41      1.00
a_raw_init[17]      0.77      0.00      0.77      0.76      0.78   2112.15      1.00
     beta_1[0]      0.00      0.00      0.00     -0.00      0.00   1388.27      1.00
     beta_1[1]      0.00      0.00      0.00     -0.00      0.00    970.43      1.00
     beta_1[2]      0.00      0.00      0.00     -0.00      0.00    670.11      1.00
     beta_1[3]      0.00      0.00      0.00     -0.00      0.01    477.01      1.00
     beta_1[4]      0.00      0.00      0.00     -0.00      0.01    422.88      1.01
     beta_1[5]      0.00      0.00      0.00     -0.00      0.01    362.36      1.01
     beta_1[6]      0.00      0.00      0.00     -0.00      0.01    300.09      1.01
     beta_1[7]      0.00      0.00      0.00     -0.00      0.01    291.05      1.01
     beta_1[8]      0.00      0.00      0.00     -0.00      0.01    252.30      1.01
     beta_1[9]      0.01      0.00      0.01      0.00      0.01    231.95      1.01
    beta_1[10]      0.01      0.00      0.01      0.00      0.01    231.96      1.01
    beta_1[11]      0.01      0.00      0.01      0.00      0.01    213.63      1.01
    beta_1[12]      0.01      0.00      0.01      0.00      0.01    198.84      1.02
    beta_1[13]      0.01      0.00      0.01      0.00      0.01    188.14      1.02
    beta_1[14]      0.01      0.00      0.01      0.00      0.01    178.39      1.02
    beta_1[15]      0.01      0.00      0.01      0.00      0.01    175.03      1.02
    beta_1[16]      0.01      0.00      0.01      0.00      0.01    169.98      1.02
    beta_1[17]      0.01      0.00      0.01      0.00      0.02    166.36      1.02
    beta_1[18]      0.01      0.00      0.01      0.00      0.02    159.59      1.02
    beta_1[19]      0.01      0.00      0.01      0.00      0.02    152.69      1.03
    beta_1[20]      0.01      0.00      0.01      0.00      0.02    147.87      1.03
    beta_1[21]      0.01      0.00      0.01      0.00      0.02    140.86      1.03
    beta_1[22]      0.01      0.00      0.01      0.00      0.02    138.93      1.03
    beta_1[23]      0.01      0.00      0.01      0.01      0.02    136.31      1.04
    beta_1[24]      0.01      0.00      0.01      0.01      0.02    130.68      1.04
    beta_1[25]      0.01      0.00      0.01      0.01      0.02    127.33      1.04
    beta_1[26]      0.01      0.00      0.01      0.01      0.02    125.07      1.04
    beta_1[27]      0.01      0.00      0.01      0.01      0.02    122.34      1.04
    beta_1[28]      0.02      0.00      0.01      0.01      0.02    121.14      1.04
    beta_1[29]      0.02      0.00      0.02      0.01      0.02    120.47      1.04
    beta_1[30]      0.02      0.00      0.02      0.01      0.02    119.26      1.04
    beta_1[31]      0.02      0.01      0.02      0.01      0.02    116.40      1.04
    beta_1[32]      0.02      0.01      0.02      0.01      0.03    114.23      1.04
    beta_1[33]      0.02      0.01      0.02      0.01      0.03    114.54      1.04
    beta_1[34]      0.02      0.01      0.02      0.01      0.03    113.06      1.04
    beta_1[35]      0.02      0.01      0.02      0.01      0.03    112.35      1.04
    beta_1[36]      0.02      0.01      0.02      0.01      0.03    110.77      1.04
    beta_1[37]      0.02      0.01      0.02      0.01      0.03    109.27      1.04
    beta_1[38]      0.02      0.01      0.02      0.01      0.03    108.32      1.04
    beta_1[39]      0.02      0.01      0.02      0.01      0.03    105.73      1.04
    beta_1[40]      0.02      0.01      0.02      0.01      0.03    105.28      1.04
    beta_1[41]      0.02      0.01      0.02      0.01      0.03    105.07      1.04
    beta_1[42]      0.02      0.01      0.02      0.01      0.03    104.04      1.04
    beta_1[43]      0.02      0.01      0.02      0.01      0.03    102.32      1.04
    beta_1[44]      0.02      0.01      0.02      0.01      0.03    103.76      1.04
    beta_1[45]      0.02      0.01      0.02      0.01      0.03    105.21      1.04
    beta_1[46]      0.02      0.01      0.02      0.02      0.03    106.22      1.04
    beta_1[47]      0.03      0.01      0.03      0.02      0.03    105.42      1.04
    beta_1[48]      0.03      0.01      0.03      0.02      0.03    102.40      1.04
    beta_1[49]      0.03      0.01      0.03      0.02      0.04    102.01      1.04
    beta_1[50]      0.03      0.01      0.03      0.02      0.04     99.76      1.05
    beta_1[51]      0.03      0.01      0.03      0.02      0.04     98.18      1.05
    beta_1[52]      0.03      0.01      0.03      0.02      0.04     97.66      1.04
    beta_1[53]      0.03      0.01      0.03      0.02      0.04     97.26      1.05
    beta_1[54]      0.03      0.01      0.03      0.02      0.04     97.02      1.05
    beta_1[55]      0.03      0.01      0.03      0.02      0.04     95.12      1.05
    beta_1[56]      0.03      0.01      0.03      0.02      0.04     94.06      1.05
    beta_1[57]      0.03      0.01      0.03      0.02      0.04     93.53      1.05
    beta_1[58]      0.03      0.01      0.03      0.02      0.04     91.93      1.05
    beta_1[59]      0.03      0.01      0.03      0.02      0.04     92.74      1.05
    beta_1[60]      0.03      0.01      0.03      0.02      0.04     92.96      1.05
    beta_1[61]      0.03      0.01      0.03      0.02      0.04     94.76      1.05
    beta_1[62]      0.03      0.01      0.03      0.02      0.04     93.05      1.05
    beta_1[63]      0.03      0.01      0.03      0.02      0.04     91.22      1.05
    beta_1[64]      0.03      0.01      0.03      0.02      0.04     92.09      1.05
    beta_1[65]      0.03      0.01      0.03      0.03      0.04     92.34      1.05
    beta_1[66]      0.03      0.01      0.04      0.03      0.04     96.86      1.05
    beta_1[67]      0.04      0.01      0.04      0.03      0.04     96.25      1.05
    beta_1[68]      0.04      0.01      0.04      0.03      0.04     95.38      1.05
    beta_1[69]      0.04      0.01      0.04      0.03      0.04     97.70      1.05
    beta_1[70]      0.04      0.01      0.04      0.03      0.05     96.64      1.05
    beta_1[71]      0.04      0.01      0.04      0.03      0.05     96.99      1.05
    beta_1[72]      0.04      0.01      0.04      0.03      0.05     97.80      1.04
    beta_1[73]      0.04      0.01      0.04      0.03      0.05     98.90      1.05
    beta_1[74]      0.04      0.01      0.04      0.03      0.05     99.48      1.05
    beta_1[75]      0.04      0.01      0.04      0.03      0.05     97.04      1.05
    beta_1[76]      0.04      0.01      0.04      0.03      0.05     99.42      1.05
    beta_1[77]      0.04      0.00      0.04      0.03      0.05    105.33      1.05
    beta_1[78]      0.04      0.00      0.04      0.03      0.05    107.21      1.05
    beta_1[79]      0.04      0.00      0.04      0.03      0.05    110.36      1.05
    beta_1[80]      0.04      0.00      0.04      0.03      0.05    110.99      1.05
    beta_1[81]      0.04      0.00      0.04      0.03      0.05    113.99      1.05
    beta_1[82]      0.04      0.00      0.04      0.03      0.05    116.65      1.05
    beta_1[83]      0.04      0.00      0.04      0.03      0.05    120.92      1.05
    beta_1[84]      0.04      0.00      0.04      0.04      0.05    125.35      1.04
    beta_1[85]      0.04      0.00      0.04      0.04      0.05    127.51      1.04
    beta_1[86]      0.04      0.00      0.04      0.04      0.05    132.18      1.04
    beta_1[87]      0.04      0.00      0.04      0.04      0.05    127.87      1.04
    beta_1[88]      0.04      0.00      0.04      0.04      0.05    132.78      1.04
    beta_1[89]      0.04      0.00      0.04      0.04      0.05    131.09      1.04
    beta_1[90]      0.04      0.00      0.04      0.04      0.05    130.14      1.05
    beta_1[91]      0.04      0.00      0.04      0.04      0.05    129.45      1.05
    beta_1[92]      0.04      0.00      0.04      0.04      0.05    137.25      1.04
    beta_1[93]      0.04      0.00      0.04      0.04      0.05    144.43      1.04
    beta_1[94]      0.04      0.00      0.04      0.04      0.05    136.42      1.04
    beta_1[95]      0.04      0.00      0.04      0.04      0.05    138.40      1.04
    beta_1[96]      0.04      0.00      0.04      0.04      0.05    144.13      1.04
    beta_1[97]      0.04      0.00      0.04      0.04      0.05    157.20      1.03
    beta_1[98]      0.04      0.00      0.04      0.04      0.05    159.70      1.03
    beta_1[99]      0.04      0.00      0.04      0.04      0.05    158.51      1.03
   beta_1[100]      0.04      0.00      0.04      0.04      0.05    161.00      1.03
   beta_1[101]      0.04      0.00      0.04      0.04      0.05    168.62      1.03
   beta_1[102]      0.04      0.00      0.04      0.04      0.05    171.46      1.03
   beta_1[103]      0.04      0.00      0.04      0.04      0.05    157.72      1.03
   beta_1[104]      0.04      0.00      0.04      0.04      0.05    170.05      1.03
   beta_1[105]      0.04      0.00      0.04      0.04      0.05    178.56      1.02
   beta_1[106]      0.04      0.00      0.04      0.04      0.05    204.89      1.02
   beta_1[107]      0.04      0.00      0.04      0.03      0.05    218.92      1.02
   beta_1[108]      0.04      0.00      0.04      0.03      0.05    237.42      1.02
   beta_1[109]      0.04      0.00      0.04      0.03      0.04    251.15      1.02
   beta_1[110]      0.04      0.00      0.04      0.03      0.04    260.53      1.01
   beta_1[111]      0.04      0.00      0.04      0.03      0.04    290.29      1.01
   beta_1[112]      0.04      0.00      0.04      0.03      0.04    290.29      1.01
   beta_1[113]      0.04      0.00      0.04      0.03      0.04    298.70      1.01
   beta_1[114]      0.04      0.00      0.04      0.03      0.04    333.94      1.01
   beta_1[115]      0.03      0.00      0.03      0.03      0.04    348.94      1.01
   beta_1[116]      0.03      0.00      0.03      0.03      0.04    370.80      1.01
   beta_1[117]      0.03      0.00      0.03      0.03      0.04    393.82      1.00
   beta_1[118]      0.03      0.00      0.03      0.03      0.04    416.06      1.01
   beta_1[119]      0.03      0.00      0.03      0.03      0.04    427.42      1.00
   beta_1[120]      0.03      0.00      0.03      0.03      0.04    456.40      1.00
   beta_1[121]      0.03      0.00      0.03      0.03      0.04    411.70      1.00
   beta_1[122]      0.03      0.00      0.03      0.03      0.03    431.38      1.00
   beta_1[123]      0.03      0.00      0.03      0.03      0.03    431.81      1.00
   beta_1[124]      0.03      0.00      0.03      0.02      0.03    476.45      1.00
   beta_1[125]      0.03      0.00      0.03      0.02      0.03    516.88      1.00
   beta_1[126]      0.03      0.00      0.03      0.02      0.03    511.99      1.00
   beta_1[127]      0.02      0.00      0.02      0.02      0.03    545.99      1.00
   beta_1[128]      0.02      0.00      0.02      0.02      0.03    536.37      1.00
   beta_1[129]      0.02      0.00      0.02      0.02      0.03    579.12      1.00
   beta_1[130]      0.02      0.00      0.02      0.02      0.03    563.94      1.00
   beta_1[131]      0.02      0.00      0.02      0.02      0.02    567.77      1.00
   beta_1[132]      0.02      0.00      0.02      0.02      0.02    672.31      1.00
   beta_1[133]      0.02      0.00      0.02      0.01      0.02    698.55      1.00
   beta_1[134]      0.02      0.00      0.02      0.01      0.02    775.23      1.00
   beta_1[135]      0.02      0.00      0.02      0.01      0.02    766.98      1.00
   beta_1[136]      0.02      0.00      0.02      0.01      0.02    683.66      1.00
   beta_1[137]      0.02      0.00      0.02      0.01      0.02    710.55      1.00
   beta_1[138]      0.01      0.00      0.02      0.01      0.02    829.27      1.00
   beta_1[139]      0.01      0.00      0.01      0.01      0.02    848.88      1.00
   beta_1[140]      0.01      0.00      0.01      0.01      0.02    867.28      1.00
   beta_1[141]      0.01      0.00      0.01      0.01      0.02    848.72      1.00
   beta_1[142]      0.01      0.00      0.01      0.01      0.02    882.93      1.00
   beta_1[143]      0.01      0.00      0.01      0.01      0.02    952.15      1.00
   beta_1[144]      0.01      0.00      0.01      0.01      0.02    928.12      1.00
   beta_1[145]      0.01      0.00      0.01      0.01      0.02    973.43      1.00
   beta_1[146]      0.01      0.00      0.01      0.01      0.02    981.49      1.00
   beta_1[147]      0.01      0.00      0.01      0.01      0.02    952.00      1.00
   beta_1[148]      0.01      0.00      0.01      0.01      0.02    951.23      1.00
   beta_1[149]      0.01      0.00      0.01      0.01      0.02   1018.85      1.00
   beta_1[150]      0.01      0.00      0.01      0.01      0.02    970.12      1.00
   beta_1[151]      0.01      0.00      0.01      0.01      0.02    998.00      1.00
   beta_1[152]      0.01      0.00      0.01      0.01      0.02    984.29      1.00
   beta_1[153]      0.01      0.00      0.01      0.01      0.02   1089.16      1.00
   beta_1[154]      0.01      0.00      0.01      0.01      0.02   1112.79      1.00
   beta_1[155]      0.01      0.00      0.01      0.01      0.02   1109.06      1.00
   beta_1[156]      0.01      0.00      0.01      0.01      0.02   1090.76      1.00
   beta_1[157]      0.01      0.00      0.01      0.01      0.02   1015.01      1.00
   beta_1[158]      0.01      0.00      0.01      0.01      0.02   1043.46      1.00
   beta_1[159]      0.01      0.00      0.01      0.01      0.02   1084.82      1.00
   beta_1[160]      0.01      0.00      0.01      0.01      0.02   1072.21      1.00
   beta_1[161]      0.01      0.00      0.01      0.01      0.01   1109.62      1.00
   beta_1[162]      0.01      0.00      0.01      0.01      0.01   1195.89      1.00
   beta_1[163]      0.01      0.00      0.01      0.01      0.01   1197.16      1.00
   beta_1[164]      0.01      0.00      0.01      0.01      0.01   1185.96      1.00
   beta_1[165]      0.01      0.00      0.01      0.01      0.01   1172.52      1.00
   beta_1[166]      0.01      0.00      0.01      0.01      0.01   1125.81      1.00
   beta_1[167]      0.01      0.00      0.01      0.01      0.01   1085.25      1.00
   beta_1[168]      0.01      0.00      0.01      0.01      0.01   1126.25      1.00
   beta_1[169]      0.01      0.00      0.01      0.01      0.01   1210.17      1.00
   beta_1[170]      0.01      0.00      0.01      0.01      0.01   1364.20      1.00
   beta_1[171]      0.01      0.00      0.01      0.01      0.01   1329.90      1.00
   beta_1[172]      0.01      0.00      0.01      0.01      0.01   1414.96      1.00
   beta_1[173]      0.01      0.00      0.01      0.00      0.01   1364.96      1.00
   beta_1[174]      0.01      0.00      0.01      0.00      0.01   1375.00      1.00
   beta_1[175]      0.01      0.00      0.01      0.00      0.01   1443.89      1.00
   beta_1[176]      0.01      0.00      0.01      0.00      0.01   1452.95      1.00
   beta_1[177]      0.01      0.00      0.01      0.00      0.01   1553.76      1.00
   beta_1[178]      0.01      0.00      0.01      0.00      0.01   1547.65      1.00
   beta_1[179]      0.01      0.00      0.01      0.00      0.01   1612.87      1.00
   beta_1[180]      0.01      0.00      0.01      0.00      0.01   1489.41      1.00
   beta_1[181]      0.01      0.00      0.01      0.00      0.01   1502.22      1.00
   beta_1[182]      0.01      0.00      0.01      0.00      0.01   1454.41      1.00
   beta_1[183]      0.01      0.00      0.01      0.00      0.01   1404.43      1.00
   beta_1[184]      0.01      0.00      0.01      0.00      0.01   1375.03      1.00
   beta_1[185]      0.01      0.00      0.01      0.01      0.01   1504.05      1.00
   beta_1[186]      0.01      0.00      0.01      0.01      0.01   1501.69      1.00
   beta_1[187]      0.01      0.00      0.01      0.01      0.01   1581.55      1.00
   beta_1[188]      0.01      0.00      0.01      0.01      0.01   1537.16      1.00
   beta_1[189]      0.01      0.00      0.01      0.01      0.01   1560.69      1.00
   beta_1[190]      0.01      0.00      0.01      0.01      0.01   1524.91      1.00
   beta_1[191]      0.01      0.00      0.01      0.01      0.01   1539.06      1.00
   beta_1[192]      0.01      0.00      0.01      0.01      0.01   1546.07      1.00
   beta_1[193]      0.01      0.00      0.01      0.01      0.01   1594.40      1.00
   beta_1[194]      0.01      0.00      0.01      0.01      0.01   1763.57      1.00
   beta_1[195]      0.01      0.00      0.01      0.01      0.01   1695.97      1.00
   beta_1[196]      0.01      0.00      0.01      0.00      0.01   1803.46      1.00
   beta_1[197]      0.01      0.00      0.01      0.00      0.01   1902.23      1.00
   beta_1[198]      0.01      0.00      0.01      0.00      0.01   1802.53      1.00
   beta_1[199]      0.01      0.00      0.01      0.00      0.01   1693.94      1.00
   beta_1[200]      0.01      0.00      0.01      0.00      0.01   1693.15      1.00
   beta_1[201]      0.01      0.00      0.01      0.00      0.01   1680.07      1.00
   beta_1[202]      0.01      0.00      0.01      0.00      0.01   1912.46      1.00
   beta_1[203]      0.00      0.00      0.00      0.00      0.01   1924.68      1.00
   beta_1[204]      0.00      0.00      0.00      0.00      0.01   1991.90      1.00
   beta_1[205]      0.00      0.00      0.00      0.00      0.01   2052.73      1.00
   beta_1[206]      0.00      0.00      0.00      0.00      0.01   2020.60      1.00
   beta_1[207]      0.01      0.00      0.01      0.00      0.01   1872.44      1.00
   beta_1[208]      0.01      0.00      0.01      0.00      0.01   2032.01      1.00
   beta_1[209]      0.01      0.00      0.01      0.00      0.01   2105.99      1.00
   beta_1[210]      0.01      0.00      0.01      0.00      0.01   1968.58      1.00
   beta_1[211]      0.01      0.00      0.01      0.00      0.01   1703.46      1.00
   beta_1[212]      0.01      0.00      0.01      0.00      0.01   1549.09      1.00
   beta_1[213]      0.01      0.00      0.01      0.00      0.01   2016.24      1.00
   beta_1[214]      0.01      0.00      0.01      0.00      0.01   2028.18      1.00
   beta_1[215]      0.01      0.00      0.01      0.00      0.01   1942.78      1.00
   beta_1[216]      0.01      0.00      0.01      0.00      0.01   1829.96      1.00
   beta_1[217]      0.01      0.00      0.01      0.00      0.01   2002.64      1.00
   beta_1[218]      0.01      0.00      0.01      0.00      0.01   2015.31      1.00
   beta_1[219]      0.01      0.00      0.01      0.00      0.01   2147.85      1.00
   beta_1[220]      0.01      0.00      0.01      0.00      0.01   2062.02      1.00
   beta_1[221]      0.01      0.00      0.01      0.00      0.01   2159.77      1.00
   beta_1[222]      0.01      0.00      0.01      0.00      0.01   1985.14      1.00
   beta_1[223]      0.01      0.00      0.01      0.00      0.01   2024.90      1.00
   beta_1[224]      0.01      0.00      0.01      0.00      0.01   2206.80      1.00
   beta_1[225]      0.01      0.00      0.01      0.00      0.01   2122.18      1.00
   beta_1[226]      0.00      0.00      0.00      0.00      0.01   2192.94      1.00
   beta_1[227]      0.00      0.00      0.00      0.00      0.01   2385.89      1.00
   beta_1[228]      0.00      0.00      0.00      0.00      0.01   2347.28      1.00
   beta_1[229]      0.01      0.00      0.01      0.00      0.01   2073.18      1.00
   beta_1[230]      0.01      0.00      0.01      0.00      0.01   1860.91      1.00
   beta_1[231]      0.01      0.00      0.01      0.00      0.01   1991.02      1.00
   beta_1[232]      0.01      0.00      0.01      0.00      0.01   1958.17      1.00
   beta_1[233]      0.01      0.00      0.01      0.01      0.01   2359.01      1.00
   beta_1[234]      0.01      0.00      0.01      0.01      0.01   2047.89      1.00
   beta_1[235]      0.01      0.00      0.01      0.01      0.01   2228.19      1.00
   beta_1[236]      0.01      0.00      0.01      0.01      0.01   2208.06      1.00
   beta_1[237]      0.01      0.00      0.01      0.01      0.01   2320.68      1.00
   beta_1[238]      0.01      0.00      0.01      0.01      0.01   2465.66      1.00
   beta_1[239]      0.01      0.00      0.01      0.01      0.01   2205.23      1.00
   beta_1[240]      0.01      0.00      0.01      0.01      0.01   2297.36      1.00
   beta_1[241]      0.01      0.00      0.01      0.01      0.01   2216.01      1.00
   beta_1[242]      0.01      0.00      0.01      0.01      0.01   2327.41      1.00
   beta_1[243]      0.01      0.00      0.01      0.01      0.01   2303.97      1.00
   beta_1[244]      0.01      0.00      0.01      0.01      0.01   2313.27      1.00
   beta_1[245]      0.01      0.00      0.01      0.01      0.01   2323.50      1.00
   beta_1[246]      0.01      0.00      0.01      0.00      0.01   2393.83      1.00
   beta_1[247]      0.01      0.00      0.01      0.00      0.01   2291.20      1.00
   beta_1[248]      0.01      0.00      0.01      0.00      0.01   2546.14      1.00
   beta_1[249]      0.01      0.00      0.01      0.00      0.01   2257.92      1.00
   beta_1[250]      0.01      0.00      0.01      0.00      0.01   2348.10      1.00
   beta_1[251]      0.01      0.00      0.01      0.00      0.01   2438.18      1.00
   beta_1[252]      0.01      0.00      0.01      0.00      0.01   2534.53      1.00
   beta_1[253]      0.00      0.00      0.00      0.00      0.01   2718.11      1.00
   beta_1[254]      0.00      0.00      0.00      0.00      0.01   2480.59      1.00
   beta_1[255]      0.00      0.00      0.00      0.00      0.01   2357.92      1.00
   beta_1[256]      0.00      0.00      0.00      0.00      0.01   2589.28      1.00
   beta_1[257]      0.00      0.00      0.00      0.00      0.01   2476.53      1.00
   beta_1[258]      0.00      0.00      0.00      0.00      0.01   2353.74      1.00
   beta_1[259]      0.00      0.00      0.00      0.00      0.01   2377.88      1.00
   beta_1[260]      0.00      0.00      0.00      0.00      0.01   2444.91      1.00
   beta_1[261]      0.00      0.00      0.00      0.00      0.01   2483.16      1.00
   beta_1[262]      0.00      0.00      0.00      0.00      0.01   2497.07      1.00
   beta_1[263]      0.00      0.00      0.00      0.00      0.01   2402.38      1.00
   beta_1[264]      0.00      0.00      0.00      0.00      0.01   2486.80      1.00
   beta_1[265]      0.00      0.00      0.00      0.00      0.01   2392.16      1.00
   beta_1[266]      0.00      0.00      0.00      0.00      0.01   2391.04      1.00
   beta_1[267]      0.00      0.00      0.00      0.00      0.01   2504.45      1.00
   beta_1[268]      0.00      0.00      0.00      0.00      0.01   2398.99      1.00
   beta_1[269]      0.01      0.00      0.01      0.00      0.01   2565.28      1.00
   beta_1[270]      0.01      0.00      0.01      0.00      0.01   2519.94      1.00
   beta_1[271]      0.01      0.00      0.01      0.00      0.01   2503.92      1.00
   beta_1[272]      0.01      0.00      0.01      0.00      0.01   2346.53      1.00
   beta_1[273]      0.00      0.00      0.00      0.00      0.01   2491.69      1.00
   beta_1[274]      0.00      0.00      0.00      0.00      0.01   2591.59      1.00
   beta_1[275]      0.00      0.00      0.00      0.00      0.01   2716.36      1.00
   beta_1[276]      0.00      0.00      0.00      0.00      0.01   2696.43      1.00
   beta_1[277]      0.00      0.00      0.00      0.00      0.01   2450.56      1.00
   beta_1[278]      0.00      0.00      0.00      0.00      0.01   2194.96      1.00
   beta_1[279]      0.00      0.00      0.00      0.00      0.01   2755.92      1.00
   beta_1[280]      0.00      0.00      0.00      0.00      0.00   2864.12      1.00
   beta_1[281]      0.00      0.00      0.00      0.00      0.00   2553.27      1.00
   beta_1[282]      0.00      0.00      0.00      0.00      0.00   2332.25      1.00
   beta_1[283]      0.00      0.00      0.00      0.00      0.00   2503.11      1.00
   beta_1[284]      0.00      0.00      0.00      0.00      0.00   2610.15      1.00
   beta_1[285]      0.00      0.00      0.00      0.00      0.00   2551.79      1.00
   beta_1[286]      0.00      0.00      0.00      0.00      0.00   2907.33      1.00
   beta_1[287]      0.00      0.00      0.00      0.00      0.00   2577.18      1.00
   beta_1[288]      0.00      0.00      0.00      0.00      0.00   2485.33      1.00
   beta_1[289]      0.00      0.00      0.00      0.00      0.00   2544.60      1.00
   beta_1[290]      0.00      0.00      0.00      0.00      0.00   2271.21      1.00
   beta_1[291]      0.00      0.00      0.00      0.00      0.01   2560.25      1.00
   beta_1[292]      0.00      0.00      0.00      0.00      0.01   2519.87      1.00
   beta_1[293]      0.00      0.00      0.00      0.00      0.01   2619.97      1.00
   beta_1[294]      0.00      0.00      0.00      0.00      0.01   2657.73      1.00
   beta_1[295]      0.00      0.00      0.00      0.00      0.01   2634.24      1.00
   beta_1[296]      0.00      0.00      0.00      0.00      0.01   2469.60      1.00
   beta_1[297]      0.00      0.00      0.00      0.00      0.01   2695.64      1.00
   beta_1[298]      0.00      0.00      0.00      0.00      0.01   2800.25      1.00
   beta_1[299]      0.00      0.00      0.00      0.00      0.01   2498.45      1.00
   beta_1[300]      0.01      0.00      0.01      0.00      0.01   2550.55      1.00
   beta_1[301]      0.00      0.00      0.00      0.00      0.01   2654.86      1.00
   beta_1[302]      0.00      0.00      0.00      0.00      0.01   2440.31      1.00
   beta_1[303]      0.00      0.00      0.00      0.00      0.01   2438.05      1.00
   beta_1[304]      0.00      0.00      0.00      0.00      0.01   2586.64      1.00
   beta_1[305]      0.00      0.00      0.00      0.00      0.01   2572.33      1.00
   beta_1[306]      0.00      0.00      0.00      0.00      0.01   2589.96      1.00
   beta_1[307]      0.00      0.00      0.00      0.00      0.01   2529.92      1.00
   beta_1[308]      0.00      0.00      0.00      0.00      0.01   2031.16      1.00
   beta_1[309]      0.00      0.00      0.00      0.00      0.00   2623.49      1.00
   beta_1[310]      0.00      0.00      0.00      0.00      0.00   2510.35      1.00
   beta_1[311]      0.00      0.00      0.00      0.00      0.00   2515.64      1.00
   beta_1[312]      0.00      0.00      0.00      0.00      0.01   2466.21      1.00
   beta_1[313]      0.00      0.00      0.00      0.00      0.01   2490.34      1.00
   beta_1[314]      0.00      0.00      0.00      0.00      0.01   2437.16      1.00
   beta_1[315]      0.00      0.00      0.00      0.00      0.01   2404.32      1.00
   beta_1[316]      0.00      0.00      0.00      0.00      0.01   2189.66      1.00
   beta_1[317]      0.00      0.00      0.00      0.00      0.01   2235.92      1.00
   beta_1[318]      0.00      0.00      0.00      0.00      0.01   2635.18      1.00
   beta_1[319]      0.01      0.00      0.01      0.00      0.01   2261.55      1.00
   beta_1[320]      0.01      0.00      0.01      0.00      0.01   2070.99      1.00
   beta_1[321]      0.01      0.00      0.01      0.00      0.01   2395.18      1.00
   beta_1[322]      0.01      0.00      0.01      0.00      0.01   2042.80      1.00
   beta_1[323]      0.01      0.00      0.01      0.00      0.01   1960.57      1.00
   beta_1[324]      0.00      0.00      0.00      0.00      0.01   2143.83      1.00
   beta_1[325]      0.00      0.00      0.00      0.00      0.01   2676.75      1.00
   beta_1[326]      0.01      0.00      0.01      0.00      0.01   2536.81      1.00
   beta_1[327]      0.01      0.00      0.01      0.00      0.01   2724.63      1.00
   beta_1[328]      0.01      0.00      0.01      0.01      0.01   2818.96      1.00
   beta_1[329]      0.01      0.00      0.01      0.01      0.01   2654.21      1.00
   beta_1[330]      0.01      0.00      0.01      0.00      0.01   2399.46      1.00
   beta_1[331]      0.00      0.00      0.00      0.00      0.01   2383.46      1.00
   beta_1[332]      0.00      0.00      0.00      0.00      0.01   2290.02      1.00
   beta_1[333]      0.01      0.00      0.01      0.00      0.01   2313.97      1.00
   beta_1[334]      0.01      0.00      0.01      0.00      0.01   2440.67      1.00
   beta_1[335]      0.01      0.00      0.01      0.00      0.01   2546.67      1.00
   beta_1[336]      0.00      0.00      0.00      0.00      0.01   2689.91      1.00
   beta_1[337]      0.00      0.00      0.00      0.00      0.01   2695.03      1.00
  transform[0]     -0.00      0.97      0.01     -1.72      1.48   1764.91      1.00

Number of divergences: 33
