                     date locationtest  value abbreviation location  population
location_name                                                                  
Texas          2020-01-24           48      0           TX       48  28995881.0
Texas          2020-01-25           48      0           TX       48  28995881.0
Texas          2020-01-26           48      0           TX       48  28995881.0
Texas          2020-01-27           48      0           TX       48  28995881.0
Texas          2020-01-28           48      0           TX       48  28995881.0
...                   ...          ...    ...          ...      ...         ...
Texas          2021-01-07           48  25292           TX       48  28995881.0
Texas          2021-01-08           48  22463           TX       48  28995881.0
Texas          2021-01-09           48  19361           TX       48  28995881.0
Texas          2021-01-10           48  16274           TX       48  28995881.0
Texas          2021-01-11           48  22015           TX       48  28995881.0

[354 rows x 6 columns]

                    mean       std    median      5.0%     95.0%     n_eff     r_hat
 a_raw_init[0]      0.00      0.00      0.00      0.00      0.00   2037.65      1.00
 a_raw_init[1]      0.00      0.00      0.00      0.00      0.00   1979.27      1.00
 a_raw_init[2]      0.00      0.00      0.00      0.00      0.00    259.36      1.00
 a_raw_init[3]      0.08      0.00      0.08      0.08      0.09    752.94      1.00
 a_raw_init[4]      0.05      0.00      0.05      0.04      0.06    910.31      1.00
 a_raw_init[5]      0.12      0.00      0.12      0.11      0.13    874.02      1.00
 a_raw_init[6]      0.04      0.01      0.04      0.03      0.05    895.42      1.00
 a_raw_init[7]      0.62      0.01      0.62      0.61      0.63   1050.66      1.00
 a_raw_init[8]      0.71      0.01      0.71      0.71      0.72    888.90      1.00
 a_raw_init[9]      0.52      0.01      0.52      0.51      0.53   1008.16      1.00
a_raw_init[10]      0.32      0.01      0.32      0.31      0.33    981.40      1.00
a_raw_init[11]      0.26      0.00      0.26      0.25      0.26   1340.18      1.00
a_raw_init[12]      0.23      0.01      0.23      0.22      0.24    942.05      1.00
     beta_1[0]      0.00      0.00      0.00     -0.00      0.00   1217.74      1.00
     beta_1[1]      0.00      0.00      0.00     -0.00      0.00    852.98      1.00
     beta_1[2]      0.00      0.00      0.00     -0.00      0.00    593.42      1.00
     beta_1[3]      0.00      0.00      0.00     -0.00      0.00    469.08      1.01
     beta_1[4]      0.00      0.00      0.00     -0.00      0.00    375.43      1.00
     beta_1[5]      0.00      0.00      0.00     -0.00      0.00    268.08      1.00
     beta_1[6]      0.00      0.00      0.00     -0.00      0.01    254.77      1.00
     beta_1[7]      0.00      0.00      0.00     -0.00      0.01    220.59      1.00
     beta_1[8]      0.00      0.00      0.00     -0.00      0.01    225.30      1.00
     beta_1[9]      0.00      0.00      0.00     -0.00      0.01    199.00      1.00
    beta_1[10]      0.00      0.00      0.00     -0.00      0.01    192.13      1.00
    beta_1[11]      0.00      0.00      0.00     -0.00      0.01    182.31      1.00
    beta_1[12]      0.00      0.00      0.00     -0.00      0.01    175.42      1.00
    beta_1[13]      0.00      0.00      0.00     -0.00      0.01    167.56      1.00
    beta_1[14]      0.00      0.00      0.00     -0.00      0.01    154.28      1.00
    beta_1[15]      0.00      0.00      0.00     -0.00      0.01    146.97      1.00
    beta_1[16]      0.00      0.00      0.00     -0.00      0.01    143.31      1.00
    beta_1[17]      0.00      0.00      0.00     -0.00      0.01    139.64      1.00
    beta_1[18]      0.00      0.00      0.00     -0.00      0.01    135.23      1.00
    beta_1[19]      0.00      0.00      0.00     -0.00      0.01    128.86      1.00
    beta_1[20]      0.00      0.00      0.00     -0.00      0.01    126.26      1.00
    beta_1[21]      0.00      0.00      0.00     -0.00      0.01    122.42      1.00
    beta_1[22]      0.00      0.00      0.00     -0.00      0.01    120.08      1.00
    beta_1[23]      0.00      0.00      0.00     -0.00      0.01    117.81      1.00
    beta_1[24]      0.00      0.00      0.00     -0.00      0.01    114.30      1.00
    beta_1[25]      0.00      0.00      0.00     -0.00      0.01    112.28      1.00
    beta_1[26]      0.00      0.00      0.00     -0.00      0.01    108.57      1.00
    beta_1[27]      0.00      0.00      0.00     -0.00      0.01    107.91      1.00
    beta_1[28]      0.00      0.00      0.00     -0.00      0.01    109.29      1.00
    beta_1[29]      0.00      0.00      0.00     -0.00      0.01    108.45      1.00
    beta_1[30]      0.00      0.00      0.00     -0.00      0.01    107.28      1.00
    beta_1[31]      0.00      0.00      0.00     -0.00      0.01    105.02      1.00
    beta_1[32]      0.00      0.00      0.00     -0.00      0.01    106.34      1.00
    beta_1[33]      0.00      0.01      0.00     -0.00      0.01    105.28      1.00
    beta_1[34]      0.01      0.01      0.00     -0.00      0.01    103.50      1.00
    beta_1[35]      0.01      0.01      0.00     -0.00      0.01    103.02      1.00
    beta_1[36]      0.01      0.01      0.00     -0.00      0.01    103.00      1.00
    beta_1[37]      0.01      0.01      0.01     -0.00      0.01    103.60      1.00
    beta_1[38]      0.01      0.01      0.01     -0.00      0.01    101.13      1.00
    beta_1[39]      0.01      0.01      0.01     -0.00      0.01    100.21      1.00
    beta_1[40]      0.01      0.01      0.01     -0.00      0.02     98.43      1.00
    beta_1[41]      0.01      0.01      0.01     -0.00      0.01     95.03      1.00
    beta_1[42]      0.01      0.01      0.01     -0.00      0.01     93.56      1.00
    beta_1[43]      0.01      0.01      0.01     -0.00      0.01     92.91      1.00
    beta_1[44]      0.01      0.01      0.01     -0.00      0.02     92.61      1.00
    beta_1[45]      0.01      0.01      0.01     -0.00      0.02     92.31      1.00
    beta_1[46]      0.01      0.01      0.01     -0.00      0.01     91.65      1.00
    beta_1[47]      0.01      0.01      0.01     -0.00      0.02     90.75      1.00
    beta_1[48]      0.01      0.01      0.01     -0.00      0.02     90.77      1.00
    beta_1[49]      0.01      0.01      0.01     -0.00      0.02     93.20      1.00
    beta_1[50]      0.01      0.01      0.01     -0.00      0.02     92.10      1.00
    beta_1[51]      0.01      0.01      0.01     -0.00      0.02     93.83      1.00
    beta_1[52]      0.01      0.01      0.01     -0.00      0.02     90.43      1.00
    beta_1[53]      0.01      0.01      0.01     -0.00      0.02     90.53      1.00
    beta_1[54]      0.01      0.01      0.01     -0.00      0.02     88.95      1.00
    beta_1[55]      0.01      0.01      0.01     -0.00      0.02     89.57      1.00
    beta_1[56]      0.01      0.01      0.01     -0.00      0.02     91.72      1.00
    beta_1[57]      0.01      0.01      0.01     -0.00      0.02     89.49      1.00
    beta_1[58]      0.01      0.01      0.01     -0.00      0.02     90.68      1.01
    beta_1[59]      0.01      0.01      0.01     -0.00      0.02     92.70      1.01
    beta_1[60]      0.01      0.01      0.01     -0.00      0.02     92.52      1.01
    beta_1[61]      0.01      0.01      0.01     -0.00      0.02     95.98      1.01
    beta_1[62]      0.01      0.01      0.01     -0.00      0.02     95.70      1.01
    beta_1[63]      0.01      0.01      0.01     -0.00      0.02     97.41      1.01
    beta_1[64]      0.01      0.01      0.01     -0.00      0.02     99.86      1.01
    beta_1[65]      0.01      0.01      0.01     -0.00      0.02     99.88      1.01
    beta_1[66]      0.01      0.01      0.01     -0.00      0.02    100.00      1.01
    beta_1[67]      0.01      0.01      0.01     -0.00      0.02     98.52      1.01
    beta_1[68]      0.01      0.01      0.01     -0.00      0.02     99.31      1.01
    beta_1[69]      0.01      0.01      0.01      0.00      0.02    101.53      1.01
    beta_1[70]      0.01      0.01      0.01     -0.00      0.02    105.20      1.01
    beta_1[71]      0.01      0.01      0.01     -0.00      0.02    108.02      1.01
    beta_1[72]      0.01      0.01      0.01      0.00      0.02    111.22      1.01
    beta_1[73]      0.01      0.01      0.01      0.00      0.02    112.63      1.01
    beta_1[74]      0.01      0.01      0.01     -0.00      0.02    111.52      1.01
    beta_1[75]      0.01      0.01      0.01      0.00      0.02    110.21      1.01
    beta_1[76]      0.01      0.01      0.01      0.00      0.02    110.87      1.01
    beta_1[77]      0.01      0.01      0.01      0.00      0.02    111.35      1.01
    beta_1[78]      0.01      0.01      0.01      0.00      0.02    115.20      1.01
    beta_1[79]      0.01      0.01      0.01      0.00      0.02    118.75      1.01
    beta_1[80]      0.01      0.01      0.01      0.00      0.02    117.58      1.01
    beta_1[81]      0.01      0.00      0.01      0.00      0.02    112.01      1.01
    beta_1[82]      0.01      0.00      0.01      0.00      0.02    108.73      1.01
    beta_1[83]      0.01      0.00      0.01      0.00      0.02    108.45      1.01
    beta_1[84]      0.01      0.00      0.01      0.00      0.02    110.67      1.01
    beta_1[85]      0.01      0.00      0.01      0.00      0.02    114.52      1.01
    beta_1[86]      0.01      0.00      0.01      0.00      0.02    116.23      1.01
    beta_1[87]      0.01      0.00      0.01      0.00      0.02    115.81      1.01
    beta_1[88]      0.01      0.00      0.01      0.00      0.02    114.02      1.01
    beta_1[89]      0.01      0.00      0.01      0.00      0.02    115.34      1.01
    beta_1[90]      0.01      0.00      0.01      0.00      0.02    117.63      1.01
    beta_1[91]      0.01      0.00      0.01      0.00      0.02    126.52      1.01
    beta_1[92]      0.01      0.00      0.01      0.00      0.02    127.75      1.01
    beta_1[93]      0.01      0.00      0.01      0.00      0.02    129.84      1.01
    beta_1[94]      0.01      0.00      0.01      0.00      0.02    122.67      1.01
    beta_1[95]      0.01      0.00      0.01      0.00      0.02    122.72      1.00
    beta_1[96]      0.01      0.00      0.01      0.00      0.02    132.70      1.00
    beta_1[97]      0.01      0.00      0.01      0.00      0.02    124.68      1.00
    beta_1[98]      0.01      0.00      0.01      0.00      0.02    129.31      1.01
    beta_1[99]      0.01      0.00      0.01      0.00      0.02    127.32      1.00
   beta_1[100]      0.01      0.00      0.01      0.00      0.02    126.95      1.00
   beta_1[101]      0.01      0.00      0.01      0.00      0.02    125.67      1.00
   beta_1[102]      0.01      0.00      0.01      0.00      0.02    128.01      1.00
   beta_1[103]      0.01      0.00      0.01      0.00      0.02    124.91      1.00
   beta_1[104]      0.01      0.00      0.01      0.00      0.02    113.01      1.01
   beta_1[105]      0.01      0.00      0.01      0.00      0.02    111.21      1.01
   beta_1[106]      0.01      0.00      0.01      0.00      0.02    120.64      1.01
   beta_1[107]      0.01      0.00      0.01      0.00      0.02    120.23      1.01
   beta_1[108]      0.01      0.00      0.01      0.00      0.02    127.16      1.01
   beta_1[109]      0.01      0.00      0.01      0.00      0.02    114.35      1.01
   beta_1[110]      0.01      0.00      0.01      0.00      0.02    119.26      1.01
   beta_1[111]      0.01      0.00      0.01      0.00      0.02    119.38      1.01
   beta_1[112]      0.01      0.00      0.01      0.00      0.02    126.37      1.02
   beta_1[113]      0.01      0.00      0.01      0.00      0.02    133.33      1.02
   beta_1[114]      0.01      0.00      0.01      0.00      0.02    135.99      1.02
   beta_1[115]      0.01      0.00      0.01      0.00      0.02    137.76      1.02
   beta_1[116]      0.01      0.00      0.01      0.00      0.02    143.25      1.02
   beta_1[117]      0.01      0.00      0.01      0.00      0.02    146.62      1.02
   beta_1[118]      0.01      0.00      0.01      0.00      0.02    149.16      1.02
   beta_1[119]      0.01      0.00      0.01      0.00      0.02    153.17      1.02
   beta_1[120]      0.01      0.00      0.01      0.00      0.02    160.15      1.01
   beta_1[121]      0.01      0.00      0.01      0.00      0.02    167.04      1.01
   beta_1[122]      0.01      0.00      0.01      0.00      0.01    163.44      1.01
   beta_1[123]      0.01      0.00      0.01      0.00      0.02    153.89      1.02
   beta_1[124]      0.01      0.00      0.01      0.00      0.01    157.81      1.02
   beta_1[125]      0.01      0.00      0.01      0.00      0.01    169.48      1.01
   beta_1[126]      0.01      0.00      0.01      0.00      0.01    172.76      1.01
   beta_1[127]      0.01      0.00      0.01      0.00      0.01    181.91      1.01
   beta_1[128]      0.01      0.00      0.01      0.00      0.01    182.00      1.02
   beta_1[129]      0.01      0.00      0.01      0.00      0.01    184.98      1.02
   beta_1[130]      0.01      0.00      0.01      0.00      0.01    197.56      1.01
   beta_1[131]      0.01      0.00      0.01      0.00      0.01    214.95      1.01
   beta_1[132]      0.01      0.00      0.01      0.00      0.01    214.34      1.01
   beta_1[133]      0.01      0.00      0.01      0.00      0.01    221.58      1.01
   beta_1[134]      0.01      0.00      0.01      0.00      0.01    240.08      1.02
   beta_1[135]      0.01      0.00      0.01      0.00      0.01    248.98      1.02
   beta_1[136]      0.01      0.00      0.01      0.00      0.01    267.63      1.01
   beta_1[137]      0.01      0.00      0.01      0.00      0.01    287.31      1.01
   beta_1[138]      0.01      0.00      0.01      0.00      0.01    292.73      1.01
   beta_1[139]      0.01      0.00      0.01      0.00      0.01    335.37      1.01
   beta_1[140]      0.01      0.00      0.01      0.00      0.01    361.28      1.01
   beta_1[141]      0.01      0.00      0.01      0.00      0.01    398.61      1.01
   beta_1[142]      0.01      0.00      0.01      0.00      0.01    438.48      1.01
   beta_1[143]      0.01      0.00      0.01      0.00      0.01    457.08      1.01
   beta_1[144]      0.01      0.00      0.01      0.00      0.01    493.84      1.01
   beta_1[145]      0.01      0.00      0.01      0.00      0.01    503.60      1.01
   beta_1[146]      0.01      0.00      0.01      0.00      0.01    540.16      1.00
   beta_1[147]      0.01      0.00      0.01      0.00      0.01    554.62      1.01
   beta_1[148]      0.01      0.00      0.01      0.00      0.01    558.40      1.01
   beta_1[149]      0.01      0.00      0.01      0.00      0.01    580.37      1.00
   beta_1[150]      0.01      0.00      0.01      0.00      0.01    586.67      1.00
   beta_1[151]      0.01      0.00      0.01      0.00      0.01    594.18      1.00
   beta_1[152]      0.01      0.00      0.01      0.00      0.01    557.16      1.00
   beta_1[153]      0.01      0.00      0.01      0.00      0.01    506.76      1.00
   beta_1[154]      0.01      0.00      0.01      0.00      0.01    510.76      1.00
   beta_1[155]      0.01      0.00      0.01      0.00      0.01    527.79      1.00
   beta_1[156]      0.01      0.00      0.01      0.00      0.01    471.07      1.00
   beta_1[157]      0.01      0.00      0.01      0.00      0.01    542.05      1.00
   beta_1[158]      0.01      0.00      0.01      0.00      0.01    667.64      1.00
   beta_1[159]      0.01      0.00      0.01      0.00      0.01    613.30      1.00
   beta_1[160]      0.01      0.00      0.01      0.00      0.01    629.16      1.00
   beta_1[161]      0.01      0.00      0.01      0.00      0.01    706.43      1.00
   beta_1[162]      0.01      0.00      0.01      0.00      0.01    628.47      1.00
   beta_1[163]      0.01      0.00      0.01      0.01      0.01    839.06      1.00
   beta_1[164]      0.01      0.00      0.01      0.01      0.01    940.73      1.00
   beta_1[165]      0.01      0.00      0.01      0.01      0.01    946.96      1.00
   beta_1[166]      0.01      0.00      0.01      0.01      0.01   1011.71      1.00
   beta_1[167]      0.01      0.00      0.01      0.01      0.01    966.34      1.00
   beta_1[168]      0.01      0.00      0.01      0.01      0.01   1099.66      1.00
   beta_1[169]      0.01      0.00      0.01      0.01      0.01   1188.19      1.00
   beta_1[170]      0.01      0.00      0.01      0.01      0.01   1356.04      1.00
   beta_1[171]      0.01      0.00      0.01      0.01      0.01   1386.88      1.00
   beta_1[172]      0.01      0.00      0.01      0.01      0.01   1419.97      1.00
   beta_1[173]      0.01      0.00      0.01      0.01      0.01   1275.62      1.00
   beta_1[174]      0.01      0.00      0.01      0.01      0.01   1133.34      1.00
   beta_1[175]      0.01      0.00      0.01      0.01      0.01   1220.49      1.00
   beta_1[176]      0.01      0.00      0.01      0.01      0.01   1420.90      1.00
   beta_1[177]      0.01      0.00      0.01      0.01      0.01   1615.48      1.00
   beta_1[178]      0.01      0.00      0.01      0.01      0.01   1748.69      1.00
   beta_1[179]      0.01      0.00      0.01      0.01      0.01   1603.05      1.00
   beta_1[180]      0.01      0.00      0.01      0.01      0.01   1279.80      1.00
   beta_1[181]      0.01      0.00      0.01      0.01      0.01   1310.99      1.00
   beta_1[182]      0.01      0.00      0.01      0.01      0.01   1592.73      1.00
   beta_1[183]      0.01      0.00      0.01      0.01      0.01   1890.70      1.00
   beta_1[184]      0.01      0.00      0.01      0.01      0.01   1875.07      1.00
   beta_1[185]      0.01      0.00      0.01      0.01      0.02   1787.32      1.00
   beta_1[186]      0.01      0.00      0.01      0.01      0.01   1876.92      1.00
   beta_1[187]      0.01      0.00      0.01      0.01      0.01   1467.01      1.00
   beta_1[188]      0.01      0.00      0.01      0.01      0.01   1686.00      1.00
   beta_1[189]      0.01      0.00      0.01      0.01      0.01   2126.64      1.00
   beta_1[190]      0.01      0.00      0.01      0.01      0.01   1812.63      1.00
   beta_1[191]      0.01      0.00      0.01      0.01      0.01   1442.13      1.00
   beta_1[192]      0.01      0.00      0.01      0.01      0.01   1640.50      1.00
   beta_1[193]      0.01      0.00      0.01      0.01      0.01   1429.75      1.00
   beta_1[194]      0.01      0.00      0.01      0.01      0.01   1432.56      1.00
   beta_1[195]      0.01      0.00      0.01      0.01      0.01   1430.21      1.00
   beta_1[196]      0.01      0.00      0.01      0.01      0.01   1270.24      1.00
   beta_1[197]      0.01      0.00      0.01      0.01      0.01   1384.66      1.00
   beta_1[198]      0.01      0.00      0.01      0.01      0.01   1343.16      1.00
   beta_1[199]      0.01      0.00      0.01      0.00      0.01   1541.25      1.00
   beta_1[200]      0.01      0.00      0.01      0.00      0.01   1602.87      1.00
   beta_1[201]      0.01      0.00      0.01      0.01      0.01   2089.05      1.00
   beta_1[202]      0.01      0.00      0.01      0.01      0.01   1620.33      1.00
   beta_1[203]      0.01      0.00      0.01      0.01      0.01   1472.04      1.00
   beta_1[204]      0.01      0.00      0.01      0.00      0.01   1556.50      1.00
   beta_1[205]      0.01      0.00      0.01      0.00      0.01   1781.12      1.00
   beta_1[206]      0.01      0.00      0.01      0.00      0.01   2073.13      1.00
   beta_1[207]      0.01      0.00      0.01      0.00      0.01   2159.73      1.00
   beta_1[208]      0.01      0.00      0.01      0.01      0.01   1812.57      1.00
   beta_1[209]      0.01      0.00      0.01      0.00      0.01   1985.55      1.00
   beta_1[210]      0.01      0.00      0.01      0.00      0.01   2401.38      1.00
   beta_1[211]      0.01      0.00      0.01      0.00      0.01   1842.58      1.00
   beta_1[212]      0.01      0.00      0.01      0.00      0.01   2357.59      1.00
   beta_1[213]      0.00      0.00      0.00      0.00      0.01   2256.13      1.00
   beta_1[214]      0.01      0.00      0.01      0.00      0.01   2125.53      1.00
   beta_1[215]      0.01      0.00      0.01      0.00      0.01   2261.59      1.00
   beta_1[216]      0.01      0.00      0.01      0.00      0.01   1979.58      1.00
   beta_1[217]      0.00      0.00      0.00      0.00      0.01   2141.54      1.00
   beta_1[218]      0.00      0.00      0.00      0.00      0.01   2005.75      1.00
   beta_1[219]      0.00      0.00      0.00      0.00      0.01   1946.90      1.00
   beta_1[220]      0.00      0.00      0.00      0.00      0.01   1710.63      1.00
   beta_1[221]      0.00      0.00      0.00      0.00      0.01   2140.29      1.00
   beta_1[222]      0.00      0.00      0.00      0.00      0.01   1758.98      1.00
   beta_1[223]      0.00      0.00      0.00      0.00      0.01   2038.71      1.00
   beta_1[224]      0.00      0.00      0.00      0.00      0.01   2269.76      1.00
   beta_1[225]      0.00      0.00      0.00      0.00      0.01   2254.95      1.00
   beta_1[226]      0.00      0.00      0.00      0.00      0.00   1899.27      1.00
   beta_1[227]      0.00      0.00      0.00      0.00      0.00   1820.83      1.00
   beta_1[228]      0.00      0.00      0.00      0.00      0.00   2041.85      1.00
   beta_1[229]      0.00      0.00      0.00      0.00      0.01   1810.49      1.00
   beta_1[230]      0.00      0.00      0.00      0.00      0.00   1477.38      1.00
   beta_1[231]      0.00      0.00      0.00      0.00      0.01   2322.18      1.00
   beta_1[232]      0.00      0.00      0.00      0.00      0.01   2246.08      1.00
  transform[0]     -0.01      0.96     -0.01     -1.71      1.50   1282.33      1.00

Number of divergences: 93
