                     date locationtest  value abbreviation location  population
location_name                                                                  
Kentucky       2020-01-24           21      0           KY       21   4467673.0
Kentucky       2020-01-25           21      0           KY       21   4467673.0
Kentucky       2020-01-26           21      0           KY       21   4467673.0
Kentucky       2020-01-27           21      0           KY       21   4467673.0
Kentucky       2020-01-28           21      0           KY       21   4467673.0
...                   ...          ...    ...          ...      ...         ...
Kentucky       2021-01-07           21   4889           KY       21   4467673.0
Kentucky       2021-01-08           21   4737           KY       21   4467673.0
Kentucky       2021-01-09           21   4231           KY       21   4467673.0
Kentucky       2021-01-10           21   3227           KY       21   4467673.0
Kentucky       2021-01-11           21   2082           KY       21   4467673.0

[354 rows x 6 columns]

                    mean       std    median      5.0%     95.0%     n_eff     r_hat
 a_raw_init[0]      0.00      0.00      0.00      0.00      0.00    286.16      1.01
 a_raw_init[1]      0.00      0.00      0.00      0.00      0.00    430.15      1.00
 a_raw_init[2]      0.01      0.00      0.01      0.01      0.02    481.49      1.00
 a_raw_init[3]      0.07      0.00      0.07      0.06      0.08    683.28      1.00
 a_raw_init[4]      0.08      0.00      0.08      0.07      0.09    813.00      1.00
 a_raw_init[5]      0.05      0.01      0.05      0.05      0.06   1066.27      1.00
 a_raw_init[6]      0.09      0.00      0.09      0.09      0.10   1056.65      1.00
 a_raw_init[7]      0.05      0.00      0.05      0.04      0.06    978.65      1.00
 a_raw_init[8]      0.30      0.01      0.30      0.29      0.31   1112.43      1.00
 a_raw_init[9]      0.20      0.01      0.20      0.19      0.21    948.82      1.00
a_raw_init[10]      0.31      0.01      0.31      0.30      0.32   1022.00      1.00
a_raw_init[11]      0.21      0.01      0.21      0.20      0.22    917.63      1.00
a_raw_init[12]      0.51      0.01      0.51      0.50      0.52    857.54      1.00
a_raw_init[13]      0.43      0.01      0.43      0.42      0.44    928.53      1.00
a_raw_init[14]      0.86      0.01      0.86      0.85      0.87   1119.10      1.00
a_raw_init[15]      0.86      0.01      0.86      0.85      0.87   1027.52      1.00
     beta_1[0]      0.00      0.00      0.00     -0.00      0.00   1499.52      1.00
     beta_1[1]      0.00      0.00      0.00     -0.00      0.00   1147.72      1.00
     beta_1[2]      0.00      0.00      0.00     -0.00      0.01    960.55      1.00
     beta_1[3]      0.00      0.00      0.00      0.00      0.01    674.72      1.00
     beta_1[4]      0.00      0.00      0.00      0.00      0.01    506.76      1.00
     beta_1[5]      0.01      0.00      0.01      0.00      0.01    438.15      1.00
     beta_1[6]      0.01      0.00      0.01      0.00      0.01    385.22      1.00
     beta_1[7]      0.01      0.00      0.01      0.00      0.01    390.97      1.00
     beta_1[8]      0.01      0.00      0.01      0.00      0.01    372.43      1.00
     beta_1[9]      0.01      0.00      0.01      0.00      0.01    347.37      1.00
    beta_1[10]      0.01      0.00      0.01      0.00      0.01    317.04      1.00
    beta_1[11]      0.01      0.00      0.01      0.01      0.02    300.63      1.00
    beta_1[12]      0.01      0.00      0.01      0.01      0.02    279.82      1.00
    beta_1[13]      0.01      0.00      0.01      0.01      0.02    264.94      1.00
    beta_1[14]      0.01      0.00      0.01      0.01      0.02    253.37      1.00
    beta_1[15]      0.01      0.00      0.01      0.01      0.02    243.58      1.00
    beta_1[16]      0.01      0.00      0.01      0.01      0.02    240.26      1.00
    beta_1[17]      0.02      0.00      0.02      0.01      0.02    233.20      1.00
    beta_1[18]      0.02      0.00      0.02      0.01      0.02    214.23      1.00
    beta_1[19]      0.02      0.00      0.02      0.01      0.02    201.55      1.00
    beta_1[20]      0.02      0.00      0.02      0.01      0.02    189.50      1.00
    beta_1[21]      0.02      0.00      0.02      0.01      0.03    190.96      1.00
    beta_1[22]      0.02      0.00      0.02      0.01      0.03    183.01      1.00
    beta_1[23]      0.02      0.00      0.02      0.01      0.03    178.37      1.00
    beta_1[24]      0.02      0.00      0.02      0.02      0.03    177.36      1.00
    beta_1[25]      0.02      0.00      0.02      0.02      0.03    174.47      1.00
    beta_1[26]      0.02      0.00      0.02      0.02      0.03    171.06      1.00
    beta_1[27]      0.02      0.00      0.02      0.02      0.03    168.67      1.00
    beta_1[28]      0.03      0.00      0.03      0.02      0.03    163.34      1.00
    beta_1[29]      0.03      0.00      0.03      0.02      0.03    160.52      1.00
    beta_1[30]      0.03      0.00      0.03      0.02      0.03    160.00      1.00
    beta_1[31]      0.03      0.00      0.03      0.02      0.04    156.31      1.00
    beta_1[32]      0.03      0.00      0.03      0.02      0.04    153.03      1.00
    beta_1[33]      0.03      0.00      0.03      0.02      0.04    149.91      1.00
    beta_1[34]      0.03      0.00      0.03      0.02      0.04    147.90      1.00
    beta_1[35]      0.03      0.00      0.03      0.02      0.04    142.00      1.00
    beta_1[36]      0.03      0.00      0.03      0.02      0.04    143.46      1.00
    beta_1[37]      0.03      0.00      0.03      0.03      0.04    141.75      1.00
    beta_1[38]      0.03      0.00      0.03      0.03      0.04    144.22      1.00
    beta_1[39]      0.03      0.00      0.03      0.03      0.04    143.87      1.00
    beta_1[40]      0.04      0.00      0.04      0.03      0.04    141.28      1.00
    beta_1[41]      0.04      0.00      0.04      0.03      0.04    141.82      1.00
    beta_1[42]      0.04      0.00      0.04      0.03      0.05    141.03      1.00
    beta_1[43]      0.04      0.00      0.04      0.03      0.05    141.01      1.00
    beta_1[44]      0.04      0.00      0.04      0.03      0.05    140.26      1.00
    beta_1[45]      0.04      0.01      0.04      0.03      0.05    135.97      1.00
    beta_1[46]      0.04      0.01      0.04      0.03      0.05    133.44      1.00
    beta_1[47]      0.04      0.01      0.04      0.03      0.05    134.12      1.00
    beta_1[48]      0.04      0.01      0.04      0.03      0.05    133.34      1.00
    beta_1[49]      0.04      0.01      0.04      0.03      0.05    131.45      1.00
    beta_1[50]      0.04      0.01      0.04      0.04      0.05    130.91      1.00
    beta_1[51]      0.04      0.01      0.04      0.04      0.05    130.04      1.00
    beta_1[52]      0.05      0.01      0.05      0.04      0.05    131.75      1.00
    beta_1[53]      0.05      0.01      0.05      0.04      0.05    132.64      1.00
    beta_1[54]      0.05      0.01      0.05      0.04      0.06    130.27      1.00
    beta_1[55]      0.05      0.01      0.05      0.04      0.06    128.53      1.00
    beta_1[56]      0.05      0.01      0.05      0.04      0.06    127.77      1.00
    beta_1[57]      0.05      0.01      0.05      0.04      0.06    127.84      1.00
    beta_1[58]      0.05      0.01      0.05      0.04      0.06    127.07      1.00
    beta_1[59]      0.05      0.01      0.05      0.04      0.06    128.51      1.00
    beta_1[60]      0.05      0.01      0.05      0.04      0.06    129.73      1.00
    beta_1[61]      0.05      0.01      0.05      0.05      0.06    130.52      1.00
    beta_1[62]      0.05      0.01      0.05      0.05      0.06    131.40      1.00
    beta_1[63]      0.06      0.01      0.06      0.05      0.06    131.42      1.00
    beta_1[64]      0.06      0.01      0.06      0.05      0.06    131.07      1.00
    beta_1[65]      0.06      0.01      0.06      0.05      0.07    130.73      1.00
    beta_1[66]      0.06      0.01      0.06      0.05      0.07    132.44      1.00
    beta_1[67]      0.06      0.01      0.06      0.05      0.07    133.65      1.00
    beta_1[68]      0.06      0.01      0.06      0.05      0.07    132.78      1.00
    beta_1[69]      0.06      0.01      0.06      0.05      0.07    136.08      1.00
    beta_1[70]      0.06      0.01      0.06      0.05      0.07    134.90      1.00
    beta_1[71]      0.06      0.01      0.06      0.05      0.07    136.20      1.00
    beta_1[72]      0.06      0.01      0.06      0.05      0.07    137.46      1.00
    beta_1[73]      0.06      0.01      0.06      0.05      0.07    139.86      1.00
    beta_1[74]      0.06      0.01      0.06      0.05      0.07    140.23      1.00
    beta_1[75]      0.06      0.01      0.07      0.06      0.07    139.67      1.00
    beta_1[76]      0.07      0.01      0.07      0.06      0.07    138.17      1.00
    beta_1[77]      0.07      0.01      0.07      0.06      0.07    137.90      1.00
    beta_1[78]      0.07      0.01      0.07      0.06      0.07    138.54      1.00
    beta_1[79]      0.07      0.01      0.07      0.06      0.07    141.18      1.00
    beta_1[80]      0.07      0.01      0.07      0.06      0.08    139.80      1.00
    beta_1[81]      0.07      0.01      0.07      0.06      0.08    143.19      1.00
    beta_1[82]      0.07      0.01      0.07      0.06      0.08    144.47      1.00
    beta_1[83]      0.07      0.01      0.07      0.06      0.08    146.10      1.00
    beta_1[84]      0.07      0.01      0.07      0.06      0.08    147.55      1.00
    beta_1[85]      0.07      0.00      0.07      0.06      0.08    146.73      1.00
    beta_1[86]      0.07      0.00      0.07      0.06      0.08    148.06      1.00
    beta_1[87]      0.07      0.00      0.07      0.06      0.08    148.66      1.00
    beta_1[88]      0.07      0.00      0.07      0.06      0.08    151.38      1.00
    beta_1[89]      0.07      0.00      0.07      0.06      0.08    156.81      1.00
    beta_1[90]      0.07      0.00      0.07      0.06      0.08    158.06      1.00
    beta_1[91]      0.07      0.00      0.07      0.06      0.08    164.76      1.00
    beta_1[92]      0.07      0.00      0.07      0.06      0.08    163.06      1.00
    beta_1[93]      0.07      0.00      0.07      0.06      0.08    162.28      1.00
    beta_1[94]      0.07      0.00      0.07      0.06      0.08    165.84      1.00
    beta_1[95]      0.07      0.00      0.07      0.06      0.08    165.20      1.00
    beta_1[96]      0.07      0.00      0.07      0.06      0.08    167.06      1.00
    beta_1[97]      0.07      0.00      0.07      0.06      0.08    172.01      1.00
    beta_1[98]      0.07      0.00      0.07      0.06      0.08    176.02      1.00
    beta_1[99]      0.07      0.00      0.07      0.06      0.08    179.48      1.00
   beta_1[100]      0.07      0.00      0.07      0.06      0.08    182.93      1.00
   beta_1[101]      0.07      0.00      0.07      0.06      0.08    181.92      1.00
   beta_1[102]      0.07      0.00      0.07      0.06      0.08    192.16      1.00
   beta_1[103]      0.07      0.00      0.07      0.06      0.08    194.75      1.00
   beta_1[104]      0.07      0.00      0.07      0.06      0.08    200.63      1.00
   beta_1[105]      0.07      0.00      0.07      0.06      0.07    203.98      1.00
   beta_1[106]      0.07      0.00      0.07      0.06      0.07    202.22      1.00
   beta_1[107]      0.07      0.00      0.07      0.06      0.07    209.64      1.00
   beta_1[108]      0.07      0.00      0.07      0.06      0.07    216.22      1.00
   beta_1[109]      0.07      0.00      0.07      0.06      0.07    211.60      1.00
   beta_1[110]      0.07      0.00      0.07      0.06      0.07    205.82      1.00
   beta_1[111]      0.06      0.00      0.06      0.06      0.07    202.59      1.00
   beta_1[112]      0.06      0.00      0.06      0.06      0.07    198.05      1.00
   beta_1[113]      0.06      0.00      0.06      0.06      0.07    202.39      1.00
   beta_1[114]      0.06      0.00      0.06      0.06      0.07    198.48      1.00
   beta_1[115]      0.06      0.00      0.06      0.06      0.07    209.54      1.00
   beta_1[116]      0.06      0.00      0.06      0.06      0.07    216.17      1.00
   beta_1[117]      0.06      0.00      0.06      0.06      0.07    215.41      1.00
   beta_1[118]      0.06      0.00      0.06      0.06      0.07    217.28      1.00
   beta_1[119]      0.06      0.00      0.06      0.05      0.07    217.21      1.00
   beta_1[120]      0.06      0.00      0.06      0.05      0.06    218.75      1.00
   beta_1[121]      0.06      0.00      0.06      0.05      0.06    219.48      1.00
   beta_1[122]      0.06      0.00      0.06      0.05      0.06    216.72      1.00
   beta_1[123]      0.06      0.00      0.06      0.05      0.06    222.01      1.00
   beta_1[124]      0.06      0.00      0.06      0.05      0.06    226.84      1.00
   beta_1[125]      0.06      0.00      0.06      0.05      0.06    224.93      1.00
   beta_1[126]      0.05      0.00      0.05      0.05      0.06    231.32      1.00
   beta_1[127]      0.05      0.00      0.05      0.05      0.06    239.01      1.00
   beta_1[128]      0.05      0.00      0.05      0.05      0.06    236.55      1.00
   beta_1[129]      0.05      0.00      0.05      0.05      0.06    261.67      1.00
   beta_1[130]      0.05      0.00      0.05      0.05      0.06    252.32      1.00
   beta_1[131]      0.05      0.00      0.05      0.05      0.06    262.10      1.00
   beta_1[132]      0.05      0.00      0.05      0.04      0.05    258.05      1.00
   beta_1[133]      0.05      0.00      0.05      0.04      0.05    259.00      1.00
   beta_1[134]      0.05      0.00      0.05      0.04      0.05    265.56      1.00
   beta_1[135]      0.05      0.00      0.05      0.04      0.05    277.12      1.00
   beta_1[136]      0.05      0.00      0.05      0.04      0.05    277.57      1.00
   beta_1[137]      0.04      0.00      0.04      0.04      0.05    279.18      1.00
   beta_1[138]      0.04      0.00      0.04      0.04      0.05    268.15      1.00
   beta_1[139]      0.04      0.00      0.04      0.04      0.05    283.35      1.00
   beta_1[140]      0.04      0.00      0.04      0.04      0.05    296.92      1.00
   beta_1[141]      0.04      0.00      0.04      0.04      0.05    324.86      1.00
   beta_1[142]      0.04      0.00      0.04      0.04      0.05    339.98      1.00
   beta_1[143]      0.04      0.00      0.04      0.04      0.05    324.34      1.00
   beta_1[144]      0.04      0.00      0.04      0.03      0.04    338.35      1.00
   beta_1[145]      0.04      0.00      0.04      0.03      0.04    359.96      1.00
   beta_1[146]      0.04      0.00      0.04      0.03      0.04    367.46      1.00
   beta_1[147]      0.04      0.00      0.04      0.03      0.04    380.81      1.00
   beta_1[148]      0.04      0.00      0.04      0.03      0.04    360.82      1.00
   beta_1[149]      0.04      0.00      0.04      0.03      0.04    374.51      1.00
   beta_1[150]      0.04      0.00      0.04      0.03      0.04    361.68      1.00
   beta_1[151]      0.04      0.00      0.04      0.03      0.04    351.89      1.00
   beta_1[152]      0.03      0.00      0.03      0.03      0.04    347.20      1.00
   beta_1[153]      0.03      0.00      0.03      0.03      0.04    380.33      1.00
   beta_1[154]      0.03      0.00      0.03      0.03      0.04    395.77      1.00
   beta_1[155]      0.03      0.00      0.03      0.03      0.04    401.17      1.00
   beta_1[156]      0.03      0.00      0.03      0.03      0.04    391.15      1.00
   beta_1[157]      0.03      0.00      0.03      0.03      0.04    385.22      1.00
   beta_1[158]      0.03      0.00      0.03      0.03      0.04    389.22      1.00
   beta_1[159]      0.03      0.00      0.03      0.03      0.04    418.96      1.00
   beta_1[160]      0.03      0.00      0.03      0.03      0.04    415.13      1.00
   beta_1[161]      0.03      0.00      0.03      0.03      0.04    427.91      1.00
   beta_1[162]      0.03      0.00      0.03      0.03      0.03    438.40      1.00
   beta_1[163]      0.03      0.00      0.03      0.03      0.03    445.68      1.00
   beta_1[164]      0.03      0.00      0.03      0.03      0.03    444.38      1.00
   beta_1[165]      0.03      0.00      0.03      0.03      0.03    465.78      1.00
   beta_1[166]      0.03      0.00      0.03      0.03      0.03    464.36      1.00
   beta_1[167]      0.03      0.00      0.03      0.03      0.03    481.38      1.01
   beta_1[168]      0.03      0.00      0.03      0.02      0.03    470.53      1.01
   beta_1[169]      0.03      0.00      0.03      0.02      0.03    467.58      1.01
   beta_1[170]      0.03      0.00      0.03      0.02      0.03    415.42      1.01
   beta_1[171]      0.03      0.00      0.03      0.02      0.03    383.04      1.01
   beta_1[172]      0.03      0.00      0.03      0.02      0.03    430.77      1.01
   beta_1[173]      0.03      0.00      0.03      0.02      0.03    514.70      1.01
   beta_1[174]      0.03      0.00      0.03      0.02      0.03    564.25      1.01
   beta_1[175]      0.03      0.00      0.03      0.02      0.03    565.40      1.01
   beta_1[176]      0.03      0.00      0.03      0.02      0.03    678.81      1.01
   beta_1[177]      0.02      0.00      0.02      0.02      0.03    699.85      1.01
   beta_1[178]      0.02      0.00      0.02      0.02      0.03    816.71      1.01
   beta_1[179]      0.02      0.00      0.02      0.02      0.03    802.80      1.01
   beta_1[180]      0.02      0.00      0.02      0.02      0.03    881.40      1.01
   beta_1[181]      0.02      0.00      0.02      0.02      0.03    899.41      1.01
   beta_1[182]      0.02      0.00      0.02      0.02      0.03    870.99      1.01
   beta_1[183]      0.02      0.00      0.02      0.02      0.03    757.46      1.01
   beta_1[184]      0.02      0.00      0.02      0.02      0.03    873.99      1.01
   beta_1[185]      0.02      0.00      0.02      0.02      0.02   1086.77      1.01
   beta_1[186]      0.02      0.00      0.02      0.02      0.02    926.63      1.00
   beta_1[187]      0.02      0.00      0.02      0.02      0.02    864.13      1.00
   beta_1[188]      0.02      0.00      0.02      0.02      0.02    965.96      1.00
   beta_1[189]      0.02      0.00      0.02      0.02      0.02    945.89      1.00
   beta_1[190]      0.02      0.00      0.02      0.02      0.02    854.35      1.00
   beta_1[191]      0.02      0.00      0.02      0.02      0.02    898.98      1.00
   beta_1[192]      0.02      0.00      0.02      0.01      0.02    926.58      1.00
   beta_1[193]      0.02      0.00      0.02      0.01      0.02   1067.49      1.00
   beta_1[194]      0.02      0.00      0.02      0.01      0.02   1003.05      1.00
   beta_1[195]      0.02      0.00      0.02      0.01      0.02   1125.16      1.00
   beta_1[196]      0.02      0.00      0.02      0.01      0.02   1206.00      1.00
   beta_1[197]      0.02      0.00      0.02      0.01      0.02   1023.44      1.00
   beta_1[198]      0.02      0.00      0.02      0.01      0.02   1003.24      1.00
   beta_1[199]      0.02      0.00      0.02      0.01      0.02   1014.40      1.00
   beta_1[200]      0.02      0.00      0.02      0.01      0.02    877.98      1.00
   beta_1[201]      0.02      0.00      0.02      0.02      0.02    811.29      1.00
   beta_1[202]      0.02      0.00      0.02      0.02      0.02    994.87      1.00
   beta_1[203]      0.02      0.00      0.02      0.02      0.02    948.67      1.00
   beta_1[204]      0.02      0.00      0.02      0.02      0.02   1010.33      1.00
   beta_1[205]      0.02      0.00      0.02      0.02      0.02    965.31      1.00
   beta_1[206]      0.02      0.00      0.02      0.02      0.02    962.02      1.00
   beta_1[207]      0.02      0.00      0.02      0.02      0.02    884.96      1.00
   beta_1[208]      0.02      0.00      0.02      0.02      0.02   1107.52      1.00
   beta_1[209]      0.02      0.00      0.02      0.02      0.02   1228.75      1.00
   beta_1[210]      0.02      0.00      0.02      0.02      0.02   1222.94      1.00
   beta_1[211]      0.02      0.00      0.02      0.02      0.02   1468.56      1.00
   beta_1[212]      0.02      0.00      0.02      0.02      0.02   1347.26      1.00
   beta_1[213]      0.02      0.00      0.02      0.02      0.02   1342.29      1.00
   beta_1[214]      0.02      0.00      0.02      0.02      0.02   1323.25      1.00
   beta_1[215]      0.02      0.00      0.02      0.02      0.02   1208.36      1.00
   beta_1[216]      0.02      0.00      0.02      0.02      0.02   1275.51      1.00
   beta_1[217]      0.02      0.00      0.02      0.02      0.02   1236.97      1.00
   beta_1[218]      0.02      0.00      0.02      0.02      0.02   1000.28      1.00
   beta_1[219]      0.02      0.00      0.02      0.02      0.02   1028.99      1.00
   beta_1[220]      0.02      0.00      0.02      0.02      0.02   1016.98      1.00
   beta_1[221]      0.02      0.00      0.02      0.02      0.02   1449.34      1.00
   beta_1[222]      0.02      0.00      0.02      0.02      0.02   1541.30      1.00
   beta_1[223]      0.02      0.00      0.02      0.02      0.02   1618.13      1.00
   beta_1[224]      0.02      0.00      0.02      0.02      0.02   1741.60      1.00
   beta_1[225]      0.02      0.00      0.02      0.01      0.02   1888.00      1.00
   beta_1[226]      0.02      0.00      0.02      0.01      0.02   1787.15      1.00
   beta_1[227]      0.02      0.00      0.02      0.01      0.02   1770.68      1.00
   beta_1[228]      0.02      0.00      0.02      0.01      0.02   1782.75      1.00
   beta_1[229]      0.02      0.00      0.02      0.02      0.02   1762.71      1.00
   beta_1[230]      0.02      0.00      0.02      0.02      0.02   1677.98      1.00
   beta_1[231]      0.02      0.00      0.02      0.02      0.02   1737.85      1.00
   beta_1[232]      0.02      0.00      0.02      0.01      0.02   1885.58      1.00
   beta_1[233]      0.02      0.00      0.02      0.01      0.02   1847.32      1.00
   beta_1[234]      0.02      0.00      0.02      0.01      0.02   1617.21      1.00
   beta_1[235]      0.01      0.00      0.01      0.01      0.02   1558.03      1.00
   beta_1[236]      0.01      0.00      0.01      0.01      0.02   1573.17      1.00
   beta_1[237]      0.01      0.00      0.01      0.01      0.02   1762.29      1.00
   beta_1[238]      0.01      0.00      0.01      0.01      0.02   1980.65      1.00
   beta_1[239]      0.01      0.00      0.01      0.01      0.01   2010.08      1.00
   beta_1[240]      0.01      0.00      0.01      0.01      0.01   1936.69      1.00
   beta_1[241]      0.01      0.00      0.01      0.01      0.01   2242.54      1.00
   beta_1[242]      0.01      0.00      0.01      0.01      0.01   2075.75      1.00
   beta_1[243]      0.01      0.00      0.01      0.01      0.01   2154.42      1.00
   beta_1[244]      0.01      0.00      0.01      0.01      0.01   2118.34      1.00
   beta_1[245]      0.01      0.00      0.01      0.01      0.01   2262.78      1.00
   beta_1[246]      0.01      0.00      0.01      0.01      0.01   2250.37      1.00
   beta_1[247]      0.01      0.00      0.01      0.01      0.01   2226.19      1.00
   beta_1[248]      0.01      0.00      0.01      0.01      0.01   2097.48      1.00
   beta_1[249]      0.01      0.00      0.01      0.01      0.01   1980.19      1.00
   beta_1[250]      0.01      0.00      0.01      0.01      0.01   2297.09      1.00
   beta_1[251]      0.01      0.00      0.01      0.01      0.01   1747.84      1.00
   beta_1[252]      0.01      0.00      0.01      0.01      0.01   2049.11      1.00
   beta_1[253]      0.01      0.00      0.01      0.01      0.01   1965.02      1.00
   beta_1[254]      0.01      0.00      0.01      0.01      0.01   2048.62      1.00
   beta_1[255]      0.01      0.00      0.01      0.01      0.01   1866.76      1.00
   beta_1[256]      0.01      0.00      0.01      0.01      0.01   1968.40      1.00
   beta_1[257]      0.01      0.00      0.01      0.01      0.01   2171.96      1.00
   beta_1[258]      0.01      0.00      0.01      0.01      0.01   2294.33      1.00
   beta_1[259]      0.01      0.00      0.01      0.01      0.01   2552.61      1.00
   beta_1[260]      0.01      0.00      0.01      0.01      0.01   2319.94      1.00
   beta_1[261]      0.01      0.00      0.01      0.01      0.01   2148.25      1.00
   beta_1[262]      0.01      0.00      0.01      0.01      0.01   2330.82      1.00
   beta_1[263]      0.01      0.00      0.01      0.01      0.01   2218.69      1.00
   beta_1[264]      0.01      0.00      0.01      0.01      0.01   2458.26      1.00
   beta_1[265]      0.01      0.00      0.01      0.01      0.01   1800.31      1.00
   beta_1[266]      0.01      0.00      0.01      0.01      0.01   1907.62      1.00
   beta_1[267]      0.01      0.00      0.01      0.01      0.01   2066.69      1.00
   beta_1[268]      0.01      0.00      0.01      0.01      0.01   1923.92      1.00
   beta_1[269]      0.01      0.00      0.01      0.01      0.02   1791.72      1.00
   beta_1[270]      0.02      0.00      0.02      0.01      0.02   2239.60      1.00
   beta_1[271]      0.02      0.00      0.02      0.01      0.02   2294.73      1.00
   beta_1[272]      0.02      0.00      0.02      0.01      0.02   2442.66      1.00
   beta_1[273]      0.01      0.00      0.01      0.01      0.02   2628.18      1.00
   beta_1[274]      0.01      0.00      0.01      0.01      0.01   2463.73      1.00
   beta_1[275]      0.01      0.00      0.01      0.01      0.01   2449.24      1.00
   beta_1[276]      0.01      0.00      0.01      0.01      0.01   2000.49      1.00
   beta_1[277]      0.01      0.00      0.01      0.01      0.02   2007.71      1.00
   beta_1[278]      0.01      0.00      0.01      0.01      0.02   2483.55      1.00
   beta_1[279]      0.01      0.00      0.01      0.01      0.02   2403.06      1.00
   beta_1[280]      0.01      0.00      0.01      0.01      0.02   2747.48      1.00
   beta_1[281]      0.01      0.00      0.01      0.01      0.02   2785.74      1.00
  transform[0]     -0.03      0.98     -0.05     -1.55      1.62   1919.35      1.00

Number of divergences: 7
