                     date locationtest  value abbreviation location  population
location_name                                                                  
Vermont        2020-01-24           50      0           VT       50    623989.0
Vermont        2020-01-25           50      0           VT       50    623989.0
Vermont        2020-01-26           50      0           VT       50    623989.0
Vermont        2020-01-27           50      0           VT       50    623989.0
Vermont        2020-01-28           50      0           VT       50    623989.0
...                   ...          ...    ...          ...      ...         ...
Vermont        2021-01-07           50    245           VT       50    623989.0
Vermont        2021-01-08           50    216           VT       50    623989.0
Vermont        2021-01-09           50    171           VT       50    623989.0
Vermont        2021-01-10           50    177           VT       50    623989.0
Vermont        2021-01-11           50    111           VT       50    623989.0

[354 rows x 6 columns]

                   mean       std    median      5.0%     95.0%     n_eff     r_hat
a_raw_init[0]      0.00      0.00      0.00      0.00      0.00   1896.12      1.00
a_raw_init[1]      0.00      0.00      0.00      0.00      0.00   2025.78      1.00
a_raw_init[2]      0.31      0.00      0.31      0.31      0.32   1316.21      1.00
a_raw_init[3]      0.42      0.00      0.42      0.41      0.42   1422.76      1.00
a_raw_init[4]      0.00      0.00      0.00      0.00      0.00   2009.74      1.00
a_raw_init[5]      0.00      0.00      0.00      0.00      0.00   2026.89      1.00
a_raw_init[6]      0.21      0.00      0.21      0.21      0.22   1354.73      1.00
a_raw_init[7]      0.06      0.00      0.06      0.05      0.07   1099.14      1.00
a_raw_init[8]      0.02      0.01      0.02      0.01      0.03    554.22      1.00
    beta_1[0]      0.00      0.00      0.00     -0.00      0.00   1624.99      1.00
    beta_1[1]      0.00      0.00      0.00     -0.00      0.00    957.60      1.00
    beta_1[2]      0.00      0.00      0.00     -0.00      0.00    746.77      1.00
    beta_1[3]      0.00      0.00      0.00     -0.00      0.01    625.40      1.00
    beta_1[4]      0.00      0.00      0.00     -0.00      0.01    571.98      1.00
    beta_1[5]      0.00      0.00      0.00     -0.00      0.01    489.92      1.00
    beta_1[6]      0.00      0.00      0.00     -0.00      0.01    484.51      1.00
    beta_1[7]      0.00      0.00      0.00     -0.00      0.01    454.67      1.00
    beta_1[8]      0.00      0.00      0.00      0.00      0.01    435.25      1.00
    beta_1[9]      0.01      0.00      0.01      0.00      0.01    393.56      1.00
   beta_1[10]      0.01      0.00      0.01      0.00      0.01    379.05      1.00
   beta_1[11]      0.01      0.00      0.01      0.00      0.01    375.32      1.00
   beta_1[12]      0.01      0.00      0.01      0.00      0.01    355.46      1.00
   beta_1[13]      0.01      0.00      0.01      0.00      0.01    340.97      1.00
   beta_1[14]      0.01      0.00      0.01      0.00      0.01    319.28      1.00
   beta_1[15]      0.01      0.00      0.01      0.00      0.01    316.49      1.00
   beta_1[16]      0.01      0.00      0.01      0.00      0.01    302.26      1.00
   beta_1[17]      0.01      0.00      0.01      0.00      0.02    289.68      1.00
   beta_1[18]      0.01      0.00      0.01      0.00      0.02    275.01      1.00
   beta_1[19]      0.01      0.00      0.01      0.00      0.02    266.83      1.00
   beta_1[20]      0.01      0.00      0.01      0.01      0.02    258.23      1.00
   beta_1[21]      0.01      0.00      0.01      0.01      0.02    243.70      1.00
   beta_1[22]      0.01      0.00      0.01      0.01      0.02    242.95      1.00
   beta_1[23]      0.01      0.00      0.01      0.01      0.02    233.87      1.00
   beta_1[24]      0.01      0.00      0.01      0.01      0.02    229.72      1.00
   beta_1[25]      0.01      0.00      0.01      0.01      0.02    231.49      1.00
   beta_1[26]      0.01      0.00      0.01      0.01      0.02    221.93      1.00
   beta_1[27]      0.02      0.00      0.02      0.01      0.02    220.31      1.00
   beta_1[28]      0.02      0.00      0.02      0.01      0.02    213.70      1.00
   beta_1[29]      0.02      0.00      0.02      0.01      0.02    210.14      1.00
   beta_1[30]      0.02      0.00      0.02      0.01      0.02    208.81      1.00
   beta_1[31]      0.02      0.00      0.02      0.01      0.02    202.61      1.00
   beta_1[32]      0.02      0.00      0.02      0.01      0.03    196.98      1.00
   beta_1[33]      0.02      0.00      0.02      0.01      0.03    184.82      1.00
   beta_1[34]      0.02      0.00      0.02      0.01      0.03    194.38      1.00
   beta_1[35]      0.02      0.00      0.02      0.01      0.03    194.85      1.00
   beta_1[36]      0.02      0.00      0.02      0.01      0.03    193.19      1.00
   beta_1[37]      0.02      0.00      0.02      0.01      0.03    189.47      1.00
   beta_1[38]      0.02      0.00      0.02      0.01      0.03    189.20      1.00
   beta_1[39]      0.02      0.00      0.02      0.01      0.03    190.59      1.00
   beta_1[40]      0.02      0.00      0.02      0.02      0.03    194.97      1.00
   beta_1[41]      0.02      0.00      0.02      0.02      0.03    194.79      1.00
   beta_1[42]      0.02      0.00      0.02      0.02      0.03    198.53      1.00
   beta_1[43]      0.02      0.00      0.02      0.02      0.03    193.05      1.00
   beta_1[44]      0.02      0.00      0.02      0.02      0.03    194.29      1.00
   beta_1[45]      0.02      0.00      0.02      0.02      0.03    197.80      1.00
   beta_1[46]      0.03      0.00      0.03      0.02      0.03    200.34      1.00
   beta_1[47]      0.03      0.00      0.03      0.02      0.03    199.33      1.00
   beta_1[48]      0.03      0.00      0.03      0.02      0.03    205.29      1.00
   beta_1[49]      0.03      0.00      0.03      0.02      0.03    208.56      1.00
   beta_1[50]      0.03      0.00      0.03      0.02      0.03    212.35      1.00
   beta_1[51]      0.03      0.00      0.03      0.02      0.03    209.45      1.00
   beta_1[52]      0.03      0.00      0.03      0.02      0.03    214.68      1.00
   beta_1[53]      0.03      0.00      0.03      0.02      0.04    215.08      1.00
   beta_1[54]      0.03      0.00      0.03      0.02      0.04    219.60      1.00
   beta_1[55]      0.03      0.00      0.03      0.02      0.04    221.59      1.00
   beta_1[56]      0.03      0.00      0.03      0.02      0.04    221.77      1.00
   beta_1[57]      0.03      0.00      0.03      0.02      0.04    223.26      1.00
   beta_1[58]      0.03      0.00      0.03      0.03      0.04    223.54      1.00
   beta_1[59]      0.03      0.00      0.03      0.03      0.04    231.28      1.00
   beta_1[60]      0.03      0.00      0.03      0.03      0.04    235.85      1.00
   beta_1[61]      0.03      0.00      0.03      0.03      0.04    245.07      1.00
   beta_1[62]      0.03      0.00      0.03      0.03      0.04    253.48      1.00
   beta_1[63]      0.03      0.00      0.03      0.03      0.04    253.80      1.00
   beta_1[64]      0.03      0.00      0.03      0.03      0.04    250.87      1.00
   beta_1[65]      0.03      0.00      0.03      0.03      0.04    254.38      1.00
   beta_1[66]      0.03      0.00      0.03      0.03      0.04    254.23      1.00
   beta_1[67]      0.03      0.00      0.03      0.03      0.04    255.86      1.00
   beta_1[68]      0.03      0.00      0.03      0.03      0.04    265.27      1.00
   beta_1[69]      0.03      0.00      0.03      0.03      0.04    273.77      1.00
   beta_1[70]      0.03      0.00      0.03      0.03      0.04    280.06      1.00
   beta_1[71]      0.03      0.00      0.03      0.03      0.04    282.53      1.00
   beta_1[72]      0.03      0.00      0.03      0.03      0.04    309.12      1.00
   beta_1[73]      0.03      0.00      0.03      0.03      0.04    317.31      1.00
   beta_1[74]      0.03      0.00      0.03      0.03      0.03    349.01      1.00
   beta_1[75]      0.03      0.00      0.03      0.03      0.03    386.49      1.00
   beta_1[76]      0.03      0.00      0.03      0.02      0.03    436.69      1.00
   beta_1[77]      0.03      0.00      0.03      0.02      0.03    431.49      1.00
   beta_1[78]      0.03      0.00      0.03      0.02      0.03    487.73      1.00
   beta_1[79]      0.03      0.00      0.03      0.02      0.03    475.33      1.00
   beta_1[80]      0.03      0.00      0.03      0.02      0.03    467.04      1.00
   beta_1[81]      0.03      0.00      0.03      0.02      0.03    482.20      1.00
   beta_1[82]      0.03      0.00      0.03      0.02      0.03    500.48      1.00
   beta_1[83]      0.03      0.00      0.03      0.02      0.03    574.82      1.00
   beta_1[84]      0.03      0.00      0.03      0.02      0.03    694.00      1.00
   beta_1[85]      0.03      0.00      0.03      0.02      0.03    683.87      1.00
   beta_1[86]      0.03      0.00      0.03      0.02      0.03    689.97      1.00
   beta_1[87]      0.02      0.00      0.02      0.02      0.03    730.36      1.00
   beta_1[88]      0.02      0.00      0.02      0.02      0.03    794.00      1.00
   beta_1[89]      0.02      0.00      0.02      0.02      0.03    782.23      1.00
   beta_1[90]      0.02      0.00      0.02      0.02      0.03    789.09      1.01
   beta_1[91]      0.02      0.00      0.02      0.02      0.02    761.81      1.01
   beta_1[92]      0.02      0.00      0.02      0.02      0.02    777.34      1.00
   beta_1[93]      0.02      0.00      0.02      0.02      0.02    822.50      1.00
   beta_1[94]      0.02      0.00      0.02      0.01      0.02    828.30      1.00
   beta_1[95]      0.02      0.00      0.02      0.01      0.02    798.83      1.00
   beta_1[96]      0.02      0.00      0.02      0.01      0.02    766.79      1.00
   beta_1[97]      0.02      0.00      0.02      0.01      0.02    793.62      1.00
   beta_1[98]      0.01      0.00      0.01      0.01      0.02    863.13      1.00
   beta_1[99]      0.01      0.00      0.01      0.01      0.02    864.89      1.00
  beta_1[100]      0.01      0.00      0.01      0.01      0.02    899.98      1.00
  beta_1[101]      0.01      0.00      0.01      0.01      0.01   1057.18      1.00
  beta_1[102]      0.01      0.00      0.01      0.01      0.01   1005.63      1.00
  beta_1[103]      0.01      0.00      0.01      0.01      0.01   1113.03      1.00
  beta_1[104]      0.01      0.00      0.01      0.01      0.01   1135.90      1.00
  beta_1[105]      0.01      0.00      0.01      0.00      0.01   1116.74      1.00
  beta_1[106]      0.01      0.00      0.01      0.00      0.01   1129.19      1.00
  beta_1[107]      0.01      0.00      0.01      0.00      0.01   1043.38      1.00
  beta_1[108]      0.00      0.00      0.00      0.00      0.01   1070.16      1.00
  beta_1[109]      0.00      0.00      0.00      0.00      0.01   1096.91      1.00
  beta_1[110]      0.00      0.00      0.00      0.00      0.01   1029.84      1.00
  beta_1[111]      0.00      0.00      0.00      0.00      0.01   1054.86      1.00
  beta_1[112]      0.00      0.00      0.00      0.00      0.01   1177.48      1.00
  beta_1[113]      0.00      0.00      0.00      0.00      0.01   1102.21      1.00
  beta_1[114]      0.00      0.00      0.00     -0.00      0.01   1132.81      1.00
  beta_1[115]      0.00      0.00      0.00     -0.00      0.01   1216.59      1.00
  beta_1[116]      0.00      0.00      0.00     -0.00      0.01   1232.16      1.00
  beta_1[117]      0.00      0.00      0.00     -0.00      0.01   1222.21      1.00
  beta_1[118]      0.00      0.00      0.00     -0.00      0.01   1067.99      1.00
  beta_1[119]      0.00      0.00      0.00     -0.00      0.00   1226.24      1.00
  beta_1[120]      0.00      0.00      0.00     -0.00      0.00   1316.36      1.00
  beta_1[121]      0.00      0.00      0.00     -0.00      0.01   1316.31      1.00
  beta_1[122]      0.00      0.00      0.00     -0.00      0.00   1453.57      1.00
  beta_1[123]      0.00      0.00      0.00     -0.00      0.00   1441.39      1.00
  beta_1[124]      0.00      0.00      0.00     -0.00      0.00   1298.19      1.00
  beta_1[125]      0.00      0.00      0.00     -0.00      0.00   1343.49      1.00
  beta_1[126]      0.00      0.00      0.00     -0.00      0.00   1312.69      1.00
  beta_1[127]      0.00      0.00      0.00     -0.00      0.00   1278.59      1.00
  beta_1[128]      0.00      0.00      0.00     -0.00      0.00   1192.15      1.00
  beta_1[129]      0.00      0.00      0.00     -0.00      0.00   1252.09      1.00
  beta_1[130]      0.00      0.00      0.00     -0.00      0.00   1217.69      1.00
  beta_1[131]      0.00      0.00      0.00     -0.00      0.00   1183.53      1.00
  beta_1[132]      0.00      0.00      0.00     -0.00      0.00   1108.79      1.00
  beta_1[133]      0.00      0.00      0.00     -0.00      0.00   1217.06      1.00
  beta_1[134]      0.00      0.00      0.00     -0.00      0.00   1198.88      1.00
  beta_1[135]      0.00      0.00      0.00     -0.00      0.00   1277.74      1.00
  beta_1[136]      0.00      0.00      0.00     -0.00      0.00   1295.62      1.00
  beta_1[137]      0.00      0.00      0.00     -0.00      0.00   1352.23      1.00
  beta_1[138]      0.00      0.00      0.00     -0.00      0.00   1283.65      1.00
  beta_1[139]      0.00      0.00      0.00     -0.00      0.00   1308.99      1.00
  beta_1[140]      0.00      0.00      0.00     -0.00      0.00   1247.59      1.00
  beta_1[141]      0.00      0.00      0.00     -0.00      0.00   1329.27      1.00
  beta_1[142]      0.00      0.00      0.00     -0.00      0.00   1237.37      1.00
  beta_1[143]      0.00      0.00      0.00     -0.00      0.00   1217.45      1.00
  beta_1[144]      0.00      0.00      0.00     -0.00      0.00   1256.06      1.00
  beta_1[145]      0.00      0.00      0.00     -0.00      0.00   1321.09      1.00
  beta_1[146]      0.00      0.00      0.00     -0.00      0.00   1352.14      1.00
  beta_1[147]      0.00      0.00      0.00     -0.00      0.01   1531.26      1.00
  beta_1[148]      0.00      0.00      0.00     -0.00      0.01   1591.95      1.00
 transform[0]     -0.00      1.00      0.02     -1.72      1.62   1402.96      1.00

Number of divergences: 82
