                     date locationtest  value abbreviation location  population
location_name                                                                  
Wyoming        2020-01-24           56      0           WY       56    578759.0
Wyoming        2020-01-25           56      0           WY       56    578759.0
Wyoming        2020-01-26           56      0           WY       56    578759.0
Wyoming        2020-01-27           56      0           WY       56    578759.0
Wyoming        2020-01-28           56      0           WY       56    578759.0
...                   ...          ...    ...          ...      ...         ...
Wyoming        2021-01-07           56    278           WY       56    578759.0
Wyoming        2021-01-08           56    479           WY       56    578759.0
Wyoming        2021-01-09           56     72           WY       56    578759.0
Wyoming        2021-01-10           56    113           WY       56    578759.0
Wyoming        2021-01-11           56    563           WY       56    578759.0

[354 rows x 6 columns]

                   mean       std    median      5.0%     95.0%     n_eff     r_hat
a_raw_init[0]      0.00      0.00      0.00      0.00      0.00   2003.65      1.00
a_raw_init[1]      0.00      0.00      0.00      0.00      0.00   2044.86      1.00
a_raw_init[2]      0.04      0.00      0.04      0.03      0.05   1844.57      1.00
a_raw_init[3]      0.14      0.00      0.14      0.14      0.15   1363.06      1.00
a_raw_init[4]      0.11      0.01      0.11      0.10      0.11   1320.69      1.00
a_raw_init[5]      0.08      0.01      0.08      0.07      0.09   1410.56      1.00
a_raw_init[6]      0.06      0.01      0.06      0.05      0.07   1453.69      1.00
a_raw_init[7]      0.16      0.00      0.16      0.15      0.17   1687.34      1.00
a_raw_init[8]      0.19      0.01      0.19      0.18      0.20   1973.55      1.00
    beta_1[0]      0.00      0.00      0.00     -0.00      0.00   1430.99      1.00
    beta_1[1]      0.00      0.00      0.00     -0.00      0.00   1055.08      1.00
    beta_1[2]      0.00      0.00      0.00     -0.00      0.00    898.18      1.00
    beta_1[3]      0.00      0.00      0.00     -0.00      0.00    850.29      1.00
    beta_1[4]      0.00      0.00      0.00     -0.00      0.00    697.10      1.00
    beta_1[5]      0.00      0.00      0.00     -0.00      0.00    621.86      1.00
    beta_1[6]      0.00      0.00      0.00     -0.00      0.01    562.12      1.00
    beta_1[7]      0.00      0.00      0.00     -0.00      0.01    521.59      1.00
    beta_1[8]      0.00      0.00      0.00     -0.00      0.01    500.44      1.00
    beta_1[9]      0.00      0.00      0.00     -0.00      0.01    460.80      1.00
   beta_1[10]      0.00      0.00      0.00     -0.00      0.01    429.45      1.00
   beta_1[11]      0.00      0.00      0.00     -0.00      0.01    402.60      1.00
   beta_1[12]      0.00      0.00      0.00     -0.00      0.01    390.36      1.00
   beta_1[13]      0.00      0.00      0.00     -0.00      0.01    390.27      1.00
   beta_1[14]      0.00      0.00      0.00     -0.00      0.01    377.21      1.00
   beta_1[15]      0.00      0.00      0.00     -0.00      0.01    364.96      1.00
   beta_1[16]      0.00      0.00      0.00     -0.00      0.01    354.11      1.00
   beta_1[17]      0.00      0.00      0.00     -0.00      0.01    355.27      1.00
   beta_1[18]      0.00      0.00      0.00     -0.00      0.01    347.62      1.00
   beta_1[19]      0.00      0.00      0.00     -0.00      0.01    338.81      1.00
   beta_1[20]      0.00      0.00      0.00     -0.00      0.01    329.46      1.00
   beta_1[21]      0.00      0.00      0.00     -0.00      0.01    324.84      1.00
   beta_1[22]      0.00      0.00      0.00     -0.00      0.01    316.56      1.00
   beta_1[23]      0.00      0.00      0.00     -0.00      0.01    307.78      1.00
   beta_1[24]      0.00      0.00      0.00     -0.00      0.01    298.26      1.00
   beta_1[25]      0.00      0.00      0.00     -0.00      0.01    295.07      1.00
   beta_1[26]      0.00      0.00      0.00     -0.00      0.01    285.47      1.00
   beta_1[27]      0.00      0.00      0.00     -0.00      0.01    286.11      1.00
   beta_1[28]      0.00      0.00      0.00     -0.00      0.01    277.33      1.00
   beta_1[29]      0.00      0.00      0.00     -0.00      0.01    282.62      1.00
   beta_1[30]      0.00      0.00      0.00     -0.00      0.01    277.38      1.00
   beta_1[31]      0.00      0.00      0.00     -0.00      0.01    283.68      1.00
   beta_1[32]      0.00      0.00      0.00     -0.00      0.01    285.67      1.00
   beta_1[33]      0.00      0.00      0.00     -0.00      0.01    281.22      1.00
   beta_1[34]      0.00      0.00      0.00     -0.00      0.01    270.55      1.00
   beta_1[35]      0.01      0.00      0.01     -0.00      0.01    261.55      1.00
   beta_1[36]      0.01      0.00      0.01     -0.00      0.01    251.92      1.00
   beta_1[37]      0.01      0.00      0.01     -0.00      0.01    252.95      1.00
   beta_1[38]      0.01      0.01      0.01     -0.00      0.01    262.74      1.00
   beta_1[39]      0.01      0.01      0.01     -0.00      0.01    256.53      1.00
   beta_1[40]      0.01      0.01      0.01     -0.00      0.01    256.82      1.00
   beta_1[41]      0.01      0.01      0.01     -0.00      0.02    257.61      1.00
   beta_1[42]      0.01      0.01      0.01     -0.00      0.02    256.98      1.00
   beta_1[43]      0.01      0.01      0.01     -0.00      0.01    261.83      1.00
   beta_1[44]      0.01      0.01      0.01     -0.00      0.02    265.55      1.00
   beta_1[45]      0.01      0.01      0.01     -0.00      0.02    264.12      1.00
   beta_1[46]      0.01      0.01      0.01     -0.00      0.02    258.83      1.00
   beta_1[47]      0.01      0.01      0.01     -0.00      0.02    251.56      1.00
   beta_1[48]      0.01      0.01      0.01     -0.00      0.02    256.98      1.00
   beta_1[49]      0.01      0.01      0.01     -0.00      0.02    265.50      1.00
   beta_1[50]      0.01      0.01      0.01     -0.00      0.02    267.96      1.00
   beta_1[51]      0.01      0.01      0.01     -0.00      0.02    266.50      1.00
   beta_1[52]      0.01      0.01      0.01     -0.00      0.02    265.43      1.00
   beta_1[53]      0.01      0.01      0.01     -0.00      0.02    268.00      1.00
   beta_1[54]      0.01      0.01      0.01     -0.00      0.02    267.24      1.00
   beta_1[55]      0.01      0.01      0.01     -0.00      0.02    269.30      1.00
   beta_1[56]      0.01      0.01      0.01     -0.00      0.02    261.11      1.00
   beta_1[57]      0.01      0.01      0.01     -0.00      0.02    263.84      1.00
   beta_1[58]      0.01      0.01      0.01     -0.00      0.02    268.21      1.00
   beta_1[59]      0.01      0.01      0.01     -0.00      0.02    265.54      1.00
   beta_1[60]      0.01      0.01      0.01      0.00      0.02    266.87      1.00
   beta_1[61]      0.01      0.01      0.01      0.00      0.02    272.45      1.00
   beta_1[62]      0.01      0.01      0.01      0.00      0.02    273.22      1.00
   beta_1[63]      0.01      0.00      0.01      0.00      0.02    274.06      1.00
   beta_1[64]      0.01      0.00      0.01      0.00      0.02    274.64      1.00
   beta_1[65]      0.01      0.00      0.01      0.00      0.02    271.82      1.00
   beta_1[66]      0.01      0.00      0.01      0.00      0.02    263.93      1.00
   beta_1[67]      0.01      0.00      0.01      0.00      0.02    267.55      1.00
   beta_1[68]      0.01      0.00      0.01      0.00      0.02    269.68      1.00
   beta_1[69]      0.01      0.00      0.01      0.00      0.02    265.83      1.00
   beta_1[70]      0.01      0.00      0.01      0.00      0.02    270.09      1.00
   beta_1[71]      0.01      0.00      0.01      0.00      0.02    267.87      1.00
   beta_1[72]      0.01      0.00      0.01      0.00      0.02    264.91      1.00
   beta_1[73]      0.01      0.00      0.01      0.00      0.02    270.69      1.00
   beta_1[74]      0.01      0.00      0.01      0.00      0.02    270.57      1.00
   beta_1[75]      0.01      0.00      0.01      0.00      0.02    272.24      1.00
   beta_1[76]      0.01      0.00      0.01      0.00      0.02    276.40      1.00
   beta_1[77]      0.01      0.00      0.01      0.00      0.02    285.57      1.00
   beta_1[78]      0.01      0.00      0.01      0.00      0.02    283.44      1.00
   beta_1[79]      0.01      0.00      0.01      0.00      0.02    286.14      1.00
   beta_1[80]      0.01      0.00      0.01      0.00      0.02    303.70      1.00
   beta_1[81]      0.01      0.00      0.01      0.00      0.02    318.86      1.00
   beta_1[82]      0.01      0.00      0.01      0.00      0.02    317.12      1.00
   beta_1[83]      0.01      0.00      0.01      0.01      0.02    325.60      1.00
   beta_1[84]      0.01      0.00      0.01      0.00      0.02    344.25      1.00
   beta_1[85]      0.01      0.00      0.01      0.01      0.02    339.76      1.00
   beta_1[86]      0.01      0.00      0.01      0.01      0.02    352.39      1.00
   beta_1[87]      0.01      0.00      0.01      0.01      0.02    349.77      1.00
   beta_1[88]      0.01      0.00      0.01      0.01      0.02    363.09      1.00
   beta_1[89]      0.01      0.00      0.01      0.01      0.02    378.61      1.00
   beta_1[90]      0.01      0.00      0.01      0.01      0.02    374.35      1.00
   beta_1[91]      0.01      0.00      0.01      0.01      0.02    375.10      1.00
   beta_1[92]      0.01      0.00      0.01      0.01      0.02    369.83      1.00
   beta_1[93]      0.01      0.00      0.01      0.01      0.02    381.73      1.00
   beta_1[94]      0.01      0.00      0.01      0.01      0.02    373.88      1.00
   beta_1[95]      0.01      0.00      0.01      0.01      0.02    384.15      1.00
   beta_1[96]      0.01      0.00      0.01      0.00      0.02    374.93      1.00
   beta_1[97]      0.01      0.00      0.01      0.00      0.02    389.32      1.00
   beta_1[98]      0.01      0.00      0.01      0.01      0.02    384.74      1.00
   beta_1[99]      0.01      0.00      0.01      0.01      0.02    392.33      1.00
  beta_1[100]      0.01      0.00      0.01      0.01      0.02    400.70      1.00
  beta_1[101]      0.01      0.00      0.01      0.01      0.02    418.20      1.00
  beta_1[102]      0.01      0.00      0.01      0.01      0.02    407.55      1.00
  beta_1[103]      0.01      0.00      0.01      0.01      0.02    388.18      1.00
  beta_1[104]      0.01      0.00      0.01      0.01      0.02    376.22      1.00
  beta_1[105]      0.01      0.00      0.01      0.01      0.02    392.89      1.00
  beta_1[106]      0.01      0.00      0.01      0.01      0.02    383.34      1.00
  beta_1[107]      0.01      0.00      0.01      0.01      0.02    392.54      1.00
  beta_1[108]      0.01      0.00      0.01      0.01      0.02    396.02      1.00
  beta_1[109]      0.01      0.00      0.01      0.01      0.02    404.95      1.00
  beta_1[110]      0.01      0.00      0.01      0.01      0.02    409.28      1.00
  beta_1[111]      0.01      0.00      0.01      0.01      0.02    399.09      1.00
  beta_1[112]      0.01      0.00      0.01      0.01      0.02    402.29      1.00
  beta_1[113]      0.01      0.00      0.01      0.01      0.02    414.35      1.00
  beta_1[114]      0.01      0.00      0.01      0.01      0.02    419.62      1.00
  beta_1[115]      0.01      0.00      0.01      0.01      0.02    450.40      1.00
  beta_1[116]      0.01      0.00      0.01      0.01      0.02    444.79      1.00
  beta_1[117]      0.01      0.00      0.01      0.01      0.02    469.09      1.00
  beta_1[118]      0.01      0.00      0.01      0.01      0.02    492.17      1.00
  beta_1[119]      0.01      0.00      0.01      0.01      0.02    479.90      1.00
  beta_1[120]      0.01      0.00      0.01      0.01      0.02    461.36      1.00
  beta_1[121]      0.01      0.00      0.01      0.01      0.02    429.03      1.00
  beta_1[122]      0.01      0.00      0.01      0.01      0.02    420.16      1.00
  beta_1[123]      0.01      0.00      0.01      0.01      0.02    479.06      1.00
  beta_1[124]      0.01      0.00      0.01      0.01      0.02    468.77      1.00
  beta_1[125]      0.01      0.00      0.01      0.01      0.02    484.30      1.00
  beta_1[126]      0.01      0.00      0.01      0.01      0.02    472.40      1.00
  beta_1[127]      0.01      0.00      0.01      0.01      0.02    488.86      1.00
  beta_1[128]      0.01      0.00      0.01      0.01      0.02    562.03      1.00
  beta_1[129]      0.01      0.00      0.01      0.01      0.01    587.70      1.00
  beta_1[130]      0.01      0.00      0.01      0.01      0.01    601.65      1.00
  beta_1[131]      0.01      0.00      0.01      0.01      0.01    620.86      1.00
  beta_1[132]      0.01      0.00      0.01      0.00      0.01    619.90      1.00
  beta_1[133]      0.01      0.00      0.01      0.00      0.01    655.30      1.00
  beta_1[134]      0.01      0.00      0.01      0.00      0.01    627.88      1.00
  beta_1[135]      0.01      0.00      0.01      0.00      0.01    638.52      1.00
  beta_1[136]      0.01      0.00      0.01      0.00      0.01    638.15      1.00
  beta_1[137]      0.01      0.00      0.01      0.00      0.01    639.94      1.00
  beta_1[138]      0.01      0.00      0.01      0.00      0.01    629.82      1.00
  beta_1[139]      0.01      0.00      0.01      0.00      0.01    595.36      1.00
  beta_1[140]      0.01      0.00      0.01      0.00      0.01    596.11      1.00
  beta_1[141]      0.01      0.00      0.01      0.00      0.01    600.81      1.00
  beta_1[142]      0.01      0.00      0.01      0.00      0.01    603.63      1.00
  beta_1[143]      0.01      0.00      0.01      0.00      0.01    612.38      1.00
  beta_1[144]      0.01      0.00      0.01      0.00      0.01    652.70      1.00
  beta_1[145]      0.01      0.00      0.01      0.00      0.01    677.52      1.00
  beta_1[146]      0.01      0.00      0.01      0.00      0.01    709.97      1.00
  beta_1[147]      0.01      0.00      0.01      0.00      0.01    699.13      1.00
  beta_1[148]      0.01      0.00      0.01      0.00      0.01    664.53      1.00
 transform[0]      0.01      0.99      0.03     -1.84      1.49   1965.96      1.00

Number of divergences: 74
